-- Found ament_cmake: 2.5.4 (/opt/ros/jazzy/share/ament_cmake/cmake)
-- Found urdf: 2.10.0 (/opt/ros/jazzy/share/urdf/cmake)
-- Found TinyXML2 via Config file: /usr/lib/aarch64-linux-gnu/cmake/tinyxml2
-- Found ament_lint_auto: 0.17.2 (/opt/ros/jazzy/share/ament_lint_auto/cmake)
-- Added test 'copyright' to check source files copyright and LICENSE
-- Added test 'flake8' to check Python code syntax and style conventions
-- Configured 'flake8' exclude dirs and/or files: 
-- Added test 'lint_cmake' to check CMake code style
-- Added test 'pep257' to check Python code against some of the docstring style conventions in PEP 257
-- Added test 'xmllint' to check XML markup files
-- Configuring done (0.3s)
-- Generating done (0.0s)
-- Build files have been written to: /home/joshuaneely/arduinobot_ws/build/arduinobot_description
-- Install configuration: ""
-- Installing: /home/joshuaneely/arduinobot_ws/install/arduinobot_description/share/arduinobot_description/launch
-- Installing: /home/joshuaneely/arduinobot_ws/install/arduinobot_description/share/arduinobot_description/launch/display.launch.py
-- Installing: /home/joshuaneely/arduinobot_ws/install/arduinobot_description/share/arduinobot_description/launch/gazebo.launch.py
-- Installing: /home/joshuaneely/arduinobot_ws/install/arduinobot_description/share/arduinobot_description/meshes
-- Installing: /home/joshuaneely/arduinobot_ws/install/arduinobot_description/share/arduinobot_description/meshes/right_finger.STL
-- Installing: /home/joshuaneely/arduinobot_ws/install/arduinobot_description/share/arduinobot_description/meshes/round_plate.STL
-- Installing: /home/joshuaneely/arduinobot_ws/install/arduinobot_description/share/arduinobot_description/meshes/base_plate.STL
-- Installing: /home/joshuaneely/arduinobot_ws/install/arduinobot_description/share/arduinobot_description/meshes/left_finger.STL
-- Installing: /home/joshuaneely/arduinobot_ws/install/arduinobot_description/share/arduinobot_description/meshes/servo_plate.STL
-- Installing: /home/joshuaneely/arduinobot_ws/install/arduinobot_description/share/arduinobot_description/meshes/vertical_drive_arm.STL
-- Installing: /home/joshuaneely/arduinobot_ws/install/arduinobot_description/share/arduinobot_description/meshes/plate.STL
-- Installing: /home/joshuaneely/arduinobot_ws/install/arduinobot_description/share/arduinobot_description/meshes/horizontal_arm.STL
-- Installing: /home/joshuaneely/arduinobot_ws/install/arduinobot_description/share/arduinobot_description/meshes/basement.STL
-- Installing: /home/joshuaneely/arduinobot_ws/install/arduinobot_description/share/arduinobot_description/meshes/forward_drive_arm.STL
-- Installing: /home/joshuaneely/arduinobot_ws/install/arduinobot_description/share/arduinobot_description/meshes/claw_support.STL
-- Installing: /home/joshuaneely/arduinobot_ws/install/arduinobot_description/share/arduinobot_description/meshes/triangular_link.STL
-- Installing: /home/joshuaneely/arduinobot_ws/install/arduinobot_description/share/arduinobot_description/meshes/link.STL
[31mCMake Error at cmake_install.cmake:46 (file):
  file INSTALL cannot find
  "/home/joshuaneely/arduinobot_ws/src/arduinobot_description/models": No
  such file or directory.

[0m
