[0.010s] Invoking command in '/home/joshuaneely/arduinobot_ws/build/arduinobot_description': CMAKE_PREFIX_PATH=${CMAKE_PREFIX_PATH}:/opt/ros/jazzy DEBUGINFOD_URLS=https://debuginfod.ubuntu.com /usr/bin/cmake --build /home/joshuaneely/arduinobot_ws/build/arduinobot_description -- -j8 -l8
[0.029s] -- Found ament_cmake: 2.5.4 (/opt/ros/jazzy/share/ament_cmake/cmake)
[0.173s] -- Found urdf: 2.10.0 (/opt/ros/jazzy/share/urdf/cmake)
[0.215s] -- Found TinyXML2 via Config file: /usr/lib/aarch64-linux-gnu/cmake/tinyxml2
[0.224s] -- Found ament_lint_auto: 0.17.2 (/opt/ros/jazzy/share/ament_lint_auto/cmake)
[0.283s] -- Added test 'copyright' to check source files copyright and LICENSE
[0.285s] -- Added test 'flake8' to check Python code syntax and style conventions
[0.285s] -- Configured 'flake8' exclude dirs and/or files: 
[0.286s] -- Added test 'lint_cmake' to check CMake code style
[0.286s] -- Added test 'pep257' to check Python code against some of the docstring style conventions in PEP 257
[0.287s] -- Added test 'xmllint' to check XML markup files
[0.288s] -- Configuring done (0.3s)
[0.292s] -- Generating done (0.0s)
[0.294s] -- Build files have been written to: /home/joshuaneely/arduinobot_ws/build/arduinobot_description
[0.307s] Invoked command in '/home/joshuaneely/arduinobot_ws/build/arduinobot_description' returned '0': CMAKE_PREFIX_PATH=${CMAKE_PREFIX_PATH}:/opt/ros/jazzy DEBUGINFOD_URLS=https://debuginfod.ubuntu.com /usr/bin/cmake --build /home/joshuaneely/arduinobot_ws/build/arduinobot_description -- -j8 -l8
[0.308s] Invoking command in '/home/joshuaneely/arduinobot_ws/build/arduinobot_description': CMAKE_PREFIX_PATH=${CMAKE_PREFIX_PATH}:/opt/ros/jazzy DEBUGINFOD_URLS=https://debuginfod.ubuntu.com /usr/bin/cmake --install /home/joshuaneely/arduinobot_ws/build/arduinobot_description
[0.312s] -- Install configuration: ""
[0.312s] -- Installing: /home/joshuaneely/arduinobot_ws/install/arduinobot_description/share/arduinobot_description/launch
[0.312s] -- Installing: /home/joshuaneely/arduinobot_ws/install/arduinobot_description/share/arduinobot_description/launch/display.launch.py
[0.312s] -- Installing: /home/joshuaneely/arduinobot_ws/install/arduinobot_description/share/arduinobot_description/launch/gazebo.launch.py
[0.312s] -- Installing: /home/joshuaneely/arduinobot_ws/install/arduinobot_description/share/arduinobot_description/meshes
[0.313s] -- Installing: /home/joshuaneely/arduinobot_ws/install/arduinobot_description/share/arduinobot_description/meshes/right_finger.STL
[0.313s] -- Installing: /home/joshuaneely/arduinobot_ws/install/arduinobot_description/share/arduinobot_description/meshes/round_plate.STL
[0.313s] -- Installing: /home/joshuaneely/arduinobot_ws/install/arduinobot_description/share/arduinobot_description/meshes/base_plate.STL
[0.314s] -- Installing: /home/joshuaneely/arduinobot_ws/install/arduinobot_description/share/arduinobot_description/meshes/left_finger.STL
[0.314s] -- Installing: /home/joshuaneely/arduinobot_ws/install/arduinobot_description/share/arduinobot_description/meshes/servo_plate.STL
[0.314s] -- Installing: /home/joshuaneely/arduinobot_ws/install/arduinobot_description/share/arduinobot_description/meshes/vertical_drive_arm.STL
[0.314s] -- Installing: /home/joshuaneely/arduinobot_ws/install/arduinobot_description/share/arduinobot_description/meshes/plate.STL
[0.315s] -- Installing: /home/joshuaneely/arduinobot_ws/install/arduinobot_description/share/arduinobot_description/meshes/horizontal_arm.STL
[0.316s] -- Installing: /home/joshuaneely/arduinobot_ws/install/arduinobot_description/share/arduinobot_description/meshes/basement.STL
[0.317s] -- Installing: /home/joshuaneely/arduinobot_ws/install/arduinobot_description/share/arduinobot_description/meshes/forward_drive_arm.STL
[0.318s] -- Installing: /home/joshuaneely/arduinobot_ws/install/arduinobot_description/share/arduinobot_description/meshes/claw_support.STL
[0.318s] -- Installing: /home/joshuaneely/arduinobot_ws/install/arduinobot_description/share/arduinobot_description/meshes/triangular_link.STL
[0.319s] -- Installing: /home/joshuaneely/arduinobot_ws/install/arduinobot_description/share/arduinobot_description/meshes/link.STL
[0.319s] [31mCMake Error at cmake_install.cmake:46 (file):
[0.319s]   file INSTALL cannot find
[0.319s]   "/home/joshuaneely/arduinobot_ws/src/arduinobot_description/models": No
[0.319s]   such file or directory.
[0.319s] 
[0.319s] [0m
[0.320s] Invoked command in '/home/joshuaneely/arduinobot_ws/build/arduinobot_description' returned '1': CMAKE_PREFIX_PATH=${CMAKE_PREFIX_PATH}:/opt/ros/jazzy DEBUGINFOD_URLS=https://debuginfod.ubuntu.com /usr/bin/cmake --install /home/joshuaneely/arduinobot_ws/build/arduinobot_description
