[0.009s] Invoking command in '/home/joshuaneely/arduinobot_ws/build/arduinobot_moveit': CMAKE_PREFIX_PATH=${CMAKE_PREFIX_PATH}:/opt/ros/jazzy DEBUGINFOD_URLS=https://debuginfod.ubuntu.com /usr/bin/cmake /home/joshuaneely/arduinobot_ws/src/arduinobot_moveit -DCMAKE_INSTALL_PREFIX=/home/joshuaneely/arduinobot_ws/install/arduinobot_moveit
[0.056s] -- The C compiler identification is GNU 13.3.0
[0.092s] -- The CXX compiler identification is GNU 13.3.0
[0.103s] -- Detecting C compiler ABI info
[0.152s] -- Detecting C compiler ABI info - done
[0.157s] -- Check for working C compiler: /usr/bin/cc - skipped
[0.158s] -- Detecting C compile features
[0.158s] -- Detecting C compile features - done
[0.163s] -- Detecting CXX compiler ABI info
[0.221s] -- Detecting CXX compiler ABI info - done
[0.225s] -- Check for working CXX compiler: /usr/bin/c++ - skipped
[0.225s] -- Detecting CXX compile features
[0.225s] -- Detecting CXX compile features - done
[0.229s] -- Found ament_cmake: 2.5.4 (/opt/ros/jazzy/share/ament_cmake/cmake)
[0.310s] -- Found Python3: /usr/bin/python3 (found version "3.12.3") found components: Interpreter 
[0.379s] -- Found ament_lint_auto: 0.17.2 (/opt/ros/jazzy/share/ament_lint_auto/cmake)
[0.440s] -- Added test 'copyright' to check source files copyright and LICENSE
[0.441s] -- Added test 'flake8' to check Python code syntax and style conventions
[0.441s] -- Configured 'flake8' exclude dirs and/or files: 
[0.442s] -- Added test 'lint_cmake' to check CMake code style
[0.442s] -- Added test 'pep257' to check Python code against some of the docstring style conventions in PEP 257
[0.442s] -- Added test 'xmllint' to check XML markup files
[0.443s] -- Configuring done (0.4s)
[0.444s] -- Generating done (0.0s)
[0.446s] -- Build files have been written to: /home/joshuaneely/arduinobot_ws/build/arduinobot_moveit
[0.449s] Invoked command in '/home/joshuaneely/arduinobot_ws/build/arduinobot_moveit' returned '0': CMAKE_PREFIX_PATH=${CMAKE_PREFIX_PATH}:/opt/ros/jazzy DEBUGINFOD_URLS=https://debuginfod.ubuntu.com /usr/bin/cmake /home/joshuaneely/arduinobot_ws/src/arduinobot_moveit -DCMAKE_INSTALL_PREFIX=/home/joshuaneely/arduinobot_ws/install/arduinobot_moveit
[0.450s] Invoking command in '/home/joshuaneely/arduinobot_ws/build/arduinobot_moveit': CMAKE_PREFIX_PATH=${CMAKE_PREFIX_PATH}:/opt/ros/jazzy DEBUGINFOD_URLS=https://debuginfod.ubuntu.com /usr/bin/cmake --build /home/joshuaneely/arduinobot_ws/build/arduinobot_moveit -- -j8 -l8
[0.469s] Invoked command in '/home/joshuaneely/arduinobot_ws/build/arduinobot_moveit' returned '0': CMAKE_PREFIX_PATH=${CMAKE_PREFIX_PATH}:/opt/ros/jazzy DEBUGINFOD_URLS=https://debuginfod.ubuntu.com /usr/bin/cmake --build /home/joshuaneely/arduinobot_ws/build/arduinobot_moveit -- -j8 -l8
[0.470s] Invoking command in '/home/joshuaneely/arduinobot_ws/build/arduinobot_moveit': CMAKE_PREFIX_PATH=${CMAKE_PREFIX_PATH}:/opt/ros/jazzy DEBUGINFOD_URLS=https://debuginfod.ubuntu.com /usr/bin/cmake --install /home/joshuaneely/arduinobot_ws/build/arduinobot_moveit
[0.474s] -- Install configuration: ""
[0.474s] -- Installing: /home/joshuaneely/arduinobot_ws/install/arduinobot_moveit/share/arduinobot_moveit/launch
[0.474s] -- Installing: /home/joshuaneely/arduinobot_ws/install/arduinobot_moveit/share/arduinobot_moveit/launch/moveit.launch.py
[0.474s] -- Installing: /home/joshuaneely/arduinobot_ws/install/arduinobot_moveit/share/arduinobot_moveit/config
[0.474s] -- Installing: /home/joshuaneely/arduinobot_ws/install/arduinobot_moveit/share/arduinobot_moveit/config/kinematics.yaml
[0.474s] -- Installing: /home/joshuaneely/arduinobot_ws/install/arduinobot_moveit/share/arduinobot_moveit/config/moveit.rviz
[0.474s] -- Installing: /home/joshuaneely/arduinobot_ws/install/arduinobot_moveit/share/arduinobot_moveit/config/moveit_controllers.yaml
[0.474s] -- Installing: /home/joshuaneely/arduinobot_ws/install/arduinobot_moveit/share/arduinobot_moveit/config/pilz_cartesian_limits.yaml
[0.474s] -- Installing: /home/joshuaneely/arduinobot_ws/install/arduinobot_moveit/share/arduinobot_moveit/config/initial_positions.yaml
[0.474s] -- Installing: /home/joshuaneely/arduinobot_ws/install/arduinobot_moveit/share/arduinobot_moveit/config/arduinobot.srdf
[0.474s] -- Installing: /home/joshuaneely/arduinobot_ws/install/arduinobot_moveit/share/arduinobot_moveit/config/joint_limits.yaml
[0.474s] -- Installing: /home/joshuaneely/arduinobot_ws/install/arduinobot_moveit/share/ament_index/resource_index/package_run_dependencies/arduinobot_moveit
[0.474s] -- Installing: /home/joshuaneely/arduinobot_ws/install/arduinobot_moveit/share/ament_index/resource_index/parent_prefix_path/arduinobot_moveit
[0.474s] -- Installing: /home/joshuaneely/arduinobot_ws/install/arduinobot_moveit/share/arduinobot_moveit/environment/ament_prefix_path.sh
[0.474s] -- Installing: /home/joshuaneely/arduinobot_ws/install/arduinobot_moveit/share/arduinobot_moveit/environment/ament_prefix_path.dsv
[0.474s] -- Installing: /home/joshuaneely/arduinobot_ws/install/arduinobot_moveit/share/arduinobot_moveit/environment/path.sh
[0.474s] -- Installing: /home/joshuaneely/arduinobot_ws/install/arduinobot_moveit/share/arduinobot_moveit/environment/path.dsv
[0.474s] -- Installing: /home/joshuaneely/arduinobot_ws/install/arduinobot_moveit/share/arduinobot_moveit/local_setup.bash
[0.475s] -- Installing: /home/joshuaneely/arduinobot_ws/install/arduinobot_moveit/share/arduinobot_moveit/local_setup.sh
[0.475s] -- Installing: /home/joshuaneely/arduinobot_ws/install/arduinobot_moveit/share/arduinobot_moveit/local_setup.zsh
[0.475s] -- Installing: /home/joshuaneely/arduinobot_ws/install/arduinobot_moveit/share/arduinobot_moveit/local_setup.dsv
[0.475s] -- Installing: /home/joshuaneely/arduinobot_ws/install/arduinobot_moveit/share/arduinobot_moveit/package.dsv
[0.475s] -- Installing: /home/joshuaneely/arduinobot_ws/install/arduinobot_moveit/share/ament_index/resource_index/packages/arduinobot_moveit
[0.475s] -- Installing: /home/joshuaneely/arduinobot_ws/install/arduinobot_moveit/share/arduinobot_moveit/cmake/arduinobot_moveitConfig.cmake
[0.475s] -- Installing: /home/joshuaneely/arduinobot_ws/install/arduinobot_moveit/share/arduinobot_moveit/cmake/arduinobot_moveitConfig-version.cmake
[0.475s] -- Installing: /home/joshuaneely/arduinobot_ws/install/arduinobot_moveit/share/arduinobot_moveit/package.xml
[0.477s] Invoked command in '/home/joshuaneely/arduinobot_ws/build/arduinobot_moveit' returned '0': CMAKE_PREFIX_PATH=${CMAKE_PREFIX_PATH}:/opt/ros/jazzy DEBUGINFOD_URLS=https://debuginfod.ubuntu.com /usr/bin/cmake --install /home/joshuaneely/arduinobot_ws/build/arduinobot_moveit
