[0.624s] DEBUG:colcon:Command line arguments: ['/usr/bin/colcon', 'build']
[0.626s] DEBUG:colcon:Parsed command line arguments: Namespace(log_base=None, log_level=None, verb_name='build', build_base='build', install_base='install', merge_install=False, symlink_install=False, test_result_base=None, continue_on_error=False, executor='parallel', parallel_workers=8, event_handlers=None, ignore_user_meta=False, metas=['./colcon.meta'], base_paths=['.'], packages_ignore=None, packages_ignore_regex=None, paths=None, packages_up_to=None, packages_up_to_regex=None, packages_above=None, packages_above_and_dependencies=None, packages_above_depth=None, packages_select_by_dep=None, packages_skip_by_dep=None, packages_skip_up_to=None, packages_select_build_failed=False, packages_skip_build_finished=False, packages_select_test_failures=False, packages_skip_test_passed=False, packages_select=None, packages_skip=None, packages_select_regex=None, packages_skip_regex=None, packages_start=None, packages_end=None, allow_overriding=[], cmake_args=None, cmake_target=None, cmake_target_skip_unavailable=False, cmake_clean_cache=False, cmake_clean_first=False, cmake_force_configure=False, ament_cmake_args=None, catkin_cmake_args=None, catkin_skip_building_tests=False, mixin_files=None, mixin=None, verb_parser=<colcon_mixin.mixin.mixin_argument.MixinArgumentDecorator object at 0xf676d0b323f0>, verb_extension=<colcon_core.verb.build.BuildVerb object at 0xf676d0b320f0>, main=<bound method BuildVerb.main of <colcon_core.verb.build.BuildVerb object at 0xf676d0b320f0>>, mixin_verb=('build',))
[0.875s] Level 1:colcon.colcon_core.package_discovery:discover_packages(colcon_meta) check parameters
[0.875s] Level 1:colcon.colcon_core.package_discovery:discover_packages(recursive) check parameters
[0.876s] Level 1:colcon.colcon_core.package_discovery:discover_packages(ignore) check parameters
[0.876s] Level 1:colcon.colcon_core.package_discovery:discover_packages(path) check parameters
[0.876s] Level 1:colcon.colcon_core.package_discovery:discover_packages(colcon_meta) discover
[0.876s] Level 1:colcon.colcon_core.package_discovery:discover_packages(recursive) discover
[0.876s] INFO:colcon.colcon_core.package_discovery:Crawling recursively for packages in '/home/joshuaneely/arduinobot_ws'
[0.876s] Level 1:colcon.colcon_core.package_identification:_identify(.) by extensions ['ignore', 'ignore_ament_install']
[0.876s] Level 1:colcon.colcon_core.package_identification:_identify(.) by extension 'ignore'
[0.877s] Level 1:colcon.colcon_core.package_identification:_identify(.) by extension 'ignore_ament_install'
[0.877s] Level 1:colcon.colcon_core.package_identification:_identify(.) by extensions ['colcon_pkg']
[0.877s] Level 1:colcon.colcon_core.package_identification:_identify(.) by extension 'colcon_pkg'
[0.877s] Level 1:colcon.colcon_core.package_identification:_identify(.) by extensions ['colcon_meta']
[0.877s] Level 1:colcon.colcon_core.package_identification:_identify(.) by extension 'colcon_meta'
[0.877s] Level 1:colcon.colcon_core.package_identification:_identify(.) by extensions ['ros']
[0.877s] Level 1:colcon.colcon_core.package_identification:_identify(.) by extension 'ros'
[0.943s] Level 1:colcon.colcon_core.package_identification:_identify(.) by extensions ['cmake', 'python']
[0.943s] Level 1:colcon.colcon_core.package_identification:_identify(.) by extension 'cmake'
[0.943s] Level 1:colcon.colcon_core.package_identification:_identify(.) by extension 'python'
[0.944s] Level 1:colcon.colcon_core.package_identification:_identify(.) by extensions ['python_setup_py']
[0.944s] Level 1:colcon.colcon_core.package_identification:_identify(.) by extension 'python_setup_py'
[0.946s] Level 1:colcon.colcon_core.package_identification:_identify(build) by extensions ['ignore', 'ignore_ament_install']
[0.947s] Level 1:colcon.colcon_core.package_identification:_identify(build) by extension 'ignore'
[0.947s] Level 1:colcon.colcon_core.package_identification:_identify(build) ignored
[0.949s] Level 1:colcon.colcon_core.package_identification:_identify(install) by extensions ['ignore', 'ignore_ament_install']
[0.949s] Level 1:colcon.colcon_core.package_identification:_identify(install) by extension 'ignore'
[0.949s] Level 1:colcon.colcon_core.package_identification:_identify(install) ignored
[0.968s] Level 1:colcon.colcon_core.package_identification:_identify(log) by extensions ['ignore', 'ignore_ament_install']
[0.968s] Level 1:colcon.colcon_core.package_identification:_identify(log) by extension 'ignore'
[0.968s] Level 1:colcon.colcon_core.package_identification:_identify(log) ignored
[0.969s] Level 1:colcon.colcon_core.package_identification:_identify(src) by extensions ['ignore', 'ignore_ament_install']
[0.969s] Level 1:colcon.colcon_core.package_identification:_identify(src) by extension 'ignore'
[0.969s] Level 1:colcon.colcon_core.package_identification:_identify(src) by extension 'ignore_ament_install'
[0.972s] Level 1:colcon.colcon_core.package_identification:_identify(src) by extensions ['colcon_pkg']
[0.972s] Level 1:colcon.colcon_core.package_identification:_identify(src) by extension 'colcon_pkg'
[0.972s] Level 1:colcon.colcon_core.package_identification:_identify(src) by extensions ['colcon_meta']
[0.980s] Level 1:colcon.colcon_core.package_identification:_identify(src) by extension 'colcon_meta'
[0.980s] Level 1:colcon.colcon_core.package_identification:_identify(src) by extensions ['ros']
[0.980s] Level 1:colcon.colcon_core.package_identification:_identify(src) by extension 'ros'
[0.981s] Level 1:colcon.colcon_core.package_identification:_identify(src) by extensions ['cmake', 'python']
[0.981s] Level 1:colcon.colcon_core.package_identification:_identify(src) by extension 'cmake'
[0.981s] Level 1:colcon.colcon_core.package_identification:_identify(src) by extension 'python'
[0.981s] Level 1:colcon.colcon_core.package_identification:_identify(src) by extensions ['python_setup_py']
[0.981s] Level 1:colcon.colcon_core.package_identification:_identify(src) by extension 'python_setup_py'
[0.983s] Level 1:colcon.colcon_core.package_identification:_identify(src/arduinobot_controller) by extensions ['ignore', 'ignore_ament_install']
[0.983s] Level 1:colcon.colcon_core.package_identification:_identify(src/arduinobot_controller) by extension 'ignore'
[0.983s] Level 1:colcon.colcon_core.package_identification:_identify(src/arduinobot_controller) by extension 'ignore_ament_install'
[0.983s] Level 1:colcon.colcon_core.package_identification:_identify(src/arduinobot_controller) by extensions ['colcon_pkg']
[0.983s] Level 1:colcon.colcon_core.package_identification:_identify(src/arduinobot_controller) by extension 'colcon_pkg'
[0.983s] Level 1:colcon.colcon_core.package_identification:_identify(src/arduinobot_controller) by extensions ['colcon_meta']
[0.983s] Level 1:colcon.colcon_core.package_identification:_identify(src/arduinobot_controller) by extension 'colcon_meta'
[0.983s] Level 1:colcon.colcon_core.package_identification:_identify(src/arduinobot_controller) by extensions ['ros']
[0.983s] Level 1:colcon.colcon_core.package_identification:_identify(src/arduinobot_controller) by extension 'ros'
[0.988s] DEBUG:colcon.colcon_core.package_identification:Package 'src/arduinobot_controller' with type 'ros.ament_cmake' and name 'arduinobot_controller'
[0.989s] Level 1:colcon.colcon_core.package_identification:_identify(src/arduinobot_cpp_examples) by extensions ['ignore', 'ignore_ament_install']
[0.989s] Level 1:colcon.colcon_core.package_identification:_identify(src/arduinobot_cpp_examples) by extension 'ignore'
[0.989s] Level 1:colcon.colcon_core.package_identification:_identify(src/arduinobot_cpp_examples) by extension 'ignore_ament_install'
[0.989s] Level 1:colcon.colcon_core.package_identification:_identify(src/arduinobot_cpp_examples) by extensions ['colcon_pkg']
[0.989s] Level 1:colcon.colcon_core.package_identification:_identify(src/arduinobot_cpp_examples) by extension 'colcon_pkg'
[0.990s] Level 1:colcon.colcon_core.package_identification:_identify(src/arduinobot_cpp_examples) by extensions ['colcon_meta']
[0.990s] Level 1:colcon.colcon_core.package_identification:_identify(src/arduinobot_cpp_examples) by extension 'colcon_meta'
[0.990s] Level 1:colcon.colcon_core.package_identification:_identify(src/arduinobot_cpp_examples) by extensions ['ros']
[0.990s] Level 1:colcon.colcon_core.package_identification:_identify(src/arduinobot_cpp_examples) by extension 'ros'
[0.991s] DEBUG:colcon.colcon_core.package_identification:Package 'src/arduinobot_cpp_examples' with type 'ros.ament_cmake' and name 'arduinobot_cpp_examples'
[0.991s] Level 1:colcon.colcon_core.package_identification:_identify(src/arduinobot_description) by extensions ['ignore', 'ignore_ament_install']
[0.991s] Level 1:colcon.colcon_core.package_identification:_identify(src/arduinobot_description) by extension 'ignore'
[0.991s] Level 1:colcon.colcon_core.package_identification:_identify(src/arduinobot_description) by extension 'ignore_ament_install'
[0.991s] Level 1:colcon.colcon_core.package_identification:_identify(src/arduinobot_description) by extensions ['colcon_pkg']
[0.991s] Level 1:colcon.colcon_core.package_identification:_identify(src/arduinobot_description) by extension 'colcon_pkg'
[0.991s] Level 1:colcon.colcon_core.package_identification:_identify(src/arduinobot_description) by extensions ['colcon_meta']
[0.991s] Level 1:colcon.colcon_core.package_identification:_identify(src/arduinobot_description) by extension 'colcon_meta'
[0.991s] Level 1:colcon.colcon_core.package_identification:_identify(src/arduinobot_description) by extensions ['ros']
[0.991s] Level 1:colcon.colcon_core.package_identification:_identify(src/arduinobot_description) by extension 'ros'
[0.992s] DEBUG:colcon.colcon_core.package_identification:Package 'src/arduinobot_description' with type 'ros.ament_cmake' and name 'arduinobot_description'
[0.992s] Level 1:colcon.colcon_core.package_identification:_identify(src/arduinobot_moveit) by extensions ['ignore', 'ignore_ament_install']
[0.992s] Level 1:colcon.colcon_core.package_identification:_identify(src/arduinobot_moveit) by extension 'ignore'
[0.992s] Level 1:colcon.colcon_core.package_identification:_identify(src/arduinobot_moveit) by extension 'ignore_ament_install'
[0.993s] Level 1:colcon.colcon_core.package_identification:_identify(src/arduinobot_moveit) by extensions ['colcon_pkg']
[0.993s] Level 1:colcon.colcon_core.package_identification:_identify(src/arduinobot_moveit) by extension 'colcon_pkg'
[0.993s] Level 1:colcon.colcon_core.package_identification:_identify(src/arduinobot_moveit) by extensions ['colcon_meta']
[0.993s] Level 1:colcon.colcon_core.package_identification:_identify(src/arduinobot_moveit) by extension 'colcon_meta'
[0.993s] Level 1:colcon.colcon_core.package_identification:_identify(src/arduinobot_moveit) by extensions ['ros']
[0.993s] Level 1:colcon.colcon_core.package_identification:_identify(src/arduinobot_moveit) by extension 'ros'
[0.995s] DEBUG:colcon.colcon_core.package_identification:Package 'src/arduinobot_moveit' with type 'ros.ament_cmake' and name 'arduinobot_moveit'
[0.995s] Level 1:colcon.colcon_core.package_identification:_identify(src/arduinobot_msgs) by extensions ['ignore', 'ignore_ament_install']
[0.995s] Level 1:colcon.colcon_core.package_identification:_identify(src/arduinobot_msgs) by extension 'ignore'
[0.995s] Level 1:colcon.colcon_core.package_identification:_identify(src/arduinobot_msgs) by extension 'ignore_ament_install'
[0.995s] Level 1:colcon.colcon_core.package_identification:_identify(src/arduinobot_msgs) by extensions ['colcon_pkg']
[0.995s] Level 1:colcon.colcon_core.package_identification:_identify(src/arduinobot_msgs) by extension 'colcon_pkg'
[0.996s] Level 1:colcon.colcon_core.package_identification:_identify(src/arduinobot_msgs) by extensions ['colcon_meta']
[0.996s] Level 1:colcon.colcon_core.package_identification:_identify(src/arduinobot_msgs) by extension 'colcon_meta'
[0.996s] Level 1:colcon.colcon_core.package_identification:_identify(src/arduinobot_msgs) by extensions ['ros']
[0.996s] Level 1:colcon.colcon_core.package_identification:_identify(src/arduinobot_msgs) by extension 'ros'
[0.996s] DEBUG:colcon.colcon_core.package_identification:Package 'src/arduinobot_msgs' with type 'ros.ament_cmake' and name 'arduinobot_msgs'
[0.996s] Level 1:colcon.colcon_core.package_identification:_identify(src/arduinobot_py_examples) by extensions ['ignore', 'ignore_ament_install']
[0.996s] Level 1:colcon.colcon_core.package_identification:_identify(src/arduinobot_py_examples) by extension 'ignore'
[0.997s] Level 1:colcon.colcon_core.package_identification:_identify(src/arduinobot_py_examples) by extension 'ignore_ament_install'
[0.999s] Level 1:colcon.colcon_core.package_identification:_identify(src/arduinobot_py_examples) by extensions ['colcon_pkg']
[0.999s] Level 1:colcon.colcon_core.package_identification:_identify(src/arduinobot_py_examples) by extension 'colcon_pkg'
[0.999s] Level 1:colcon.colcon_core.package_identification:_identify(src/arduinobot_py_examples) by extensions ['colcon_meta']
[0.999s] Level 1:colcon.colcon_core.package_identification:_identify(src/arduinobot_py_examples) by extension 'colcon_meta'
[0.999s] Level 1:colcon.colcon_core.package_identification:_identify(src/arduinobot_py_examples) by extensions ['ros']
[0.999s] Level 1:colcon.colcon_core.package_identification:_identify(src/arduinobot_py_examples) by extension 'ros'
[1.000s] DEBUG:colcon.colcon_core.package_identification:Package 'src/arduinobot_py_examples' with type 'ros.ament_python' and name 'arduinobot_py_examples'
[1.001s] Level 1:colcon.colcon_core.package_identification:_identify(src/arduinobot_utils) by extensions ['ignore', 'ignore_ament_install']
[1.001s] Level 1:colcon.colcon_core.package_identification:_identify(src/arduinobot_utils) by extension 'ignore'
[1.001s] Level 1:colcon.colcon_core.package_identification:_identify(src/arduinobot_utils) by extension 'ignore_ament_install'
[1.001s] Level 1:colcon.colcon_core.package_identification:_identify(src/arduinobot_utils) by extensions ['colcon_pkg']
[1.001s] Level 1:colcon.colcon_core.package_identification:_identify(src/arduinobot_utils) by extension 'colcon_pkg'
[1.001s] Level 1:colcon.colcon_core.package_identification:_identify(src/arduinobot_utils) by extensions ['colcon_meta']
[1.001s] Level 1:colcon.colcon_core.package_identification:_identify(src/arduinobot_utils) by extension 'colcon_meta'
[1.001s] Level 1:colcon.colcon_core.package_identification:_identify(src/arduinobot_utils) by extensions ['ros']
[1.001s] Level 1:colcon.colcon_core.package_identification:_identify(src/arduinobot_utils) by extension 'ros'
[1.002s] DEBUG:colcon.colcon_core.package_identification:Package 'src/arduinobot_utils' with type 'ros.ament_cmake' and name 'arduinobot_utils'
[1.003s] Level 1:colcon.colcon_core.package_discovery:discover_packages(recursive) using defaults
[1.003s] Level 1:colcon.colcon_core.package_discovery:discover_packages(ignore) discover
[1.003s] Level 1:colcon.colcon_core.package_discovery:discover_packages(ignore) using defaults
[1.003s] Level 1:colcon.colcon_core.package_discovery:discover_packages(path) discover
[1.003s] Level 1:colcon.colcon_core.package_discovery:discover_packages(path) using defaults
[1.045s] Level 1:colcon.colcon_core.package_discovery:discover_packages(prefix_path) check parameters
[1.045s] Level 1:colcon.colcon_core.package_discovery:discover_packages(prefix_path) discover
[1.054s] DEBUG:colcon.colcon_installed_package_information.package_discovery:Found 437 installed packages in /opt/ros/jazzy
[1.057s] Level 1:colcon.colcon_core.package_discovery:discover_packages(prefix_path) using defaults
[1.292s] Level 5:colcon.colcon_core.verb:set package 'arduinobot_controller' build argument 'cmake_args' from command line to 'None'
[1.292s] Level 5:colcon.colcon_core.verb:set package 'arduinobot_controller' build argument 'cmake_target' from command line to 'None'
[1.292s] Level 5:colcon.colcon_core.verb:set package 'arduinobot_controller' build argument 'cmake_target_skip_unavailable' from command line to 'False'
[1.292s] Level 5:colcon.colcon_core.verb:set package 'arduinobot_controller' build argument 'cmake_clean_cache' from command line to 'False'
[1.292s] Level 5:colcon.colcon_core.verb:set package 'arduinobot_controller' build argument 'cmake_clean_first' from command line to 'False'
[1.292s] Level 5:colcon.colcon_core.verb:set package 'arduinobot_controller' build argument 'cmake_force_configure' from command line to 'False'
[1.292s] Level 5:colcon.colcon_core.verb:set package 'arduinobot_controller' build argument 'ament_cmake_args' from command line to 'None'
[1.292s] Level 5:colcon.colcon_core.verb:set package 'arduinobot_controller' build argument 'catkin_cmake_args' from command line to 'None'
[1.292s] Level 5:colcon.colcon_core.verb:set package 'arduinobot_controller' build argument 'catkin_skip_building_tests' from command line to 'False'
[1.292s] DEBUG:colcon.colcon_core.verb:Building package 'arduinobot_controller' with the following arguments: {'ament_cmake_args': None, 'build_base': '/home/joshuaneely/arduinobot_ws/build/arduinobot_controller', 'catkin_cmake_args': None, 'catkin_skip_building_tests': False, 'cmake_args': None, 'cmake_clean_cache': False, 'cmake_clean_first': False, 'cmake_force_configure': False, 'cmake_target': None, 'cmake_target_skip_unavailable': False, 'install_base': '/home/joshuaneely/arduinobot_ws/install/arduinobot_controller', 'merge_install': False, 'path': '/home/joshuaneely/arduinobot_ws/src/arduinobot_controller', 'symlink_install': False, 'test_result_base': None}
[1.300s] Level 5:colcon.colcon_core.verb:set package 'arduinobot_description' build argument 'cmake_args' from command line to 'None'
[1.300s] Level 5:colcon.colcon_core.verb:set package 'arduinobot_description' build argument 'cmake_target' from command line to 'None'
[1.300s] Level 5:colcon.colcon_core.verb:set package 'arduinobot_description' build argument 'cmake_target_skip_unavailable' from command line to 'False'
[1.300s] Level 5:colcon.colcon_core.verb:set package 'arduinobot_description' build argument 'cmake_clean_cache' from command line to 'False'
[1.300s] Level 5:colcon.colcon_core.verb:set package 'arduinobot_description' build argument 'cmake_clean_first' from command line to 'False'
[1.300s] Level 5:colcon.colcon_core.verb:set package 'arduinobot_description' build argument 'cmake_force_configure' from command line to 'False'
[1.300s] Level 5:colcon.colcon_core.verb:set package 'arduinobot_description' build argument 'ament_cmake_args' from command line to 'None'
[1.300s] Level 5:colcon.colcon_core.verb:set package 'arduinobot_description' build argument 'catkin_cmake_args' from command line to 'None'
[1.300s] Level 5:colcon.colcon_core.verb:set package 'arduinobot_description' build argument 'catkin_skip_building_tests' from command line to 'False'
[1.300s] DEBUG:colcon.colcon_core.verb:Building package 'arduinobot_description' with the following arguments: {'ament_cmake_args': None, 'build_base': '/home/joshuaneely/arduinobot_ws/build/arduinobot_description', 'catkin_cmake_args': None, 'catkin_skip_building_tests': False, 'cmake_args': None, 'cmake_clean_cache': False, 'cmake_clean_first': False, 'cmake_force_configure': False, 'cmake_target': None, 'cmake_target_skip_unavailable': False, 'install_base': '/home/joshuaneely/arduinobot_ws/install/arduinobot_description', 'merge_install': False, 'path': '/home/joshuaneely/arduinobot_ws/src/arduinobot_description', 'symlink_install': False, 'test_result_base': None}
[1.310s] Level 5:colcon.colcon_core.verb:set package 'arduinobot_moveit' build argument 'cmake_args' from command line to 'None'
[1.310s] Level 5:colcon.colcon_core.verb:set package 'arduinobot_moveit' build argument 'cmake_target' from command line to 'None'
[1.310s] Level 5:colcon.colcon_core.verb:set package 'arduinobot_moveit' build argument 'cmake_target_skip_unavailable' from command line to 'False'
[1.310s] Level 5:colcon.colcon_core.verb:set package 'arduinobot_moveit' build argument 'cmake_clean_cache' from command line to 'False'
[1.310s] Level 5:colcon.colcon_core.verb:set package 'arduinobot_moveit' build argument 'cmake_clean_first' from command line to 'False'
[1.310s] Level 5:colcon.colcon_core.verb:set package 'arduinobot_moveit' build argument 'cmake_force_configure' from command line to 'False'
[1.310s] Level 5:colcon.colcon_core.verb:set package 'arduinobot_moveit' build argument 'ament_cmake_args' from command line to 'None'
[1.310s] Level 5:colcon.colcon_core.verb:set package 'arduinobot_moveit' build argument 'catkin_cmake_args' from command line to 'None'
[1.310s] Level 5:colcon.colcon_core.verb:set package 'arduinobot_moveit' build argument 'catkin_skip_building_tests' from command line to 'False'
[1.313s] DEBUG:colcon.colcon_core.verb:Building package 'arduinobot_moveit' with the following arguments: {'ament_cmake_args': None, 'build_base': '/home/joshuaneely/arduinobot_ws/build/arduinobot_moveit', 'catkin_cmake_args': None, 'catkin_skip_building_tests': False, 'cmake_args': None, 'cmake_clean_cache': False, 'cmake_clean_first': False, 'cmake_force_configure': False, 'cmake_target': None, 'cmake_target_skip_unavailable': False, 'install_base': '/home/joshuaneely/arduinobot_ws/install/arduinobot_moveit', 'merge_install': False, 'path': '/home/joshuaneely/arduinobot_ws/src/arduinobot_moveit', 'symlink_install': False, 'test_result_base': None}
[1.315s] Level 5:colcon.colcon_core.verb:set package 'arduinobot_msgs' build argument 'cmake_args' from command line to 'None'
[1.315s] Level 5:colcon.colcon_core.verb:set package 'arduinobot_msgs' build argument 'cmake_target' from command line to 'None'
[1.315s] Level 5:colcon.colcon_core.verb:set package 'arduinobot_msgs' build argument 'cmake_target_skip_unavailable' from command line to 'False'
[1.315s] Level 5:colcon.colcon_core.verb:set package 'arduinobot_msgs' build argument 'cmake_clean_cache' from command line to 'False'
[1.315s] Level 5:colcon.colcon_core.verb:set package 'arduinobot_msgs' build argument 'cmake_clean_first' from command line to 'False'
[1.315s] Level 5:colcon.colcon_core.verb:set package 'arduinobot_msgs' build argument 'cmake_force_configure' from command line to 'False'
[1.315s] Level 5:colcon.colcon_core.verb:set package 'arduinobot_msgs' build argument 'ament_cmake_args' from command line to 'None'
[1.315s] Level 5:colcon.colcon_core.verb:set package 'arduinobot_msgs' build argument 'catkin_cmake_args' from command line to 'None'
[1.315s] Level 5:colcon.colcon_core.verb:set package 'arduinobot_msgs' build argument 'catkin_skip_building_tests' from command line to 'False'
[1.315s] DEBUG:colcon.colcon_core.verb:Building package 'arduinobot_msgs' with the following arguments: {'ament_cmake_args': None, 'build_base': '/home/joshuaneely/arduinobot_ws/build/arduinobot_msgs', 'catkin_cmake_args': None, 'catkin_skip_building_tests': False, 'cmake_args': None, 'cmake_clean_cache': False, 'cmake_clean_first': False, 'cmake_force_configure': False, 'cmake_target': None, 'cmake_target_skip_unavailable': False, 'install_base': '/home/joshuaneely/arduinobot_ws/install/arduinobot_msgs', 'merge_install': False, 'path': '/home/joshuaneely/arduinobot_ws/src/arduinobot_msgs', 'symlink_install': False, 'test_result_base': None}
[1.316s] Level 5:colcon.colcon_core.verb:set package 'arduinobot_cpp_examples' build argument 'cmake_args' from command line to 'None'
[1.316s] Level 5:colcon.colcon_core.verb:set package 'arduinobot_cpp_examples' build argument 'cmake_target' from command line to 'None'
[1.316s] Level 5:colcon.colcon_core.verb:set package 'arduinobot_cpp_examples' build argument 'cmake_target_skip_unavailable' from command line to 'False'
[1.316s] Level 5:colcon.colcon_core.verb:set package 'arduinobot_cpp_examples' build argument 'cmake_clean_cache' from command line to 'False'
[1.316s] Level 5:colcon.colcon_core.verb:set package 'arduinobot_cpp_examples' build argument 'cmake_clean_first' from command line to 'False'
[1.316s] Level 5:colcon.colcon_core.verb:set package 'arduinobot_cpp_examples' build argument 'cmake_force_configure' from command line to 'False'
[1.316s] Level 5:colcon.colcon_core.verb:set package 'arduinobot_cpp_examples' build argument 'ament_cmake_args' from command line to 'None'
[1.316s] Level 5:colcon.colcon_core.verb:set package 'arduinobot_cpp_examples' build argument 'catkin_cmake_args' from command line to 'None'
[1.316s] Level 5:colcon.colcon_core.verb:set package 'arduinobot_cpp_examples' build argument 'catkin_skip_building_tests' from command line to 'False'
[1.316s] DEBUG:colcon.colcon_core.verb:Building package 'arduinobot_cpp_examples' with the following arguments: {'ament_cmake_args': None, 'build_base': '/home/joshuaneely/arduinobot_ws/build/arduinobot_cpp_examples', 'catkin_cmake_args': None, 'catkin_skip_building_tests': False, 'cmake_args': None, 'cmake_clean_cache': False, 'cmake_clean_first': False, 'cmake_force_configure': False, 'cmake_target': None, 'cmake_target_skip_unavailable': False, 'install_base': '/home/joshuaneely/arduinobot_ws/install/arduinobot_cpp_examples', 'merge_install': False, 'path': '/home/joshuaneely/arduinobot_ws/src/arduinobot_cpp_examples', 'symlink_install': False, 'test_result_base': None}
[1.322s] Level 5:colcon.colcon_core.verb:set package 'arduinobot_py_examples' build argument 'cmake_args' from command line to 'None'
[1.325s] Level 5:colcon.colcon_core.verb:set package 'arduinobot_py_examples' build argument 'cmake_target' from command line to 'None'
[1.325s] Level 5:colcon.colcon_core.verb:set package 'arduinobot_py_examples' build argument 'cmake_target_skip_unavailable' from command line to 'False'
[1.325s] Level 5:colcon.colcon_core.verb:set package 'arduinobot_py_examples' build argument 'cmake_clean_cache' from command line to 'False'
[1.325s] Level 5:colcon.colcon_core.verb:set package 'arduinobot_py_examples' build argument 'cmake_clean_first' from command line to 'False'
[1.325s] Level 5:colcon.colcon_core.verb:set package 'arduinobot_py_examples' build argument 'cmake_force_configure' from command line to 'False'
[1.326s] Level 5:colcon.colcon_core.verb:set package 'arduinobot_py_examples' build argument 'ament_cmake_args' from command line to 'None'
[1.326s] Level 5:colcon.colcon_core.verb:set package 'arduinobot_py_examples' build argument 'catkin_cmake_args' from command line to 'None'
[1.326s] Level 5:colcon.colcon_core.verb:set package 'arduinobot_py_examples' build argument 'catkin_skip_building_tests' from command line to 'False'
[1.326s] DEBUG:colcon.colcon_core.verb:Building package 'arduinobot_py_examples' with the following arguments: {'ament_cmake_args': None, 'build_base': '/home/joshuaneely/arduinobot_ws/build/arduinobot_py_examples', 'catkin_cmake_args': None, 'catkin_skip_building_tests': False, 'cmake_args': None, 'cmake_clean_cache': False, 'cmake_clean_first': False, 'cmake_force_configure': False, 'cmake_target': None, 'cmake_target_skip_unavailable': False, 'install_base': '/home/joshuaneely/arduinobot_ws/install/arduinobot_py_examples', 'merge_install': False, 'path': '/home/joshuaneely/arduinobot_ws/src/arduinobot_py_examples', 'symlink_install': False, 'test_result_base': None}
[1.334s] Level 5:colcon.colcon_core.verb:set package 'arduinobot_utils' build argument 'cmake_args' from command line to 'None'
[1.335s] Level 5:colcon.colcon_core.verb:set package 'arduinobot_utils' build argument 'cmake_target' from command line to 'None'
[1.335s] Level 5:colcon.colcon_core.verb:set package 'arduinobot_utils' build argument 'cmake_target_skip_unavailable' from command line to 'False'
[1.335s] Level 5:colcon.colcon_core.verb:set package 'arduinobot_utils' build argument 'cmake_clean_cache' from command line to 'False'
[1.335s] Level 5:colcon.colcon_core.verb:set package 'arduinobot_utils' build argument 'cmake_clean_first' from command line to 'False'
[1.337s] Level 5:colcon.colcon_core.verb:set package 'arduinobot_utils' build argument 'cmake_force_configure' from command line to 'False'
[1.337s] Level 5:colcon.colcon_core.verb:set package 'arduinobot_utils' build argument 'ament_cmake_args' from command line to 'None'
[1.337s] Level 5:colcon.colcon_core.verb:set package 'arduinobot_utils' build argument 'catkin_cmake_args' from command line to 'None'
[1.337s] Level 5:colcon.colcon_core.verb:set package 'arduinobot_utils' build argument 'catkin_skip_building_tests' from command line to 'False'
[1.337s] DEBUG:colcon.colcon_core.verb:Building package 'arduinobot_utils' with the following arguments: {'ament_cmake_args': None, 'build_base': '/home/joshuaneely/arduinobot_ws/build/arduinobot_utils', 'catkin_cmake_args': None, 'catkin_skip_building_tests': False, 'cmake_args': None, 'cmake_clean_cache': False, 'cmake_clean_first': False, 'cmake_force_configure': False, 'cmake_target': None, 'cmake_target_skip_unavailable': False, 'install_base': '/home/joshuaneely/arduinobot_ws/install/arduinobot_utils', 'merge_install': False, 'path': '/home/joshuaneely/arduinobot_ws/src/arduinobot_utils', 'symlink_install': False, 'test_result_base': None}
[1.337s] INFO:colcon.colcon_core.executor:Executing jobs using 'parallel' executor
[1.345s] DEBUG:colcon.colcon_parallel_executor.executor.parallel:run_until_complete
[1.350s] INFO:colcon.colcon_ros.task.ament_cmake.build:Building ROS package in '/home/joshuaneely/arduinobot_ws/src/arduinobot_msgs' with build type 'ament_cmake'
[1.351s] INFO:colcon.colcon_cmake.task.cmake.build:Building CMake package in '/home/joshuaneely/arduinobot_ws/src/arduinobot_msgs'
[1.368s] INFO:colcon.colcon_core.plugin_system:Skipping extension 'colcon_core.shell.bat': Not used on non-Windows systems
[1.371s] INFO:colcon.colcon_core.shell:Skip shell extension 'powershell' for command environment: Not usable outside of PowerShell
[1.371s] DEBUG:colcon.colcon_core.shell:Skip shell extension 'dsv' for command environment
[1.411s] INFO:colcon.colcon_ros.task.ament_cmake.build:Building ROS package in '/home/joshuaneely/arduinobot_ws/src/arduinobot_controller' with build type 'ament_cmake'
[1.412s] INFO:colcon.colcon_cmake.task.cmake.build:Building CMake package in '/home/joshuaneely/arduinobot_ws/src/arduinobot_controller'
[1.413s] INFO:colcon.colcon_core.shell:Skip shell extension 'powershell' for command environment: Not usable outside of PowerShell
[1.413s] DEBUG:colcon.colcon_core.shell:Skip shell extension 'dsv' for command environment
[1.423s] INFO:colcon.colcon_ros.task.ament_cmake.build:Building ROS package in '/home/joshuaneely/arduinobot_ws/src/arduinobot_description' with build type 'ament_cmake'
[1.423s] INFO:colcon.colcon_cmake.task.cmake.build:Building CMake package in '/home/joshuaneely/arduinobot_ws/src/arduinobot_description'
[1.423s] INFO:colcon.colcon_core.shell:Skip shell extension 'powershell' for command environment: Not usable outside of PowerShell
[1.424s] DEBUG:colcon.colcon_core.shell:Skip shell extension 'dsv' for command environment
[1.433s] INFO:colcon.colcon_ros.task.ament_cmake.build:Building ROS package in '/home/joshuaneely/arduinobot_ws/src/arduinobot_moveit' with build type 'ament_cmake'
[1.434s] INFO:colcon.colcon_cmake.task.cmake.build:Building CMake package in '/home/joshuaneely/arduinobot_ws/src/arduinobot_moveit'
[1.437s] INFO:colcon.colcon_core.shell:Skip shell extension 'powershell' for command environment: Not usable outside of PowerShell
[1.440s] DEBUG:colcon.colcon_core.shell:Skip shell extension 'dsv' for command environment
[1.507s] DEBUG:colcon.colcon_core.event_handler.log_command:Invoking command in '/home/joshuaneely/arduinobot_ws/build/arduinobot_msgs': CMAKE_PREFIX_PATH=${CMAKE_PREFIX_PATH}:/opt/ros/jazzy DEBUGINFOD_URLS=https://debuginfod.ubuntu.com /usr/bin/cmake --build /home/joshuaneely/arduinobot_ws/build/arduinobot_msgs -- -j8 -l8
[1.534s] DEBUG:colcon.colcon_core.event_handler.log_command:Invoking command in '/home/joshuaneely/arduinobot_ws/build/arduinobot_controller': CMAKE_PREFIX_PATH=${CMAKE_PREFIX_PATH}:/opt/ros/jazzy DEBUGINFOD_URLS=https://debuginfod.ubuntu.com /usr/bin/cmake --build /home/joshuaneely/arduinobot_ws/build/arduinobot_controller -- -j8 -l8
[1.549s] DEBUG:colcon.colcon_core.event_handler.log_command:Invoking command in '/home/joshuaneely/arduinobot_ws/build/arduinobot_description': CMAKE_PREFIX_PATH=${CMAKE_PREFIX_PATH}:/opt/ros/jazzy DEBUGINFOD_URLS=https://debuginfod.ubuntu.com /usr/bin/cmake --build /home/joshuaneely/arduinobot_ws/build/arduinobot_description -- -j8 -l8
[1.613s] DEBUG:colcon.colcon_core.event_handler.log_command:Invoking command in '/home/joshuaneely/arduinobot_ws/build/arduinobot_moveit': CMAKE_PREFIX_PATH=${CMAKE_PREFIX_PATH}:/opt/ros/jazzy DEBUGINFOD_URLS=https://debuginfod.ubuntu.com /usr/bin/cmake --build /home/joshuaneely/arduinobot_ws/build/arduinobot_moveit -- -j8 -l8
[1.847s] DEBUG:colcon.colcon_core.event_handler.log_command:Invoked command in '/home/joshuaneely/arduinobot_ws/build/arduinobot_moveit' returned '0': CMAKE_PREFIX_PATH=${CMAKE_PREFIX_PATH}:/opt/ros/jazzy DEBUGINFOD_URLS=https://debuginfod.ubuntu.com /usr/bin/cmake --build /home/joshuaneely/arduinobot_ws/build/arduinobot_moveit -- -j8 -l8
[1.920s] DEBUG:colcon.colcon_core.event_handler.log_command:Invoking command in '/home/joshuaneely/arduinobot_ws/build/arduinobot_moveit': CMAKE_PREFIX_PATH=${CMAKE_PREFIX_PATH}:/opt/ros/jazzy DEBUGINFOD_URLS=https://debuginfod.ubuntu.com /usr/bin/cmake --install /home/joshuaneely/arduinobot_ws/build/arduinobot_moveit
[1.934s] DEBUG:colcon.colcon_core.event_handler.log_command:Invoked command in '/home/joshuaneely/arduinobot_ws/build/arduinobot_description' returned '0': CMAKE_PREFIX_PATH=${CMAKE_PREFIX_PATH}:/opt/ros/jazzy DEBUGINFOD_URLS=https://debuginfod.ubuntu.com /usr/bin/cmake --build /home/joshuaneely/arduinobot_ws/build/arduinobot_description -- -j8 -l8
[1.940s] DEBUG:colcon.colcon_core.event_handler.log_command:Invoking command in '/home/joshuaneely/arduinobot_ws/build/arduinobot_description': CMAKE_PREFIX_PATH=${CMAKE_PREFIX_PATH}:/opt/ros/jazzy DEBUGINFOD_URLS=https://debuginfod.ubuntu.com /usr/bin/cmake --install /home/joshuaneely/arduinobot_ws/build/arduinobot_description
[1.996s] Level 1:colcon.colcon_core.environment:create_environment_scripts_only(arduinobot_moveit)
[2.019s] Level 1:colcon.colcon_core.environment:checking '/home/joshuaneely/arduinobot_ws/install/arduinobot_moveit' for CMake module files
[2.020s] Level 1:colcon.colcon_core.environment:checking '/home/joshuaneely/arduinobot_ws/install/arduinobot_moveit' for CMake config files
[2.035s] Level 1:colcon.colcon_core.shell:create_environment_hook('arduinobot_moveit', 'cmake_prefix_path')
[2.036s] INFO:colcon.colcon_core.shell:Creating environment hook '/home/joshuaneely/arduinobot_ws/install/arduinobot_moveit/share/arduinobot_moveit/hook/cmake_prefix_path.ps1'
[2.037s] DEBUG:colcon.colcon_core.event_handler.log_command:Invoked command in '/home/joshuaneely/arduinobot_ws/build/arduinobot_moveit' returned '0': CMAKE_PREFIX_PATH=${CMAKE_PREFIX_PATH}:/opt/ros/jazzy DEBUGINFOD_URLS=https://debuginfod.ubuntu.com /usr/bin/cmake --install /home/joshuaneely/arduinobot_ws/build/arduinobot_moveit
[2.040s] INFO:colcon.colcon_core.shell:Creating environment descriptor '/home/joshuaneely/arduinobot_ws/install/arduinobot_moveit/share/arduinobot_moveit/hook/cmake_prefix_path.dsv'
[2.046s] INFO:colcon.colcon_core.shell:Creating environment hook '/home/joshuaneely/arduinobot_ws/install/arduinobot_moveit/share/arduinobot_moveit/hook/cmake_prefix_path.sh'
[2.060s] Level 1:colcon.colcon_core.environment:checking '/home/joshuaneely/arduinobot_ws/install/arduinobot_moveit/bin'
[2.060s] Level 1:colcon.colcon_core.environment:checking '/home/joshuaneely/arduinobot_ws/install/arduinobot_moveit/lib/pkgconfig/arduinobot_moveit.pc'
[2.078s] Level 1:colcon.colcon_core.environment:checking '/home/joshuaneely/arduinobot_ws/install/arduinobot_moveit/lib/python3.12/site-packages'
[2.080s] Level 1:colcon.colcon_core.environment:checking '/home/joshuaneely/arduinobot_ws/install/arduinobot_moveit/bin'
[2.080s] INFO:colcon.colcon_core.shell:Creating package script '/home/joshuaneely/arduinobot_ws/install/arduinobot_moveit/share/arduinobot_moveit/package.ps1'
[2.089s] INFO:colcon.colcon_core.shell:Creating package descriptor '/home/joshuaneely/arduinobot_ws/install/arduinobot_moveit/share/arduinobot_moveit/package.dsv'
[2.101s] INFO:colcon.colcon_core.shell:Creating package script '/home/joshuaneely/arduinobot_ws/install/arduinobot_moveit/share/arduinobot_moveit/package.sh'
[2.125s] INFO:colcon.colcon_core.shell:Creating package script '/home/joshuaneely/arduinobot_ws/install/arduinobot_moveit/share/arduinobot_moveit/package.bash'
[2.154s] INFO:colcon.colcon_core.shell:Creating package script '/home/joshuaneely/arduinobot_ws/install/arduinobot_moveit/share/arduinobot_moveit/package.zsh'
[2.170s] Level 1:colcon.colcon_core.environment:create_file_with_runtime_dependencies(/home/joshuaneely/arduinobot_ws/install/arduinobot_moveit/share/colcon-core/packages/arduinobot_moveit)
[2.171s] Level 1:colcon.colcon_core.environment:create_environment_scripts_only(arduinobot_moveit)
[2.174s] Level 1:colcon.colcon_core.environment:checking '/home/joshuaneely/arduinobot_ws/install/arduinobot_moveit' for CMake module files
[2.174s] Level 1:colcon.colcon_core.environment:checking '/home/joshuaneely/arduinobot_ws/install/arduinobot_moveit' for CMake config files
[2.176s] Level 1:colcon.colcon_core.shell:create_environment_hook('arduinobot_moveit', 'cmake_prefix_path')
[2.176s] INFO:colcon.colcon_core.shell:Creating environment hook '/home/joshuaneely/arduinobot_ws/install/arduinobot_moveit/share/arduinobot_moveit/hook/cmake_prefix_path.ps1'
[2.184s] INFO:colcon.colcon_core.shell:Creating environment descriptor '/home/joshuaneely/arduinobot_ws/install/arduinobot_moveit/share/arduinobot_moveit/hook/cmake_prefix_path.dsv'
[2.191s] INFO:colcon.colcon_core.shell:Creating environment hook '/home/joshuaneely/arduinobot_ws/install/arduinobot_moveit/share/arduinobot_moveit/hook/cmake_prefix_path.sh'
[2.203s] Level 1:colcon.colcon_core.environment:checking '/home/joshuaneely/arduinobot_ws/install/arduinobot_moveit/bin'
[2.203s] Level 1:colcon.colcon_core.environment:checking '/home/joshuaneely/arduinobot_ws/install/arduinobot_moveit/lib/pkgconfig/arduinobot_moveit.pc'
[2.204s] Level 1:colcon.colcon_core.environment:checking '/home/joshuaneely/arduinobot_ws/install/arduinobot_moveit/lib/python3.12/site-packages'
[2.204s] Level 1:colcon.colcon_core.environment:checking '/home/joshuaneely/arduinobot_ws/install/arduinobot_moveit/bin'
[2.206s] INFO:colcon.colcon_core.shell:Creating package script '/home/joshuaneely/arduinobot_ws/install/arduinobot_moveit/share/arduinobot_moveit/package.ps1'
[2.212s] INFO:colcon.colcon_core.shell:Creating package descriptor '/home/joshuaneely/arduinobot_ws/install/arduinobot_moveit/share/arduinobot_moveit/package.dsv'
[2.213s] INFO:colcon.colcon_core.shell:Creating package script '/home/joshuaneely/arduinobot_ws/install/arduinobot_moveit/share/arduinobot_moveit/package.sh'
[2.219s] INFO:colcon.colcon_core.shell:Creating package script '/home/joshuaneely/arduinobot_ws/install/arduinobot_moveit/share/arduinobot_moveit/package.bash'
[2.224s] INFO:colcon.colcon_core.shell:Creating package script '/home/joshuaneely/arduinobot_ws/install/arduinobot_moveit/share/arduinobot_moveit/package.zsh'
[2.231s] Level 1:colcon.colcon_core.environment:create_file_with_runtime_dependencies(/home/joshuaneely/arduinobot_ws/install/arduinobot_moveit/share/colcon-core/packages/arduinobot_moveit)
[2.247s] Level 1:colcon.colcon_core.environment:create_environment_scripts_only(arduinobot_description)
[2.255s] Level 1:colcon.colcon_core.environment:checking '/home/joshuaneely/arduinobot_ws/install/arduinobot_description' for CMake module files
[2.256s] Level 1:colcon.colcon_core.environment:checking '/home/joshuaneely/arduinobot_ws/install/arduinobot_description' for CMake config files
[2.251s] DEBUG:colcon.colcon_core.event_handler.log_command:Invoked command in '/home/joshuaneely/arduinobot_ws/build/arduinobot_description' returned '0': CMAKE_PREFIX_PATH=${CMAKE_PREFIX_PATH}:/opt/ros/jazzy DEBUGINFOD_URLS=https://debuginfod.ubuntu.com /usr/bin/cmake --install /home/joshuaneely/arduinobot_ws/build/arduinobot_description
[2.265s] Level 1:colcon.colcon_core.shell:create_environment_hook('arduinobot_description', 'cmake_prefix_path')
[2.268s] INFO:colcon.colcon_core.shell:Creating environment hook '/home/joshuaneely/arduinobot_ws/install/arduinobot_description/share/arduinobot_description/hook/cmake_prefix_path.ps1'
[2.269s] INFO:colcon.colcon_core.shell:Creating environment descriptor '/home/joshuaneely/arduinobot_ws/install/arduinobot_description/share/arduinobot_description/hook/cmake_prefix_path.dsv'
[2.271s] INFO:colcon.colcon_core.shell:Creating environment hook '/home/joshuaneely/arduinobot_ws/install/arduinobot_description/share/arduinobot_description/hook/cmake_prefix_path.sh'
[2.275s] Level 1:colcon.colcon_core.environment:checking '/home/joshuaneely/arduinobot_ws/install/arduinobot_description/bin'
[2.275s] Level 1:colcon.colcon_core.environment:checking '/home/joshuaneely/arduinobot_ws/install/arduinobot_description/lib/pkgconfig/arduinobot_description.pc'
[2.275s] Level 1:colcon.colcon_core.environment:checking '/home/joshuaneely/arduinobot_ws/install/arduinobot_description/lib/python3.12/site-packages'
[2.286s] Level 1:colcon.colcon_core.environment:checking '/home/joshuaneely/arduinobot_ws/install/arduinobot_description/bin'
[2.287s] INFO:colcon.colcon_core.shell:Creating package script '/home/joshuaneely/arduinobot_ws/install/arduinobot_description/share/arduinobot_description/package.ps1'
[2.289s] INFO:colcon.colcon_core.shell:Creating package descriptor '/home/joshuaneely/arduinobot_ws/install/arduinobot_description/share/arduinobot_description/package.dsv'
[2.313s] INFO:colcon.colcon_core.shell:Creating package script '/home/joshuaneely/arduinobot_ws/install/arduinobot_description/share/arduinobot_description/package.sh'
[2.331s] INFO:colcon.colcon_core.shell:Creating package script '/home/joshuaneely/arduinobot_ws/install/arduinobot_description/share/arduinobot_description/package.bash'
[2.339s] INFO:colcon.colcon_core.shell:Creating package script '/home/joshuaneely/arduinobot_ws/install/arduinobot_description/share/arduinobot_description/package.zsh'
[2.341s] Level 1:colcon.colcon_core.environment:create_file_with_runtime_dependencies(/home/joshuaneely/arduinobot_ws/install/arduinobot_description/share/colcon-core/packages/arduinobot_description)
[2.350s] Level 1:colcon.colcon_core.environment:create_environment_scripts_only(arduinobot_description)
[2.352s] Level 1:colcon.colcon_core.environment:checking '/home/joshuaneely/arduinobot_ws/install/arduinobot_description' for CMake module files
[2.356s] Level 1:colcon.colcon_core.environment:checking '/home/joshuaneely/arduinobot_ws/install/arduinobot_description' for CMake config files
[2.362s] Level 1:colcon.colcon_core.shell:create_environment_hook('arduinobot_description', 'cmake_prefix_path')
[2.364s] INFO:colcon.colcon_core.shell:Creating environment hook '/home/joshuaneely/arduinobot_ws/install/arduinobot_description/share/arduinobot_description/hook/cmake_prefix_path.ps1'
[2.373s] INFO:colcon.colcon_core.shell:Creating environment descriptor '/home/joshuaneely/arduinobot_ws/install/arduinobot_description/share/arduinobot_description/hook/cmake_prefix_path.dsv'
[2.389s] INFO:colcon.colcon_core.shell:Creating environment hook '/home/joshuaneely/arduinobot_ws/install/arduinobot_description/share/arduinobot_description/hook/cmake_prefix_path.sh'
[2.392s] Level 1:colcon.colcon_core.environment:checking '/home/joshuaneely/arduinobot_ws/install/arduinobot_description/bin'
[2.401s] Level 1:colcon.colcon_core.environment:checking '/home/joshuaneely/arduinobot_ws/install/arduinobot_description/lib/pkgconfig/arduinobot_description.pc'
[2.406s] Level 1:colcon.colcon_core.environment:checking '/home/joshuaneely/arduinobot_ws/install/arduinobot_description/lib/python3.12/site-packages'
[2.407s] Level 1:colcon.colcon_core.environment:checking '/home/joshuaneely/arduinobot_ws/install/arduinobot_description/bin'
[2.411s] INFO:colcon.colcon_core.shell:Creating package script '/home/joshuaneely/arduinobot_ws/install/arduinobot_description/share/arduinobot_description/package.ps1'
[2.417s] INFO:colcon.colcon_core.shell:Creating package descriptor '/home/joshuaneely/arduinobot_ws/install/arduinobot_description/share/arduinobot_description/package.dsv'
[2.425s] INFO:colcon.colcon_core.shell:Creating package script '/home/joshuaneely/arduinobot_ws/install/arduinobot_description/share/arduinobot_description/package.sh'
[2.437s] INFO:colcon.colcon_core.shell:Creating package script '/home/joshuaneely/arduinobot_ws/install/arduinobot_description/share/arduinobot_description/package.bash'
[2.442s] INFO:colcon.colcon_core.shell:Creating package script '/home/joshuaneely/arduinobot_ws/install/arduinobot_description/share/arduinobot_description/package.zsh'
[2.456s] Level 1:colcon.colcon_core.environment:create_file_with_runtime_dependencies(/home/joshuaneely/arduinobot_ws/install/arduinobot_description/share/colcon-core/packages/arduinobot_description)
[3.651s] DEBUG:colcon.colcon_core.event_handler.log_command:Invoked command in '/home/joshuaneely/arduinobot_ws/build/arduinobot_controller' returned '0': CMAKE_PREFIX_PATH=${CMAKE_PREFIX_PATH}:/opt/ros/jazzy DEBUGINFOD_URLS=https://debuginfod.ubuntu.com /usr/bin/cmake --build /home/joshuaneely/arduinobot_ws/build/arduinobot_controller -- -j8 -l8
[3.652s] DEBUG:colcon.colcon_core.event_handler.log_command:Invoking command in '/home/joshuaneely/arduinobot_ws/build/arduinobot_controller': CMAKE_PREFIX_PATH=${CMAKE_PREFIX_PATH}:/opt/ros/jazzy DEBUGINFOD_URLS=https://debuginfod.ubuntu.com /usr/bin/cmake --install /home/joshuaneely/arduinobot_ws/build/arduinobot_controller
[3.695s] DEBUG:colcon.colcon_core.event_handler.log_command:Invoked command in '/home/joshuaneely/arduinobot_ws/build/arduinobot_msgs' returned '0': CMAKE_PREFIX_PATH=${CMAKE_PREFIX_PATH}:/opt/ros/jazzy DEBUGINFOD_URLS=https://debuginfod.ubuntu.com /usr/bin/cmake --build /home/joshuaneely/arduinobot_ws/build/arduinobot_msgs -- -j8 -l8
[3.696s] DEBUG:colcon.colcon_core.event_handler.log_command:Invoking command in '/home/joshuaneely/arduinobot_ws/build/arduinobot_msgs': CMAKE_PREFIX_PATH=${CMAKE_PREFIX_PATH}:/opt/ros/jazzy DEBUGINFOD_URLS=https://debuginfod.ubuntu.com /usr/bin/cmake --install /home/joshuaneely/arduinobot_ws/build/arduinobot_msgs
[3.879s] Level 1:colcon.colcon_core.environment:create_environment_scripts_only(arduinobot_controller)
[3.879s] Level 1:colcon.colcon_core.environment:checking '/home/joshuaneely/arduinobot_ws/install/arduinobot_controller' for CMake module files
[3.880s] Level 1:colcon.colcon_core.environment:checking '/home/joshuaneely/arduinobot_ws/install/arduinobot_controller' for CMake config files
[3.882s] Level 1:colcon.colcon_core.shell:create_environment_hook('arduinobot_controller', 'cmake_prefix_path')
[3.883s] DEBUG:colcon.colcon_core.event_handler.log_command:Invoked command in '/home/joshuaneely/arduinobot_ws/build/arduinobot_controller' returned '0': CMAKE_PREFIX_PATH=${CMAKE_PREFIX_PATH}:/opt/ros/jazzy DEBUGINFOD_URLS=https://debuginfod.ubuntu.com /usr/bin/cmake --install /home/joshuaneely/arduinobot_ws/build/arduinobot_controller
[3.884s] INFO:colcon.colcon_core.shell:Creating environment hook '/home/joshuaneely/arduinobot_ws/install/arduinobot_controller/share/arduinobot_controller/hook/cmake_prefix_path.ps1'
[3.886s] INFO:colcon.colcon_core.shell:Creating environment descriptor '/home/joshuaneely/arduinobot_ws/install/arduinobot_controller/share/arduinobot_controller/hook/cmake_prefix_path.dsv'
[3.887s] INFO:colcon.colcon_core.shell:Creating environment hook '/home/joshuaneely/arduinobot_ws/install/arduinobot_controller/share/arduinobot_controller/hook/cmake_prefix_path.sh'
[3.890s] Level 1:colcon.colcon_core.environment:checking '/home/joshuaneely/arduinobot_ws/install/arduinobot_controller/lib'
[3.892s] Level 1:colcon.colcon_core.environment:checking '/home/joshuaneely/arduinobot_ws/install/arduinobot_controller/bin'
[3.893s] Level 1:colcon.colcon_core.environment:checking '/home/joshuaneely/arduinobot_ws/install/arduinobot_controller/lib/pkgconfig/arduinobot_controller.pc'
[3.894s] Level 1:colcon.colcon_core.environment:checking '/home/joshuaneely/arduinobot_ws/install/arduinobot_controller/lib/python3.12/site-packages'
[3.894s] Level 1:colcon.colcon_core.shell:create_environment_hook('arduinobot_controller', 'pythonpath')
[3.894s] INFO:colcon.colcon_core.shell:Creating environment hook '/home/joshuaneely/arduinobot_ws/install/arduinobot_controller/share/arduinobot_controller/hook/pythonpath.ps1'
[3.895s] INFO:colcon.colcon_core.shell:Creating environment descriptor '/home/joshuaneely/arduinobot_ws/install/arduinobot_controller/share/arduinobot_controller/hook/pythonpath.dsv'
[3.895s] INFO:colcon.colcon_core.shell:Creating environment hook '/home/joshuaneely/arduinobot_ws/install/arduinobot_controller/share/arduinobot_controller/hook/pythonpath.sh'
[3.896s] Level 1:colcon.colcon_core.environment:checking '/home/joshuaneely/arduinobot_ws/install/arduinobot_controller/bin'
[3.896s] INFO:colcon.colcon_core.shell:Creating package script '/home/joshuaneely/arduinobot_ws/install/arduinobot_controller/share/arduinobot_controller/package.ps1'
[3.899s] INFO:colcon.colcon_core.shell:Creating package descriptor '/home/joshuaneely/arduinobot_ws/install/arduinobot_controller/share/arduinobot_controller/package.dsv'
[3.902s] INFO:colcon.colcon_core.shell:Creating package script '/home/joshuaneely/arduinobot_ws/install/arduinobot_controller/share/arduinobot_controller/package.sh'
[3.902s] INFO:colcon.colcon_core.shell:Creating package script '/home/joshuaneely/arduinobot_ws/install/arduinobot_controller/share/arduinobot_controller/package.bash'
[3.907s] INFO:colcon.colcon_core.shell:Creating package script '/home/joshuaneely/arduinobot_ws/install/arduinobot_controller/share/arduinobot_controller/package.zsh'
[3.910s] Level 1:colcon.colcon_core.environment:create_file_with_runtime_dependencies(/home/joshuaneely/arduinobot_ws/install/arduinobot_controller/share/colcon-core/packages/arduinobot_controller)
[3.912s] Level 1:colcon.colcon_core.environment:create_environment_scripts_only(arduinobot_controller)
[3.912s] Level 1:colcon.colcon_core.environment:checking '/home/joshuaneely/arduinobot_ws/install/arduinobot_controller' for CMake module files
[3.913s] Level 1:colcon.colcon_core.environment:checking '/home/joshuaneely/arduinobot_ws/install/arduinobot_controller' for CMake config files
[3.915s] Level 1:colcon.colcon_core.shell:create_environment_hook('arduinobot_controller', 'cmake_prefix_path')
[3.917s] INFO:colcon.colcon_core.shell:Creating environment hook '/home/joshuaneely/arduinobot_ws/install/arduinobot_controller/share/arduinobot_controller/hook/cmake_prefix_path.ps1'
[3.918s] INFO:colcon.colcon_core.shell:Creating environment descriptor '/home/joshuaneely/arduinobot_ws/install/arduinobot_controller/share/arduinobot_controller/hook/cmake_prefix_path.dsv'
[3.922s] INFO:colcon.colcon_core.shell:Creating environment hook '/home/joshuaneely/arduinobot_ws/install/arduinobot_controller/share/arduinobot_controller/hook/cmake_prefix_path.sh'
[3.925s] Level 1:colcon.colcon_core.environment:checking '/home/joshuaneely/arduinobot_ws/install/arduinobot_controller/lib'
[3.926s] Level 1:colcon.colcon_core.environment:checking '/home/joshuaneely/arduinobot_ws/install/arduinobot_controller/bin'
[3.926s] Level 1:colcon.colcon_core.environment:checking '/home/joshuaneely/arduinobot_ws/install/arduinobot_controller/lib/pkgconfig/arduinobot_controller.pc'
[3.926s] Level 1:colcon.colcon_core.environment:checking '/home/joshuaneely/arduinobot_ws/install/arduinobot_controller/lib/python3.12/site-packages'
[3.926s] Level 1:colcon.colcon_core.shell:create_environment_hook('arduinobot_controller', 'pythonpath')
[3.927s] INFO:colcon.colcon_core.shell:Creating environment hook '/home/joshuaneely/arduinobot_ws/install/arduinobot_controller/share/arduinobot_controller/hook/pythonpath.ps1'
[3.927s] INFO:colcon.colcon_core.shell:Creating environment descriptor '/home/joshuaneely/arduinobot_ws/install/arduinobot_controller/share/arduinobot_controller/hook/pythonpath.dsv'
[3.928s] INFO:colcon.colcon_core.shell:Creating environment hook '/home/joshuaneely/arduinobot_ws/install/arduinobot_controller/share/arduinobot_controller/hook/pythonpath.sh'
[3.929s] Level 1:colcon.colcon_core.environment:checking '/home/joshuaneely/arduinobot_ws/install/arduinobot_controller/bin'
[3.931s] INFO:colcon.colcon_core.shell:Creating package script '/home/joshuaneely/arduinobot_ws/install/arduinobot_controller/share/arduinobot_controller/package.ps1'
[3.933s] INFO:colcon.colcon_core.shell:Creating package descriptor '/home/joshuaneely/arduinobot_ws/install/arduinobot_controller/share/arduinobot_controller/package.dsv'
[3.938s] INFO:colcon.colcon_core.shell:Creating package script '/home/joshuaneely/arduinobot_ws/install/arduinobot_controller/share/arduinobot_controller/package.sh'
[3.952s] INFO:colcon.colcon_core.shell:Creating package script '/home/joshuaneely/arduinobot_ws/install/arduinobot_controller/share/arduinobot_controller/package.bash'
[3.958s] INFO:colcon.colcon_core.shell:Creating package script '/home/joshuaneely/arduinobot_ws/install/arduinobot_controller/share/arduinobot_controller/package.zsh'
[3.960s] Level 1:colcon.colcon_core.environment:create_file_with_runtime_dependencies(/home/joshuaneely/arduinobot_ws/install/arduinobot_controller/share/colcon-core/packages/arduinobot_controller)
[3.971s] Level 1:colcon.colcon_core.environment:create_environment_scripts_only(arduinobot_msgs)
[3.971s] Level 1:colcon.colcon_core.environment:checking '/home/joshuaneely/arduinobot_ws/install/arduinobot_msgs' for CMake module files
[3.974s] Level 1:colcon.colcon_core.environment:checking '/home/joshuaneely/arduinobot_ws/install/arduinobot_msgs' for CMake config files
[3.974s] DEBUG:colcon.colcon_core.event_handler.log_command:Invoked command in '/home/joshuaneely/arduinobot_ws/build/arduinobot_msgs' returned '0': CMAKE_PREFIX_PATH=${CMAKE_PREFIX_PATH}:/opt/ros/jazzy DEBUGINFOD_URLS=https://debuginfod.ubuntu.com /usr/bin/cmake --install /home/joshuaneely/arduinobot_ws/build/arduinobot_msgs
[4.004s] Level 1:colcon.colcon_core.shell:create_environment_hook('arduinobot_msgs', 'cmake_prefix_path')
[4.006s] INFO:colcon.colcon_core.shell:Creating environment hook '/home/joshuaneely/arduinobot_ws/install/arduinobot_msgs/share/arduinobot_msgs/hook/cmake_prefix_path.ps1'
[4.006s] INFO:colcon.colcon_core.shell:Creating environment descriptor '/home/joshuaneely/arduinobot_ws/install/arduinobot_msgs/share/arduinobot_msgs/hook/cmake_prefix_path.dsv'
[4.008s] INFO:colcon.colcon_core.shell:Creating environment hook '/home/joshuaneely/arduinobot_ws/install/arduinobot_msgs/share/arduinobot_msgs/hook/cmake_prefix_path.sh'
[4.009s] Level 1:colcon.colcon_core.environment:checking '/home/joshuaneely/arduinobot_ws/install/arduinobot_msgs/lib'
[4.009s] Level 1:colcon.colcon_core.shell:create_environment_hook('arduinobot_msgs', 'ld_library_path_lib')
[4.009s] INFO:colcon.colcon_core.shell:Creating environment hook '/home/joshuaneely/arduinobot_ws/install/arduinobot_msgs/share/arduinobot_msgs/hook/ld_library_path_lib.ps1'
[4.011s] INFO:colcon.colcon_core.shell:Creating environment descriptor '/home/joshuaneely/arduinobot_ws/install/arduinobot_msgs/share/arduinobot_msgs/hook/ld_library_path_lib.dsv'
[4.012s] INFO:colcon.colcon_core.shell:Creating environment hook '/home/joshuaneely/arduinobot_ws/install/arduinobot_msgs/share/arduinobot_msgs/hook/ld_library_path_lib.sh'
[4.014s] Level 1:colcon.colcon_core.environment:checking '/home/joshuaneely/arduinobot_ws/install/arduinobot_msgs/bin'
[4.014s] Level 1:colcon.colcon_core.environment:checking '/home/joshuaneely/arduinobot_ws/install/arduinobot_msgs/lib/pkgconfig/arduinobot_msgs.pc'
[4.014s] Level 1:colcon.colcon_core.environment:checking '/home/joshuaneely/arduinobot_ws/install/arduinobot_msgs/lib/python3.12/site-packages'
[4.015s] Level 1:colcon.colcon_core.shell:create_environment_hook('arduinobot_msgs', 'pythonpath')
[4.015s] INFO:colcon.colcon_core.shell:Creating environment hook '/home/joshuaneely/arduinobot_ws/install/arduinobot_msgs/share/arduinobot_msgs/hook/pythonpath.ps1'
[4.015s] INFO:colcon.colcon_core.shell:Creating environment descriptor '/home/joshuaneely/arduinobot_ws/install/arduinobot_msgs/share/arduinobot_msgs/hook/pythonpath.dsv'
[4.018s] INFO:colcon.colcon_core.shell:Creating environment hook '/home/joshuaneely/arduinobot_ws/install/arduinobot_msgs/share/arduinobot_msgs/hook/pythonpath.sh'
[4.019s] Level 1:colcon.colcon_core.environment:checking '/home/joshuaneely/arduinobot_ws/install/arduinobot_msgs/bin'
[4.025s] INFO:colcon.colcon_core.shell:Creating package script '/home/joshuaneely/arduinobot_ws/install/arduinobot_msgs/share/arduinobot_msgs/package.ps1'
[4.026s] INFO:colcon.colcon_core.shell:Creating package descriptor '/home/joshuaneely/arduinobot_ws/install/arduinobot_msgs/share/arduinobot_msgs/package.dsv'
[4.031s] INFO:colcon.colcon_core.shell:Creating package script '/home/joshuaneely/arduinobot_ws/install/arduinobot_msgs/share/arduinobot_msgs/package.sh'
[4.034s] INFO:colcon.colcon_core.shell:Creating package script '/home/joshuaneely/arduinobot_ws/install/arduinobot_msgs/share/arduinobot_msgs/package.bash'
[4.038s] INFO:colcon.colcon_core.shell:Creating package script '/home/joshuaneely/arduinobot_ws/install/arduinobot_msgs/share/arduinobot_msgs/package.zsh'
[4.042s] Level 1:colcon.colcon_core.environment:create_file_with_runtime_dependencies(/home/joshuaneely/arduinobot_ws/install/arduinobot_msgs/share/colcon-core/packages/arduinobot_msgs)
[4.045s] Level 1:colcon.colcon_core.environment:create_environment_scripts_only(arduinobot_msgs)
[4.045s] Level 1:colcon.colcon_core.environment:checking '/home/joshuaneely/arduinobot_ws/install/arduinobot_msgs' for CMake module files
[4.046s] Level 1:colcon.colcon_core.environment:checking '/home/joshuaneely/arduinobot_ws/install/arduinobot_msgs' for CMake config files
[4.048s] Level 1:colcon.colcon_core.shell:create_environment_hook('arduinobot_msgs', 'cmake_prefix_path')
[4.049s] INFO:colcon.colcon_core.shell:Creating environment hook '/home/joshuaneely/arduinobot_ws/install/arduinobot_msgs/share/arduinobot_msgs/hook/cmake_prefix_path.ps1'
[4.049s] INFO:colcon.colcon_core.shell:Creating environment descriptor '/home/joshuaneely/arduinobot_ws/install/arduinobot_msgs/share/arduinobot_msgs/hook/cmake_prefix_path.dsv'
[4.049s] INFO:colcon.colcon_core.shell:Creating environment hook '/home/joshuaneely/arduinobot_ws/install/arduinobot_msgs/share/arduinobot_msgs/hook/cmake_prefix_path.sh'
[4.050s] Level 1:colcon.colcon_core.environment:checking '/home/joshuaneely/arduinobot_ws/install/arduinobot_msgs/lib'
[4.050s] Level 1:colcon.colcon_core.shell:create_environment_hook('arduinobot_msgs', 'ld_library_path_lib')
[4.050s] INFO:colcon.colcon_core.shell:Creating environment hook '/home/joshuaneely/arduinobot_ws/install/arduinobot_msgs/share/arduinobot_msgs/hook/ld_library_path_lib.ps1'
[4.051s] INFO:colcon.colcon_core.shell:Creating environment descriptor '/home/joshuaneely/arduinobot_ws/install/arduinobot_msgs/share/arduinobot_msgs/hook/ld_library_path_lib.dsv'
[4.053s] INFO:colcon.colcon_core.shell:Creating environment hook '/home/joshuaneely/arduinobot_ws/install/arduinobot_msgs/share/arduinobot_msgs/hook/ld_library_path_lib.sh'
[4.054s] Level 1:colcon.colcon_core.environment:checking '/home/joshuaneely/arduinobot_ws/install/arduinobot_msgs/bin'
[4.054s] Level 1:colcon.colcon_core.environment:checking '/home/joshuaneely/arduinobot_ws/install/arduinobot_msgs/lib/pkgconfig/arduinobot_msgs.pc'
[4.054s] Level 1:colcon.colcon_core.environment:checking '/home/joshuaneely/arduinobot_ws/install/arduinobot_msgs/lib/python3.12/site-packages'
[4.054s] Level 1:colcon.colcon_core.shell:create_environment_hook('arduinobot_msgs', 'pythonpath')
[4.055s] INFO:colcon.colcon_core.shell:Creating environment hook '/home/joshuaneely/arduinobot_ws/install/arduinobot_msgs/share/arduinobot_msgs/hook/pythonpath.ps1'
[4.055s] INFO:colcon.colcon_core.shell:Creating environment descriptor '/home/joshuaneely/arduinobot_ws/install/arduinobot_msgs/share/arduinobot_msgs/hook/pythonpath.dsv'
[4.057s] INFO:colcon.colcon_core.shell:Creating environment hook '/home/joshuaneely/arduinobot_ws/install/arduinobot_msgs/share/arduinobot_msgs/hook/pythonpath.sh'
[4.063s] Level 1:colcon.colcon_core.environment:checking '/home/joshuaneely/arduinobot_ws/install/arduinobot_msgs/bin'
[4.065s] INFO:colcon.colcon_core.shell:Creating package script '/home/joshuaneely/arduinobot_ws/install/arduinobot_msgs/share/arduinobot_msgs/package.ps1'
[4.070s] INFO:colcon.colcon_core.shell:Creating package descriptor '/home/joshuaneely/arduinobot_ws/install/arduinobot_msgs/share/arduinobot_msgs/package.dsv'
[4.070s] INFO:colcon.colcon_core.shell:Creating package script '/home/joshuaneely/arduinobot_ws/install/arduinobot_msgs/share/arduinobot_msgs/package.sh'
[4.071s] INFO:colcon.colcon_core.shell:Creating package script '/home/joshuaneely/arduinobot_ws/install/arduinobot_msgs/share/arduinobot_msgs/package.bash'
[4.078s] INFO:colcon.colcon_core.shell:Creating package script '/home/joshuaneely/arduinobot_ws/install/arduinobot_msgs/share/arduinobot_msgs/package.zsh'
[4.091s] Level 1:colcon.colcon_core.environment:create_file_with_runtime_dependencies(/home/joshuaneely/arduinobot_ws/install/arduinobot_msgs/share/colcon-core/packages/arduinobot_msgs)
[4.093s] INFO:colcon.colcon_ros.task.ament_cmake.build:Building ROS package in '/home/joshuaneely/arduinobot_ws/src/arduinobot_cpp_examples' with build type 'ament_cmake'
[4.093s] INFO:colcon.colcon_cmake.task.cmake.build:Building CMake package in '/home/joshuaneely/arduinobot_ws/src/arduinobot_cpp_examples'
[4.093s] INFO:colcon.colcon_core.shell:Skip shell extension 'powershell' for command environment: Not usable outside of PowerShell
[4.093s] DEBUG:colcon.colcon_core.shell:Skip shell extension 'dsv' for command environment
[4.119s] INFO:colcon.colcon_ros.task.ament_python.build:Building ROS package in '/home/joshuaneely/arduinobot_ws/src/arduinobot_py_examples' with build type 'ament_python'
[4.120s] Level 1:colcon.colcon_core.shell:create_environment_hook('arduinobot_py_examples', 'ament_prefix_path')
[4.120s] INFO:colcon.colcon_core.shell:Creating environment hook '/home/joshuaneely/arduinobot_ws/install/arduinobot_py_examples/share/arduinobot_py_examples/hook/ament_prefix_path.ps1'
[4.125s] INFO:colcon.colcon_core.shell:Creating environment descriptor '/home/joshuaneely/arduinobot_ws/install/arduinobot_py_examples/share/arduinobot_py_examples/hook/ament_prefix_path.dsv'
[4.126s] INFO:colcon.colcon_core.shell:Creating environment hook '/home/joshuaneely/arduinobot_ws/install/arduinobot_py_examples/share/arduinobot_py_examples/hook/ament_prefix_path.sh'
[4.131s] INFO:colcon.colcon_core.shell:Skip shell extension 'powershell' for command environment: Not usable outside of PowerShell
[4.131s] DEBUG:colcon.colcon_core.shell:Skip shell extension 'dsv' for command environment
[4.144s] INFO:colcon.colcon_ros.task.ament_cmake.build:Building ROS package in '/home/joshuaneely/arduinobot_ws/src/arduinobot_utils' with build type 'ament_cmake'
[4.144s] INFO:colcon.colcon_cmake.task.cmake.build:Building CMake package in '/home/joshuaneely/arduinobot_ws/src/arduinobot_utils'
[4.145s] INFO:colcon.colcon_core.shell:Skip shell extension 'powershell' for command environment: Not usable outside of PowerShell
[4.145s] DEBUG:colcon.colcon_core.shell:Skip shell extension 'dsv' for command environment
[4.168s] DEBUG:colcon.colcon_core.event_handler.log_command:Invoking command in '/home/joshuaneely/arduinobot_ws/build/arduinobot_cpp_examples': AMENT_PREFIX_PATH=/home/joshuaneely/arduinobot_ws/install/arduinobot_msgs:${AMENT_PREFIX_PATH} CMAKE_PREFIX_PATH=/home/joshuaneely/arduinobot_ws/install/arduinobot_msgs:/opt/ros/jazzy/opt/gz_sim_vendor:/opt/ros/jazzy/opt/gz_sensors_vendor:/opt/ros/jazzy/opt/gz_physics_vendor:/opt/ros/jazzy/opt/sdformat_vendor:/opt/ros/jazzy/opt/gz_gui_vendor:/opt/ros/jazzy/opt/gz_transport_vendor:/opt/ros/jazzy/opt/gz_rendering_vendor:/opt/ros/jazzy/opt/gz_plugin_vendor:/opt/ros/jazzy/opt/gz_fuel_tools_vendor:/opt/ros/jazzy/opt/gz_msgs_vendor:/opt/ros/jazzy/opt/gz_common_vendor:/opt/ros/jazzy/opt/gz_math_vendor:/opt/ros/jazzy/opt/gz_utils_vendor:/opt/ros/jazzy/opt/gz_tools_vendor:/opt/ros/jazzy/opt/gz_ogre_next_vendor:/opt/ros/jazzy/opt/gz_dartsim_vendor:/opt/ros/jazzy/opt/gz_cmake_vendor:/opt/ros/jazzy DEBUGINFOD_URLS=https://debuginfod.ubuntu.com LD_LIBRARY_PATH=/home/joshuaneely/arduinobot_ws/install/arduinobot_msgs/lib:${LD_LIBRARY_PATH} PYTHONPATH=/home/joshuaneely/arduinobot_ws/install/arduinobot_msgs/lib/python3.12/site-packages:${PYTHONPATH} /usr/bin/cmake --build /home/joshuaneely/arduinobot_ws/build/arduinobot_cpp_examples -- -j8 -l8
[4.794s] INFO:colcon.colcon_core.task.python.build:Building Python package in '/home/joshuaneely/arduinobot_ws/src/arduinobot_py_examples'
[4.795s] INFO:colcon.colcon_core.shell:Skip shell extension 'powershell' for command environment: Not usable outside of PowerShell
[4.796s] DEBUG:colcon.colcon_core.shell:Skip shell extension 'dsv' for command environment
[4.808s] DEBUG:colcon.colcon_core.event_handler.log_command:Invoked command in '/home/joshuaneely/arduinobot_ws/build/arduinobot_cpp_examples' returned '0': AMENT_PREFIX_PATH=/home/joshuaneely/arduinobot_ws/install/arduinobot_msgs:${AMENT_PREFIX_PATH} CMAKE_PREFIX_PATH=/home/joshuaneely/arduinobot_ws/install/arduinobot_msgs:/opt/ros/jazzy/opt/gz_sim_vendor:/opt/ros/jazzy/opt/gz_sensors_vendor:/opt/ros/jazzy/opt/gz_physics_vendor:/opt/ros/jazzy/opt/sdformat_vendor:/opt/ros/jazzy/opt/gz_gui_vendor:/opt/ros/jazzy/opt/gz_transport_vendor:/opt/ros/jazzy/opt/gz_rendering_vendor:/opt/ros/jazzy/opt/gz_plugin_vendor:/opt/ros/jazzy/opt/gz_fuel_tools_vendor:/opt/ros/jazzy/opt/gz_msgs_vendor:/opt/ros/jazzy/opt/gz_common_vendor:/opt/ros/jazzy/opt/gz_math_vendor:/opt/ros/jazzy/opt/gz_utils_vendor:/opt/ros/jazzy/opt/gz_tools_vendor:/opt/ros/jazzy/opt/gz_ogre_next_vendor:/opt/ros/jazzy/opt/gz_dartsim_vendor:/opt/ros/jazzy/opt/gz_cmake_vendor:/opt/ros/jazzy DEBUGINFOD_URLS=https://debuginfod.ubuntu.com LD_LIBRARY_PATH=/home/joshuaneely/arduinobot_ws/install/arduinobot_msgs/lib:${LD_LIBRARY_PATH} PYTHONPATH=/home/joshuaneely/arduinobot_ws/install/arduinobot_msgs/lib/python3.12/site-packages:${PYTHONPATH} /usr/bin/cmake --build /home/joshuaneely/arduinobot_ws/build/arduinobot_cpp_examples -- -j8 -l8
[4.821s] DEBUG:colcon.colcon_core.event_handler.log_command:Invoking command in '/home/joshuaneely/arduinobot_ws/build/arduinobot_cpp_examples': AMENT_PREFIX_PATH=/home/joshuaneely/arduinobot_ws/install/arduinobot_msgs:${AMENT_PREFIX_PATH} CMAKE_PREFIX_PATH=/home/joshuaneely/arduinobot_ws/install/arduinobot_msgs:/opt/ros/jazzy/opt/gz_sim_vendor:/opt/ros/jazzy/opt/gz_sensors_vendor:/opt/ros/jazzy/opt/gz_physics_vendor:/opt/ros/jazzy/opt/sdformat_vendor:/opt/ros/jazzy/opt/gz_gui_vendor:/opt/ros/jazzy/opt/gz_transport_vendor:/opt/ros/jazzy/opt/gz_rendering_vendor:/opt/ros/jazzy/opt/gz_plugin_vendor:/opt/ros/jazzy/opt/gz_fuel_tools_vendor:/opt/ros/jazzy/opt/gz_msgs_vendor:/opt/ros/jazzy/opt/gz_common_vendor:/opt/ros/jazzy/opt/gz_math_vendor:/opt/ros/jazzy/opt/gz_utils_vendor:/opt/ros/jazzy/opt/gz_tools_vendor:/opt/ros/jazzy/opt/gz_ogre_next_vendor:/opt/ros/jazzy/opt/gz_dartsim_vendor:/opt/ros/jazzy/opt/gz_cmake_vendor:/opt/ros/jazzy DEBUGINFOD_URLS=https://debuginfod.ubuntu.com LD_LIBRARY_PATH=/home/joshuaneely/arduinobot_ws/install/arduinobot_msgs/lib:${LD_LIBRARY_PATH} PYTHONPATH=/home/joshuaneely/arduinobot_ws/install/arduinobot_msgs/lib/python3.12/site-packages:${PYTHONPATH} /usr/bin/cmake --install /home/joshuaneely/arduinobot_ws/build/arduinobot_cpp_examples
[4.830s] DEBUG:colcon.colcon_core.event_handler.log_command:Invoking command in '/home/joshuaneely/arduinobot_ws/build/arduinobot_utils': AMENT_PREFIX_PATH=/home/joshuaneely/arduinobot_ws/install/arduinobot_msgs:${AMENT_PREFIX_PATH} CMAKE_PREFIX_PATH=/home/joshuaneely/arduinobot_ws/install/arduinobot_msgs:/opt/ros/jazzy/opt/gz_sim_vendor:/opt/ros/jazzy/opt/gz_sensors_vendor:/opt/ros/jazzy/opt/gz_physics_vendor:/opt/ros/jazzy/opt/sdformat_vendor:/opt/ros/jazzy/opt/gz_gui_vendor:/opt/ros/jazzy/opt/gz_transport_vendor:/opt/ros/jazzy/opt/gz_rendering_vendor:/opt/ros/jazzy/opt/gz_plugin_vendor:/opt/ros/jazzy/opt/gz_fuel_tools_vendor:/opt/ros/jazzy/opt/gz_msgs_vendor:/opt/ros/jazzy/opt/gz_common_vendor:/opt/ros/jazzy/opt/gz_math_vendor:/opt/ros/jazzy/opt/gz_utils_vendor:/opt/ros/jazzy/opt/gz_tools_vendor:/opt/ros/jazzy/opt/gz_ogre_next_vendor:/opt/ros/jazzy/opt/gz_dartsim_vendor:/opt/ros/jazzy/opt/gz_cmake_vendor:/opt/ros/jazzy DEBUGINFOD_URLS=https://debuginfod.ubuntu.com LD_LIBRARY_PATH=/home/joshuaneely/arduinobot_ws/install/arduinobot_msgs/lib:${LD_LIBRARY_PATH} PYTHONPATH=/home/joshuaneely/arduinobot_ws/install/arduinobot_msgs/lib/python3.12/site-packages:${PYTHONPATH} /usr/bin/cmake --build /home/joshuaneely/arduinobot_ws/build/arduinobot_utils -- -j8 -l8
[4.869s] Level 1:colcon.colcon_core.environment:create_environment_scripts_only(arduinobot_cpp_examples)
[4.869s] Level 1:colcon.colcon_core.environment:checking '/home/joshuaneely/arduinobot_ws/install/arduinobot_cpp_examples' for CMake module files
[4.872s] DEBUG:colcon.colcon_core.event_handler.log_command:Invoked command in '/home/joshuaneely/arduinobot_ws/build/arduinobot_cpp_examples' returned '0': AMENT_PREFIX_PATH=/home/joshuaneely/arduinobot_ws/install/arduinobot_msgs:${AMENT_PREFIX_PATH} CMAKE_PREFIX_PATH=/home/joshuaneely/arduinobot_ws/install/arduinobot_msgs:/opt/ros/jazzy/opt/gz_sim_vendor:/opt/ros/jazzy/opt/gz_sensors_vendor:/opt/ros/jazzy/opt/gz_physics_vendor:/opt/ros/jazzy/opt/sdformat_vendor:/opt/ros/jazzy/opt/gz_gui_vendor:/opt/ros/jazzy/opt/gz_transport_vendor:/opt/ros/jazzy/opt/gz_rendering_vendor:/opt/ros/jazzy/opt/gz_plugin_vendor:/opt/ros/jazzy/opt/gz_fuel_tools_vendor:/opt/ros/jazzy/opt/gz_msgs_vendor:/opt/ros/jazzy/opt/gz_common_vendor:/opt/ros/jazzy/opt/gz_math_vendor:/opt/ros/jazzy/opt/gz_utils_vendor:/opt/ros/jazzy/opt/gz_tools_vendor:/opt/ros/jazzy/opt/gz_ogre_next_vendor:/opt/ros/jazzy/opt/gz_dartsim_vendor:/opt/ros/jazzy/opt/gz_cmake_vendor:/opt/ros/jazzy DEBUGINFOD_URLS=https://debuginfod.ubuntu.com LD_LIBRARY_PATH=/home/joshuaneely/arduinobot_ws/install/arduinobot_msgs/lib:${LD_LIBRARY_PATH} PYTHONPATH=/home/joshuaneely/arduinobot_ws/install/arduinobot_msgs/lib/python3.12/site-packages:${PYTHONPATH} /usr/bin/cmake --install /home/joshuaneely/arduinobot_ws/build/arduinobot_cpp_examples
[4.875s] Level 1:colcon.colcon_core.environment:checking '/home/joshuaneely/arduinobot_ws/install/arduinobot_cpp_examples' for CMake config files
[4.881s] Level 1:colcon.colcon_core.shell:create_environment_hook('arduinobot_cpp_examples', 'cmake_prefix_path')
[4.881s] INFO:colcon.colcon_core.shell:Creating environment hook '/home/joshuaneely/arduinobot_ws/install/arduinobot_cpp_examples/share/arduinobot_cpp_examples/hook/cmake_prefix_path.ps1'
[4.882s] INFO:colcon.colcon_core.shell:Creating environment descriptor '/home/joshuaneely/arduinobot_ws/install/arduinobot_cpp_examples/share/arduinobot_cpp_examples/hook/cmake_prefix_path.dsv'
[4.883s] INFO:colcon.colcon_core.shell:Creating environment hook '/home/joshuaneely/arduinobot_ws/install/arduinobot_cpp_examples/share/arduinobot_cpp_examples/hook/cmake_prefix_path.sh'
[4.884s] Level 1:colcon.colcon_core.environment:checking '/home/joshuaneely/arduinobot_ws/install/arduinobot_cpp_examples/bin'
[4.886s] Level 1:colcon.colcon_core.environment:checking '/home/joshuaneely/arduinobot_ws/install/arduinobot_cpp_examples/lib/pkgconfig/arduinobot_cpp_examples.pc'
[4.886s] Level 1:colcon.colcon_core.environment:checking '/home/joshuaneely/arduinobot_ws/install/arduinobot_cpp_examples/lib/python3.12/site-packages'
[4.886s] Level 1:colcon.colcon_core.environment:checking '/home/joshuaneely/arduinobot_ws/install/arduinobot_cpp_examples/bin'
[4.887s] INFO:colcon.colcon_core.shell:Creating package script '/home/joshuaneely/arduinobot_ws/install/arduinobot_cpp_examples/share/arduinobot_cpp_examples/package.ps1'
[4.891s] INFO:colcon.colcon_core.shell:Creating package descriptor '/home/joshuaneely/arduinobot_ws/install/arduinobot_cpp_examples/share/arduinobot_cpp_examples/package.dsv'
[4.894s] INFO:colcon.colcon_core.shell:Creating package script '/home/joshuaneely/arduinobot_ws/install/arduinobot_cpp_examples/share/arduinobot_cpp_examples/package.sh'
[4.896s] INFO:colcon.colcon_core.shell:Creating package script '/home/joshuaneely/arduinobot_ws/install/arduinobot_cpp_examples/share/arduinobot_cpp_examples/package.bash'
[4.902s] INFO:colcon.colcon_core.shell:Creating package script '/home/joshuaneely/arduinobot_ws/install/arduinobot_cpp_examples/share/arduinobot_cpp_examples/package.zsh'
[4.902s] Level 1:colcon.colcon_core.environment:create_file_with_runtime_dependencies(/home/joshuaneely/arduinobot_ws/install/arduinobot_cpp_examples/share/colcon-core/packages/arduinobot_cpp_examples)
[4.904s] Level 1:colcon.colcon_core.environment:create_environment_scripts_only(arduinobot_cpp_examples)
[4.904s] Level 1:colcon.colcon_core.environment:checking '/home/joshuaneely/arduinobot_ws/install/arduinobot_cpp_examples' for CMake module files
[4.908s] Level 1:colcon.colcon_core.environment:checking '/home/joshuaneely/arduinobot_ws/install/arduinobot_cpp_examples' for CMake config files
[4.910s] Level 1:colcon.colcon_core.shell:create_environment_hook('arduinobot_cpp_examples', 'cmake_prefix_path')
[4.911s] INFO:colcon.colcon_core.shell:Creating environment hook '/home/joshuaneely/arduinobot_ws/install/arduinobot_cpp_examples/share/arduinobot_cpp_examples/hook/cmake_prefix_path.ps1'
[4.912s] INFO:colcon.colcon_core.shell:Creating environment descriptor '/home/joshuaneely/arduinobot_ws/install/arduinobot_cpp_examples/share/arduinobot_cpp_examples/hook/cmake_prefix_path.dsv'
[4.919s] INFO:colcon.colcon_core.shell:Creating environment hook '/home/joshuaneely/arduinobot_ws/install/arduinobot_cpp_examples/share/arduinobot_cpp_examples/hook/cmake_prefix_path.sh'
[4.926s] Level 1:colcon.colcon_core.environment:checking '/home/joshuaneely/arduinobot_ws/install/arduinobot_cpp_examples/bin'
[4.926s] Level 1:colcon.colcon_core.environment:checking '/home/joshuaneely/arduinobot_ws/install/arduinobot_cpp_examples/lib/pkgconfig/arduinobot_cpp_examples.pc'
[4.926s] Level 1:colcon.colcon_core.environment:checking '/home/joshuaneely/arduinobot_ws/install/arduinobot_cpp_examples/lib/python3.12/site-packages'
[4.927s] Level 1:colcon.colcon_core.environment:checking '/home/joshuaneely/arduinobot_ws/install/arduinobot_cpp_examples/bin'
[4.939s] INFO:colcon.colcon_core.shell:Creating package script '/home/joshuaneely/arduinobot_ws/install/arduinobot_cpp_examples/share/arduinobot_cpp_examples/package.ps1'
[4.941s] INFO:colcon.colcon_core.shell:Creating package descriptor '/home/joshuaneely/arduinobot_ws/install/arduinobot_cpp_examples/share/arduinobot_cpp_examples/package.dsv'
[4.944s] INFO:colcon.colcon_core.shell:Creating package script '/home/joshuaneely/arduinobot_ws/install/arduinobot_cpp_examples/share/arduinobot_cpp_examples/package.sh'
[4.945s] INFO:colcon.colcon_core.shell:Creating package script '/home/joshuaneely/arduinobot_ws/install/arduinobot_cpp_examples/share/arduinobot_cpp_examples/package.bash'
[4.947s] INFO:colcon.colcon_core.shell:Creating package script '/home/joshuaneely/arduinobot_ws/install/arduinobot_cpp_examples/share/arduinobot_cpp_examples/package.zsh'
[4.951s] Level 1:colcon.colcon_core.environment:create_file_with_runtime_dependencies(/home/joshuaneely/arduinobot_ws/install/arduinobot_cpp_examples/share/colcon-core/packages/arduinobot_cpp_examples)
[5.929s] DEBUG:colcon.colcon_core.event_handler.log_command:Invoked command in '/home/joshuaneely/arduinobot_ws/build/arduinobot_utils' returned '0': AMENT_PREFIX_PATH=/home/joshuaneely/arduinobot_ws/install/arduinobot_msgs:${AMENT_PREFIX_PATH} CMAKE_PREFIX_PATH=/home/joshuaneely/arduinobot_ws/install/arduinobot_msgs:/opt/ros/jazzy/opt/gz_sim_vendor:/opt/ros/jazzy/opt/gz_sensors_vendor:/opt/ros/jazzy/opt/gz_physics_vendor:/opt/ros/jazzy/opt/sdformat_vendor:/opt/ros/jazzy/opt/gz_gui_vendor:/opt/ros/jazzy/opt/gz_transport_vendor:/opt/ros/jazzy/opt/gz_rendering_vendor:/opt/ros/jazzy/opt/gz_plugin_vendor:/opt/ros/jazzy/opt/gz_fuel_tools_vendor:/opt/ros/jazzy/opt/gz_msgs_vendor:/opt/ros/jazzy/opt/gz_common_vendor:/opt/ros/jazzy/opt/gz_math_vendor:/opt/ros/jazzy/opt/gz_utils_vendor:/opt/ros/jazzy/opt/gz_tools_vendor:/opt/ros/jazzy/opt/gz_ogre_next_vendor:/opt/ros/jazzy/opt/gz_dartsim_vendor:/opt/ros/jazzy/opt/gz_cmake_vendor:/opt/ros/jazzy DEBUGINFOD_URLS=https://debuginfod.ubuntu.com LD_LIBRARY_PATH=/home/joshuaneely/arduinobot_ws/install/arduinobot_msgs/lib:${LD_LIBRARY_PATH} PYTHONPATH=/home/joshuaneely/arduinobot_ws/install/arduinobot_msgs/lib/python3.12/site-packages:${PYTHONPATH} /usr/bin/cmake --build /home/joshuaneely/arduinobot_ws/build/arduinobot_utils -- -j8 -l8
[5.932s] DEBUG:colcon.colcon_core.event_handler.log_command:Invoking command in '/home/joshuaneely/arduinobot_ws/build/arduinobot_utils': AMENT_PREFIX_PATH=/home/joshuaneely/arduinobot_ws/install/arduinobot_msgs:${AMENT_PREFIX_PATH} CMAKE_PREFIX_PATH=/home/joshuaneely/arduinobot_ws/install/arduinobot_msgs:/opt/ros/jazzy/opt/gz_sim_vendor:/opt/ros/jazzy/opt/gz_sensors_vendor:/opt/ros/jazzy/opt/gz_physics_vendor:/opt/ros/jazzy/opt/sdformat_vendor:/opt/ros/jazzy/opt/gz_gui_vendor:/opt/ros/jazzy/opt/gz_transport_vendor:/opt/ros/jazzy/opt/gz_rendering_vendor:/opt/ros/jazzy/opt/gz_plugin_vendor:/opt/ros/jazzy/opt/gz_fuel_tools_vendor:/opt/ros/jazzy/opt/gz_msgs_vendor:/opt/ros/jazzy/opt/gz_common_vendor:/opt/ros/jazzy/opt/gz_math_vendor:/opt/ros/jazzy/opt/gz_utils_vendor:/opt/ros/jazzy/opt/gz_tools_vendor:/opt/ros/jazzy/opt/gz_ogre_next_vendor:/opt/ros/jazzy/opt/gz_dartsim_vendor:/opt/ros/jazzy/opt/gz_cmake_vendor:/opt/ros/jazzy DEBUGINFOD_URLS=https://debuginfod.ubuntu.com LD_LIBRARY_PATH=/home/joshuaneely/arduinobot_ws/install/arduinobot_msgs/lib:${LD_LIBRARY_PATH} PYTHONPATH=/home/joshuaneely/arduinobot_ws/install/arduinobot_msgs/lib/python3.12/site-packages:${PYTHONPATH} /usr/bin/cmake --install /home/joshuaneely/arduinobot_ws/build/arduinobot_utils
[6.136s] Level 1:colcon.colcon_core.environment:create_environment_scripts_only(arduinobot_utils)
[6.137s] Level 1:colcon.colcon_core.environment:checking '/home/joshuaneely/arduinobot_ws/install/arduinobot_utils' for CMake module files
[6.138s] Level 1:colcon.colcon_core.environment:checking '/home/joshuaneely/arduinobot_ws/install/arduinobot_utils' for CMake config files
[6.139s] Level 1:colcon.colcon_core.shell:create_environment_hook('arduinobot_utils', 'cmake_prefix_path')
[6.139s] INFO:colcon.colcon_core.shell:Creating environment hook '/home/joshuaneely/arduinobot_ws/install/arduinobot_utils/share/arduinobot_utils/hook/cmake_prefix_path.ps1'
[6.145s] DEBUG:colcon.colcon_core.event_handler.log_command:Invoked command in '/home/joshuaneely/arduinobot_ws/build/arduinobot_utils' returned '0': AMENT_PREFIX_PATH=/home/joshuaneely/arduinobot_ws/install/arduinobot_msgs:${AMENT_PREFIX_PATH} CMAKE_PREFIX_PATH=/home/joshuaneely/arduinobot_ws/install/arduinobot_msgs:/opt/ros/jazzy/opt/gz_sim_vendor:/opt/ros/jazzy/opt/gz_sensors_vendor:/opt/ros/jazzy/opt/gz_physics_vendor:/opt/ros/jazzy/opt/sdformat_vendor:/opt/ros/jazzy/opt/gz_gui_vendor:/opt/ros/jazzy/opt/gz_transport_vendor:/opt/ros/jazzy/opt/gz_rendering_vendor:/opt/ros/jazzy/opt/gz_plugin_vendor:/opt/ros/jazzy/opt/gz_fuel_tools_vendor:/opt/ros/jazzy/opt/gz_msgs_vendor:/opt/ros/jazzy/opt/gz_common_vendor:/opt/ros/jazzy/opt/gz_math_vendor:/opt/ros/jazzy/opt/gz_utils_vendor:/opt/ros/jazzy/opt/gz_tools_vendor:/opt/ros/jazzy/opt/gz_ogre_next_vendor:/opt/ros/jazzy/opt/gz_dartsim_vendor:/opt/ros/jazzy/opt/gz_cmake_vendor:/opt/ros/jazzy DEBUGINFOD_URLS=https://debuginfod.ubuntu.com LD_LIBRARY_PATH=/home/joshuaneely/arduinobot_ws/install/arduinobot_msgs/lib:${LD_LIBRARY_PATH} PYTHONPATH=/home/joshuaneely/arduinobot_ws/install/arduinobot_msgs/lib/python3.12/site-packages:${PYTHONPATH} /usr/bin/cmake --install /home/joshuaneely/arduinobot_ws/build/arduinobot_utils
[6.150s] INFO:colcon.colcon_core.shell:Creating environment descriptor '/home/joshuaneely/arduinobot_ws/install/arduinobot_utils/share/arduinobot_utils/hook/cmake_prefix_path.dsv'
[6.151s] INFO:colcon.colcon_core.shell:Creating environment hook '/home/joshuaneely/arduinobot_ws/install/arduinobot_utils/share/arduinobot_utils/hook/cmake_prefix_path.sh'
[6.153s] Level 1:colcon.colcon_core.environment:checking '/home/joshuaneely/arduinobot_ws/install/arduinobot_utils/lib'
[6.153s] Level 1:colcon.colcon_core.environment:checking '/home/joshuaneely/arduinobot_ws/install/arduinobot_utils/bin'
[6.154s] Level 1:colcon.colcon_core.environment:checking '/home/joshuaneely/arduinobot_ws/install/arduinobot_utils/lib/pkgconfig/arduinobot_utils.pc'
[6.155s] Level 1:colcon.colcon_core.environment:checking '/home/joshuaneely/arduinobot_ws/install/arduinobot_utils/lib/python3.12/site-packages'
[6.155s] Level 1:colcon.colcon_core.shell:create_environment_hook('arduinobot_utils', 'pythonpath')
[6.155s] INFO:colcon.colcon_core.shell:Creating environment hook '/home/joshuaneely/arduinobot_ws/install/arduinobot_utils/share/arduinobot_utils/hook/pythonpath.ps1'
[6.160s] INFO:colcon.colcon_core.shell:Creating environment descriptor '/home/joshuaneely/arduinobot_ws/install/arduinobot_utils/share/arduinobot_utils/hook/pythonpath.dsv'
[6.162s] INFO:colcon.colcon_core.shell:Creating environment hook '/home/joshuaneely/arduinobot_ws/install/arduinobot_utils/share/arduinobot_utils/hook/pythonpath.sh'
[6.166s] Level 1:colcon.colcon_core.environment:checking '/home/joshuaneely/arduinobot_ws/install/arduinobot_utils/bin'
[6.167s] INFO:colcon.colcon_core.shell:Creating package script '/home/joshuaneely/arduinobot_ws/install/arduinobot_utils/share/arduinobot_utils/package.ps1'
[6.169s] INFO:colcon.colcon_core.shell:Creating package descriptor '/home/joshuaneely/arduinobot_ws/install/arduinobot_utils/share/arduinobot_utils/package.dsv'
[6.171s] INFO:colcon.colcon_core.shell:Creating package script '/home/joshuaneely/arduinobot_ws/install/arduinobot_utils/share/arduinobot_utils/package.sh'
[6.176s] INFO:colcon.colcon_core.shell:Creating package script '/home/joshuaneely/arduinobot_ws/install/arduinobot_utils/share/arduinobot_utils/package.bash'
[6.179s] INFO:colcon.colcon_core.shell:Creating package script '/home/joshuaneely/arduinobot_ws/install/arduinobot_utils/share/arduinobot_utils/package.zsh'
[6.180s] Level 1:colcon.colcon_core.environment:create_file_with_runtime_dependencies(/home/joshuaneely/arduinobot_ws/install/arduinobot_utils/share/colcon-core/packages/arduinobot_utils)
[6.185s] Level 1:colcon.colcon_core.environment:create_environment_scripts_only(arduinobot_utils)
[6.185s] Level 1:colcon.colcon_core.environment:checking '/home/joshuaneely/arduinobot_ws/install/arduinobot_utils' for CMake module files
[6.186s] Level 1:colcon.colcon_core.environment:checking '/home/joshuaneely/arduinobot_ws/install/arduinobot_utils' for CMake config files
[6.186s] Level 1:colcon.colcon_core.shell:create_environment_hook('arduinobot_utils', 'cmake_prefix_path')
[6.187s] INFO:colcon.colcon_core.shell:Creating environment hook '/home/joshuaneely/arduinobot_ws/install/arduinobot_utils/share/arduinobot_utils/hook/cmake_prefix_path.ps1'
[6.188s] INFO:colcon.colcon_core.shell:Creating environment descriptor '/home/joshuaneely/arduinobot_ws/install/arduinobot_utils/share/arduinobot_utils/hook/cmake_prefix_path.dsv'
[6.188s] INFO:colcon.colcon_core.shell:Creating environment hook '/home/joshuaneely/arduinobot_ws/install/arduinobot_utils/share/arduinobot_utils/hook/cmake_prefix_path.sh'
[6.193s] Level 1:colcon.colcon_core.environment:checking '/home/joshuaneely/arduinobot_ws/install/arduinobot_utils/lib'
[6.193s] Level 1:colcon.colcon_core.environment:checking '/home/joshuaneely/arduinobot_ws/install/arduinobot_utils/bin'
[6.196s] Level 1:colcon.colcon_core.environment:checking '/home/joshuaneely/arduinobot_ws/install/arduinobot_utils/lib/pkgconfig/arduinobot_utils.pc'
[6.196s] Level 1:colcon.colcon_core.environment:checking '/home/joshuaneely/arduinobot_ws/install/arduinobot_utils/lib/python3.12/site-packages'
[6.197s] Level 1:colcon.colcon_core.shell:create_environment_hook('arduinobot_utils', 'pythonpath')
[6.198s] INFO:colcon.colcon_core.shell:Creating environment hook '/home/joshuaneely/arduinobot_ws/install/arduinobot_utils/share/arduinobot_utils/hook/pythonpath.ps1'
[6.198s] INFO:colcon.colcon_core.shell:Creating environment descriptor '/home/joshuaneely/arduinobot_ws/install/arduinobot_utils/share/arduinobot_utils/hook/pythonpath.dsv'
[6.198s] INFO:colcon.colcon_core.shell:Creating environment hook '/home/joshuaneely/arduinobot_ws/install/arduinobot_utils/share/arduinobot_utils/hook/pythonpath.sh'
[6.200s] Level 1:colcon.colcon_core.environment:checking '/home/joshuaneely/arduinobot_ws/install/arduinobot_utils/bin'
[6.205s] INFO:colcon.colcon_core.shell:Creating package script '/home/joshuaneely/arduinobot_ws/install/arduinobot_utils/share/arduinobot_utils/package.ps1'
[6.207s] INFO:colcon.colcon_core.shell:Creating package descriptor '/home/joshuaneely/arduinobot_ws/install/arduinobot_utils/share/arduinobot_utils/package.dsv'
[6.209s] INFO:colcon.colcon_core.shell:Creating package script '/home/joshuaneely/arduinobot_ws/install/arduinobot_utils/share/arduinobot_utils/package.sh'
[6.211s] INFO:colcon.colcon_core.shell:Creating package script '/home/joshuaneely/arduinobot_ws/install/arduinobot_utils/share/arduinobot_utils/package.bash'
[6.212s] INFO:colcon.colcon_core.shell:Creating package script '/home/joshuaneely/arduinobot_ws/install/arduinobot_utils/share/arduinobot_utils/package.zsh'
[6.214s] Level 1:colcon.colcon_core.environment:create_file_with_runtime_dependencies(/home/joshuaneely/arduinobot_ws/install/arduinobot_utils/share/colcon-core/packages/arduinobot_utils)
[7.355s] DEBUG:colcon.colcon_core.event_handler.log_command:Invoking command in '/home/joshuaneely/arduinobot_ws/src/arduinobot_py_examples': AMENT_PREFIX_PATH=/home/joshuaneely/arduinobot_ws/install/arduinobot_msgs:${AMENT_PREFIX_PATH} CMAKE_PREFIX_PATH=/home/joshuaneely/arduinobot_ws/install/arduinobot_msgs:${CMAKE_PREFIX_PATH} DEBUGINFOD_URLS=https://debuginfod.ubuntu.com LD_LIBRARY_PATH=/home/joshuaneely/arduinobot_ws/install/arduinobot_msgs/lib:${LD_LIBRARY_PATH} PYTHONPATH=/home/joshuaneely/arduinobot_ws/build/arduinobot_py_examples/prefix_override:/usr/lib/python3/dist-packages/colcon_core/task/python/colcon_distutils_commands:/home/joshuaneely/arduinobot_ws/install/arduinobot_py_examples/lib/python3.12/site-packages:/home/joshuaneely/arduinobot_ws/install/arduinobot_msgs/lib/python3.12/site-packages:${PYTHONPATH} /usr/bin/python3 -W ignore:setup.py install is deprecated -W ignore:easy_install command is deprecated setup.py egg_info --egg-base ../../build/arduinobot_py_examples build --build-base /home/joshuaneely/arduinobot_ws/build/arduinobot_py_examples/build install --record /home/joshuaneely/arduinobot_ws/build/arduinobot_py_examples/install.log --single-version-externally-managed install_data
[8.775s] Level 1:colcon.colcon_core.environment:checking '/home/joshuaneely/arduinobot_ws/install/arduinobot_py_examples' for CMake module files
[8.782s] Level 1:colcon.colcon_core.environment:checking '/home/joshuaneely/arduinobot_ws/install/arduinobot_py_examples' for CMake config files
[8.784s] Level 1:colcon.colcon_core.environment:checking '/home/joshuaneely/arduinobot_ws/install/arduinobot_py_examples/lib'
[8.784s] Level 1:colcon.colcon_core.environment:checking '/home/joshuaneely/arduinobot_ws/install/arduinobot_py_examples/bin'
[8.785s] Level 1:colcon.colcon_core.environment:checking '/home/joshuaneely/arduinobot_ws/install/arduinobot_py_examples/lib/pkgconfig/arduinobot_py_examples.pc'
[8.786s] Level 1:colcon.colcon_core.environment:checking '/home/joshuaneely/arduinobot_ws/install/arduinobot_py_examples/lib/python3.12/site-packages'
[8.786s] Level 1:colcon.colcon_core.shell:create_environment_hook('arduinobot_py_examples', 'pythonpath')
[8.786s] INFO:colcon.colcon_core.shell:Creating environment hook '/home/joshuaneely/arduinobot_ws/install/arduinobot_py_examples/share/arduinobot_py_examples/hook/pythonpath.ps1'
[8.794s] INFO:colcon.colcon_core.shell:Creating environment descriptor '/home/joshuaneely/arduinobot_ws/install/arduinobot_py_examples/share/arduinobot_py_examples/hook/pythonpath.dsv'
[8.797s] INFO:colcon.colcon_core.shell:Creating environment hook '/home/joshuaneely/arduinobot_ws/install/arduinobot_py_examples/share/arduinobot_py_examples/hook/pythonpath.sh'
[8.800s] Level 1:colcon.colcon_core.environment:checking '/home/joshuaneely/arduinobot_ws/install/arduinobot_py_examples/bin'
[8.800s] Level 1:colcon.colcon_core.environment:create_environment_scripts_only(arduinobot_py_examples)
[8.801s] INFO:colcon.colcon_core.shell:Creating package script '/home/joshuaneely/arduinobot_ws/install/arduinobot_py_examples/share/arduinobot_py_examples/package.ps1'
[8.803s] INFO:colcon.colcon_core.shell:Creating package descriptor '/home/joshuaneely/arduinobot_ws/install/arduinobot_py_examples/share/arduinobot_py_examples/package.dsv'
[8.807s] DEBUG:colcon.colcon_core.event_handler.log_command:Invoked command in '/home/joshuaneely/arduinobot_ws/src/arduinobot_py_examples' returned '0': AMENT_PREFIX_PATH=/home/joshuaneely/arduinobot_ws/install/arduinobot_msgs:${AMENT_PREFIX_PATH} CMAKE_PREFIX_PATH=/home/joshuaneely/arduinobot_ws/install/arduinobot_msgs:${CMAKE_PREFIX_PATH} DEBUGINFOD_URLS=https://debuginfod.ubuntu.com LD_LIBRARY_PATH=/home/joshuaneely/arduinobot_ws/install/arduinobot_msgs/lib:${LD_LIBRARY_PATH} PYTHONPATH=/home/joshuaneely/arduinobot_ws/build/arduinobot_py_examples/prefix_override:/usr/lib/python3/dist-packages/colcon_core/task/python/colcon_distutils_commands:/home/joshuaneely/arduinobot_ws/install/arduinobot_py_examples/lib/python3.12/site-packages:/home/joshuaneely/arduinobot_ws/install/arduinobot_msgs/lib/python3.12/site-packages:${PYTHONPATH} /usr/bin/python3 -W ignore:setup.py install is deprecated -W ignore:easy_install command is deprecated setup.py egg_info --egg-base ../../build/arduinobot_py_examples build --build-base /home/joshuaneely/arduinobot_ws/build/arduinobot_py_examples/build install --record /home/joshuaneely/arduinobot_ws/build/arduinobot_py_examples/install.log --single-version-externally-managed install_data
[8.807s] INFO:colcon.colcon_core.shell:Creating package script '/home/joshuaneely/arduinobot_ws/install/arduinobot_py_examples/share/arduinobot_py_examples/package.sh'
[8.808s] INFO:colcon.colcon_core.shell:Creating package script '/home/joshuaneely/arduinobot_ws/install/arduinobot_py_examples/share/arduinobot_py_examples/package.bash'
[8.812s] INFO:colcon.colcon_core.shell:Creating package script '/home/joshuaneely/arduinobot_ws/install/arduinobot_py_examples/share/arduinobot_py_examples/package.zsh'
[8.815s] Level 1:colcon.colcon_core.environment:create_file_with_runtime_dependencies(/home/joshuaneely/arduinobot_ws/install/arduinobot_py_examples/share/colcon-core/packages/arduinobot_py_examples)
[8.820s] DEBUG:colcon.colcon_parallel_executor.executor.parallel:closing loop
[8.821s] DEBUG:colcon.colcon_parallel_executor.executor.parallel:loop closed
[8.821s] DEBUG:colcon.colcon_parallel_executor.executor.parallel:run_until_complete finished with '0'
[8.821s] DEBUG:colcon.colcon_core.event_reactor:joining thread
[8.847s] INFO:colcon.colcon_core.plugin_system:Skipping extension 'colcon_notification.desktop_notification.terminal_notifier': Not used on non-Darwin systems
[8.847s] INFO:colcon.colcon_core.plugin_system:Skipping extension 'colcon_notification.desktop_notification.win32': Not used on non-Windows systems
[8.847s] INFO:colcon.colcon_notification.desktop_notification:Sending desktop notification using 'notify2'
[8.907s] DEBUG:colcon.colcon_core.event_reactor:joined thread
[8.907s] INFO:colcon.colcon_core.shell:Creating prefix script '/home/joshuaneely/arduinobot_ws/install/local_setup.ps1'
[8.909s] INFO:colcon.colcon_core.shell:Creating prefix util module '/home/joshuaneely/arduinobot_ws/install/_local_setup_util_ps1.py'
[8.912s] INFO:colcon.colcon_core.shell:Creating prefix chain script '/home/joshuaneely/arduinobot_ws/install/setup.ps1'
[8.914s] INFO:colcon.colcon_core.shell:Creating prefix script '/home/joshuaneely/arduinobot_ws/install/local_setup.sh'
[8.915s] INFO:colcon.colcon_core.shell:Creating prefix util module '/home/joshuaneely/arduinobot_ws/install/_local_setup_util_sh.py'
[8.919s] INFO:colcon.colcon_core.shell:Creating prefix chain script '/home/joshuaneely/arduinobot_ws/install/setup.sh'
[8.928s] INFO:colcon.colcon_core.shell:Creating prefix script '/home/joshuaneely/arduinobot_ws/install/local_setup.bash'
[8.931s] INFO:colcon.colcon_core.shell:Creating prefix chain script '/home/joshuaneely/arduinobot_ws/install/setup.bash'
[8.935s] INFO:colcon.colcon_core.shell:Creating prefix script '/home/joshuaneely/arduinobot_ws/install/local_setup.zsh'
[8.937s] INFO:colcon.colcon_core.shell:Creating prefix chain script '/home/joshuaneely/arduinobot_ws/install/setup.zsh'
