[0.047s] DEBUG:colcon:Command line arguments: ['/usr/bin/colcon', 'build']
[0.047s] DEBUG:colcon:Parsed command line arguments: Namespace(log_base=None, log_level=None, verb_name='build', build_base='build', install_base='install', merge_install=False, symlink_install=False, test_result_base=None, continue_on_error=False, executor='parallel', parallel_workers=8, event_handlers=None, ignore_user_meta=False, metas=['./colcon.meta'], base_paths=['.'], packages_ignore=None, packages_ignore_regex=None, paths=None, packages_up_to=None, packages_up_to_regex=None, packages_above=None, packages_above_and_dependencies=None, packages_above_depth=None, packages_select_by_dep=None, packages_skip_by_dep=None, packages_skip_up_to=None, packages_select_build_failed=False, packages_skip_build_finished=False, packages_select_test_failures=False, packages_skip_test_passed=False, packages_select=None, packages_skip=None, packages_select_regex=None, packages_skip_regex=None, packages_start=None, packages_end=None, allow_overriding=[], cmake_args=None, cmake_target=None, cmake_target_skip_unavailable=False, cmake_clean_cache=False, cmake_clean_first=False, cmake_force_configure=False, ament_cmake_args=None, catkin_cmake_args=None, catkin_skip_building_tests=False, mixin_files=None, mixin=None, verb_parser=<colcon_mixin.mixin.mixin_argument.MixinArgumentDecorator object at 0xfce394432240>, verb_extension=<colcon_core.verb.build.BuildVerb object at 0xfce394431ee0>, main=<bound method BuildVerb.main of <colcon_core.verb.build.BuildVerb object at 0xfce394431ee0>>, mixin_verb=('build',))
[0.064s] Level 1:colcon.colcon_core.package_discovery:discover_packages(colcon_meta) check parameters
[0.064s] Level 1:colcon.colcon_core.package_discovery:discover_packages(recursive) check parameters
[0.064s] Level 1:colcon.colcon_core.package_discovery:discover_packages(ignore) check parameters
[0.064s] Level 1:colcon.colcon_core.package_discovery:discover_packages(path) check parameters
[0.064s] Level 1:colcon.colcon_core.package_discovery:discover_packages(colcon_meta) discover
[0.064s] Level 1:colcon.colcon_core.package_discovery:discover_packages(recursive) discover
[0.064s] INFO:colcon.colcon_core.package_discovery:Crawling recursively for packages in '/home/joshuaneely/arduinobot_ws'
[0.064s] Level 1:colcon.colcon_core.package_identification:_identify(.) by extensions ['ignore', 'ignore_ament_install']
[0.064s] Level 1:colcon.colcon_core.package_identification:_identify(.) by extension 'ignore'
[0.064s] Level 1:colcon.colcon_core.package_identification:_identify(.) by extension 'ignore_ament_install'
[0.064s] Level 1:colcon.colcon_core.package_identification:_identify(.) by extensions ['colcon_pkg']
[0.064s] Level 1:colcon.colcon_core.package_identification:_identify(.) by extension 'colcon_pkg'
[0.064s] Level 1:colcon.colcon_core.package_identification:_identify(.) by extensions ['colcon_meta']
[0.064s] Level 1:colcon.colcon_core.package_identification:_identify(.) by extension 'colcon_meta'
[0.064s] Level 1:colcon.colcon_core.package_identification:_identify(.) by extensions ['ros']
[0.064s] Level 1:colcon.colcon_core.package_identification:_identify(.) by extension 'ros'
[0.077s] Level 1:colcon.colcon_core.package_identification:_identify(.) by extensions ['cmake', 'python']
[0.077s] Level 1:colcon.colcon_core.package_identification:_identify(.) by extension 'cmake'
[0.077s] Level 1:colcon.colcon_core.package_identification:_identify(.) by extension 'python'
[0.077s] Level 1:colcon.colcon_core.package_identification:_identify(.) by extensions ['python_setup_py']
[0.077s] Level 1:colcon.colcon_core.package_identification:_identify(.) by extension 'python_setup_py'
[0.077s] Level 1:colcon.colcon_core.package_identification:_identify(build) by extensions ['ignore', 'ignore_ament_install']
[0.077s] Level 1:colcon.colcon_core.package_identification:_identify(build) by extension 'ignore'
[0.077s] Level 1:colcon.colcon_core.package_identification:_identify(build) ignored
[0.077s] Level 1:colcon.colcon_core.package_identification:_identify(install) by extensions ['ignore', 'ignore_ament_install']
[0.077s] Level 1:colcon.colcon_core.package_identification:_identify(install) by extension 'ignore'
[0.077s] Level 1:colcon.colcon_core.package_identification:_identify(install) ignored
[0.077s] Level 1:colcon.colcon_core.package_identification:_identify(log) by extensions ['ignore', 'ignore_ament_install']
[0.077s] Level 1:colcon.colcon_core.package_identification:_identify(log) by extension 'ignore'
[0.077s] Level 1:colcon.colcon_core.package_identification:_identify(log) ignored
[0.077s] Level 1:colcon.colcon_core.package_identification:_identify(src) by extensions ['ignore', 'ignore_ament_install']
[0.077s] Level 1:colcon.colcon_core.package_identification:_identify(src) by extension 'ignore'
[0.077s] Level 1:colcon.colcon_core.package_identification:_identify(src) by extension 'ignore_ament_install'
[0.077s] Level 1:colcon.colcon_core.package_identification:_identify(src) by extensions ['colcon_pkg']
[0.077s] Level 1:colcon.colcon_core.package_identification:_identify(src) by extension 'colcon_pkg'
[0.077s] Level 1:colcon.colcon_core.package_identification:_identify(src) by extensions ['colcon_meta']
[0.077s] Level 1:colcon.colcon_core.package_identification:_identify(src) by extension 'colcon_meta'
[0.077s] Level 1:colcon.colcon_core.package_identification:_identify(src) by extensions ['ros']
[0.077s] Level 1:colcon.colcon_core.package_identification:_identify(src) by extension 'ros'
[0.077s] Level 1:colcon.colcon_core.package_identification:_identify(src) by extensions ['cmake', 'python']
[0.077s] Level 1:colcon.colcon_core.package_identification:_identify(src) by extension 'cmake'
[0.078s] Level 1:colcon.colcon_core.package_identification:_identify(src) by extension 'python'
[0.078s] Level 1:colcon.colcon_core.package_identification:_identify(src) by extensions ['python_setup_py']
[0.078s] Level 1:colcon.colcon_core.package_identification:_identify(src) by extension 'python_setup_py'
[0.078s] Level 1:colcon.colcon_core.package_identification:_identify(src/arduinobot_cpp_examples) by extensions ['ignore', 'ignore_ament_install']
[0.078s] Level 1:colcon.colcon_core.package_identification:_identify(src/arduinobot_cpp_examples) by extension 'ignore'
[0.078s] Level 1:colcon.colcon_core.package_identification:_identify(src/arduinobot_cpp_examples) by extension 'ignore_ament_install'
[0.078s] Level 1:colcon.colcon_core.package_identification:_identify(src/arduinobot_cpp_examples) by extensions ['colcon_pkg']
[0.078s] Level 1:colcon.colcon_core.package_identification:_identify(src/arduinobot_cpp_examples) by extension 'colcon_pkg'
[0.078s] Level 1:colcon.colcon_core.package_identification:_identify(src/arduinobot_cpp_examples) by extensions ['colcon_meta']
[0.078s] Level 1:colcon.colcon_core.package_identification:_identify(src/arduinobot_cpp_examples) by extension 'colcon_meta'
[0.078s] Level 1:colcon.colcon_core.package_identification:_identify(src/arduinobot_cpp_examples) by extensions ['ros']
[0.078s] Level 1:colcon.colcon_core.package_identification:_identify(src/arduinobot_cpp_examples) by extension 'ros'
[0.079s] DEBUG:colcon.colcon_core.package_identification:Package 'src/arduinobot_cpp_examples' with type 'ros.ament_cmake' and name 'arduinobot_cpp_examples'
[0.079s] Level 1:colcon.colcon_core.package_identification:_identify(src/arduinobot_py_examples) by extensions ['ignore', 'ignore_ament_install']
[0.079s] Level 1:colcon.colcon_core.package_identification:_identify(src/arduinobot_py_examples) by extension 'ignore'
[0.079s] Level 1:colcon.colcon_core.package_identification:_identify(src/arduinobot_py_examples) by extension 'ignore_ament_install'
[0.079s] Level 1:colcon.colcon_core.package_identification:_identify(src/arduinobot_py_examples) by extensions ['colcon_pkg']
[0.079s] Level 1:colcon.colcon_core.package_identification:_identify(src/arduinobot_py_examples) by extension 'colcon_pkg'
[0.079s] Level 1:colcon.colcon_core.package_identification:_identify(src/arduinobot_py_examples) by extensions ['colcon_meta']
[0.079s] Level 1:colcon.colcon_core.package_identification:_identify(src/arduinobot_py_examples) by extension 'colcon_meta'
[0.079s] Level 1:colcon.colcon_core.package_identification:_identify(src/arduinobot_py_examples) by extensions ['ros']
[0.079s] Level 1:colcon.colcon_core.package_identification:_identify(src/arduinobot_py_examples) by extension 'ros'
[0.079s] DEBUG:colcon.colcon_core.package_identification:Package 'src/arduinobot_py_examples' with type 'ros.ament_python' and name 'arduinobot_py_examples'
[0.079s] Level 1:colcon.colcon_core.package_discovery:discover_packages(recursive) using defaults
[0.079s] Level 1:colcon.colcon_core.package_discovery:discover_packages(ignore) discover
[0.079s] Level 1:colcon.colcon_core.package_discovery:discover_packages(ignore) using defaults
[0.079s] Level 1:colcon.colcon_core.package_discovery:discover_packages(path) discover
[0.079s] Level 1:colcon.colcon_core.package_discovery:discover_packages(path) using defaults
[0.088s] Level 1:colcon.colcon_core.package_discovery:discover_packages(prefix_path) check parameters
[0.088s] Level 1:colcon.colcon_core.package_discovery:discover_packages(prefix_path) discover
[0.090s] DEBUG:colcon.colcon_installed_package_information.package_discovery:Found 437 installed packages in /opt/ros/jazzy
[0.091s] Level 1:colcon.colcon_core.package_discovery:discover_packages(prefix_path) using defaults
[0.116s] Level 5:colcon.colcon_core.verb:set package 'arduinobot_cpp_examples' build argument 'cmake_args' from command line to 'None'
[0.116s] Level 5:colcon.colcon_core.verb:set package 'arduinobot_cpp_examples' build argument 'cmake_target' from command line to 'None'
[0.116s] Level 5:colcon.colcon_core.verb:set package 'arduinobot_cpp_examples' build argument 'cmake_target_skip_unavailable' from command line to 'False'
[0.116s] Level 5:colcon.colcon_core.verb:set package 'arduinobot_cpp_examples' build argument 'cmake_clean_cache' from command line to 'False'
[0.116s] Level 5:colcon.colcon_core.verb:set package 'arduinobot_cpp_examples' build argument 'cmake_clean_first' from command line to 'False'
[0.116s] Level 5:colcon.colcon_core.verb:set package 'arduinobot_cpp_examples' build argument 'cmake_force_configure' from command line to 'False'
[0.116s] Level 5:colcon.colcon_core.verb:set package 'arduinobot_cpp_examples' build argument 'ament_cmake_args' from command line to 'None'
[0.116s] Level 5:colcon.colcon_core.verb:set package 'arduinobot_cpp_examples' build argument 'catkin_cmake_args' from command line to 'None'
[0.116s] Level 5:colcon.colcon_core.verb:set package 'arduinobot_cpp_examples' build argument 'catkin_skip_building_tests' from command line to 'False'
[0.116s] DEBUG:colcon.colcon_core.verb:Building package 'arduinobot_cpp_examples' with the following arguments: {'ament_cmake_args': None, 'build_base': '/home/joshuaneely/arduinobot_ws/build/arduinobot_cpp_examples', 'catkin_cmake_args': None, 'catkin_skip_building_tests': False, 'cmake_args': None, 'cmake_clean_cache': False, 'cmake_clean_first': False, 'cmake_force_configure': False, 'cmake_target': None, 'cmake_target_skip_unavailable': False, 'install_base': '/home/joshuaneely/arduinobot_ws/install/arduinobot_cpp_examples', 'merge_install': False, 'path': '/home/joshuaneely/arduinobot_ws/src/arduinobot_cpp_examples', 'symlink_install': False, 'test_result_base': None}
[0.116s] Level 5:colcon.colcon_core.verb:set package 'arduinobot_py_examples' build argument 'cmake_args' from command line to 'None'
[0.116s] Level 5:colcon.colcon_core.verb:set package 'arduinobot_py_examples' build argument 'cmake_target' from command line to 'None'
[0.116s] Level 5:colcon.colcon_core.verb:set package 'arduinobot_py_examples' build argument 'cmake_target_skip_unavailable' from command line to 'False'
[0.116s] Level 5:colcon.colcon_core.verb:set package 'arduinobot_py_examples' build argument 'cmake_clean_cache' from command line to 'False'
[0.116s] Level 5:colcon.colcon_core.verb:set package 'arduinobot_py_examples' build argument 'cmake_clean_first' from command line to 'False'
[0.116s] Level 5:colcon.colcon_core.verb:set package 'arduinobot_py_examples' build argument 'cmake_force_configure' from command line to 'False'
[0.116s] Level 5:colcon.colcon_core.verb:set package 'arduinobot_py_examples' build argument 'ament_cmake_args' from command line to 'None'
[0.116s] Level 5:colcon.colcon_core.verb:set package 'arduinobot_py_examples' build argument 'catkin_cmake_args' from command line to 'None'
[0.116s] Level 5:colcon.colcon_core.verb:set package 'arduinobot_py_examples' build argument 'catkin_skip_building_tests' from command line to 'False'
[0.116s] DEBUG:colcon.colcon_core.verb:Building package 'arduinobot_py_examples' with the following arguments: {'ament_cmake_args': None, 'build_base': '/home/joshuaneely/arduinobot_ws/build/arduinobot_py_examples', 'catkin_cmake_args': None, 'catkin_skip_building_tests': False, 'cmake_args': None, 'cmake_clean_cache': False, 'cmake_clean_first': False, 'cmake_force_configure': False, 'cmake_target': None, 'cmake_target_skip_unavailable': False, 'install_base': '/home/joshuaneely/arduinobot_ws/install/arduinobot_py_examples', 'merge_install': False, 'path': '/home/joshuaneely/arduinobot_ws/src/arduinobot_py_examples', 'symlink_install': False, 'test_result_base': None}
[0.117s] INFO:colcon.colcon_core.executor:Executing jobs using 'parallel' executor
[0.117s] DEBUG:colcon.colcon_parallel_executor.executor.parallel:run_until_complete
[0.117s] INFO:colcon.colcon_ros.task.ament_cmake.build:Building ROS package in '/home/joshuaneely/arduinobot_ws/src/arduinobot_cpp_examples' with build type 'ament_cmake'
[0.117s] INFO:colcon.colcon_cmake.task.cmake.build:Building CMake package in '/home/joshuaneely/arduinobot_ws/src/arduinobot_cpp_examples'
[0.118s] INFO:colcon.colcon_core.plugin_system:Skipping extension 'colcon_core.shell.bat': Not used on non-Windows systems
[0.118s] INFO:colcon.colcon_core.shell:Skip shell extension 'powershell' for command environment: Not usable outside of PowerShell
[0.118s] DEBUG:colcon.colcon_core.shell:Skip shell extension 'dsv' for command environment
[0.120s] INFO:colcon.colcon_ros.task.ament_python.build:Building ROS package in '/home/joshuaneely/arduinobot_ws/src/arduinobot_py_examples' with build type 'ament_python'
[0.121s] Level 1:colcon.colcon_core.shell:create_environment_hook('arduinobot_py_examples', 'ament_prefix_path')
[0.121s] INFO:colcon.colcon_core.shell:Creating environment hook '/home/joshuaneely/arduinobot_ws/install/arduinobot_py_examples/share/arduinobot_py_examples/hook/ament_prefix_path.ps1'
[0.121s] INFO:colcon.colcon_core.shell:Creating environment descriptor '/home/joshuaneely/arduinobot_ws/install/arduinobot_py_examples/share/arduinobot_py_examples/hook/ament_prefix_path.dsv'
[0.121s] INFO:colcon.colcon_core.shell:Creating environment hook '/home/joshuaneely/arduinobot_ws/install/arduinobot_py_examples/share/arduinobot_py_examples/hook/ament_prefix_path.sh'
[0.122s] INFO:colcon.colcon_core.shell:Skip shell extension 'powershell' for command environment: Not usable outside of PowerShell
[0.122s] DEBUG:colcon.colcon_core.shell:Skip shell extension 'dsv' for command environment
[0.129s] DEBUG:colcon.colcon_core.event_handler.log_command:Invoking command in '/home/joshuaneely/arduinobot_ws/build/arduinobot_cpp_examples': CMAKE_PREFIX_PATH=${CMAKE_PREFIX_PATH}:/opt/ros/jazzy DEBUGINFOD_URLS=https://debuginfod.ubuntu.com /usr/bin/cmake --build /home/joshuaneely/arduinobot_ws/build/arduinobot_cpp_examples -- -j8 -l8
[0.239s] INFO:colcon.colcon_core.task.python.build:Building Python package in '/home/joshuaneely/arduinobot_ws/src/arduinobot_py_examples'
[0.240s] INFO:colcon.colcon_core.shell:Skip shell extension 'powershell' for command environment: Not usable outside of PowerShell
[0.240s] DEBUG:colcon.colcon_core.shell:Skip shell extension 'dsv' for command environment
[0.243s] DEBUG:colcon.colcon_core.event_handler.log_command:Invoked command in '/home/joshuaneely/arduinobot_ws/build/arduinobot_cpp_examples' returned '0': CMAKE_PREFIX_PATH=${CMAKE_PREFIX_PATH}:/opt/ros/jazzy DEBUGINFOD_URLS=https://debuginfod.ubuntu.com /usr/bin/cmake --build /home/joshuaneely/arduinobot_ws/build/arduinobot_cpp_examples -- -j8 -l8
[0.249s] DEBUG:colcon.colcon_core.event_handler.log_command:Invoking command in '/home/joshuaneely/arduinobot_ws/build/arduinobot_cpp_examples': CMAKE_PREFIX_PATH=${CMAKE_PREFIX_PATH}:/opt/ros/jazzy DEBUGINFOD_URLS=https://debuginfod.ubuntu.com /usr/bin/cmake --install /home/joshuaneely/arduinobot_ws/build/arduinobot_cpp_examples
[0.255s] Level 1:colcon.colcon_core.environment:create_environment_scripts_only(arduinobot_cpp_examples)
[0.255s] DEBUG:colcon.colcon_core.event_handler.log_command:Invoked command in '/home/joshuaneely/arduinobot_ws/build/arduinobot_cpp_examples' returned '0': CMAKE_PREFIX_PATH=${CMAKE_PREFIX_PATH}:/opt/ros/jazzy DEBUGINFOD_URLS=https://debuginfod.ubuntu.com /usr/bin/cmake --install /home/joshuaneely/arduinobot_ws/build/arduinobot_cpp_examples
[0.259s] Level 1:colcon.colcon_core.environment:checking '/home/joshuaneely/arduinobot_ws/install/arduinobot_cpp_examples' for CMake module files
[0.259s] Level 1:colcon.colcon_core.environment:checking '/home/joshuaneely/arduinobot_ws/install/arduinobot_cpp_examples' for CMake config files
[0.259s] Level 1:colcon.colcon_core.shell:create_environment_hook('arduinobot_cpp_examples', 'cmake_prefix_path')
[0.259s] INFO:colcon.colcon_core.shell:Creating environment hook '/home/joshuaneely/arduinobot_ws/install/arduinobot_cpp_examples/share/arduinobot_cpp_examples/hook/cmake_prefix_path.ps1'
[0.259s] INFO:colcon.colcon_core.shell:Creating environment descriptor '/home/joshuaneely/arduinobot_ws/install/arduinobot_cpp_examples/share/arduinobot_cpp_examples/hook/cmake_prefix_path.dsv'
[0.260s] INFO:colcon.colcon_core.shell:Creating environment hook '/home/joshuaneely/arduinobot_ws/install/arduinobot_cpp_examples/share/arduinobot_cpp_examples/hook/cmake_prefix_path.sh'
[0.261s] Level 1:colcon.colcon_core.environment:checking '/home/joshuaneely/arduinobot_ws/install/arduinobot_cpp_examples/bin'
[0.261s] Level 1:colcon.colcon_core.environment:checking '/home/joshuaneely/arduinobot_ws/install/arduinobot_cpp_examples/lib/pkgconfig/arduinobot_cpp_examples.pc'
[0.261s] Level 1:colcon.colcon_core.environment:checking '/home/joshuaneely/arduinobot_ws/install/arduinobot_cpp_examples/lib/python3.12/site-packages'
[0.261s] Level 1:colcon.colcon_core.environment:checking '/home/joshuaneely/arduinobot_ws/install/arduinobot_cpp_examples/bin'
[0.261s] INFO:colcon.colcon_core.shell:Creating package script '/home/joshuaneely/arduinobot_ws/install/arduinobot_cpp_examples/share/arduinobot_cpp_examples/package.ps1'
[0.261s] INFO:colcon.colcon_core.shell:Creating package descriptor '/home/joshuaneely/arduinobot_ws/install/arduinobot_cpp_examples/share/arduinobot_cpp_examples/package.dsv'
[0.261s] INFO:colcon.colcon_core.shell:Creating package script '/home/joshuaneely/arduinobot_ws/install/arduinobot_cpp_examples/share/arduinobot_cpp_examples/package.sh'
[0.262s] INFO:colcon.colcon_core.shell:Creating package script '/home/joshuaneely/arduinobot_ws/install/arduinobot_cpp_examples/share/arduinobot_cpp_examples/package.bash'
[0.262s] INFO:colcon.colcon_core.shell:Creating package script '/home/joshuaneely/arduinobot_ws/install/arduinobot_cpp_examples/share/arduinobot_cpp_examples/package.zsh'
[0.263s] Level 1:colcon.colcon_core.environment:create_file_with_runtime_dependencies(/home/joshuaneely/arduinobot_ws/install/arduinobot_cpp_examples/share/colcon-core/packages/arduinobot_cpp_examples)
[0.263s] Level 1:colcon.colcon_core.environment:create_environment_scripts_only(arduinobot_cpp_examples)
[0.263s] Level 1:colcon.colcon_core.environment:checking '/home/joshuaneely/arduinobot_ws/install/arduinobot_cpp_examples' for CMake module files
[0.263s] Level 1:colcon.colcon_core.environment:checking '/home/joshuaneely/arduinobot_ws/install/arduinobot_cpp_examples' for CMake config files
[0.263s] Level 1:colcon.colcon_core.shell:create_environment_hook('arduinobot_cpp_examples', 'cmake_prefix_path')
[0.263s] INFO:colcon.colcon_core.shell:Creating environment hook '/home/joshuaneely/arduinobot_ws/install/arduinobot_cpp_examples/share/arduinobot_cpp_examples/hook/cmake_prefix_path.ps1'
[0.264s] INFO:colcon.colcon_core.shell:Creating environment descriptor '/home/joshuaneely/arduinobot_ws/install/arduinobot_cpp_examples/share/arduinobot_cpp_examples/hook/cmake_prefix_path.dsv'
[0.264s] INFO:colcon.colcon_core.shell:Creating environment hook '/home/joshuaneely/arduinobot_ws/install/arduinobot_cpp_examples/share/arduinobot_cpp_examples/hook/cmake_prefix_path.sh'
[0.264s] Level 1:colcon.colcon_core.environment:checking '/home/joshuaneely/arduinobot_ws/install/arduinobot_cpp_examples/bin'
[0.264s] Level 1:colcon.colcon_core.environment:checking '/home/joshuaneely/arduinobot_ws/install/arduinobot_cpp_examples/lib/pkgconfig/arduinobot_cpp_examples.pc'
[0.264s] Level 1:colcon.colcon_core.environment:checking '/home/joshuaneely/arduinobot_ws/install/arduinobot_cpp_examples/lib/python3.12/site-packages'
[0.265s] Level 1:colcon.colcon_core.environment:checking '/home/joshuaneely/arduinobot_ws/install/arduinobot_cpp_examples/bin'
[0.265s] INFO:colcon.colcon_core.shell:Creating package script '/home/joshuaneely/arduinobot_ws/install/arduinobot_cpp_examples/share/arduinobot_cpp_examples/package.ps1'
[0.265s] INFO:colcon.colcon_core.shell:Creating package descriptor '/home/joshuaneely/arduinobot_ws/install/arduinobot_cpp_examples/share/arduinobot_cpp_examples/package.dsv'
[0.265s] INFO:colcon.colcon_core.shell:Creating package script '/home/joshuaneely/arduinobot_ws/install/arduinobot_cpp_examples/share/arduinobot_cpp_examples/package.sh'
[0.265s] INFO:colcon.colcon_core.shell:Creating package script '/home/joshuaneely/arduinobot_ws/install/arduinobot_cpp_examples/share/arduinobot_cpp_examples/package.bash'
[0.266s] INFO:colcon.colcon_core.shell:Creating package script '/home/joshuaneely/arduinobot_ws/install/arduinobot_cpp_examples/share/arduinobot_cpp_examples/package.zsh'
[0.266s] Level 1:colcon.colcon_core.environment:create_file_with_runtime_dependencies(/home/joshuaneely/arduinobot_ws/install/arduinobot_cpp_examples/share/colcon-core/packages/arduinobot_cpp_examples)
[0.526s] DEBUG:colcon.colcon_core.event_handler.log_command:Invoking command in '/home/joshuaneely/arduinobot_ws/src/arduinobot_py_examples': DEBUGINFOD_URLS=https://debuginfod.ubuntu.com PYTHONPATH=/home/joshuaneely/arduinobot_ws/build/arduinobot_py_examples/prefix_override:/usr/lib/python3/dist-packages/colcon_core/task/python/colcon_distutils_commands:/home/joshuaneely/arduinobot_ws/install/arduinobot_py_examples/lib/python3.12/site-packages:${PYTHONPATH} /usr/bin/python3 -W ignore:setup.py install is deprecated -W ignore:easy_install command is deprecated setup.py egg_info --egg-base ../../build/arduinobot_py_examples build --build-base /home/joshuaneely/arduinobot_ws/build/arduinobot_py_examples/build install --record /home/joshuaneely/arduinobot_ws/build/arduinobot_py_examples/install.log --single-version-externally-managed install_data
[0.774s] Level 1:colcon.colcon_core.environment:checking '/home/joshuaneely/arduinobot_ws/install/arduinobot_py_examples' for CMake module files
[0.774s] DEBUG:colcon.colcon_core.event_handler.log_command:Invoked command in '/home/joshuaneely/arduinobot_ws/src/arduinobot_py_examples' returned '0': DEBUGINFOD_URLS=https://debuginfod.ubuntu.com PYTHONPATH=/home/joshuaneely/arduinobot_ws/build/arduinobot_py_examples/prefix_override:/usr/lib/python3/dist-packages/colcon_core/task/python/colcon_distutils_commands:/home/joshuaneely/arduinobot_ws/install/arduinobot_py_examples/lib/python3.12/site-packages:${PYTHONPATH} /usr/bin/python3 -W ignore:setup.py install is deprecated -W ignore:easy_install command is deprecated setup.py egg_info --egg-base ../../build/arduinobot_py_examples build --build-base /home/joshuaneely/arduinobot_ws/build/arduinobot_py_examples/build install --record /home/joshuaneely/arduinobot_ws/build/arduinobot_py_examples/install.log --single-version-externally-managed install_data
[0.774s] Level 1:colcon.colcon_core.environment:checking '/home/joshuaneely/arduinobot_ws/install/arduinobot_py_examples' for CMake config files
[0.774s] Level 1:colcon.colcon_core.environment:checking '/home/joshuaneely/arduinobot_ws/install/arduinobot_py_examples/lib'
[0.775s] Level 1:colcon.colcon_core.environment:checking '/home/joshuaneely/arduinobot_ws/install/arduinobot_py_examples/bin'
[0.775s] Level 1:colcon.colcon_core.environment:checking '/home/joshuaneely/arduinobot_ws/install/arduinobot_py_examples/lib/pkgconfig/arduinobot_py_examples.pc'
[0.775s] Level 1:colcon.colcon_core.environment:checking '/home/joshuaneely/arduinobot_ws/install/arduinobot_py_examples/lib/python3.12/site-packages'
[0.775s] Level 1:colcon.colcon_core.shell:create_environment_hook('arduinobot_py_examples', 'pythonpath')
[0.775s] INFO:colcon.colcon_core.shell:Creating environment hook '/home/joshuaneely/arduinobot_ws/install/arduinobot_py_examples/share/arduinobot_py_examples/hook/pythonpath.ps1'
[0.775s] INFO:colcon.colcon_core.shell:Creating environment descriptor '/home/joshuaneely/arduinobot_ws/install/arduinobot_py_examples/share/arduinobot_py_examples/hook/pythonpath.dsv'
[0.776s] INFO:colcon.colcon_core.shell:Creating environment hook '/home/joshuaneely/arduinobot_ws/install/arduinobot_py_examples/share/arduinobot_py_examples/hook/pythonpath.sh'
[0.776s] Level 1:colcon.colcon_core.environment:checking '/home/joshuaneely/arduinobot_ws/install/arduinobot_py_examples/bin'
[0.776s] Level 1:colcon.colcon_core.environment:create_environment_scripts_only(arduinobot_py_examples)
[0.776s] INFO:colcon.colcon_core.shell:Creating package script '/home/joshuaneely/arduinobot_ws/install/arduinobot_py_examples/share/arduinobot_py_examples/package.ps1'
[0.776s] INFO:colcon.colcon_core.shell:Creating package descriptor '/home/joshuaneely/arduinobot_ws/install/arduinobot_py_examples/share/arduinobot_py_examples/package.dsv'
[0.777s] INFO:colcon.colcon_core.shell:Creating package script '/home/joshuaneely/arduinobot_ws/install/arduinobot_py_examples/share/arduinobot_py_examples/package.sh'
[0.777s] INFO:colcon.colcon_core.shell:Creating package script '/home/joshuaneely/arduinobot_ws/install/arduinobot_py_examples/share/arduinobot_py_examples/package.bash'
[0.778s] INFO:colcon.colcon_core.shell:Creating package script '/home/joshuaneely/arduinobot_ws/install/arduinobot_py_examples/share/arduinobot_py_examples/package.zsh'
[0.778s] Level 1:colcon.colcon_core.environment:create_file_with_runtime_dependencies(/home/joshuaneely/arduinobot_ws/install/arduinobot_py_examples/share/colcon-core/packages/arduinobot_py_examples)
[0.778s] DEBUG:colcon.colcon_parallel_executor.executor.parallel:closing loop
[0.779s] DEBUG:colcon.colcon_parallel_executor.executor.parallel:loop closed
[0.779s] DEBUG:colcon.colcon_parallel_executor.executor.parallel:run_until_complete finished with '0'
[0.779s] DEBUG:colcon.colcon_core.event_reactor:joining thread
[0.782s] INFO:colcon.colcon_core.plugin_system:Skipping extension 'colcon_notification.desktop_notification.terminal_notifier': Not used on non-Darwin systems
[0.782s] INFO:colcon.colcon_core.plugin_system:Skipping extension 'colcon_notification.desktop_notification.win32': Not used on non-Windows systems
[0.782s] INFO:colcon.colcon_notification.desktop_notification:Sending desktop notification using 'notify2'
[0.790s] DEBUG:colcon.colcon_core.event_reactor:joined thread
[0.790s] INFO:colcon.colcon_core.shell:Creating prefix script '/home/joshuaneely/arduinobot_ws/install/local_setup.ps1'
[0.791s] INFO:colcon.colcon_core.shell:Creating prefix util module '/home/joshuaneely/arduinobot_ws/install/_local_setup_util_ps1.py'
[0.791s] INFO:colcon.colcon_core.shell:Creating prefix chain script '/home/joshuaneely/arduinobot_ws/install/setup.ps1'
[0.792s] INFO:colcon.colcon_core.shell:Creating prefix script '/home/joshuaneely/arduinobot_ws/install/local_setup.sh'
[0.793s] INFO:colcon.colcon_core.shell:Creating prefix util module '/home/joshuaneely/arduinobot_ws/install/_local_setup_util_sh.py'
[0.793s] INFO:colcon.colcon_core.shell:Creating prefix chain script '/home/joshuaneely/arduinobot_ws/install/setup.sh'
[0.794s] INFO:colcon.colcon_core.shell:Creating prefix script '/home/joshuaneely/arduinobot_ws/install/local_setup.bash'
[0.794s] INFO:colcon.colcon_core.shell:Creating prefix chain script '/home/joshuaneely/arduinobot_ws/install/setup.bash'
[0.795s] INFO:colcon.colcon_core.shell:Creating prefix script '/home/joshuaneely/arduinobot_ws/install/local_setup.zsh'
[0.795s] INFO:colcon.colcon_core.shell:Creating prefix chain script '/home/joshuaneely/arduinobot_ws/install/setup.zsh'
