[0.114s] Invoking command in '/home/joshuaneely/arduinobot_ws/build/arduinobot_remote': AMENT_PREFIX_PATH=/home/joshuaneely/arduinobot_ws/install/arduinobot_msgs:/home/joshuaneely/arduinobot_ws/install/arduinobot_moveit:${AMENT_PREFIX_PATH} CMAKE_PREFIX_PATH=/home/joshuaneely/arduinobot_ws/install/arduinobot_msgs:/home/joshuaneely/arduinobot_ws/install/arduinobot_moveit:/opt/ros/jazzy/opt/gz_sim_vendor:/opt/ros/jazzy/opt/gz_sensors_vendor:/opt/ros/jazzy/opt/gz_physics_vendor:/opt/ros/jazzy/opt/sdformat_vendor:/opt/ros/jazzy/opt/gz_gui_vendor:/opt/ros/jazzy/opt/gz_transport_vendor:/opt/ros/jazzy/opt/gz_rendering_vendor:/opt/ros/jazzy/opt/gz_plugin_vendor:/opt/ros/jazzy/opt/gz_fuel_tools_vendor:/opt/ros/jazzy/opt/gz_msgs_vendor:/opt/ros/jazzy/opt/gz_common_vendor:/opt/ros/jazzy/opt/gz_math_vendor:/opt/ros/jazzy/opt/gz_utils_vendor:/opt/ros/jazzy/opt/gz_tools_vendor:/opt/ros/jazzy/opt/gz_ogre_next_vendor:/opt/ros/jazzy/opt/gz_dartsim_vendor:/opt/ros/jazzy/opt/gz_cmake_vendor:/opt/ros/jazzy DEBUGINFOD_URLS=https://debuginfod.ubuntu.com LD_LIBRARY_PATH=/home/joshuaneely/arduinobot_ws/install/arduinobot_msgs/lib:${LD_LIBRARY_PATH} PYTHONPATH=/home/joshuaneely/arduinobot_ws/install/arduinobot_msgs/lib/python3.12/site-packages:${PYTHONPATH} /usr/bin/cmake --build /home/joshuaneely/arduinobot_ws/build/arduinobot_remote -- -j8 -l8
[0.125s] -- Found ament_cmake: 2.5.4 (/opt/ros/jazzy/share/ament_cmake/cmake)
[0.244s] -- Found rclpy: 7.1.4 (/opt/ros/jazzy/share/rclpy/cmake)
[0.244s] -- Found arduinobot_msgs: 0.0.0 (/home/joshuaneely/arduinobot_ws/install/arduinobot_msgs/share/arduinobot_msgs/cmake)
[0.259s] -- Found rosidl_generator_c: 4.6.5 (/opt/ros/jazzy/share/rosidl_generator_c/cmake)
[0.263s] -- Found rosidl_generator_cpp: 4.6.5 (/opt/ros/jazzy/share/rosidl_generator_cpp/cmake)
[0.269s] -- Using all available rosidl_typesupport_c: rosidl_typesupport_fastrtps_c;rosidl_typesupport_introspection_c
[0.276s] -- Using all available rosidl_typesupport_cpp: rosidl_typesupport_fastrtps_cpp;rosidl_typesupport_introspection_cpp
[0.359s] -- Found ament_lint_auto: 0.17.2 (/opt/ros/jazzy/share/ament_lint_auto/cmake)
[0.410s] -- Added test 'flake8' to check Python code syntax and style conventions
[0.410s] -- Configured 'flake8' exclude dirs and/or files: 
[0.410s] -- Added test 'lint_cmake' to check CMake code style
[0.410s] -- Added test 'pep257' to check Python code against some of the docstring style conventions in PEP 257
[0.410s] -- Added test 'xmllint' to check XML markup files
[0.411s] -- Configuring done (0.3s)
[0.414s] -- Generating done (0.0s)
[0.416s] -- Build files have been written to: /home/joshuaneely/arduinobot_ws/build/arduinobot_remote
[0.439s] Built target ament_cmake_python_copy_arduinobot_remote
[0.539s] running egg_info
[0.539s] creating arduinobot_remote.egg-info
[0.548s] writing arduinobot_remote.egg-info/PKG-INFO
[0.548s] writing dependency_links to arduinobot_remote.egg-info/dependency_links.txt
[0.549s] writing top-level names to arduinobot_remote.egg-info/top_level.txt
[0.549s] writing manifest file 'arduinobot_remote.egg-info/SOURCES.txt'
[0.577s] reading manifest file 'arduinobot_remote.egg-info/SOURCES.txt'
[0.578s] writing manifest file 'arduinobot_remote.egg-info/SOURCES.txt'
[0.595s] Built target ament_cmake_python_build_arduinobot_remote_egg
[0.602s] Invoked command in '/home/joshuaneely/arduinobot_ws/build/arduinobot_remote' returned '0': AMENT_PREFIX_PATH=/home/joshuaneely/arduinobot_ws/install/arduinobot_msgs:/home/joshuaneely/arduinobot_ws/install/arduinobot_moveit:${AMENT_PREFIX_PATH} CMAKE_PREFIX_PATH=/home/joshuaneely/arduinobot_ws/install/arduinobot_msgs:/home/joshuaneely/arduinobot_ws/install/arduinobot_moveit:/opt/ros/jazzy/opt/gz_sim_vendor:/opt/ros/jazzy/opt/gz_sensors_vendor:/opt/ros/jazzy/opt/gz_physics_vendor:/opt/ros/jazzy/opt/sdformat_vendor:/opt/ros/jazzy/opt/gz_gui_vendor:/opt/ros/jazzy/opt/gz_transport_vendor:/opt/ros/jazzy/opt/gz_rendering_vendor:/opt/ros/jazzy/opt/gz_plugin_vendor:/opt/ros/jazzy/opt/gz_fuel_tools_vendor:/opt/ros/jazzy/opt/gz_msgs_vendor:/opt/ros/jazzy/opt/gz_common_vendor:/opt/ros/jazzy/opt/gz_math_vendor:/opt/ros/jazzy/opt/gz_utils_vendor:/opt/ros/jazzy/opt/gz_tools_vendor:/opt/ros/jazzy/opt/gz_ogre_next_vendor:/opt/ros/jazzy/opt/gz_dartsim_vendor:/opt/ros/jazzy/opt/gz_cmake_vendor:/opt/ros/jazzy DEBUGINFOD_URLS=https://debuginfod.ubuntu.com LD_LIBRARY_PATH=/home/joshuaneely/arduinobot_ws/install/arduinobot_msgs/lib:${LD_LIBRARY_PATH} PYTHONPATH=/home/joshuaneely/arduinobot_ws/install/arduinobot_msgs/lib/python3.12/site-packages:${PYTHONPATH} /usr/bin/cmake --build /home/joshuaneely/arduinobot_ws/build/arduinobot_remote -- -j8 -l8
[0.602s] Invoking command in '/home/joshuaneely/arduinobot_ws/build/arduinobot_remote': AMENT_PREFIX_PATH=/home/joshuaneely/arduinobot_ws/install/arduinobot_msgs:/home/joshuaneely/arduinobot_ws/install/arduinobot_moveit:${AMENT_PREFIX_PATH} CMAKE_PREFIX_PATH=/home/joshuaneely/arduinobot_ws/install/arduinobot_msgs:/home/joshuaneely/arduinobot_ws/install/arduinobot_moveit:/opt/ros/jazzy/opt/gz_sim_vendor:/opt/ros/jazzy/opt/gz_sensors_vendor:/opt/ros/jazzy/opt/gz_physics_vendor:/opt/ros/jazzy/opt/sdformat_vendor:/opt/ros/jazzy/opt/gz_gui_vendor:/opt/ros/jazzy/opt/gz_transport_vendor:/opt/ros/jazzy/opt/gz_rendering_vendor:/opt/ros/jazzy/opt/gz_plugin_vendor:/opt/ros/jazzy/opt/gz_fuel_tools_vendor:/opt/ros/jazzy/opt/gz_msgs_vendor:/opt/ros/jazzy/opt/gz_common_vendor:/opt/ros/jazzy/opt/gz_math_vendor:/opt/ros/jazzy/opt/gz_utils_vendor:/opt/ros/jazzy/opt/gz_tools_vendor:/opt/ros/jazzy/opt/gz_ogre_next_vendor:/opt/ros/jazzy/opt/gz_dartsim_vendor:/opt/ros/jazzy/opt/gz_cmake_vendor:/opt/ros/jazzy DEBUGINFOD_URLS=https://debuginfod.ubuntu.com LD_LIBRARY_PATH=/home/joshuaneely/arduinobot_ws/install/arduinobot_msgs/lib:${LD_LIBRARY_PATH} PYTHONPATH=/home/joshuaneely/arduinobot_ws/install/arduinobot_msgs/lib/python3.12/site-packages:${PYTHONPATH} /usr/bin/cmake --install /home/joshuaneely/arduinobot_ws/build/arduinobot_remote
[0.606s] -- Install configuration: ""
[0.606s] -- Installing: /home/joshuaneely/arduinobot_ws/install/arduinobot_remote/share/arduinobot_remote/environment/pythonpath.sh
[0.606s] -- Installing: /home/joshuaneely/arduinobot_ws/install/arduinobot_remote/share/arduinobot_remote/environment/pythonpath.dsv
[0.607s] -- Installing: /home/joshuaneely/arduinobot_ws/install/arduinobot_remote/lib/python3.12/site-packages/arduinobot_remote-0.0.0-py3.12.egg-info
[0.607s] -- Installing: /home/joshuaneely/arduinobot_ws/install/arduinobot_remote/lib/python3.12/site-packages/arduinobot_remote-0.0.0-py3.12.egg-info/top_level.txt
[0.607s] -- Installing: /home/joshuaneely/arduinobot_ws/install/arduinobot_remote/lib/python3.12/site-packages/arduinobot_remote-0.0.0-py3.12.egg-info/dependency_links.txt
[0.607s] -- Installing: /home/joshuaneely/arduinobot_ws/install/arduinobot_remote/lib/python3.12/site-packages/arduinobot_remote-0.0.0-py3.12.egg-info/PKG-INFO
[0.607s] -- Installing: /home/joshuaneely/arduinobot_ws/install/arduinobot_remote/lib/python3.12/site-packages/arduinobot_remote-0.0.0-py3.12.egg-info/SOURCES.txt
[0.607s] -- Installing: /home/joshuaneely/arduinobot_ws/install/arduinobot_remote/lib/python3.12/site-packages/arduinobot_remote
[0.608s] -- Installing: /home/joshuaneely/arduinobot_ws/install/arduinobot_remote/lib/python3.12/site-packages/arduinobot_remote/__init__.py
[0.608s] -- Installing: /home/joshuaneely/arduinobot_ws/install/arduinobot_remote/lib/python3.12/site-packages/arduinobot_remote/task_server.py
[0.628s] Listing '/home/joshuaneely/arduinobot_ws/install/arduinobot_remote/lib/python3.12/site-packages/arduinobot_remote'...
[0.628s] Compiling '/home/joshuaneely/arduinobot_ws/install/arduinobot_remote/lib/python3.12/site-packages/arduinobot_remote/__init__.py'...
[0.628s] Compiling '/home/joshuaneely/arduinobot_ws/install/arduinobot_remote/lib/python3.12/site-packages/arduinobot_remote/task_server.py'...
[0.632s] -- Installing: /home/joshuaneely/arduinobot_ws/install/arduinobot_remote/lib/arduinobot_remote/task_server.py
[0.632s] -- Installing: /home/joshuaneely/arduinobot_ws/install/arduinobot_remote/share/arduinobot_remote/launch
[0.632s] -- Installing: /home/joshuaneely/arduinobot_ws/install/arduinobot_remote/share/arduinobot_remote/launch/remote_interface.launch.py
[0.632s] -- Installing: /home/joshuaneely/arduinobot_ws/install/arduinobot_remote/share/ament_index/resource_index/package_run_dependencies/arduinobot_remote
[0.632s] -- Installing: /home/joshuaneely/arduinobot_ws/install/arduinobot_remote/share/ament_index/resource_index/parent_prefix_path/arduinobot_remote
[0.632s] -- Up-to-date: /home/joshuaneely/arduinobot_ws/install/arduinobot_remote/share/arduinobot_remote/environment/ament_prefix_path.sh
[0.632s] -- Up-to-date: /home/joshuaneely/arduinobot_ws/install/arduinobot_remote/share/arduinobot_remote/environment/ament_prefix_path.dsv
[0.632s] -- Up-to-date: /home/joshuaneely/arduinobot_ws/install/arduinobot_remote/share/arduinobot_remote/environment/path.sh
[0.632s] -- Up-to-date: /home/joshuaneely/arduinobot_ws/install/arduinobot_remote/share/arduinobot_remote/environment/path.dsv
[0.632s] -- Up-to-date: /home/joshuaneely/arduinobot_ws/install/arduinobot_remote/share/arduinobot_remote/local_setup.bash
[0.632s] -- Installing: /home/joshuaneely/arduinobot_ws/install/arduinobot_remote/share/arduinobot_remote/local_setup.sh
[0.632s] -- Up-to-date: /home/joshuaneely/arduinobot_ws/install/arduinobot_remote/share/arduinobot_remote/local_setup.zsh
[0.632s] -- Installing: /home/joshuaneely/arduinobot_ws/install/arduinobot_remote/share/arduinobot_remote/local_setup.dsv
[0.636s] -- Installing: /home/joshuaneely/arduinobot_ws/install/arduinobot_remote/share/arduinobot_remote/package.dsv
[0.636s] -- Up-to-date: /home/joshuaneely/arduinobot_ws/install/arduinobot_remote/share/ament_index/resource_index/packages/arduinobot_remote
[0.636s] -- Up-to-date: /home/joshuaneely/arduinobot_ws/install/arduinobot_remote/share/arduinobot_remote/cmake/arduinobot_remoteConfig.cmake
[0.636s] -- Up-to-date: /home/joshuaneely/arduinobot_ws/install/arduinobot_remote/share/arduinobot_remote/cmake/arduinobot_remoteConfig-version.cmake
[0.636s] -- Installing: /home/joshuaneely/arduinobot_ws/install/arduinobot_remote/share/arduinobot_remote/package.xml
[0.637s] Invoked command in '/home/joshuaneely/arduinobot_ws/build/arduinobot_remote' returned '0': AMENT_PREFIX_PATH=/home/joshuaneely/arduinobot_ws/install/arduinobot_msgs:/home/joshuaneely/arduinobot_ws/install/arduinobot_moveit:${AMENT_PREFIX_PATH} CMAKE_PREFIX_PATH=/home/joshuaneely/arduinobot_ws/install/arduinobot_msgs:/home/joshuaneely/arduinobot_ws/install/arduinobot_moveit:/opt/ros/jazzy/opt/gz_sim_vendor:/opt/ros/jazzy/opt/gz_sensors_vendor:/opt/ros/jazzy/opt/gz_physics_vendor:/opt/ros/jazzy/opt/sdformat_vendor:/opt/ros/jazzy/opt/gz_gui_vendor:/opt/ros/jazzy/opt/gz_transport_vendor:/opt/ros/jazzy/opt/gz_rendering_vendor:/opt/ros/jazzy/opt/gz_plugin_vendor:/opt/ros/jazzy/opt/gz_fuel_tools_vendor:/opt/ros/jazzy/opt/gz_msgs_vendor:/opt/ros/jazzy/opt/gz_common_vendor:/opt/ros/jazzy/opt/gz_math_vendor:/opt/ros/jazzy/opt/gz_utils_vendor:/opt/ros/jazzy/opt/gz_tools_vendor:/opt/ros/jazzy/opt/gz_ogre_next_vendor:/opt/ros/jazzy/opt/gz_dartsim_vendor:/opt/ros/jazzy/opt/gz_cmake_vendor:/opt/ros/jazzy DEBUGINFOD_URLS=https://debuginfod.ubuntu.com LD_LIBRARY_PATH=/home/joshuaneely/arduinobot_ws/install/arduinobot_msgs/lib:${LD_LIBRARY_PATH} PYTHONPATH=/home/joshuaneely/arduinobot_ws/install/arduinobot_msgs/lib/python3.12/site-packages:${PYTHONPATH} /usr/bin/cmake --install /home/joshuaneely/arduinobot_ws/build/arduinobot_remote
