[0.624s] Invoking command in '/home/joshuaneely/arduinobot_ws/src/arduinobot_py_examples': CMAKE_PREFIX_PATH=/home/joshuaneely/arduinobot_ws/install/arduinobot_msgs:/home/joshuaneely/arduinobot_ws/install/arduinobot_utils:/home/joshuaneely/arduinobot_ws/install/arduinobot_remote:/home/joshuaneely/arduinobot_ws/install/arduinobot_cpp_examples:/home/joshuaneely/arduinobot_ws/install/arduinobot_moveit:/home/joshuaneely/arduinobot_ws/install/arduinobot_firmware:/home/joshuaneely/arduinobot_ws/install/arduinobot_description:/home/joshuaneely/arduinobot_ws/install/arduinobot_controller:/home/joshuaneely/arduinobot_ws/install/arduinobot_bringup:/opt/ros/jazzy/opt/gz_sim_vendor:/opt/ros/jazzy/opt/gz_sensors_vendor:/opt/ros/jazzy/opt/gz_physics_vendor:/opt/ros/jazzy/opt/sdformat_vendor:/opt/ros/jazzy/opt/gz_gui_vendor:/opt/ros/jazzy/opt/gz_transport_vendor:/opt/ros/jazzy/opt/gz_rendering_vendor:/opt/ros/jazzy/opt/gz_plugin_vendor:/opt/ros/jazzy/opt/gz_fuel_tools_vendor:/opt/ros/jazzy/opt/gz_msgs_vendor:/opt/ros/jazzy/opt/gz_common_vendor:/opt/ros/jazzy/opt/gz_math_vendor:/opt/ros/jazzy/opt/gz_utils_vendor:/opt/ros/jazzy/opt/gz_tools_vendor:/opt/ros/jazzy/opt/gz_ogre_next_vendor:/opt/ros/jazzy/opt/gz_dartsim_vendor:/opt/ros/jazzy/opt/gz_cmake_vendor DEBUGINFOD_URLS=https://debuginfod.ubuntu.com PYTHONPATH=/home/joshuaneely/arduinobot_ws/build/arduinobot_py_examples/prefix_override:/usr/lib/python3/dist-packages/colcon_core/task/python/colcon_distutils_commands:/home/joshuaneely/arduinobot_ws/install/arduinobot_py_examples/lib/python3.12/site-packages:/home/joshuaneely/arduinobot_ws/install/arduinobot_msgs/lib/python3.12/site-packages:/home/joshuaneely/arduinobot_ws/install/arduinobot_utils/lib/python3.12/site-packages:/home/joshuaneely/arduinobot_ws/install/arduinobot_remote/lib/python3.12/site-packages:/home/joshuaneely/arduinobot_ws/install/arduinobot_py_examples/lib/python3.12/site-packages:/home/joshuaneely/arduinobot_ws/install/arduinobot_firmware/lib/python3.12/site-packages:/home/joshuaneely/arduinobot_ws/install/arduinobot_controller/lib/python3.12/site-packages:/opt/ros/jazzy/lib/python3.12/site-packages /usr/bin/python3 -W ignore:setup.py install is deprecated -W ignore:easy_install command is deprecated setup.py egg_info --egg-base ../../build/arduinobot_py_examples build --build-base /home/joshuaneely/arduinobot_ws/build/arduinobot_py_examples/build install --record /home/joshuaneely/arduinobot_ws/build/arduinobot_py_examples/install.log --single-version-externally-managed install_data
[0.756s] running egg_info
[0.764s] writing ../../build/arduinobot_py_examples/arduinobot_py_examples.egg-info/PKG-INFO
[0.768s] writing dependency_links to ../../build/arduinobot_py_examples/arduinobot_py_examples.egg-info/dependency_links.txt
[0.768s] writing entry points to ../../build/arduinobot_py_examples/arduinobot_py_examples.egg-info/entry_points.txt
[0.768s] writing requirements to ../../build/arduinobot_py_examples/arduinobot_py_examples.egg-info/requires.txt
[0.768s] writing top-level names to ../../build/arduinobot_py_examples/arduinobot_py_examples.egg-info/top_level.txt
[0.783s] reading manifest file '../../build/arduinobot_py_examples/arduinobot_py_examples.egg-info/SOURCES.txt'
[0.784s] writing manifest file '../../build/arduinobot_py_examples/arduinobot_py_examples.egg-info/SOURCES.txt'
[0.784s] running build
[0.784s] running build_py
[0.785s] copying arduinobot_py_examples/simple_lifecycle_node.py -> /home/joshuaneely/arduinobot_ws/build/arduinobot_py_examples/build/lib/arduinobot_py_examples
[0.785s] running install
[0.789s] running install_lib
[0.799s] copying /home/joshuaneely/arduinobot_ws/build/arduinobot_py_examples/build/lib/arduinobot_py_examples/simple_lifecycle_node.py -> /home/joshuaneely/arduinobot_ws/install/arduinobot_py_examples/lib/python3.12/site-packages/arduinobot_py_examples
[0.799s] byte-compiling /home/joshuaneely/arduinobot_ws/install/arduinobot_py_examples/lib/python3.12/site-packages/arduinobot_py_examples/simple_lifecycle_node.py to simple_lifecycle_node.cpython-312.pyc
[0.799s] running install_data
[0.799s] running install_egg_info
[0.809s] removing '/home/joshuaneely/arduinobot_ws/install/arduinobot_py_examples/lib/python3.12/site-packages/arduinobot_py_examples-0.0.0-py3.12.egg-info' (and everything under it)
[0.809s] Copying ../../build/arduinobot_py_examples/arduinobot_py_examples.egg-info to /home/joshuaneely/arduinobot_ws/install/arduinobot_py_examples/lib/python3.12/site-packages/arduinobot_py_examples-0.0.0-py3.12.egg-info
[0.810s] running install_scripts
[0.881s] Installing simple_action_client script to /home/joshuaneely/arduinobot_ws/install/arduinobot_py_examples/lib/arduinobot_py_examples
[0.881s] Installing simple_action_server script to /home/joshuaneely/arduinobot_ws/install/arduinobot_py_examples/lib/arduinobot_py_examples
[0.881s] Installing simple_moveit_interface script to /home/joshuaneely/arduinobot_ws/install/arduinobot_py_examples/lib/arduinobot_py_examples
[0.881s] Installing simple_parameter script to /home/joshuaneely/arduinobot_ws/install/arduinobot_py_examples/lib/arduinobot_py_examples
[0.881s] Installing simple_publisher script to /home/joshuaneely/arduinobot_ws/install/arduinobot_py_examples/lib/arduinobot_py_examples
[0.881s] Installing simple_service_client script to /home/joshuaneely/arduinobot_ws/install/arduinobot_py_examples/lib/arduinobot_py_examples
[0.881s] Installing simple_service_server script to /home/joshuaneely/arduinobot_ws/install/arduinobot_py_examples/lib/arduinobot_py_examples
[0.882s] Installing simple_subscriber script to /home/joshuaneely/arduinobot_ws/install/arduinobot_py_examples/lib/arduinobot_py_examples
[0.882s] writing list of installed files to '/home/joshuaneely/arduinobot_ws/build/arduinobot_py_examples/install.log'
[0.909s] Invoked command in '/home/joshuaneely/arduinobot_ws/src/arduinobot_py_examples' returned '0': CMAKE_PREFIX_PATH=/home/joshuaneely/arduinobot_ws/install/arduinobot_msgs:/home/joshuaneely/arduinobot_ws/install/arduinobot_utils:/home/joshuaneely/arduinobot_ws/install/arduinobot_remote:/home/joshuaneely/arduinobot_ws/install/arduinobot_cpp_examples:/home/joshuaneely/arduinobot_ws/install/arduinobot_moveit:/home/joshuaneely/arduinobot_ws/install/arduinobot_firmware:/home/joshuaneely/arduinobot_ws/install/arduinobot_description:/home/joshuaneely/arduinobot_ws/install/arduinobot_controller:/home/joshuaneely/arduinobot_ws/install/arduinobot_bringup:/opt/ros/jazzy/opt/gz_sim_vendor:/opt/ros/jazzy/opt/gz_sensors_vendor:/opt/ros/jazzy/opt/gz_physics_vendor:/opt/ros/jazzy/opt/sdformat_vendor:/opt/ros/jazzy/opt/gz_gui_vendor:/opt/ros/jazzy/opt/gz_transport_vendor:/opt/ros/jazzy/opt/gz_rendering_vendor:/opt/ros/jazzy/opt/gz_plugin_vendor:/opt/ros/jazzy/opt/gz_fuel_tools_vendor:/opt/ros/jazzy/opt/gz_msgs_vendor:/opt/ros/jazzy/opt/gz_common_vendor:/opt/ros/jazzy/opt/gz_math_vendor:/opt/ros/jazzy/opt/gz_utils_vendor:/opt/ros/jazzy/opt/gz_tools_vendor:/opt/ros/jazzy/opt/gz_ogre_next_vendor:/opt/ros/jazzy/opt/gz_dartsim_vendor:/opt/ros/jazzy/opt/gz_cmake_vendor DEBUGINFOD_URLS=https://debuginfod.ubuntu.com PYTHONPATH=/home/joshuaneely/arduinobot_ws/build/arduinobot_py_examples/prefix_override:/usr/lib/python3/dist-packages/colcon_core/task/python/colcon_distutils_commands:/home/joshuaneely/arduinobot_ws/install/arduinobot_py_examples/lib/python3.12/site-packages:/home/joshuaneely/arduinobot_ws/install/arduinobot_msgs/lib/python3.12/site-packages:/home/joshuaneely/arduinobot_ws/install/arduinobot_utils/lib/python3.12/site-packages:/home/joshuaneely/arduinobot_ws/install/arduinobot_remote/lib/python3.12/site-packages:/home/joshuaneely/arduinobot_ws/install/arduinobot_py_examples/lib/python3.12/site-packages:/home/joshuaneely/arduinobot_ws/install/arduinobot_firmware/lib/python3.12/site-packages:/home/joshuaneely/arduinobot_ws/install/arduinobot_controller/lib/python3.12/site-packages:/opt/ros/jazzy/lib/python3.12/site-packages /usr/bin/python3 -W ignore:setup.py install is deprecated -W ignore:easy_install command is deprecated setup.py egg_info --egg-base ../../build/arduinobot_py_examples build --build-base /home/joshuaneely/arduinobot_ws/build/arduinobot_py_examples/build install --record /home/joshuaneely/arduinobot_ws/build/arduinobot_py_examples/install.log --single-version-externally-managed install_data
