[0.010s] Invoking command in '/home/joshuaneely/arduinobot_ws/build/arduinobot_description': CMAKE_PREFIX_PATH=${CMAKE_PREFIX_PATH}:/opt/ros/jazzy DEBUGINFOD_URLS=https://debuginfod.ubuntu.com /usr/bin/cmake --build /home/joshuaneely/arduinobot_ws/build/arduinobot_description -- -j8 -l8
[0.023s] -- Found ament_cmake: 2.5.4 (/opt/ros/jazzy/share/ament_cmake/cmake)
[0.137s] -- Found urdf: 2.10.0 (/opt/ros/jazzy/share/urdf/cmake)
[0.149s] -- Found TinyXML2 via Config file: /usr/lib/aarch64-linux-gnu/cmake/tinyxml2
[0.153s] -- Found ament_lint_auto: 0.17.2 (/opt/ros/jazzy/share/ament_lint_auto/cmake)
[0.199s] -- Added test 'copyright' to check source files copyright and LICENSE
[0.201s] -- Added test 'flake8' to check Python code syntax and style conventions
[0.201s] -- Configured 'flake8' exclude dirs and/or files: 
[0.201s] -- Added test 'lint_cmake' to check CMake code style
[0.201s] -- Added test 'pep257' to check Python code against some of the docstring style conventions in PEP 257
[0.202s] -- Added test 'xmllint' to check XML markup files
[0.202s] -- Configuring done (0.2s)
[0.205s] -- Generating done (0.0s)
[0.206s] -- Build files have been written to: /home/joshuaneely/arduinobot_ws/build/arduinobot_description
[0.220s] Invoked command in '/home/joshuaneely/arduinobot_ws/build/arduinobot_description' returned '0': CMAKE_PREFIX_PATH=${CMAKE_PREFIX_PATH}:/opt/ros/jazzy DEBUGINFOD_URLS=https://debuginfod.ubuntu.com /usr/bin/cmake --build /home/joshuaneely/arduinobot_ws/build/arduinobot_description -- -j8 -l8
[0.221s] Invoking command in '/home/joshuaneely/arduinobot_ws/build/arduinobot_description': CMAKE_PREFIX_PATH=${CMAKE_PREFIX_PATH}:/opt/ros/jazzy DEBUGINFOD_URLS=https://debuginfod.ubuntu.com /usr/bin/cmake --install /home/joshuaneely/arduinobot_ws/build/arduinobot_description
[0.225s] -- Install configuration: ""
[0.225s] -- Up-to-date: /home/joshuaneely/arduinobot_ws/install/arduinobot_description/share/arduinobot_description/launch
[0.225s] -- Up-to-date: /home/joshuaneely/arduinobot_ws/install/arduinobot_description/share/arduinobot_description/launch/display.launch.py
[0.226s] -- Up-to-date: /home/joshuaneely/arduinobot_ws/install/arduinobot_description/share/arduinobot_description/launch/gazebo.launch.py
[0.226s] -- Up-to-date: /home/joshuaneely/arduinobot_ws/install/arduinobot_description/share/arduinobot_description/meshes
[0.226s] -- Up-to-date: /home/joshuaneely/arduinobot_ws/install/arduinobot_description/share/arduinobot_description/meshes/right_finger.STL
[0.226s] -- Up-to-date: /home/joshuaneely/arduinobot_ws/install/arduinobot_description/share/arduinobot_description/meshes/round_plate.STL
[0.226s] -- Up-to-date: /home/joshuaneely/arduinobot_ws/install/arduinobot_description/share/arduinobot_description/meshes/base_plate.STL
[0.226s] -- Up-to-date: /home/joshuaneely/arduinobot_ws/install/arduinobot_description/share/arduinobot_description/meshes/left_finger.STL
[0.226s] -- Up-to-date: /home/joshuaneely/arduinobot_ws/install/arduinobot_description/share/arduinobot_description/meshes/servo_plate.STL
[0.226s] -- Up-to-date: /home/joshuaneely/arduinobot_ws/install/arduinobot_description/share/arduinobot_description/meshes/vertical_drive_arm.STL
[0.226s] -- Up-to-date: /home/joshuaneely/arduinobot_ws/install/arduinobot_description/share/arduinobot_description/meshes/plate.STL
[0.226s] -- Up-to-date: /home/joshuaneely/arduinobot_ws/install/arduinobot_description/share/arduinobot_description/meshes/horizontal_arm.STL
[0.226s] -- Up-to-date: /home/joshuaneely/arduinobot_ws/install/arduinobot_description/share/arduinobot_description/meshes/basement.STL
[0.227s] [31mCMake Error at cmake_install.cmake:46 (file):
[0.227s]   file INSTALL cannot find
[0.227s]   "/home/joshuaneely/arduinobot_ws/src/arduinobot_description/rviz": No such
[0.227s]   file or directory.
[0.227s] 
[0.227s] [0m
[0.227s] -- Up-to-date: /home/joshuaneely/arduinobot_ws/install/arduinobot_description/share/arduinobot_description/meshes/forward_drive_arm.STL
[0.227s] -- Up-to-date: /home/joshuaneely/arduinobot_ws/install/arduinobot_description/share/arduinobot_description/meshes/claw_support.STL
[0.227s] -- Up-to-date: /home/joshuaneely/arduinobot_ws/install/arduinobot_description/share/arduinobot_description/meshes/triangular_link.STL
[0.227s] -- Up-to-date: /home/joshuaneely/arduinobot_ws/install/arduinobot_description/share/arduinobot_description/meshes/link.STL
[0.227s] -- Installing: /home/joshuaneely/arduinobot_ws/install/arduinobot_description/share/arduinobot_description/urdf
[0.227s] -- Installing: /home/joshuaneely/arduinobot_ws/install/arduinobot_description/share/arduinobot_description/urdf/arduinobot.urdf.xacro
[0.228s] Invoked command in '/home/joshuaneely/arduinobot_ws/build/arduinobot_description' returned '1': CMAKE_PREFIX_PATH=${CMAKE_PREFIX_PATH}:/opt/ros/jazzy DEBUGINFOD_URLS=https://debuginfod.ubuntu.com /usr/bin/cmake --install /home/joshuaneely/arduinobot_ws/build/arduinobot_description
