[0.027s] Invoking command in '/home/joshuaneely/arduinobot_ws/build/arduinobot_firmware': CMAKE_PREFIX_PATH=${CMAKE_PREFIX_PATH}:/opt/ros/jazzy DEBUGINFOD_URLS=https://debuginfod.ubuntu.com /usr/bin/cmake --build /home/joshuaneely/arduinobot_ws/build/arduinobot_firmware -- -j8 -l8
[0.043s] -- Found ament_cmake: 2.5.4 (/opt/ros/jazzy/share/ament_cmake/cmake)
[0.188s] -- Found rclpy: 7.1.4 (/opt/ros/jazzy/share/rclpy/cmake)
[0.233s] -- Found ament_lint_auto: 0.17.2 (/opt/ros/jazzy/share/ament_lint_auto/cmake)
[0.294s] -- Added test 'flake8' to check Python code syntax and style conventions
[0.294s] -- Configured 'flake8' exclude dirs and/or files: 
[0.294s] -- Added test 'lint_cmake' to check CMake code style
[0.294s] -- Added test 'pep257' to check Python code against some of the docstring style conventions in PEP 257
[0.294s] -- Added test 'xmllint' to check XML markup files
[0.295s] -- Configuring done (0.3s)
[0.302s] -- Generating done (0.0s)
[0.304s] -- Build files have been written to: /home/joshuaneely/arduinobot_ws/build/arduinobot_firmware
[0.324s] Built target ament_cmake_python_copy_arduinobot_firmware
[0.413s] running egg_info
[0.424s] writing arduinobot_firmware.egg-info/PKG-INFO
[0.424s] writing dependency_links to arduinobot_firmware.egg-info/dependency_links.txt
[0.424s] writing top-level names to arduinobot_firmware.egg-info/top_level.txt
[0.453s] reading manifest file 'arduinobot_firmware.egg-info/SOURCES.txt'
[0.453s] writing manifest file 'arduinobot_firmware.egg-info/SOURCES.txt'
[0.473s] Built target ament_cmake_python_build_arduinobot_firmware_egg
[0.485s] Invoked command in '/home/joshuaneely/arduinobot_ws/build/arduinobot_firmware' returned '0': CMAKE_PREFIX_PATH=${CMAKE_PREFIX_PATH}:/opt/ros/jazzy DEBUGINFOD_URLS=https://debuginfod.ubuntu.com /usr/bin/cmake --build /home/joshuaneely/arduinobot_ws/build/arduinobot_firmware -- -j8 -l8
[0.486s] Invoking command in '/home/joshuaneely/arduinobot_ws/build/arduinobot_firmware': CMAKE_PREFIX_PATH=${CMAKE_PREFIX_PATH}:/opt/ros/jazzy DEBUGINFOD_URLS=https://debuginfod.ubuntu.com /usr/bin/cmake --install /home/joshuaneely/arduinobot_ws/build/arduinobot_firmware
[0.491s] -- Install configuration: ""
[0.491s] -- Up-to-date: /home/joshuaneely/arduinobot_ws/install/arduinobot_firmware/share/arduinobot_firmware/environment/pythonpath.sh
[0.491s] -- Up-to-date: /home/joshuaneely/arduinobot_ws/install/arduinobot_firmware/share/arduinobot_firmware/environment/pythonpath.dsv
[0.491s] -- Up-to-date: /home/joshuaneely/arduinobot_ws/install/arduinobot_firmware/lib/python3.12/site-packages/arduinobot_firmware-0.0.0-py3.12.egg-info
[0.491s] -- Installing: /home/joshuaneely/arduinobot_ws/install/arduinobot_firmware/lib/python3.12/site-packages/arduinobot_firmware-0.0.0-py3.12.egg-info/top_level.txt
[0.492s] -- Installing: /home/joshuaneely/arduinobot_ws/install/arduinobot_firmware/lib/python3.12/site-packages/arduinobot_firmware-0.0.0-py3.12.egg-info/dependency_links.txt
[0.492s] -- Installing: /home/joshuaneely/arduinobot_ws/install/arduinobot_firmware/lib/python3.12/site-packages/arduinobot_firmware-0.0.0-py3.12.egg-info/PKG-INFO
[0.492s] -- Installing: /home/joshuaneely/arduinobot_ws/install/arduinobot_firmware/lib/python3.12/site-packages/arduinobot_firmware-0.0.0-py3.12.egg-info/SOURCES.txt
[0.492s] -- Up-to-date: /home/joshuaneely/arduinobot_ws/install/arduinobot_firmware/lib/python3.12/site-packages/arduinobot_firmware
[0.492s] -- Installing: /home/joshuaneely/arduinobot_ws/install/arduinobot_firmware/lib/python3.12/site-packages/arduinobot_firmware/simple_serial_receiver.py
[0.492s] -- Up-to-date: /home/joshuaneely/arduinobot_ws/install/arduinobot_firmware/lib/python3.12/site-packages/arduinobot_firmware/simple_serial_transmitter.py
[0.492s] -- Up-to-date: /home/joshuaneely/arduinobot_ws/install/arduinobot_firmware/lib/python3.12/site-packages/arduinobot_firmware/__init__.py
[0.513s] Listing '/home/joshuaneely/arduinobot_ws/install/arduinobot_firmware/lib/python3.12/site-packages/arduinobot_firmware'...
[0.513s] Compiling '/home/joshuaneely/arduinobot_ws/install/arduinobot_firmware/lib/python3.12/site-packages/arduinobot_firmware/simple_serial_receiver.py'...
[0.513s] -- Up-to-date: /home/joshuaneely/arduinobot_ws/install/arduinobot_firmware/lib/arduinobot_firmware/simple_serial_transmitter.py
[0.513s] -- Installing: /home/joshuaneely/arduinobot_ws/install/arduinobot_firmware/lib/arduinobot_firmware/simple_serial_receiver.py
[0.513s] -- Up-to-date: /home/joshuaneely/arduinobot_ws/install/arduinobot_firmware/share/ament_index/resource_index/package_run_dependencies/arduinobot_firmware
[0.516s] -- Installing: /home/joshuaneely/arduinobot_ws/install/arduinobot_firmware/share/ament_index/resource_index/parent_prefix_path/arduinobot_firmware
[0.516s] -- Up-to-date: /home/joshuaneely/arduinobot_ws/install/arduinobot_firmware/share/arduinobot_firmware/environment/ament_prefix_path.sh
[0.516s] -- Up-to-date: /home/joshuaneely/arduinobot_ws/install/arduinobot_firmware/share/arduinobot_firmware/environment/ament_prefix_path.dsv
[0.517s] -- Up-to-date: /home/joshuaneely/arduinobot_ws/install/arduinobot_firmware/share/arduinobot_firmware/environment/path.sh
[0.517s] -- Up-to-date: /home/joshuaneely/arduinobot_ws/install/arduinobot_firmware/share/arduinobot_firmware/environment/path.dsv
[0.517s] -- Up-to-date: /home/joshuaneely/arduinobot_ws/install/arduinobot_firmware/share/arduinobot_firmware/local_setup.bash
[0.517s] -- Up-to-date: /home/joshuaneely/arduinobot_ws/install/arduinobot_firmware/share/arduinobot_firmware/local_setup.sh
[0.517s] -- Up-to-date: /home/joshuaneely/arduinobot_ws/install/arduinobot_firmware/share/arduinobot_firmware/local_setup.zsh
[0.517s] -- Up-to-date: /home/joshuaneely/arduinobot_ws/install/arduinobot_firmware/share/arduinobot_firmware/local_setup.dsv
[0.517s] -- Installing: /home/joshuaneely/arduinobot_ws/install/arduinobot_firmware/share/arduinobot_firmware/package.dsv
[0.517s] -- Up-to-date: /home/joshuaneely/arduinobot_ws/install/arduinobot_firmware/share/ament_index/resource_index/packages/arduinobot_firmware
[0.517s] -- Up-to-date: /home/joshuaneely/arduinobot_ws/install/arduinobot_firmware/share/arduinobot_firmware/cmake/arduinobot_firmwareConfig.cmake
[0.517s] -- Up-to-date: /home/joshuaneely/arduinobot_ws/install/arduinobot_firmware/share/arduinobot_firmware/cmake/arduinobot_firmwareConfig-version.cmake
[0.517s] -- Up-to-date: /home/joshuaneely/arduinobot_ws/install/arduinobot_firmware/share/arduinobot_firmware/package.xml
[0.517s] Invoked command in '/home/joshuaneely/arduinobot_ws/build/arduinobot_firmware' returned '0': CMAKE_PREFIX_PATH=${CMAKE_PREFIX_PATH}:/opt/ros/jazzy DEBUGINFOD_URLS=https://debuginfod.ubuntu.com /usr/bin/cmake --install /home/joshuaneely/arduinobot_ws/build/arduinobot_firmware
