[0.019s] Invoking command in '/home/joshuaneely/arduinobot_ws/build/arduinobot_msgs': CMAKE_PREFIX_PATH=${CMAKE_PREFIX_PATH}:/opt/ros/jazzy DEBUGINFOD_URLS=https://debuginfod.ubuntu.com /usr/bin/cmake --build /home/joshuaneely/arduinobot_ws/build/arduinobot_msgs -- -j8 -l8
[0.086s] [  1%] Built target arduinobot_msgs__rosidl_generator_type_description
[0.102s] [  3%] Built target arduinobot_msgs__cpp
[0.102s] [  3%] Built target ament_cmake_python_copy_arduinobot_msgs
[0.105s] [ 24%] Built target arduinobot_msgs__rosidl_generator_c
[0.121s] [ 33%] Built target arduinobot_msgs__rosidl_typesupport_introspection_c
[0.122s] [ 42%] Built target arduinobot_msgs__rosidl_typesupport_introspection_cpp
[0.124s] [ 51%] Built target arduinobot_msgs__rosidl_typesupport_fastrtps_cpp
[0.127s] [ 61%] Built target arduinobot_msgs__rosidl_typesupport_c
[0.127s] [ 70%] Built target arduinobot_msgs__rosidl_typesupport_fastrtps_c
[0.127s] [ 79%] Built target arduinobot_msgs__rosidl_typesupport_cpp
[0.141s] [ 79%] Built target arduinobot_msgs
[0.154s] [ 81%] Built target arduinobot_msgs__py
[0.170s] [ 85%] [32mBuilding C object CMakeFiles/arduinobot_msgs__rosidl_generator_py.dir/rosidl_generator_py/arduinobot_msgs/srv/_quaternion_to_euler_s.c.o[0m
[0.171s] [ 85%] [32mBuilding C object CMakeFiles/arduinobot_msgs__rosidl_generator_py.dir/rosidl_generator_py/arduinobot_msgs/srv/_add_two_ints_s.c.o[0m
[0.174s] [ 87%] [32mBuilding C object CMakeFiles/arduinobot_msgs__rosidl_generator_py.dir/rosidl_generator_py/arduinobot_msgs/srv/_euler_to_quaternion_s.c.o[0m
[0.226s] running egg_info
[0.236s] writing arduinobot_msgs.egg-info/PKG-INFO
[0.237s] writing dependency_links to arduinobot_msgs.egg-info/dependency_links.txt
[0.238s] writing top-level names to arduinobot_msgs.egg-info/top_level.txt
[0.265s] reading manifest file 'arduinobot_msgs.egg-info/SOURCES.txt'
[0.266s] writing manifest file 'arduinobot_msgs.egg-info/SOURCES.txt'
[0.288s] [ 87%] Built target ament_cmake_python_build_arduinobot_msgs_egg
[0.418s] [ 88%] [32m[1mLinking C shared library libarduinobot_msgs__rosidl_generator_py.so[0m
[0.457s] [ 88%] Built target arduinobot_msgs__rosidl_generator_py
[0.472s] [ 90%] [32mBuilding C object CMakeFiles/arduinobot_msgs_s__rosidl_typesupport_introspection_c.dir/rosidl_generator_py/arduinobot_msgs/_arduinobot_msgs_s.ep.rosidl_typesupport_introspection_c.c.o[0m
[0.472s] [ 92%] [32mBuilding C object CMakeFiles/arduinobot_msgs_s__rosidl_typesupport_fastrtps_c.dir/rosidl_generator_py/arduinobot_msgs/_arduinobot_msgs_s.ep.rosidl_typesupport_fastrtps_c.c.o[0m
[0.475s] [ 94%] [32mBuilding C object CMakeFiles/arduinobot_msgs_s__rosidl_typesupport_c.dir/rosidl_generator_py/arduinobot_msgs/_arduinobot_msgs_s.ep.rosidl_typesupport_c.c.o[0m
[0.546s] [ 96%] [32m[1mLinking C shared module rosidl_generator_py/arduinobot_msgs/arduinobot_msgs_s__rosidl_typesupport_fastrtps_c.so[0m
[0.547s] [ 98%] [32m[1mLinking C shared module rosidl_generator_py/arduinobot_msgs/arduinobot_msgs_s__rosidl_typesupport_introspection_c.so[0m
[0.548s] [100%] [32m[1mLinking C shared module rosidl_generator_py/arduinobot_msgs/arduinobot_msgs_s__rosidl_typesupport_c.so[0m
[0.568s] [100%] Built target arduinobot_msgs_s__rosidl_typesupport_introspection_c
[0.568s] [100%] Built target arduinobot_msgs_s__rosidl_typesupport_fastrtps_c
[0.570s] [100%] Built target arduinobot_msgs_s__rosidl_typesupport_c
[0.578s] Invoked command in '/home/joshuaneely/arduinobot_ws/build/arduinobot_msgs' returned '0': CMAKE_PREFIX_PATH=${CMAKE_PREFIX_PATH}:/opt/ros/jazzy DEBUGINFOD_URLS=https://debuginfod.ubuntu.com /usr/bin/cmake --build /home/joshuaneely/arduinobot_ws/build/arduinobot_msgs -- -j8 -l8
[0.580s] Invoking command in '/home/joshuaneely/arduinobot_ws/build/arduinobot_msgs': CMAKE_PREFIX_PATH=${CMAKE_PREFIX_PATH}:/opt/ros/jazzy DEBUGINFOD_URLS=https://debuginfod.ubuntu.com /usr/bin/cmake --install /home/joshuaneely/arduinobot_ws/build/arduinobot_msgs
[0.585s] -- Install configuration: ""
[0.586s] -- Up-to-date: /home/joshuaneely/arduinobot_ws/install/arduinobot_msgs/share/ament_index/resource_index/rosidl_interfaces/arduinobot_msgs
[0.586s] -- Up-to-date: /home/joshuaneely/arduinobot_ws/install/arduinobot_msgs/share/arduinobot_msgs/srv/AddTwoInts.json
[0.586s] -- Up-to-date: /home/joshuaneely/arduinobot_ws/install/arduinobot_msgs/share/arduinobot_msgs/srv/EulerToQuaternion.json
[0.586s] -- Up-to-date: /home/joshuaneely/arduinobot_ws/install/arduinobot_msgs/share/arduinobot_msgs/srv/QuaternionToEuler.json
[0.586s] -- Up-to-date: /home/joshuaneely/arduinobot_ws/install/arduinobot_msgs/include/arduinobot_msgs/arduinobot_msgs
[0.586s] -- Up-to-date: /home/joshuaneely/arduinobot_ws/install/arduinobot_msgs/include/arduinobot_msgs/arduinobot_msgs/srv
[0.586s] -- Up-to-date: /home/joshuaneely/arduinobot_ws/install/arduinobot_msgs/include/arduinobot_msgs/arduinobot_msgs/srv/add_two_ints.h
[0.586s] -- Up-to-date: /home/joshuaneely/arduinobot_ws/install/arduinobot_msgs/include/arduinobot_msgs/arduinobot_msgs/srv/quaternion_to_euler.h
[0.586s] -- Up-to-date: /home/joshuaneely/arduinobot_ws/install/arduinobot_msgs/include/arduinobot_msgs/arduinobot_msgs/srv/detail
[0.586s] -- Up-to-date: /home/joshuaneely/arduinobot_ws/install/arduinobot_msgs/include/arduinobot_msgs/arduinobot_msgs/srv/detail/add_two_ints__struct.h
[0.586s] -- Up-to-date: /home/joshuaneely/arduinobot_ws/install/arduinobot_msgs/include/arduinobot_msgs/arduinobot_msgs/srv/detail/add_two_ints__type_support.c
[0.586s] -- Up-to-date: /home/joshuaneely/arduinobot_ws/install/arduinobot_msgs/include/arduinobot_msgs/arduinobot_msgs/srv/detail/add_two_ints__functions.c
[0.587s] -- Up-to-date: /home/joshuaneely/arduinobot_ws/install/arduinobot_msgs/include/arduinobot_msgs/arduinobot_msgs/srv/detail/quaternion_to_euler__type_support.c
[0.587s] -- Up-to-date: /home/joshuaneely/arduinobot_ws/install/arduinobot_msgs/include/arduinobot_msgs/arduinobot_msgs/srv/detail/quaternion_to_euler__description.c
[0.587s] -- Up-to-date: /home/joshuaneely/arduinobot_ws/install/arduinobot_msgs/include/arduinobot_msgs/arduinobot_msgs/srv/detail/quaternion_to_euler__functions.h
[0.587s] -- Up-to-date: /home/joshuaneely/arduinobot_ws/install/arduinobot_msgs/include/arduinobot_msgs/arduinobot_msgs/srv/detail/quaternion_to_euler__struct.h
[0.587s] -- Up-to-date: /home/joshuaneely/arduinobot_ws/install/arduinobot_msgs/include/arduinobot_msgs/arduinobot_msgs/srv/detail/add_two_ints__functions.h
[0.587s] -- Up-to-date: /home/joshuaneely/arduinobot_ws/install/arduinobot_msgs/include/arduinobot_msgs/arduinobot_msgs/srv/detail/add_two_ints__description.c
[0.587s] -- Up-to-date: /home/joshuaneely/arduinobot_ws/install/arduinobot_msgs/include/arduinobot_msgs/arduinobot_msgs/srv/detail/add_two_ints__type_support.h
[0.587s] -- Up-to-date: /home/joshuaneely/arduinobot_ws/install/arduinobot_msgs/include/arduinobot_msgs/arduinobot_msgs/srv/detail/euler_to_quaternion__functions.h
[0.587s] -- Up-to-date: /home/joshuaneely/arduinobot_ws/install/arduinobot_msgs/include/arduinobot_msgs/arduinobot_msgs/srv/detail/euler_to_quaternion__description.c
[0.587s] -- Up-to-date: /home/joshuaneely/arduinobot_ws/install/arduinobot_msgs/include/arduinobot_msgs/arduinobot_msgs/srv/detail/euler_to_quaternion__struct.h
[0.587s] -- Up-to-date: /home/joshuaneely/arduinobot_ws/install/arduinobot_msgs/include/arduinobot_msgs/arduinobot_msgs/srv/detail/euler_to_quaternion__functions.c
[0.587s] -- Up-to-date: /home/joshuaneely/arduinobot_ws/install/arduinobot_msgs/include/arduinobot_msgs/arduinobot_msgs/srv/detail/quaternion_to_euler__type_support.h
[0.587s] -- Up-to-date: /home/joshuaneely/arduinobot_ws/install/arduinobot_msgs/include/arduinobot_msgs/arduinobot_msgs/srv/detail/euler_to_quaternion__type_support.c
[0.587s] -- Up-to-date: /home/joshuaneely/arduinobot_ws/install/arduinobot_msgs/include/arduinobot_msgs/arduinobot_msgs/srv/detail/euler_to_quaternion__type_support.h
[0.587s] -- Up-to-date: /home/joshuaneely/arduinobot_ws/install/arduinobot_msgs/include/arduinobot_msgs/arduinobot_msgs/srv/detail/quaternion_to_euler__functions.c
[0.587s] -- Up-to-date: /home/joshuaneely/arduinobot_ws/install/arduinobot_msgs/include/arduinobot_msgs/arduinobot_msgs/srv/euler_to_quaternion.h
[0.587s] -- Up-to-date: /home/joshuaneely/arduinobot_ws/install/arduinobot_msgs/include/arduinobot_msgs/arduinobot_msgs/msg
[0.587s] -- Up-to-date: /home/joshuaneely/arduinobot_ws/install/arduinobot_msgs/include/arduinobot_msgs/arduinobot_msgs/msg/rosidl_generator_c__visibility_control.h
[0.587s] -- Up-to-date: /home/joshuaneely/arduinobot_ws/install/arduinobot_msgs/share/arduinobot_msgs/environment/library_path.sh
[0.587s] -- Up-to-date: /home/joshuaneely/arduinobot_ws/install/arduinobot_msgs/share/arduinobot_msgs/environment/library_path.dsv
[0.588s] -- Up-to-date: /home/joshuaneely/arduinobot_ws/install/arduinobot_msgs/lib/libarduinobot_msgs__rosidl_generator_c.so
[0.588s] -- Up-to-date: /home/joshuaneely/arduinobot_ws/install/arduinobot_msgs/include/arduinobot_msgs/arduinobot_msgs
[0.589s] -- Up-to-date: /home/joshuaneely/arduinobot_ws/install/arduinobot_msgs/include/arduinobot_msgs/arduinobot_msgs/srv
[0.589s] -- Up-to-date: /home/joshuaneely/arduinobot_ws/install/arduinobot_msgs/include/arduinobot_msgs/arduinobot_msgs/srv/detail
[0.589s] -- Up-to-date: /home/joshuaneely/arduinobot_ws/install/arduinobot_msgs/include/arduinobot_msgs/arduinobot_msgs/srv/detail/quaternion_to_euler__rosidl_typesupport_fastrtps_c.h
[0.589s] -- Up-to-date: /home/joshuaneely/arduinobot_ws/install/arduinobot_msgs/include/arduinobot_msgs/arduinobot_msgs/srv/detail/add_two_ints__rosidl_typesupport_fastrtps_c.h
[0.589s] -- Up-to-date: /home/joshuaneely/arduinobot_ws/install/arduinobot_msgs/include/arduinobot_msgs/arduinobot_msgs/srv/detail/euler_to_quaternion__rosidl_typesupport_fastrtps_c.h
[0.589s] -- Up-to-date: /home/joshuaneely/arduinobot_ws/install/arduinobot_msgs/include/arduinobot_msgs/arduinobot_msgs/msg
[0.590s] -- Up-to-date: /home/joshuaneely/arduinobot_ws/install/arduinobot_msgs/include/arduinobot_msgs/arduinobot_msgs/msg/rosidl_typesupport_fastrtps_c__visibility_control.h
[0.591s] -- Up-to-date: /home/joshuaneely/arduinobot_ws/install/arduinobot_msgs/lib/libarduinobot_msgs__rosidl_typesupport_fastrtps_c.so
[0.591s] -- Up-to-date: /home/joshuaneely/arduinobot_ws/install/arduinobot_msgs/include/arduinobot_msgs/arduinobot_msgs
[0.591s] -- Up-to-date: /home/joshuaneely/arduinobot_ws/install/arduinobot_msgs/include/arduinobot_msgs/arduinobot_msgs/srv
[0.591s] -- Up-to-date: /home/joshuaneely/arduinobot_ws/install/arduinobot_msgs/include/arduinobot_msgs/arduinobot_msgs/srv/quaternion_to_euler.hpp
[0.591s] -- Up-to-date: /home/joshuaneely/arduinobot_ws/install/arduinobot_msgs/include/arduinobot_msgs/arduinobot_msgs/srv/add_two_ints.hpp
[0.591s] -- Up-to-date: /home/joshuaneely/arduinobot_ws/install/arduinobot_msgs/include/arduinobot_msgs/arduinobot_msgs/srv/detail
[0.591s] -- Up-to-date: /home/joshuaneely/arduinobot_ws/install/arduinobot_msgs/include/arduinobot_msgs/arduinobot_msgs/srv/detail/quaternion_to_euler__type_support.hpp
[0.591s] -- Up-to-date: /home/joshuaneely/arduinobot_ws/install/arduinobot_msgs/include/arduinobot_msgs/arduinobot_msgs/srv/detail/euler_to_quaternion__builder.hpp
[0.591s] -- Up-to-date: /home/joshuaneely/arduinobot_ws/install/arduinobot_msgs/include/arduinobot_msgs/arduinobot_msgs/srv/detail/add_two_ints__type_support.hpp
[0.591s] -- Up-to-date: /home/joshuaneely/arduinobot_ws/install/arduinobot_msgs/include/arduinobot_msgs/arduinobot_msgs/srv/detail/quaternion_to_euler__traits.hpp
[0.591s] -- Up-to-date: /home/joshuaneely/arduinobot_ws/install/arduinobot_msgs/include/arduinobot_msgs/arduinobot_msgs/srv/detail/add_two_ints__traits.hpp
[0.591s] -- Up-to-date: /home/joshuaneely/arduinobot_ws/install/arduinobot_msgs/include/arduinobot_msgs/arduinobot_msgs/srv/detail/quaternion_to_euler__builder.hpp
[0.592s] -- Up-to-date: /home/joshuaneely/arduinobot_ws/install/arduinobot_msgs/include/arduinobot_msgs/arduinobot_msgs/srv/detail/euler_to_quaternion__traits.hpp
[0.592s] -- Up-to-date: /home/joshuaneely/arduinobot_ws/install/arduinobot_msgs/include/arduinobot_msgs/arduinobot_msgs/srv/detail/euler_to_quaternion__struct.hpp
[0.592s] -- Up-to-date: /home/joshuaneely/arduinobot_ws/install/arduinobot_msgs/include/arduinobot_msgs/arduinobot_msgs/srv/detail/add_two_ints__struct.hpp
[0.592s] -- Up-to-date: /home/joshuaneely/arduinobot_ws/install/arduinobot_msgs/include/arduinobot_msgs/arduinobot_msgs/srv/detail/add_two_ints__builder.hpp
[0.592s] -- Up-to-date: /home/joshuaneely/arduinobot_ws/install/arduinobot_msgs/include/arduinobot_msgs/arduinobot_msgs/srv/detail/euler_to_quaternion__type_support.hpp
[0.592s] -- Up-to-date: /home/joshuaneely/arduinobot_ws/install/arduinobot_msgs/include/arduinobot_msgs/arduinobot_msgs/srv/detail/quaternion_to_euler__struct.hpp
[0.592s] -- Up-to-date: /home/joshuaneely/arduinobot_ws/install/arduinobot_msgs/include/arduinobot_msgs/arduinobot_msgs/srv/euler_to_quaternion.hpp
[0.592s] -- Up-to-date: /home/joshuaneely/arduinobot_ws/install/arduinobot_msgs/include/arduinobot_msgs/arduinobot_msgs/msg
[0.592s] -- Up-to-date: /home/joshuaneely/arduinobot_ws/install/arduinobot_msgs/include/arduinobot_msgs/arduinobot_msgs/msg/rosidl_generator_cpp__visibility_control.hpp
[0.592s] -- Up-to-date: /home/joshuaneely/arduinobot_ws/install/arduinobot_msgs/include/arduinobot_msgs/arduinobot_msgs
[0.592s] -- Up-to-date: /home/joshuaneely/arduinobot_ws/install/arduinobot_msgs/include/arduinobot_msgs/arduinobot_msgs/srv
[0.592s] -- Up-to-date: /home/joshuaneely/arduinobot_ws/install/arduinobot_msgs/include/arduinobot_msgs/arduinobot_msgs/srv/detail
[0.592s] -- Up-to-date: /home/joshuaneely/arduinobot_ws/install/arduinobot_msgs/include/arduinobot_msgs/arduinobot_msgs/srv/detail/add_two_ints__rosidl_typesupport_fastrtps_cpp.hpp
[0.593s] -- Up-to-date: /home/joshuaneely/arduinobot_ws/install/arduinobot_msgs/include/arduinobot_msgs/arduinobot_msgs/srv/detail/euler_to_quaternion__rosidl_typesupport_fastrtps_cpp.hpp
[0.593s] -- Up-to-date: /home/joshuaneely/arduinobot_ws/install/arduinobot_msgs/include/arduinobot_msgs/arduinobot_msgs/srv/detail/quaternion_to_euler__rosidl_typesupport_fastrtps_cpp.hpp
[0.593s] -- Up-to-date: /home/joshuaneely/arduinobot_ws/install/arduinobot_msgs/include/arduinobot_msgs/arduinobot_msgs/srv/detail/dds_fastrtps
[0.593s] -- Up-to-date: /home/joshuaneely/arduinobot_ws/install/arduinobot_msgs/include/arduinobot_msgs/arduinobot_msgs/msg
[0.593s] -- Up-to-date: /home/joshuaneely/arduinobot_ws/install/arduinobot_msgs/include/arduinobot_msgs/arduinobot_msgs/msg/rosidl_typesupport_fastrtps_cpp__visibility_control.h
[0.594s] -- Up-to-date: /home/joshuaneely/arduinobot_ws/install/arduinobot_msgs/lib/libarduinobot_msgs__rosidl_typesupport_fastrtps_cpp.so
[0.595s] -- Up-to-date: /home/joshuaneely/arduinobot_ws/install/arduinobot_msgs/include/arduinobot_msgs/arduinobot_msgs
[0.595s] -- Up-to-date: /home/joshuaneely/arduinobot_ws/install/arduinobot_msgs/include/arduinobot_msgs/arduinobot_msgs/srv
[0.595s] -- Up-to-date: /home/joshuaneely/arduinobot_ws/install/arduinobot_msgs/include/arduinobot_msgs/arduinobot_msgs/srv/detail
[0.595s] -- Up-to-date: /home/joshuaneely/arduinobot_ws/install/arduinobot_msgs/include/arduinobot_msgs/arduinobot_msgs/srv/detail/add_two_ints__type_support.c
[0.595s] -- Up-to-date: /home/joshuaneely/arduinobot_ws/install/arduinobot_msgs/include/arduinobot_msgs/arduinobot_msgs/srv/detail/add_two_ints__rosidl_typesupport_introspection_c.h
[0.596s] -- Up-to-date: /home/joshuaneely/arduinobot_ws/install/arduinobot_msgs/include/arduinobot_msgs/arduinobot_msgs/srv/detail/quaternion_to_euler__type_support.c
[0.596s] -- Up-to-date: /home/joshuaneely/arduinobot_ws/install/arduinobot_msgs/include/arduinobot_msgs/arduinobot_msgs/srv/detail/euler_to_quaternion__rosidl_typesupport_introspection_c.h
[0.596s] -- Up-to-date: /home/joshuaneely/arduinobot_ws/install/arduinobot_msgs/include/arduinobot_msgs/arduinobot_msgs/srv/detail/euler_to_quaternion__type_support.c
[0.596s] -- Up-to-date: /home/joshuaneely/arduinobot_ws/install/arduinobot_msgs/include/arduinobot_msgs/arduinobot_msgs/srv/detail/quaternion_to_euler__rosidl_typesupport_introspection_c.h
[0.596s] -- Up-to-date: /home/joshuaneely/arduinobot_ws/install/arduinobot_msgs/include/arduinobot_msgs/arduinobot_msgs/msg
[0.596s] -- Up-to-date: /home/joshuaneely/arduinobot_ws/install/arduinobot_msgs/include/arduinobot_msgs/arduinobot_msgs/msg/rosidl_typesupport_introspection_c__visibility_control.h
[0.597s] -- Up-to-date: /home/joshuaneely/arduinobot_ws/install/arduinobot_msgs/lib/libarduinobot_msgs__rosidl_typesupport_introspection_c.so
[0.598s] -- Up-to-date: /home/joshuaneely/arduinobot_ws/install/arduinobot_msgs/lib/libarduinobot_msgs__rosidl_typesupport_c.so
[0.598s] -- Up-to-date: /home/joshuaneely/arduinobot_ws/install/arduinobot_msgs/include/arduinobot_msgs/arduinobot_msgs
[0.598s] -- Up-to-date: /home/joshuaneely/arduinobot_ws/install/arduinobot_msgs/include/arduinobot_msgs/arduinobot_msgs/srv
[0.599s] -- Up-to-date: /home/joshuaneely/arduinobot_ws/install/arduinobot_msgs/include/arduinobot_msgs/arduinobot_msgs/srv/detail
[0.599s] -- Up-to-date: /home/joshuaneely/arduinobot_ws/install/arduinobot_msgs/include/arduinobot_msgs/arduinobot_msgs/srv/detail/add_two_ints__type_support.cpp
[0.599s] -- Up-to-date: /home/joshuaneely/arduinobot_ws/install/arduinobot_msgs/include/arduinobot_msgs/arduinobot_msgs/srv/detail/euler_to_quaternion__rosidl_typesupport_introspection_cpp.hpp
[0.599s] -- Up-to-date: /home/joshuaneely/arduinobot_ws/install/arduinobot_msgs/include/arduinobot_msgs/arduinobot_msgs/srv/detail/quaternion_to_euler__rosidl_typesupport_introspection_cpp.hpp
[0.599s] -- Up-to-date: /home/joshuaneely/arduinobot_ws/install/arduinobot_msgs/include/arduinobot_msgs/arduinobot_msgs/srv/detail/add_two_ints__rosidl_typesupport_introspection_cpp.hpp
[0.599s] -- Up-to-date: /home/joshuaneely/arduinobot_ws/install/arduinobot_msgs/include/arduinobot_msgs/arduinobot_msgs/srv/detail/quaternion_to_euler__type_support.cpp
[0.599s] -- Up-to-date: /home/joshuaneely/arduinobot_ws/install/arduinobot_msgs/include/arduinobot_msgs/arduinobot_msgs/srv/detail/euler_to_quaternion__type_support.cpp
[0.600s] -- Up-to-date: /home/joshuaneely/arduinobot_ws/install/arduinobot_msgs/lib/libarduinobot_msgs__rosidl_typesupport_introspection_cpp.so
[0.604s] -- Up-to-date: /home/joshuaneely/arduinobot_ws/install/arduinobot_msgs/lib/libarduinobot_msgs__rosidl_typesupport_cpp.so
[0.610s] -- Up-to-date: /home/joshuaneely/arduinobot_ws/install/arduinobot_msgs/share/arduinobot_msgs/environment/pythonpath.sh
[0.610s] -- Up-to-date: /home/joshuaneely/arduinobot_ws/install/arduinobot_msgs/share/arduinobot_msgs/environment/pythonpath.dsv
[0.610s] -- Up-to-date: /home/joshuaneely/arduinobot_ws/install/arduinobot_msgs/lib/python3.12/site-packages/arduinobot_msgs-0.0.0-py3.12.egg-info
[0.610s] -- Installing: /home/joshuaneely/arduinobot_ws/install/arduinobot_msgs/lib/python3.12/site-packages/arduinobot_msgs-0.0.0-py3.12.egg-info/top_level.txt
[0.610s] -- Installing: /home/joshuaneely/arduinobot_ws/install/arduinobot_msgs/lib/python3.12/site-packages/arduinobot_msgs-0.0.0-py3.12.egg-info/dependency_links.txt
[0.610s] -- Installing: /home/joshuaneely/arduinobot_ws/install/arduinobot_msgs/lib/python3.12/site-packages/arduinobot_msgs-0.0.0-py3.12.egg-info/PKG-INFO
[0.610s] -- Installing: /home/joshuaneely/arduinobot_ws/install/arduinobot_msgs/lib/python3.12/site-packages/arduinobot_msgs-0.0.0-py3.12.egg-info/SOURCES.txt
[0.610s] -- Up-to-date: /home/joshuaneely/arduinobot_ws/install/arduinobot_msgs/lib/python3.12/site-packages/arduinobot_msgs
[0.610s] -- Up-to-date: /home/joshuaneely/arduinobot_ws/install/arduinobot_msgs/lib/python3.12/site-packages/arduinobot_msgs/srv
[0.610s] -- Up-to-date: /home/joshuaneely/arduinobot_ws/install/arduinobot_msgs/lib/python3.12/site-packages/arduinobot_msgs/srv/_add_two_ints_s.c
[0.610s] -- Up-to-date: /home/joshuaneely/arduinobot_ws/install/arduinobot_msgs/lib/python3.12/site-packages/arduinobot_msgs/srv/_euler_to_quaternion.py
[0.610s] -- Up-to-date: /home/joshuaneely/arduinobot_ws/install/arduinobot_msgs/lib/python3.12/site-packages/arduinobot_msgs/srv/__init__.py
[0.610s] -- Up-to-date: /home/joshuaneely/arduinobot_ws/install/arduinobot_msgs/lib/python3.12/site-packages/arduinobot_msgs/srv/_quaternion_to_euler_s.c
[0.610s] -- Up-to-date: /home/joshuaneely/arduinobot_ws/install/arduinobot_msgs/lib/python3.12/site-packages/arduinobot_msgs/srv/_quaternion_to_euler.py
[0.610s] -- Up-to-date: /home/joshuaneely/arduinobot_ws/install/arduinobot_msgs/lib/python3.12/site-packages/arduinobot_msgs/srv/_add_two_ints.py
[0.610s] -- Up-to-date: /home/joshuaneely/arduinobot_ws/install/arduinobot_msgs/lib/python3.12/site-packages/arduinobot_msgs/srv/_euler_to_quaternion_s.c
[0.610s] -- Up-to-date: /home/joshuaneely/arduinobot_ws/install/arduinobot_msgs/lib/python3.12/site-packages/arduinobot_msgs/_arduinobot_msgs_s.ep.rosidl_typesupport_c.c
[0.610s] -- Installing: /home/joshuaneely/arduinobot_ws/install/arduinobot_msgs/lib/python3.12/site-packages/arduinobot_msgs/arduinobot_msgs_s__rosidl_typesupport_fastrtps_c.so
[0.610s] -- Up-to-date: /home/joshuaneely/arduinobot_ws/install/arduinobot_msgs/lib/python3.12/site-packages/arduinobot_msgs/_arduinobot_msgs_s.ep.rosidl_typesupport_introspection_c.c
[0.610s] -- Up-to-date: /home/joshuaneely/arduinobot_ws/install/arduinobot_msgs/lib/python3.12/site-packages/arduinobot_msgs/__init__.py
[0.610s] -- Up-to-date: /home/joshuaneely/arduinobot_ws/install/arduinobot_msgs/lib/python3.12/site-packages/arduinobot_msgs/_arduinobot_msgs_s.ep.rosidl_typesupport_fastrtps_c.c
[0.610s] -- Installing: /home/joshuaneely/arduinobot_ws/install/arduinobot_msgs/lib/python3.12/site-packages/arduinobot_msgs/arduinobot_msgs_s__rosidl_typesupport_c.so
[0.610s] -- Installing: /home/joshuaneely/arduinobot_ws/install/arduinobot_msgs/lib/python3.12/site-packages/arduinobot_msgs/arduinobot_msgs_s__rosidl_typesupport_introspection_c.so
[0.626s] Listing '/home/joshuaneely/arduinobot_ws/install/arduinobot_msgs/lib/python3.12/site-packages/arduinobot_msgs'...
[0.626s] Listing '/home/joshuaneely/arduinobot_ws/install/arduinobot_msgs/lib/python3.12/site-packages/arduinobot_msgs/srv'...
[0.630s] -- Installing: /home/joshuaneely/arduinobot_ws/install/arduinobot_msgs/lib/python3.12/site-packages/arduinobot_msgs/arduinobot_msgs_s__rosidl_typesupport_fastrtps_c.so
[0.630s] -- Set non-toolchain portion of runtime path of "/home/joshuaneely/arduinobot_ws/install/arduinobot_msgs/lib/python3.12/site-packages/arduinobot_msgs/arduinobot_msgs_s__rosidl_typesupport_fastrtps_c.so" to ""
[0.630s] -- Installing: /home/joshuaneely/arduinobot_ws/install/arduinobot_msgs/lib/python3.12/site-packages/arduinobot_msgs/arduinobot_msgs_s__rosidl_typesupport_introspection_c.so
[0.631s] -- Set non-toolchain portion of runtime path of "/home/joshuaneely/arduinobot_ws/install/arduinobot_msgs/lib/python3.12/site-packages/arduinobot_msgs/arduinobot_msgs_s__rosidl_typesupport_introspection_c.so" to ""
[0.631s] -- Installing: /home/joshuaneely/arduinobot_ws/install/arduinobot_msgs/lib/python3.12/site-packages/arduinobot_msgs/arduinobot_msgs_s__rosidl_typesupport_c.so
[0.631s] -- Set non-toolchain portion of runtime path of "/home/joshuaneely/arduinobot_ws/install/arduinobot_msgs/lib/python3.12/site-packages/arduinobot_msgs/arduinobot_msgs_s__rosidl_typesupport_c.so" to ""
[0.632s] -- Installing: /home/joshuaneely/arduinobot_ws/install/arduinobot_msgs/lib/libarduinobot_msgs__rosidl_generator_py.so
[0.633s] -- Set non-toolchain portion of runtime path of "/home/joshuaneely/arduinobot_ws/install/arduinobot_msgs/lib/libarduinobot_msgs__rosidl_generator_py.so" to ""
[0.633s] -- Up-to-date: /home/joshuaneely/arduinobot_ws/install/arduinobot_msgs/share/arduinobot_msgs/srv/AddTwoInts.idl
[0.633s] -- Up-to-date: /home/joshuaneely/arduinobot_ws/install/arduinobot_msgs/share/arduinobot_msgs/srv/EulerToQuaternion.idl
[0.633s] -- Up-to-date: /home/joshuaneely/arduinobot_ws/install/arduinobot_msgs/share/arduinobot_msgs/srv/QuaternionToEuler.idl
[0.633s] -- Up-to-date: /home/joshuaneely/arduinobot_ws/install/arduinobot_msgs/share/arduinobot_msgs/srv/AddTwoInts.srv
[0.633s] -- Up-to-date: /home/joshuaneely/arduinobot_ws/install/arduinobot_msgs/share/arduinobot_msgs/srv/EulerToQuaternion.srv
[0.633s] -- Up-to-date: /home/joshuaneely/arduinobot_ws/install/arduinobot_msgs/share/arduinobot_msgs/srv/QuaternionToEuler.srv
[0.633s] -- Up-to-date: /home/joshuaneely/arduinobot_ws/install/arduinobot_msgs/share/ament_index/resource_index/package_run_dependencies/arduinobot_msgs
[0.633s] -- Up-to-date: /home/joshuaneely/arduinobot_ws/install/arduinobot_msgs/share/ament_index/resource_index/parent_prefix_path/arduinobot_msgs
[0.633s] -- Up-to-date: /home/joshuaneely/arduinobot_ws/install/arduinobot_msgs/share/arduinobot_msgs/environment/ament_prefix_path.sh
[0.633s] -- Up-to-date: /home/joshuaneely/arduinobot_ws/install/arduinobot_msgs/share/arduinobot_msgs/environment/ament_prefix_path.dsv
[0.633s] -- Up-to-date: /home/joshuaneely/arduinobot_ws/install/arduinobot_msgs/share/arduinobot_msgs/environment/path.sh
[0.633s] -- Up-to-date: /home/joshuaneely/arduinobot_ws/install/arduinobot_msgs/share/arduinobot_msgs/environment/path.dsv
[0.633s] -- Up-to-date: /home/joshuaneely/arduinobot_ws/install/arduinobot_msgs/share/arduinobot_msgs/local_setup.bash
[0.633s] -- Up-to-date: /home/joshuaneely/arduinobot_ws/install/arduinobot_msgs/share/arduinobot_msgs/local_setup.sh
[0.633s] -- Up-to-date: /home/joshuaneely/arduinobot_ws/install/arduinobot_msgs/share/arduinobot_msgs/local_setup.zsh
[0.633s] -- Up-to-date: /home/joshuaneely/arduinobot_ws/install/arduinobot_msgs/share/arduinobot_msgs/local_setup.dsv
[0.634s] -- Installing: /home/joshuaneely/arduinobot_ws/install/arduinobot_msgs/share/arduinobot_msgs/package.dsv
[0.634s] -- Up-to-date: /home/joshuaneely/arduinobot_ws/install/arduinobot_msgs/share/ament_index/resource_index/packages/arduinobot_msgs
[0.635s] -- Up-to-date: /home/joshuaneely/arduinobot_ws/install/arduinobot_msgs/share/arduinobot_msgs/cmake/export_arduinobot_msgs__rosidl_generator_cExport.cmake
[0.635s] -- Up-to-date: /home/joshuaneely/arduinobot_ws/install/arduinobot_msgs/share/arduinobot_msgs/cmake/export_arduinobot_msgs__rosidl_generator_cExport-noconfig.cmake
[0.635s] -- Up-to-date: /home/joshuaneely/arduinobot_ws/install/arduinobot_msgs/share/arduinobot_msgs/cmake/export_arduinobot_msgs__rosidl_typesupport_fastrtps_cExport.cmake
[0.636s] -- Up-to-date: /home/joshuaneely/arduinobot_ws/install/arduinobot_msgs/share/arduinobot_msgs/cmake/export_arduinobot_msgs__rosidl_typesupport_fastrtps_cExport-noconfig.cmake
[0.636s] -- Up-to-date: /home/joshuaneely/arduinobot_ws/install/arduinobot_msgs/share/arduinobot_msgs/cmake/export_arduinobot_msgs__rosidl_generator_cppExport.cmake
[0.637s] -- Up-to-date: /home/joshuaneely/arduinobot_ws/install/arduinobot_msgs/share/arduinobot_msgs/cmake/export_arduinobot_msgs__rosidl_typesupport_fastrtps_cppExport.cmake
[0.637s] -- Up-to-date: /home/joshuaneely/arduinobot_ws/install/arduinobot_msgs/share/arduinobot_msgs/cmake/export_arduinobot_msgs__rosidl_typesupport_fastrtps_cppExport-noconfig.cmake
[0.637s] -- Up-to-date: /home/joshuaneely/arduinobot_ws/install/arduinobot_msgs/share/arduinobot_msgs/cmake/arduinobot_msgs__rosidl_typesupport_introspection_cExport.cmake
[0.637s] -- Up-to-date: /home/joshuaneely/arduinobot_ws/install/arduinobot_msgs/share/arduinobot_msgs/cmake/arduinobot_msgs__rosidl_typesupport_introspection_cExport-noconfig.cmake
[0.638s] -- Up-to-date: /home/joshuaneely/arduinobot_ws/install/arduinobot_msgs/share/arduinobot_msgs/cmake/arduinobot_msgs__rosidl_typesupport_cExport.cmake
[0.638s] -- Up-to-date: /home/joshuaneely/arduinobot_ws/install/arduinobot_msgs/share/arduinobot_msgs/cmake/arduinobot_msgs__rosidl_typesupport_cExport-noconfig.cmake
[0.638s] -- Up-to-date: /home/joshuaneely/arduinobot_ws/install/arduinobot_msgs/share/arduinobot_msgs/cmake/arduinobot_msgs__rosidl_typesupport_introspection_cppExport.cmake
[0.638s] -- Up-to-date: /home/joshuaneely/arduinobot_ws/install/arduinobot_msgs/share/arduinobot_msgs/cmake/arduinobot_msgs__rosidl_typesupport_introspection_cppExport-noconfig.cmake
[0.639s] -- Up-to-date: /home/joshuaneely/arduinobot_ws/install/arduinobot_msgs/share/arduinobot_msgs/cmake/arduinobot_msgs__rosidl_typesupport_cppExport.cmake
[0.639s] -- Up-to-date: /home/joshuaneely/arduinobot_ws/install/arduinobot_msgs/share/arduinobot_msgs/cmake/arduinobot_msgs__rosidl_typesupport_cppExport-noconfig.cmake
[0.640s] -- Up-to-date: /home/joshuaneely/arduinobot_ws/install/arduinobot_msgs/share/arduinobot_msgs/cmake/export_arduinobot_msgs__rosidl_generator_pyExport.cmake
[0.640s] -- Up-to-date: /home/joshuaneely/arduinobot_ws/install/arduinobot_msgs/share/arduinobot_msgs/cmake/export_arduinobot_msgs__rosidl_generator_pyExport-noconfig.cmake
[0.640s] -- Up-to-date: /home/joshuaneely/arduinobot_ws/install/arduinobot_msgs/share/arduinobot_msgs/cmake/rosidl_cmake-extras.cmake
[0.640s] -- Up-to-date: /home/joshuaneely/arduinobot_ws/install/arduinobot_msgs/share/arduinobot_msgs/cmake/ament_cmake_export_dependencies-extras.cmake
[0.640s] -- Up-to-date: /home/joshuaneely/arduinobot_ws/install/arduinobot_msgs/share/arduinobot_msgs/cmake/ament_cmake_export_include_directories-extras.cmake
[0.640s] -- Up-to-date: /home/joshuaneely/arduinobot_ws/install/arduinobot_msgs/share/arduinobot_msgs/cmake/ament_cmake_export_libraries-extras.cmake
[0.640s] -- Up-to-date: /home/joshuaneely/arduinobot_ws/install/arduinobot_msgs/share/arduinobot_msgs/cmake/ament_cmake_export_targets-extras.cmake
[0.640s] -- Up-to-date: /home/joshuaneely/arduinobot_ws/install/arduinobot_msgs/share/arduinobot_msgs/cmake/rosidl_cmake_export_typesupport_targets-extras.cmake
[0.640s] -- Up-to-date: /home/joshuaneely/arduinobot_ws/install/arduinobot_msgs/share/arduinobot_msgs/cmake/rosidl_cmake_export_typesupport_libraries-extras.cmake
[0.640s] -- Up-to-date: /home/joshuaneely/arduinobot_ws/install/arduinobot_msgs/share/arduinobot_msgs/cmake/arduinobot_msgsConfig.cmake
[0.640s] -- Up-to-date: /home/joshuaneely/arduinobot_ws/install/arduinobot_msgs/share/arduinobot_msgs/cmake/arduinobot_msgsConfig-version.cmake
[0.640s] -- Up-to-date: /home/joshuaneely/arduinobot_ws/install/arduinobot_msgs/share/arduinobot_msgs/package.xml
[0.642s] Invoked command in '/home/joshuaneely/arduinobot_ws/build/arduinobot_msgs' returned '0': CMAKE_PREFIX_PATH=${CMAKE_PREFIX_PATH}:/opt/ros/jazzy DEBUGINFOD_URLS=https://debuginfod.ubuntu.com /usr/bin/cmake --install /home/joshuaneely/arduinobot_ws/build/arduinobot_msgs
