[0.420s] Invoking command in '/home/joshuaneely/arduinobot_ws/src/arduinobot_py_examples': AMENT_PREFIX_PATH=/home/joshuaneely/arduinobot_ws/install/arduinobot_msgs:${AMENT_PREFIX_PATH} CMAKE_PREFIX_PATH=/home/joshuaneely/arduinobot_ws/install/arduinobot_msgs:${CMAKE_PREFIX_PATH} DEBUGINFOD_URLS=https://debuginfod.ubuntu.com LD_LIBRARY_PATH=/home/joshuaneely/arduinobot_ws/install/arduinobot_msgs/lib:${LD_LIBRARY_PATH} PYTHONPATH=/home/joshuaneely/arduinobot_ws/build/arduinobot_py_examples/prefix_override:/usr/lib/python3/dist-packages/colcon_core/task/python/colcon_distutils_commands:/home/joshuaneely/arduinobot_ws/install/arduinobot_py_examples/lib/python3.12/site-packages:/home/joshuaneely/arduinobot_ws/install/arduinobot_msgs/lib/python3.12/site-packages:${PYTHONPATH} /usr/bin/python3 -W ignore:setup.py install is deprecated -W ignore:easy_install command is deprecated setup.py egg_info --egg-base ../../build/arduinobot_py_examples build --build-base /home/joshuaneely/arduinobot_ws/build/arduinobot_py_examples/build install --record /home/joshuaneely/arduinobot_ws/build/arduinobot_py_examples/install.log --single-version-externally-managed install_data
[0.561s] running egg_info
[0.571s] writing ../../build/arduinobot_py_examples/arduinobot_py_examples.egg-info/PKG-INFO
[0.571s] writing dependency_links to ../../build/arduinobot_py_examples/arduinobot_py_examples.egg-info/dependency_links.txt
[0.571s] writing entry points to ../../build/arduinobot_py_examples/arduinobot_py_examples.egg-info/entry_points.txt
[0.571s] writing requirements to ../../build/arduinobot_py_examples/arduinobot_py_examples.egg-info/requires.txt
[0.571s] writing top-level names to ../../build/arduinobot_py_examples/arduinobot_py_examples.egg-info/top_level.txt
[0.590s] reading manifest file '../../build/arduinobot_py_examples/arduinobot_py_examples.egg-info/SOURCES.txt'
[0.590s] writing manifest file '../../build/arduinobot_py_examples/arduinobot_py_examples.egg-info/SOURCES.txt'
[0.591s] running build
[0.591s] running build_py
[0.591s] running install
[0.594s] running install_lib
[0.604s] running install_data
[0.604s] running install_egg_info
[0.614s] removing '/home/joshuaneely/arduinobot_ws/install/arduinobot_py_examples/lib/python3.12/site-packages/arduinobot_py_examples-0.0.0-py3.12.egg-info' (and everything under it)
[0.614s] Copying ../../build/arduinobot_py_examples/arduinobot_py_examples.egg-info to /home/joshuaneely/arduinobot_ws/install/arduinobot_py_examples/lib/python3.12/site-packages/arduinobot_py_examples-0.0.0-py3.12.egg-info
[0.614s] running install_scripts
[0.679s] Installing simple_action_client script to /home/joshuaneely/arduinobot_ws/install/arduinobot_py_examples/lib/arduinobot_py_examples
[0.680s] Installing simple_action_server script to /home/joshuaneely/arduinobot_ws/install/arduinobot_py_examples/lib/arduinobot_py_examples
[0.681s] Installing simple_moveit_interface script to /home/joshuaneely/arduinobot_ws/install/arduinobot_py_examples/lib/arduinobot_py_examples
[0.681s] Installing simple_parameter script to /home/joshuaneely/arduinobot_ws/install/arduinobot_py_examples/lib/arduinobot_py_examples
[0.681s] Installing simple_publisher script to /home/joshuaneely/arduinobot_ws/install/arduinobot_py_examples/lib/arduinobot_py_examples
[0.681s] Installing simple_service_client script to /home/joshuaneely/arduinobot_ws/install/arduinobot_py_examples/lib/arduinobot_py_examples
[0.681s] Installing simple_service_server script to /home/joshuaneely/arduinobot_ws/install/arduinobot_py_examples/lib/arduinobot_py_examples
[0.681s] Installing simple_subscriber script to /home/joshuaneely/arduinobot_ws/install/arduinobot_py_examples/lib/arduinobot_py_examples
[0.681s] writing list of installed files to '/home/joshuaneely/arduinobot_ws/build/arduinobot_py_examples/install.log'
