[0.015s] Invoking command in '/home/joshuaneely/arduinobot_ws/build/arduinobot_bringup': CMAKE_PREFIX_PATH=${CMAKE_PREFIX_PATH}:/opt/ros/jazzy DEBUGINFOD_URLS=https://debuginfod.ubuntu.com /usr/bin/cmake --build /home/joshuaneely/arduinobot_ws/build/arduinobot_bringup -- -j8 -l8
[0.028s] -- Found ament_cmake: 2.5.4 (/opt/ros/jazzy/share/ament_cmake/cmake)
[0.159s] -- Found ament_lint_auto: 0.17.2 (/opt/ros/jazzy/share/ament_lint_auto/cmake)
[0.209s] -- Added test 'flake8' to check Python code syntax and style conventions
[0.209s] -- Configured 'flake8' exclude dirs and/or files: 
[0.209s] -- Added test 'lint_cmake' to check CMake code style
[0.209s] -- Added test 'pep257' to check Python code against some of the docstring style conventions in PEP 257
[0.210s] -- Added test 'xmllint' to check XML markup files
[0.210s] -- Configuring done (0.2s)
[0.212s] -- Generating done (0.0s)
[0.214s] -- Build files have been written to: /home/joshuaneely/arduinobot_ws/build/arduinobot_bringup
[0.224s] Invoked command in '/home/joshuaneely/arduinobot_ws/build/arduinobot_bringup' returned '0': CMAKE_PREFIX_PATH=${CMAKE_PREFIX_PATH}:/opt/ros/jazzy DEBUGINFOD_URLS=https://debuginfod.ubuntu.com /usr/bin/cmake --build /home/joshuaneely/arduinobot_ws/build/arduinobot_bringup -- -j8 -l8
[0.226s] Invoking command in '/home/joshuaneely/arduinobot_ws/build/arduinobot_bringup': CMAKE_PREFIX_PATH=${CMAKE_PREFIX_PATH}:/opt/ros/jazzy DEBUGINFOD_URLS=https://debuginfod.ubuntu.com /usr/bin/cmake --install /home/joshuaneely/arduinobot_ws/build/arduinobot_bringup
[0.231s] -- Install configuration: ""
[0.231s] -- Installing: /home/joshuaneely/arduinobot_ws/install/arduinobot_bringup/share/arduinobot_bringup/launch
[0.233s] -- Installing: /home/joshuaneely/arduinobot_ws/install/arduinobot_bringup/share/arduinobot_bringup/launch/simulated_robot.launch.py
[0.233s] -- Installing: /home/joshuaneely/arduinobot_ws/install/arduinobot_bringup/share/ament_index/resource_index/package_run_dependencies/arduinobot_bringup
[0.233s] -- Up-to-date: /home/joshuaneely/arduinobot_ws/install/arduinobot_bringup/share/ament_index/resource_index/parent_prefix_path/arduinobot_bringup
[0.233s] -- Up-to-date: /home/joshuaneely/arduinobot_ws/install/arduinobot_bringup/share/arduinobot_bringup/environment/ament_prefix_path.sh
[0.233s] -- Up-to-date: /home/joshuaneely/arduinobot_ws/install/arduinobot_bringup/share/arduinobot_bringup/environment/ament_prefix_path.dsv
[0.233s] -- Up-to-date: /home/joshuaneely/arduinobot_ws/install/arduinobot_bringup/share/arduinobot_bringup/environment/path.sh
[0.234s] -- Up-to-date: /home/joshuaneely/arduinobot_ws/install/arduinobot_bringup/share/arduinobot_bringup/environment/path.dsv
[0.234s] -- Up-to-date: /home/joshuaneely/arduinobot_ws/install/arduinobot_bringup/share/arduinobot_bringup/local_setup.bash
[0.234s] -- Up-to-date: /home/joshuaneely/arduinobot_ws/install/arduinobot_bringup/share/arduinobot_bringup/local_setup.sh
[0.234s] -- Up-to-date: /home/joshuaneely/arduinobot_ws/install/arduinobot_bringup/share/arduinobot_bringup/local_setup.zsh
[0.234s] -- Up-to-date: /home/joshuaneely/arduinobot_ws/install/arduinobot_bringup/share/arduinobot_bringup/local_setup.dsv
[0.234s] -- Up-to-date: /home/joshuaneely/arduinobot_ws/install/arduinobot_bringup/share/arduinobot_bringup/package.dsv
[0.234s] -- Up-to-date: /home/joshuaneely/arduinobot_ws/install/arduinobot_bringup/share/ament_index/resource_index/packages/arduinobot_bringup
[0.234s] -- Up-to-date: /home/joshuaneely/arduinobot_ws/install/arduinobot_bringup/share/arduinobot_bringup/cmake/arduinobot_bringupConfig.cmake
[0.234s] -- Up-to-date: /home/joshuaneely/arduinobot_ws/install/arduinobot_bringup/share/arduinobot_bringup/cmake/arduinobot_bringupConfig-version.cmake
[0.234s] -- Installing: /home/joshuaneely/arduinobot_ws/install/arduinobot_bringup/share/arduinobot_bringup/package.xml
[0.234s] Invoked command in '/home/joshuaneely/arduinobot_ws/build/arduinobot_bringup' returned '0': CMAKE_PREFIX_PATH=${CMAKE_PREFIX_PATH}:/opt/ros/jazzy DEBUGINFOD_URLS=https://debuginfod.ubuntu.com /usr/bin/cmake --install /home/joshuaneely/arduinobot_ws/build/arduinobot_bringup
