[0.019s] Invoking command in '/home/joshuaneely/arduinobot_ws/build/arduinobot_bringup': CMAKE_PREFIX_PATH=${CMAKE_PREFIX_PATH}:/home/joshuaneely/arduinobot_ws/install/arduinobot_py_examples:/opt/ros/jazzy DEBUGINFOD_URLS=https://debuginfod.ubuntu.com /usr/bin/cmake --build /home/joshuaneely/arduinobot_ws/build/arduinobot_bringup -- -j8 -l8
[0.053s] Invoked command in '/home/joshuaneely/arduinobot_ws/build/arduinobot_bringup' returned '0': CMAKE_PREFIX_PATH=${CMAKE_PREFIX_PATH}:/home/joshuaneely/arduinobot_ws/install/arduinobot_py_examples:/opt/ros/jazzy DEBUGINFOD_URLS=https://debuginfod.ubuntu.com /usr/bin/cmake --build /home/joshuaneely/arduinobot_ws/build/arduinobot_bringup -- -j8 -l8
[0.054s] Invoking command in '/home/joshuaneely/arduinobot_ws/build/arduinobot_bringup': CMAKE_PREFIX_PATH=${CMAKE_PREFIX_PATH}:/home/joshuaneely/arduinobot_ws/install/arduinobot_py_examples:/opt/ros/jazzy DEBUGINFOD_URLS=https://debuginfod.ubuntu.com /usr/bin/cmake --install /home/joshuaneely/arduinobot_ws/build/arduinobot_bringup
[0.058s] -- Install configuration: ""
[0.058s] -- Up-to-date: /home/joshuaneely/arduinobot_ws/install/arduinobot_bringup/share/arduinobot_bringup/launch
[0.058s] -- Up-to-date: /home/joshuaneely/arduinobot_ws/install/arduinobot_bringup/share/arduinobot_bringup/launch/simulated_robot.launch.py
[0.058s] -- Up-to-date: /home/joshuaneely/arduinobot_ws/install/arduinobot_bringup/share/ament_index/resource_index/package_run_dependencies/arduinobot_bringup
[0.058s] -- Up-to-date: /home/joshuaneely/arduinobot_ws/install/arduinobot_bringup/share/ament_index/resource_index/parent_prefix_path/arduinobot_bringup
[0.059s] -- Up-to-date: /home/joshuaneely/arduinobot_ws/install/arduinobot_bringup/share/arduinobot_bringup/environment/ament_prefix_path.sh
[0.059s] -- Up-to-date: /home/joshuaneely/arduinobot_ws/install/arduinobot_bringup/share/arduinobot_bringup/environment/ament_prefix_path.dsv
[0.059s] -- Up-to-date: /home/joshuaneely/arduinobot_ws/install/arduinobot_bringup/share/arduinobot_bringup/environment/path.sh
[0.059s] -- Up-to-date: /home/joshuaneely/arduinobot_ws/install/arduinobot_bringup/share/arduinobot_bringup/environment/path.dsv
[0.059s] -- Up-to-date: /home/joshuaneely/arduinobot_ws/install/arduinobot_bringup/share/arduinobot_bringup/local_setup.bash
[0.059s] -- Up-to-date: /home/joshuaneely/arduinobot_ws/install/arduinobot_bringup/share/arduinobot_bringup/local_setup.sh
[0.059s] -- Up-to-date: /home/joshuaneely/arduinobot_ws/install/arduinobot_bringup/share/arduinobot_bringup/local_setup.zsh
[0.059s] -- Up-to-date: /home/joshuaneely/arduinobot_ws/install/arduinobot_bringup/share/arduinobot_bringup/local_setup.dsv
[0.059s] -- Installing: /home/joshuaneely/arduinobot_ws/install/arduinobot_bringup/share/arduinobot_bringup/package.dsv
[0.059s] -- Up-to-date: /home/joshuaneely/arduinobot_ws/install/arduinobot_bringup/share/ament_index/resource_index/packages/arduinobot_bringup
[0.059s] -- Up-to-date: /home/joshuaneely/arduinobot_ws/install/arduinobot_bringup/share/arduinobot_bringup/cmake/arduinobot_bringupConfig.cmake
[0.059s] -- Up-to-date: /home/joshuaneely/arduinobot_ws/install/arduinobot_bringup/share/arduinobot_bringup/cmake/arduinobot_bringupConfig-version.cmake
[0.059s] -- Up-to-date: /home/joshuaneely/arduinobot_ws/install/arduinobot_bringup/share/arduinobot_bringup/package.xml
[0.071s] Invoked command in '/home/joshuaneely/arduinobot_ws/build/arduinobot_bringup' returned '0': CMAKE_PREFIX_PATH=${CMAKE_PREFIX_PATH}:/home/joshuaneely/arduinobot_ws/install/arduinobot_py_examples:/opt/ros/jazzy DEBUGINFOD_URLS=https://debuginfod.ubuntu.com /usr/bin/cmake --install /home/joshuaneely/arduinobot_ws/build/arduinobot_bringup
