[0.045s] DEBUG:colcon:Command line arguments: ['/usr/bin/colcon', 'build']
[0.045s] DEBUG:colcon:Parsed command line arguments: Namespace(log_base=None, log_level=None, verb_name='build', build_base='build', install_base='install', merge_install=False, symlink_install=False, test_result_base=None, continue_on_error=False, executor='parallel', parallel_workers=8, event_handlers=None, ignore_user_meta=False, metas=['./colcon.meta'], base_paths=['.'], packages_ignore=None, packages_ignore_regex=None, paths=None, packages_up_to=None, packages_up_to_regex=None, packages_above=None, packages_above_and_dependencies=None, packages_above_depth=None, packages_select_by_dep=None, packages_skip_by_dep=None, packages_skip_up_to=None, packages_select_build_failed=False, packages_skip_build_finished=False, packages_select_test_failures=False, packages_skip_test_passed=False, packages_select=None, packages_skip=None, packages_select_regex=None, packages_skip_regex=None, packages_start=None, packages_end=None, allow_overriding=[], cmake_args=None, cmake_target=None, cmake_target_skip_unavailable=False, cmake_clean_cache=False, cmake_clean_first=False, cmake_force_configure=False, ament_cmake_args=None, catkin_cmake_args=None, catkin_skip_building_tests=False, mixin_files=None, mixin=None, verb_parser=<colcon_mixin.mixin.mixin_argument.MixinArgumentDecorator object at 0xe6efd947e540>, verb_extension=<colcon_core.verb.build.BuildVerb object at 0xe6efd947e0f0>, main=<bound method BuildVerb.main of <colcon_core.verb.build.BuildVerb object at 0xe6efd947e0f0>>, mixin_verb=('build',))
[0.059s] Level 1:colcon.colcon_core.package_discovery:discover_packages(colcon_meta) check parameters
[0.059s] Level 1:colcon.colcon_core.package_discovery:discover_packages(recursive) check parameters
[0.059s] Level 1:colcon.colcon_core.package_discovery:discover_packages(ignore) check parameters
[0.059s] Level 1:colcon.colcon_core.package_discovery:discover_packages(path) check parameters
[0.059s] Level 1:colcon.colcon_core.package_discovery:discover_packages(colcon_meta) discover
[0.060s] Level 1:colcon.colcon_core.package_discovery:discover_packages(recursive) discover
[0.060s] INFO:colcon.colcon_core.package_discovery:Crawling recursively for packages in '/home/joshuaneely/arduinobot_ws'
[0.060s] Level 1:colcon.colcon_core.package_identification:_identify(.) by extensions ['ignore', 'ignore_ament_install']
[0.060s] Level 1:colcon.colcon_core.package_identification:_identify(.) by extension 'ignore'
[0.060s] Level 1:colcon.colcon_core.package_identification:_identify(.) by extension 'ignore_ament_install'
[0.060s] Level 1:colcon.colcon_core.package_identification:_identify(.) by extensions ['colcon_pkg']
[0.060s] Level 1:colcon.colcon_core.package_identification:_identify(.) by extension 'colcon_pkg'
[0.060s] Level 1:colcon.colcon_core.package_identification:_identify(.) by extensions ['colcon_meta']
[0.060s] Level 1:colcon.colcon_core.package_identification:_identify(.) by extension 'colcon_meta'
[0.060s] Level 1:colcon.colcon_core.package_identification:_identify(.) by extensions ['ros']
[0.060s] Level 1:colcon.colcon_core.package_identification:_identify(.) by extension 'ros'
[0.070s] Level 1:colcon.colcon_core.package_identification:_identify(.) by extensions ['cmake', 'python']
[0.070s] Level 1:colcon.colcon_core.package_identification:_identify(.) by extension 'cmake'
[0.070s] Level 1:colcon.colcon_core.package_identification:_identify(.) by extension 'python'
[0.070s] Level 1:colcon.colcon_core.package_identification:_identify(.) by extensions ['python_setup_py']
[0.070s] Level 1:colcon.colcon_core.package_identification:_identify(.) by extension 'python_setup_py'
[0.071s] Level 1:colcon.colcon_core.package_identification:_identify(build) by extensions ['ignore', 'ignore_ament_install']
[0.071s] Level 1:colcon.colcon_core.package_identification:_identify(build) by extension 'ignore'
[0.071s] Level 1:colcon.colcon_core.package_identification:_identify(build) ignored
[0.071s] Level 1:colcon.colcon_core.package_identification:_identify(install) by extensions ['ignore', 'ignore_ament_install']
[0.071s] Level 1:colcon.colcon_core.package_identification:_identify(install) by extension 'ignore'
[0.071s] Level 1:colcon.colcon_core.package_identification:_identify(install) ignored
[0.071s] Level 1:colcon.colcon_core.package_identification:_identify(log) by extensions ['ignore', 'ignore_ament_install']
[0.071s] Level 1:colcon.colcon_core.package_identification:_identify(log) by extension 'ignore'
[0.071s] Level 1:colcon.colcon_core.package_identification:_identify(log) ignored
[0.071s] Level 1:colcon.colcon_core.package_identification:_identify(src) by extensions ['ignore', 'ignore_ament_install']
[0.071s] Level 1:colcon.colcon_core.package_identification:_identify(src) by extension 'ignore'
[0.071s] Level 1:colcon.colcon_core.package_identification:_identify(src) by extension 'ignore_ament_install'
[0.071s] Level 1:colcon.colcon_core.package_identification:_identify(src) by extensions ['colcon_pkg']
[0.071s] Level 1:colcon.colcon_core.package_identification:_identify(src) by extension 'colcon_pkg'
[0.071s] Level 1:colcon.colcon_core.package_identification:_identify(src) by extensions ['colcon_meta']
[0.071s] Level 1:colcon.colcon_core.package_identification:_identify(src) by extension 'colcon_meta'
[0.071s] Level 1:colcon.colcon_core.package_identification:_identify(src) by extensions ['ros']
[0.071s] Level 1:colcon.colcon_core.package_identification:_identify(src) by extension 'ros'
[0.071s] Level 1:colcon.colcon_core.package_identification:_identify(src) by extensions ['cmake', 'python']
[0.071s] Level 1:colcon.colcon_core.package_identification:_identify(src) by extension 'cmake'
[0.071s] Level 1:colcon.colcon_core.package_identification:_identify(src) by extension 'python'
[0.071s] Level 1:colcon.colcon_core.package_identification:_identify(src) by extensions ['python_setup_py']
[0.071s] Level 1:colcon.colcon_core.package_identification:_identify(src) by extension 'python_setup_py'
[0.071s] Level 1:colcon.colcon_core.package_identification:_identify(src/arduinobot_controller) by extensions ['ignore', 'ignore_ament_install']
[0.071s] Level 1:colcon.colcon_core.package_identification:_identify(src/arduinobot_controller) by extension 'ignore'
[0.071s] Level 1:colcon.colcon_core.package_identification:_identify(src/arduinobot_controller) by extension 'ignore_ament_install'
[0.071s] Level 1:colcon.colcon_core.package_identification:_identify(src/arduinobot_controller) by extensions ['colcon_pkg']
[0.071s] Level 1:colcon.colcon_core.package_identification:_identify(src/arduinobot_controller) by extension 'colcon_pkg'
[0.071s] Level 1:colcon.colcon_core.package_identification:_identify(src/arduinobot_controller) by extensions ['colcon_meta']
[0.071s] Level 1:colcon.colcon_core.package_identification:_identify(src/arduinobot_controller) by extension 'colcon_meta'
[0.071s] Level 1:colcon.colcon_core.package_identification:_identify(src/arduinobot_controller) by extensions ['ros']
[0.071s] Level 1:colcon.colcon_core.package_identification:_identify(src/arduinobot_controller) by extension 'ros'
[0.072s] DEBUG:colcon.colcon_core.package_identification:Package 'src/arduinobot_controller' with type 'ros.ament_cmake' and name 'arduinobot_controller'
[0.072s] Level 1:colcon.colcon_core.package_identification:_identify(src/arduinobot_cpp_examples) by extensions ['ignore', 'ignore_ament_install']
[0.072s] Level 1:colcon.colcon_core.package_identification:_identify(src/arduinobot_cpp_examples) by extension 'ignore'
[0.073s] Level 1:colcon.colcon_core.package_identification:_identify(src/arduinobot_cpp_examples) by extension 'ignore_ament_install'
[0.073s] Level 1:colcon.colcon_core.package_identification:_identify(src/arduinobot_cpp_examples) by extensions ['colcon_pkg']
[0.073s] Level 1:colcon.colcon_core.package_identification:_identify(src/arduinobot_cpp_examples) by extension 'colcon_pkg'
[0.073s] Level 1:colcon.colcon_core.package_identification:_identify(src/arduinobot_cpp_examples) by extensions ['colcon_meta']
[0.073s] Level 1:colcon.colcon_core.package_identification:_identify(src/arduinobot_cpp_examples) by extension 'colcon_meta'
[0.073s] Level 1:colcon.colcon_core.package_identification:_identify(src/arduinobot_cpp_examples) by extensions ['ros']
[0.073s] Level 1:colcon.colcon_core.package_identification:_identify(src/arduinobot_cpp_examples) by extension 'ros'
[0.073s] DEBUG:colcon.colcon_core.package_identification:Package 'src/arduinobot_cpp_examples' with type 'ros.ament_cmake' and name 'arduinobot_cpp_examples'
[0.073s] Level 1:colcon.colcon_core.package_identification:_identify(src/arduinobot_description) by extensions ['ignore', 'ignore_ament_install']
[0.073s] Level 1:colcon.colcon_core.package_identification:_identify(src/arduinobot_description) by extension 'ignore'
[0.073s] Level 1:colcon.colcon_core.package_identification:_identify(src/arduinobot_description) by extension 'ignore_ament_install'
[0.073s] Level 1:colcon.colcon_core.package_identification:_identify(src/arduinobot_description) by extensions ['colcon_pkg']
[0.073s] Level 1:colcon.colcon_core.package_identification:_identify(src/arduinobot_description) by extension 'colcon_pkg'
[0.073s] Level 1:colcon.colcon_core.package_identification:_identify(src/arduinobot_description) by extensions ['colcon_meta']
[0.073s] Level 1:colcon.colcon_core.package_identification:_identify(src/arduinobot_description) by extension 'colcon_meta'
[0.073s] Level 1:colcon.colcon_core.package_identification:_identify(src/arduinobot_description) by extensions ['ros']
[0.073s] Level 1:colcon.colcon_core.package_identification:_identify(src/arduinobot_description) by extension 'ros'
[0.074s] DEBUG:colcon.colcon_core.package_identification:Package 'src/arduinobot_description' with type 'ros.ament_cmake' and name 'arduinobot_description'
[0.074s] Level 1:colcon.colcon_core.package_identification:_identify(src/arduinobot_moveit) by extensions ['ignore', 'ignore_ament_install']
[0.074s] Level 1:colcon.colcon_core.package_identification:_identify(src/arduinobot_moveit) by extension 'ignore'
[0.074s] Level 1:colcon.colcon_core.package_identification:_identify(src/arduinobot_moveit) by extension 'ignore_ament_install'
[0.074s] Level 1:colcon.colcon_core.package_identification:_identify(src/arduinobot_moveit) by extensions ['colcon_pkg']
[0.074s] Level 1:colcon.colcon_core.package_identification:_identify(src/arduinobot_moveit) by extension 'colcon_pkg'
[0.074s] Level 1:colcon.colcon_core.package_identification:_identify(src/arduinobot_moveit) by extensions ['colcon_meta']
[0.075s] Level 1:colcon.colcon_core.package_identification:_identify(src/arduinobot_moveit) by extension 'colcon_meta'
[0.075s] Level 1:colcon.colcon_core.package_identification:_identify(src/arduinobot_moveit) by extensions ['ros']
[0.075s] Level 1:colcon.colcon_core.package_identification:_identify(src/arduinobot_moveit) by extension 'ros'
[0.075s] DEBUG:colcon.colcon_core.package_identification:Package 'src/arduinobot_moveit' with type 'ros.ament_cmake' and name 'arduinobot_moveit'
[0.075s] Level 1:colcon.colcon_core.package_identification:_identify(src/arduinobot_msgs) by extensions ['ignore', 'ignore_ament_install']
[0.075s] Level 1:colcon.colcon_core.package_identification:_identify(src/arduinobot_msgs) by extension 'ignore'
[0.075s] Level 1:colcon.colcon_core.package_identification:_identify(src/arduinobot_msgs) by extension 'ignore_ament_install'
[0.075s] Level 1:colcon.colcon_core.package_identification:_identify(src/arduinobot_msgs) by extensions ['colcon_pkg']
[0.075s] Level 1:colcon.colcon_core.package_identification:_identify(src/arduinobot_msgs) by extension 'colcon_pkg'
[0.075s] Level 1:colcon.colcon_core.package_identification:_identify(src/arduinobot_msgs) by extensions ['colcon_meta']
[0.075s] Level 1:colcon.colcon_core.package_identification:_identify(src/arduinobot_msgs) by extension 'colcon_meta'
[0.075s] Level 1:colcon.colcon_core.package_identification:_identify(src/arduinobot_msgs) by extensions ['ros']
[0.075s] Level 1:colcon.colcon_core.package_identification:_identify(src/arduinobot_msgs) by extension 'ros'
[0.075s] DEBUG:colcon.colcon_core.package_identification:Package 'src/arduinobot_msgs' with type 'ros.ament_cmake' and name 'arduinobot_msgs'
[0.075s] Level 1:colcon.colcon_core.package_identification:_identify(src/arduinobot_py_examples) by extensions ['ignore', 'ignore_ament_install']
[0.075s] Level 1:colcon.colcon_core.package_identification:_identify(src/arduinobot_py_examples) by extension 'ignore'
[0.075s] Level 1:colcon.colcon_core.package_identification:_identify(src/arduinobot_py_examples) by extension 'ignore_ament_install'
[0.075s] Level 1:colcon.colcon_core.package_identification:_identify(src/arduinobot_py_examples) by extensions ['colcon_pkg']
[0.075s] Level 1:colcon.colcon_core.package_identification:_identify(src/arduinobot_py_examples) by extension 'colcon_pkg'
[0.075s] Level 1:colcon.colcon_core.package_identification:_identify(src/arduinobot_py_examples) by extensions ['colcon_meta']
[0.075s] Level 1:colcon.colcon_core.package_identification:_identify(src/arduinobot_py_examples) by extension 'colcon_meta'
[0.075s] Level 1:colcon.colcon_core.package_identification:_identify(src/arduinobot_py_examples) by extensions ['ros']
[0.075s] Level 1:colcon.colcon_core.package_identification:_identify(src/arduinobot_py_examples) by extension 'ros'
[0.075s] DEBUG:colcon.colcon_core.package_identification:Package 'src/arduinobot_py_examples' with type 'ros.ament_python' and name 'arduinobot_py_examples'
[0.075s] Level 1:colcon.colcon_core.package_identification:_identify(src/arduinobot_utils) by extensions ['ignore', 'ignore_ament_install']
[0.075s] Level 1:colcon.colcon_core.package_identification:_identify(src/arduinobot_utils) by extension 'ignore'
[0.075s] Level 1:colcon.colcon_core.package_identification:_identify(src/arduinobot_utils) by extension 'ignore_ament_install'
[0.075s] Level 1:colcon.colcon_core.package_identification:_identify(src/arduinobot_utils) by extensions ['colcon_pkg']
[0.075s] Level 1:colcon.colcon_core.package_identification:_identify(src/arduinobot_utils) by extension 'colcon_pkg'
[0.076s] Level 1:colcon.colcon_core.package_identification:_identify(src/arduinobot_utils) by extensions ['colcon_meta']
[0.076s] Level 1:colcon.colcon_core.package_identification:_identify(src/arduinobot_utils) by extension 'colcon_meta'
[0.076s] Level 1:colcon.colcon_core.package_identification:_identify(src/arduinobot_utils) by extensions ['ros']
[0.076s] Level 1:colcon.colcon_core.package_identification:_identify(src/arduinobot_utils) by extension 'ros'
[0.076s] DEBUG:colcon.colcon_core.package_identification:Package 'src/arduinobot_utils' with type 'ros.ament_cmake' and name 'arduinobot_utils'
[0.076s] Level 1:colcon.colcon_core.package_discovery:discover_packages(recursive) using defaults
[0.076s] Level 1:colcon.colcon_core.package_discovery:discover_packages(ignore) discover
[0.076s] Level 1:colcon.colcon_core.package_discovery:discover_packages(ignore) using defaults
[0.076s] Level 1:colcon.colcon_core.package_discovery:discover_packages(path) discover
[0.076s] Level 1:colcon.colcon_core.package_discovery:discover_packages(path) using defaults
[0.083s] Level 1:colcon.colcon_core.package_discovery:discover_packages(prefix_path) check parameters
[0.083s] Level 1:colcon.colcon_core.package_discovery:discover_packages(prefix_path) discover
[0.084s] DEBUG:colcon.colcon_installed_package_information.package_discovery:Found 437 installed packages in /opt/ros/jazzy
[0.085s] Level 1:colcon.colcon_core.package_discovery:discover_packages(prefix_path) using defaults
[0.106s] Level 5:colcon.colcon_core.verb:set package 'arduinobot_controller' build argument 'cmake_args' from command line to 'None'
[0.106s] Level 5:colcon.colcon_core.verb:set package 'arduinobot_controller' build argument 'cmake_target' from command line to 'None'
[0.106s] Level 5:colcon.colcon_core.verb:set package 'arduinobot_controller' build argument 'cmake_target_skip_unavailable' from command line to 'False'
[0.106s] Level 5:colcon.colcon_core.verb:set package 'arduinobot_controller' build argument 'cmake_clean_cache' from command line to 'False'
[0.106s] Level 5:colcon.colcon_core.verb:set package 'arduinobot_controller' build argument 'cmake_clean_first' from command line to 'False'
[0.106s] Level 5:colcon.colcon_core.verb:set package 'arduinobot_controller' build argument 'cmake_force_configure' from command line to 'False'
[0.106s] Level 5:colcon.colcon_core.verb:set package 'arduinobot_controller' build argument 'ament_cmake_args' from command line to 'None'
[0.106s] Level 5:colcon.colcon_core.verb:set package 'arduinobot_controller' build argument 'catkin_cmake_args' from command line to 'None'
[0.106s] Level 5:colcon.colcon_core.verb:set package 'arduinobot_controller' build argument 'catkin_skip_building_tests' from command line to 'False'
[0.106s] DEBUG:colcon.colcon_core.verb:Building package 'arduinobot_controller' with the following arguments: {'ament_cmake_args': None, 'build_base': '/home/joshuaneely/arduinobot_ws/build/arduinobot_controller', 'catkin_cmake_args': None, 'catkin_skip_building_tests': False, 'cmake_args': None, 'cmake_clean_cache': False, 'cmake_clean_first': False, 'cmake_force_configure': False, 'cmake_target': None, 'cmake_target_skip_unavailable': False, 'install_base': '/home/joshuaneely/arduinobot_ws/install/arduinobot_controller', 'merge_install': False, 'path': '/home/joshuaneely/arduinobot_ws/src/arduinobot_controller', 'symlink_install': False, 'test_result_base': None}
[0.106s] Level 5:colcon.colcon_core.verb:set package 'arduinobot_description' build argument 'cmake_args' from command line to 'None'
[0.106s] Level 5:colcon.colcon_core.verb:set package 'arduinobot_description' build argument 'cmake_target' from command line to 'None'
[0.106s] Level 5:colcon.colcon_core.verb:set package 'arduinobot_description' build argument 'cmake_target_skip_unavailable' from command line to 'False'
[0.106s] Level 5:colcon.colcon_core.verb:set package 'arduinobot_description' build argument 'cmake_clean_cache' from command line to 'False'
[0.106s] Level 5:colcon.colcon_core.verb:set package 'arduinobot_description' build argument 'cmake_clean_first' from command line to 'False'
[0.106s] Level 5:colcon.colcon_core.verb:set package 'arduinobot_description' build argument 'cmake_force_configure' from command line to 'False'
[0.106s] Level 5:colcon.colcon_core.verb:set package 'arduinobot_description' build argument 'ament_cmake_args' from command line to 'None'
[0.106s] Level 5:colcon.colcon_core.verb:set package 'arduinobot_description' build argument 'catkin_cmake_args' from command line to 'None'
[0.106s] Level 5:colcon.colcon_core.verb:set package 'arduinobot_description' build argument 'catkin_skip_building_tests' from command line to 'False'
[0.106s] DEBUG:colcon.colcon_core.verb:Building package 'arduinobot_description' with the following arguments: {'ament_cmake_args': None, 'build_base': '/home/joshuaneely/arduinobot_ws/build/arduinobot_description', 'catkin_cmake_args': None, 'catkin_skip_building_tests': False, 'cmake_args': None, 'cmake_clean_cache': False, 'cmake_clean_first': False, 'cmake_force_configure': False, 'cmake_target': None, 'cmake_target_skip_unavailable': False, 'install_base': '/home/joshuaneely/arduinobot_ws/install/arduinobot_description', 'merge_install': False, 'path': '/home/joshuaneely/arduinobot_ws/src/arduinobot_description', 'symlink_install': False, 'test_result_base': None}
[0.106s] Level 5:colcon.colcon_core.verb:set package 'arduinobot_moveit' build argument 'cmake_args' from command line to 'None'
[0.106s] Level 5:colcon.colcon_core.verb:set package 'arduinobot_moveit' build argument 'cmake_target' from command line to 'None'
[0.106s] Level 5:colcon.colcon_core.verb:set package 'arduinobot_moveit' build argument 'cmake_target_skip_unavailable' from command line to 'False'
[0.106s] Level 5:colcon.colcon_core.verb:set package 'arduinobot_moveit' build argument 'cmake_clean_cache' from command line to 'False'
[0.106s] Level 5:colcon.colcon_core.verb:set package 'arduinobot_moveit' build argument 'cmake_clean_first' from command line to 'False'
[0.106s] Level 5:colcon.colcon_core.verb:set package 'arduinobot_moveit' build argument 'cmake_force_configure' from command line to 'False'
[0.106s] Level 5:colcon.colcon_core.verb:set package 'arduinobot_moveit' build argument 'ament_cmake_args' from command line to 'None'
[0.106s] Level 5:colcon.colcon_core.verb:set package 'arduinobot_moveit' build argument 'catkin_cmake_args' from command line to 'None'
[0.106s] Level 5:colcon.colcon_core.verb:set package 'arduinobot_moveit' build argument 'catkin_skip_building_tests' from command line to 'False'
[0.106s] DEBUG:colcon.colcon_core.verb:Building package 'arduinobot_moveit' with the following arguments: {'ament_cmake_args': None, 'build_base': '/home/joshuaneely/arduinobot_ws/build/arduinobot_moveit', 'catkin_cmake_args': None, 'catkin_skip_building_tests': False, 'cmake_args': None, 'cmake_clean_cache': False, 'cmake_clean_first': False, 'cmake_force_configure': False, 'cmake_target': None, 'cmake_target_skip_unavailable': False, 'install_base': '/home/joshuaneely/arduinobot_ws/install/arduinobot_moveit', 'merge_install': False, 'path': '/home/joshuaneely/arduinobot_ws/src/arduinobot_moveit', 'symlink_install': False, 'test_result_base': None}
[0.106s] Level 5:colcon.colcon_core.verb:set package 'arduinobot_msgs' build argument 'cmake_args' from command line to 'None'
[0.106s] Level 5:colcon.colcon_core.verb:set package 'arduinobot_msgs' build argument 'cmake_target' from command line to 'None'
[0.106s] Level 5:colcon.colcon_core.verb:set package 'arduinobot_msgs' build argument 'cmake_target_skip_unavailable' from command line to 'False'
[0.106s] Level 5:colcon.colcon_core.verb:set package 'arduinobot_msgs' build argument 'cmake_clean_cache' from command line to 'False'
[0.106s] Level 5:colcon.colcon_core.verb:set package 'arduinobot_msgs' build argument 'cmake_clean_first' from command line to 'False'
[0.106s] Level 5:colcon.colcon_core.verb:set package 'arduinobot_msgs' build argument 'cmake_force_configure' from command line to 'False'
[0.106s] Level 5:colcon.colcon_core.verb:set package 'arduinobot_msgs' build argument 'ament_cmake_args' from command line to 'None'
[0.106s] Level 5:colcon.colcon_core.verb:set package 'arduinobot_msgs' build argument 'catkin_cmake_args' from command line to 'None'
[0.106s] Level 5:colcon.colcon_core.verb:set package 'arduinobot_msgs' build argument 'catkin_skip_building_tests' from command line to 'False'
[0.106s] DEBUG:colcon.colcon_core.verb:Building package 'arduinobot_msgs' with the following arguments: {'ament_cmake_args': None, 'build_base': '/home/joshuaneely/arduinobot_ws/build/arduinobot_msgs', 'catkin_cmake_args': None, 'catkin_skip_building_tests': False, 'cmake_args': None, 'cmake_clean_cache': False, 'cmake_clean_first': False, 'cmake_force_configure': False, 'cmake_target': None, 'cmake_target_skip_unavailable': False, 'install_base': '/home/joshuaneely/arduinobot_ws/install/arduinobot_msgs', 'merge_install': False, 'path': '/home/joshuaneely/arduinobot_ws/src/arduinobot_msgs', 'symlink_install': False, 'test_result_base': None}
[0.107s] Level 5:colcon.colcon_core.verb:set package 'arduinobot_cpp_examples' build argument 'cmake_args' from command line to 'None'
[0.107s] Level 5:colcon.colcon_core.verb:set package 'arduinobot_cpp_examples' build argument 'cmake_target' from command line to 'None'
[0.107s] Level 5:colcon.colcon_core.verb:set package 'arduinobot_cpp_examples' build argument 'cmake_target_skip_unavailable' from command line to 'False'
[0.107s] Level 5:colcon.colcon_core.verb:set package 'arduinobot_cpp_examples' build argument 'cmake_clean_cache' from command line to 'False'
[0.107s] Level 5:colcon.colcon_core.verb:set package 'arduinobot_cpp_examples' build argument 'cmake_clean_first' from command line to 'False'
[0.107s] Level 5:colcon.colcon_core.verb:set package 'arduinobot_cpp_examples' build argument 'cmake_force_configure' from command line to 'False'
[0.107s] Level 5:colcon.colcon_core.verb:set package 'arduinobot_cpp_examples' build argument 'ament_cmake_args' from command line to 'None'
[0.107s] Level 5:colcon.colcon_core.verb:set package 'arduinobot_cpp_examples' build argument 'catkin_cmake_args' from command line to 'None'
[0.107s] Level 5:colcon.colcon_core.verb:set package 'arduinobot_cpp_examples' build argument 'catkin_skip_building_tests' from command line to 'False'
[0.107s] DEBUG:colcon.colcon_core.verb:Building package 'arduinobot_cpp_examples' with the following arguments: {'ament_cmake_args': None, 'build_base': '/home/joshuaneely/arduinobot_ws/build/arduinobot_cpp_examples', 'catkin_cmake_args': None, 'catkin_skip_building_tests': False, 'cmake_args': None, 'cmake_clean_cache': False, 'cmake_clean_first': False, 'cmake_force_configure': False, 'cmake_target': None, 'cmake_target_skip_unavailable': False, 'install_base': '/home/joshuaneely/arduinobot_ws/install/arduinobot_cpp_examples', 'merge_install': False, 'path': '/home/joshuaneely/arduinobot_ws/src/arduinobot_cpp_examples', 'symlink_install': False, 'test_result_base': None}
[0.107s] Level 5:colcon.colcon_core.verb:set package 'arduinobot_py_examples' build argument 'cmake_args' from command line to 'None'
[0.107s] Level 5:colcon.colcon_core.verb:set package 'arduinobot_py_examples' build argument 'cmake_target' from command line to 'None'
[0.107s] Level 5:colcon.colcon_core.verb:set package 'arduinobot_py_examples' build argument 'cmake_target_skip_unavailable' from command line to 'False'
[0.107s] Level 5:colcon.colcon_core.verb:set package 'arduinobot_py_examples' build argument 'cmake_clean_cache' from command line to 'False'
[0.107s] Level 5:colcon.colcon_core.verb:set package 'arduinobot_py_examples' build argument 'cmake_clean_first' from command line to 'False'
[0.107s] Level 5:colcon.colcon_core.verb:set package 'arduinobot_py_examples' build argument 'cmake_force_configure' from command line to 'False'
[0.107s] Level 5:colcon.colcon_core.verb:set package 'arduinobot_py_examples' build argument 'ament_cmake_args' from command line to 'None'
[0.107s] Level 5:colcon.colcon_core.verb:set package 'arduinobot_py_examples' build argument 'catkin_cmake_args' from command line to 'None'
[0.107s] Level 5:colcon.colcon_core.verb:set package 'arduinobot_py_examples' build argument 'catkin_skip_building_tests' from command line to 'False'
[0.107s] DEBUG:colcon.colcon_core.verb:Building package 'arduinobot_py_examples' with the following arguments: {'ament_cmake_args': None, 'build_base': '/home/joshuaneely/arduinobot_ws/build/arduinobot_py_examples', 'catkin_cmake_args': None, 'catkin_skip_building_tests': False, 'cmake_args': None, 'cmake_clean_cache': False, 'cmake_clean_first': False, 'cmake_force_configure': False, 'cmake_target': None, 'cmake_target_skip_unavailable': False, 'install_base': '/home/joshuaneely/arduinobot_ws/install/arduinobot_py_examples', 'merge_install': False, 'path': '/home/joshuaneely/arduinobot_ws/src/arduinobot_py_examples', 'symlink_install': False, 'test_result_base': None}
[0.107s] Level 5:colcon.colcon_core.verb:set package 'arduinobot_utils' build argument 'cmake_args' from command line to 'None'
[0.107s] Level 5:colcon.colcon_core.verb:set package 'arduinobot_utils' build argument 'cmake_target' from command line to 'None'
[0.107s] Level 5:colcon.colcon_core.verb:set package 'arduinobot_utils' build argument 'cmake_target_skip_unavailable' from command line to 'False'
[0.107s] Level 5:colcon.colcon_core.verb:set package 'arduinobot_utils' build argument 'cmake_clean_cache' from command line to 'False'
[0.107s] Level 5:colcon.colcon_core.verb:set package 'arduinobot_utils' build argument 'cmake_clean_first' from command line to 'False'
[0.107s] Level 5:colcon.colcon_core.verb:set package 'arduinobot_utils' build argument 'cmake_force_configure' from command line to 'False'
[0.107s] Level 5:colcon.colcon_core.verb:set package 'arduinobot_utils' build argument 'ament_cmake_args' from command line to 'None'
[0.107s] Level 5:colcon.colcon_core.verb:set package 'arduinobot_utils' build argument 'catkin_cmake_args' from command line to 'None'
[0.107s] Level 5:colcon.colcon_core.verb:set package 'arduinobot_utils' build argument 'catkin_skip_building_tests' from command line to 'False'
[0.107s] DEBUG:colcon.colcon_core.verb:Building package 'arduinobot_utils' with the following arguments: {'ament_cmake_args': None, 'build_base': '/home/joshuaneely/arduinobot_ws/build/arduinobot_utils', 'catkin_cmake_args': None, 'catkin_skip_building_tests': False, 'cmake_args': None, 'cmake_clean_cache': False, 'cmake_clean_first': False, 'cmake_force_configure': False, 'cmake_target': None, 'cmake_target_skip_unavailable': False, 'install_base': '/home/joshuaneely/arduinobot_ws/install/arduinobot_utils', 'merge_install': False, 'path': '/home/joshuaneely/arduinobot_ws/src/arduinobot_utils', 'symlink_install': False, 'test_result_base': None}
[0.107s] INFO:colcon.colcon_core.executor:Executing jobs using 'parallel' executor
[0.107s] DEBUG:colcon.colcon_parallel_executor.executor.parallel:run_until_complete
[0.108s] INFO:colcon.colcon_ros.task.ament_cmake.build:Building ROS package in '/home/joshuaneely/arduinobot_ws/src/arduinobot_msgs' with build type 'ament_cmake'
[0.108s] INFO:colcon.colcon_cmake.task.cmake.build:Building CMake package in '/home/joshuaneely/arduinobot_ws/src/arduinobot_msgs'
[0.109s] INFO:colcon.colcon_core.plugin_system:Skipping extension 'colcon_core.shell.bat': Not used on non-Windows systems
[0.109s] INFO:colcon.colcon_core.shell:Skip shell extension 'powershell' for command environment: Not usable outside of PowerShell
[0.109s] DEBUG:colcon.colcon_core.shell:Skip shell extension 'dsv' for command environment
[0.111s] INFO:colcon.colcon_ros.task.ament_cmake.build:Building ROS package in '/home/joshuaneely/arduinobot_ws/src/arduinobot_controller' with build type 'ament_cmake'
[0.111s] INFO:colcon.colcon_cmake.task.cmake.build:Building CMake package in '/home/joshuaneely/arduinobot_ws/src/arduinobot_controller'
[0.111s] INFO:colcon.colcon_core.shell:Skip shell extension 'powershell' for command environment: Not usable outside of PowerShell
[0.111s] DEBUG:colcon.colcon_core.shell:Skip shell extension 'dsv' for command environment
[0.113s] INFO:colcon.colcon_ros.task.ament_cmake.build:Building ROS package in '/home/joshuaneely/arduinobot_ws/src/arduinobot_description' with build type 'ament_cmake'
[0.113s] INFO:colcon.colcon_cmake.task.cmake.build:Building CMake package in '/home/joshuaneely/arduinobot_ws/src/arduinobot_description'
[0.114s] INFO:colcon.colcon_core.shell:Skip shell extension 'powershell' for command environment: Not usable outside of PowerShell
[0.114s] DEBUG:colcon.colcon_core.shell:Skip shell extension 'dsv' for command environment
[0.116s] INFO:colcon.colcon_ros.task.ament_cmake.build:Building ROS package in '/home/joshuaneely/arduinobot_ws/src/arduinobot_moveit' with build type 'ament_cmake'
[0.116s] INFO:colcon.colcon_cmake.task.cmake.build:Building CMake package in '/home/joshuaneely/arduinobot_ws/src/arduinobot_moveit'
[0.116s] INFO:colcon.colcon_core.shell:Skip shell extension 'powershell' for command environment: Not usable outside of PowerShell
[0.116s] DEBUG:colcon.colcon_core.shell:Skip shell extension 'dsv' for command environment
[0.120s] DEBUG:colcon.colcon_core.event_handler.log_command:Invoking command in '/home/joshuaneely/arduinobot_ws/build/arduinobot_msgs': CMAKE_PREFIX_PATH=${CMAKE_PREFIX_PATH}:/opt/ros/jazzy DEBUGINFOD_URLS=https://debuginfod.ubuntu.com /usr/bin/cmake --build /home/joshuaneely/arduinobot_ws/build/arduinobot_msgs -- -j8 -l8
[0.123s] DEBUG:colcon.colcon_core.event_handler.log_command:Invoking command in '/home/joshuaneely/arduinobot_ws/build/arduinobot_controller': CMAKE_PREFIX_PATH=${CMAKE_PREFIX_PATH}:/opt/ros/jazzy DEBUGINFOD_URLS=https://debuginfod.ubuntu.com /usr/bin/cmake --build /home/joshuaneely/arduinobot_ws/build/arduinobot_controller -- -j8 -l8
[0.124s] DEBUG:colcon.colcon_core.event_handler.log_command:Invoking command in '/home/joshuaneely/arduinobot_ws/build/arduinobot_description': CMAKE_PREFIX_PATH=${CMAKE_PREFIX_PATH}:/opt/ros/jazzy DEBUGINFOD_URLS=https://debuginfod.ubuntu.com /usr/bin/cmake --build /home/joshuaneely/arduinobot_ws/build/arduinobot_description -- -j8 -l8
[0.127s] DEBUG:colcon.colcon_core.event_handler.log_command:Invoking command in '/home/joshuaneely/arduinobot_ws/build/arduinobot_moveit': CMAKE_PREFIX_PATH=${CMAKE_PREFIX_PATH}:/opt/ros/jazzy DEBUGINFOD_URLS=https://debuginfod.ubuntu.com /usr/bin/cmake --build /home/joshuaneely/arduinobot_ws/build/arduinobot_moveit -- -j8 -l8
[0.145s] DEBUG:colcon.colcon_core.event_handler.log_command:Invoked command in '/home/joshuaneely/arduinobot_ws/build/arduinobot_description' returned '0': CMAKE_PREFIX_PATH=${CMAKE_PREFIX_PATH}:/opt/ros/jazzy DEBUGINFOD_URLS=https://debuginfod.ubuntu.com /usr/bin/cmake --build /home/joshuaneely/arduinobot_ws/build/arduinobot_description -- -j8 -l8
[0.149s] DEBUG:colcon.colcon_core.event_handler.log_command:Invoking command in '/home/joshuaneely/arduinobot_ws/build/arduinobot_description': CMAKE_PREFIX_PATH=${CMAKE_PREFIX_PATH}:/opt/ros/jazzy DEBUGINFOD_URLS=https://debuginfod.ubuntu.com /usr/bin/cmake --install /home/joshuaneely/arduinobot_ws/build/arduinobot_description
[0.151s] DEBUG:colcon.colcon_core.event_handler.log_command:Invoked command in '/home/joshuaneely/arduinobot_ws/build/arduinobot_moveit' returned '0': CMAKE_PREFIX_PATH=${CMAKE_PREFIX_PATH}:/opt/ros/jazzy DEBUGINFOD_URLS=https://debuginfod.ubuntu.com /usr/bin/cmake --build /home/joshuaneely/arduinobot_ws/build/arduinobot_moveit -- -j8 -l8
[0.152s] DEBUG:colcon.colcon_core.event_handler.log_command:Invoking command in '/home/joshuaneely/arduinobot_ws/build/arduinobot_moveit': CMAKE_PREFIX_PATH=${CMAKE_PREFIX_PATH}:/opt/ros/jazzy DEBUGINFOD_URLS=https://debuginfod.ubuntu.com /usr/bin/cmake --install /home/joshuaneely/arduinobot_ws/build/arduinobot_moveit
[0.158s] Level 1:colcon.colcon_core.environment:create_environment_scripts_only(arduinobot_description)
[0.162s] DEBUG:colcon.colcon_core.event_handler.log_command:Invoked command in '/home/joshuaneely/arduinobot_ws/build/arduinobot_description' returned '0': CMAKE_PREFIX_PATH=${CMAKE_PREFIX_PATH}:/opt/ros/jazzy DEBUGINFOD_URLS=https://debuginfod.ubuntu.com /usr/bin/cmake --install /home/joshuaneely/arduinobot_ws/build/arduinobot_description
[0.162s] Level 1:colcon.colcon_core.environment:checking '/home/joshuaneely/arduinobot_ws/install/arduinobot_description' for CMake module files
[0.162s] Level 1:colcon.colcon_core.environment:checking '/home/joshuaneely/arduinobot_ws/install/arduinobot_description' for CMake config files
[0.163s] Level 1:colcon.colcon_core.shell:create_environment_hook('arduinobot_description', 'cmake_prefix_path')
[0.163s] INFO:colcon.colcon_core.shell:Creating environment hook '/home/joshuaneely/arduinobot_ws/install/arduinobot_description/share/arduinobot_description/hook/cmake_prefix_path.ps1'
[0.163s] INFO:colcon.colcon_core.shell:Creating environment descriptor '/home/joshuaneely/arduinobot_ws/install/arduinobot_description/share/arduinobot_description/hook/cmake_prefix_path.dsv'
[0.164s] INFO:colcon.colcon_core.shell:Creating environment hook '/home/joshuaneely/arduinobot_ws/install/arduinobot_description/share/arduinobot_description/hook/cmake_prefix_path.sh'
[0.164s] Level 1:colcon.colcon_core.environment:checking '/home/joshuaneely/arduinobot_ws/install/arduinobot_description/bin'
[0.164s] Level 1:colcon.colcon_core.environment:checking '/home/joshuaneely/arduinobot_ws/install/arduinobot_description/lib/pkgconfig/arduinobot_description.pc'
[0.164s] Level 1:colcon.colcon_core.environment:checking '/home/joshuaneely/arduinobot_ws/install/arduinobot_description/lib/python3.12/site-packages'
[0.164s] Level 1:colcon.colcon_core.environment:checking '/home/joshuaneely/arduinobot_ws/install/arduinobot_description/bin'
[0.164s] INFO:colcon.colcon_core.shell:Creating package script '/home/joshuaneely/arduinobot_ws/install/arduinobot_description/share/arduinobot_description/package.ps1'
[0.165s] INFO:colcon.colcon_core.shell:Creating package descriptor '/home/joshuaneely/arduinobot_ws/install/arduinobot_description/share/arduinobot_description/package.dsv'
[0.165s] INFO:colcon.colcon_core.shell:Creating package script '/home/joshuaneely/arduinobot_ws/install/arduinobot_description/share/arduinobot_description/package.sh'
[0.166s] INFO:colcon.colcon_core.shell:Creating package script '/home/joshuaneely/arduinobot_ws/install/arduinobot_description/share/arduinobot_description/package.bash'
[0.166s] INFO:colcon.colcon_core.shell:Creating package script '/home/joshuaneely/arduinobot_ws/install/arduinobot_description/share/arduinobot_description/package.zsh'
[0.166s] Level 1:colcon.colcon_core.environment:create_file_with_runtime_dependencies(/home/joshuaneely/arduinobot_ws/install/arduinobot_description/share/colcon-core/packages/arduinobot_description)
[0.167s] Level 1:colcon.colcon_core.environment:create_environment_scripts_only(arduinobot_description)
[0.167s] Level 1:colcon.colcon_core.environment:checking '/home/joshuaneely/arduinobot_ws/install/arduinobot_description' for CMake module files
[0.167s] Level 1:colcon.colcon_core.environment:checking '/home/joshuaneely/arduinobot_ws/install/arduinobot_description' for CMake config files
[0.168s] Level 1:colcon.colcon_core.shell:create_environment_hook('arduinobot_description', 'cmake_prefix_path')
[0.168s] INFO:colcon.colcon_core.shell:Creating environment hook '/home/joshuaneely/arduinobot_ws/install/arduinobot_description/share/arduinobot_description/hook/cmake_prefix_path.ps1'
[0.169s] INFO:colcon.colcon_core.shell:Creating environment descriptor '/home/joshuaneely/arduinobot_ws/install/arduinobot_description/share/arduinobot_description/hook/cmake_prefix_path.dsv'
[0.169s] INFO:colcon.colcon_core.shell:Creating environment hook '/home/joshuaneely/arduinobot_ws/install/arduinobot_description/share/arduinobot_description/hook/cmake_prefix_path.sh'
[0.169s] Level 1:colcon.colcon_core.environment:checking '/home/joshuaneely/arduinobot_ws/install/arduinobot_description/bin'
[0.169s] Level 1:colcon.colcon_core.environment:checking '/home/joshuaneely/arduinobot_ws/install/arduinobot_description/lib/pkgconfig/arduinobot_description.pc'
[0.170s] Level 1:colcon.colcon_core.environment:checking '/home/joshuaneely/arduinobot_ws/install/arduinobot_description/lib/python3.12/site-packages'
[0.170s] Level 1:colcon.colcon_core.environment:checking '/home/joshuaneely/arduinobot_ws/install/arduinobot_description/bin'
[0.170s] INFO:colcon.colcon_core.shell:Creating package script '/home/joshuaneely/arduinobot_ws/install/arduinobot_description/share/arduinobot_description/package.ps1'
[0.170s] INFO:colcon.colcon_core.shell:Creating package descriptor '/home/joshuaneely/arduinobot_ws/install/arduinobot_description/share/arduinobot_description/package.dsv'
[0.171s] INFO:colcon.colcon_core.shell:Creating package script '/home/joshuaneely/arduinobot_ws/install/arduinobot_description/share/arduinobot_description/package.sh'
[0.171s] INFO:colcon.colcon_core.shell:Creating package script '/home/joshuaneely/arduinobot_ws/install/arduinobot_description/share/arduinobot_description/package.bash'
[0.171s] INFO:colcon.colcon_core.shell:Creating package script '/home/joshuaneely/arduinobot_ws/install/arduinobot_description/share/arduinobot_description/package.zsh'
[0.172s] Level 1:colcon.colcon_core.environment:create_file_with_runtime_dependencies(/home/joshuaneely/arduinobot_ws/install/arduinobot_description/share/colcon-core/packages/arduinobot_description)
[0.172s] Level 1:colcon.colcon_core.environment:create_environment_scripts_only(arduinobot_moveit)
[0.172s] Level 1:colcon.colcon_core.environment:checking '/home/joshuaneely/arduinobot_ws/install/arduinobot_moveit' for CMake module files
[0.173s] Level 1:colcon.colcon_core.environment:checking '/home/joshuaneely/arduinobot_ws/install/arduinobot_moveit' for CMake config files
[0.173s] Level 1:colcon.colcon_core.shell:create_environment_hook('arduinobot_moveit', 'cmake_prefix_path')
[0.173s] INFO:colcon.colcon_core.shell:Creating environment hook '/home/joshuaneely/arduinobot_ws/install/arduinobot_moveit/share/arduinobot_moveit/hook/cmake_prefix_path.ps1'
[0.174s] INFO:colcon.colcon_core.shell:Creating environment descriptor '/home/joshuaneely/arduinobot_ws/install/arduinobot_moveit/share/arduinobot_moveit/hook/cmake_prefix_path.dsv'
[0.174s] DEBUG:colcon.colcon_core.event_handler.log_command:Invoked command in '/home/joshuaneely/arduinobot_ws/build/arduinobot_moveit' returned '0': CMAKE_PREFIX_PATH=${CMAKE_PREFIX_PATH}:/opt/ros/jazzy DEBUGINFOD_URLS=https://debuginfod.ubuntu.com /usr/bin/cmake --install /home/joshuaneely/arduinobot_ws/build/arduinobot_moveit
[0.174s] INFO:colcon.colcon_core.shell:Creating environment hook '/home/joshuaneely/arduinobot_ws/install/arduinobot_moveit/share/arduinobot_moveit/hook/cmake_prefix_path.sh'
[0.174s] Level 1:colcon.colcon_core.environment:checking '/home/joshuaneely/arduinobot_ws/install/arduinobot_moveit/bin'
[0.174s] Level 1:colcon.colcon_core.environment:checking '/home/joshuaneely/arduinobot_ws/install/arduinobot_moveit/lib/pkgconfig/arduinobot_moveit.pc'
[0.174s] Level 1:colcon.colcon_core.environment:checking '/home/joshuaneely/arduinobot_ws/install/arduinobot_moveit/lib/python3.12/site-packages'
[0.174s] Level 1:colcon.colcon_core.environment:checking '/home/joshuaneely/arduinobot_ws/install/arduinobot_moveit/bin'
[0.175s] INFO:colcon.colcon_core.shell:Creating package script '/home/joshuaneely/arduinobot_ws/install/arduinobot_moveit/share/arduinobot_moveit/package.ps1'
[0.175s] INFO:colcon.colcon_core.shell:Creating package descriptor '/home/joshuaneely/arduinobot_ws/install/arduinobot_moveit/share/arduinobot_moveit/package.dsv'
[0.175s] INFO:colcon.colcon_core.shell:Creating package script '/home/joshuaneely/arduinobot_ws/install/arduinobot_moveit/share/arduinobot_moveit/package.sh'
[0.175s] INFO:colcon.colcon_core.shell:Creating package script '/home/joshuaneely/arduinobot_ws/install/arduinobot_moveit/share/arduinobot_moveit/package.bash'
[0.176s] INFO:colcon.colcon_core.shell:Creating package script '/home/joshuaneely/arduinobot_ws/install/arduinobot_moveit/share/arduinobot_moveit/package.zsh'
[0.176s] Level 1:colcon.colcon_core.environment:create_file_with_runtime_dependencies(/home/joshuaneely/arduinobot_ws/install/arduinobot_moveit/share/colcon-core/packages/arduinobot_moveit)
[0.176s] Level 1:colcon.colcon_core.environment:create_environment_scripts_only(arduinobot_moveit)
[0.176s] Level 1:colcon.colcon_core.environment:checking '/home/joshuaneely/arduinobot_ws/install/arduinobot_moveit' for CMake module files
[0.177s] Level 1:colcon.colcon_core.environment:checking '/home/joshuaneely/arduinobot_ws/install/arduinobot_moveit' for CMake config files
[0.177s] Level 1:colcon.colcon_core.shell:create_environment_hook('arduinobot_moveit', 'cmake_prefix_path')
[0.177s] INFO:colcon.colcon_core.shell:Creating environment hook '/home/joshuaneely/arduinobot_ws/install/arduinobot_moveit/share/arduinobot_moveit/hook/cmake_prefix_path.ps1'
[0.177s] INFO:colcon.colcon_core.shell:Creating environment descriptor '/home/joshuaneely/arduinobot_ws/install/arduinobot_moveit/share/arduinobot_moveit/hook/cmake_prefix_path.dsv'
[0.177s] INFO:colcon.colcon_core.shell:Creating environment hook '/home/joshuaneely/arduinobot_ws/install/arduinobot_moveit/share/arduinobot_moveit/hook/cmake_prefix_path.sh'
[0.178s] Level 1:colcon.colcon_core.environment:checking '/home/joshuaneely/arduinobot_ws/install/arduinobot_moveit/bin'
[0.178s] Level 1:colcon.colcon_core.environment:checking '/home/joshuaneely/arduinobot_ws/install/arduinobot_moveit/lib/pkgconfig/arduinobot_moveit.pc'
[0.178s] Level 1:colcon.colcon_core.environment:checking '/home/joshuaneely/arduinobot_ws/install/arduinobot_moveit/lib/python3.12/site-packages'
[0.178s] Level 1:colcon.colcon_core.environment:checking '/home/joshuaneely/arduinobot_ws/install/arduinobot_moveit/bin'
[0.179s] INFO:colcon.colcon_core.shell:Creating package script '/home/joshuaneely/arduinobot_ws/install/arduinobot_moveit/share/arduinobot_moveit/package.ps1'
[0.179s] INFO:colcon.colcon_core.shell:Creating package descriptor '/home/joshuaneely/arduinobot_ws/install/arduinobot_moveit/share/arduinobot_moveit/package.dsv'
[0.179s] INFO:colcon.colcon_core.shell:Creating package script '/home/joshuaneely/arduinobot_ws/install/arduinobot_moveit/share/arduinobot_moveit/package.sh'
[0.180s] INFO:colcon.colcon_core.shell:Creating package script '/home/joshuaneely/arduinobot_ws/install/arduinobot_moveit/share/arduinobot_moveit/package.bash'
[0.180s] INFO:colcon.colcon_core.shell:Creating package script '/home/joshuaneely/arduinobot_ws/install/arduinobot_moveit/share/arduinobot_moveit/package.zsh'
[0.180s] Level 1:colcon.colcon_core.environment:create_file_with_runtime_dependencies(/home/joshuaneely/arduinobot_ws/install/arduinobot_moveit/share/colcon-core/packages/arduinobot_moveit)
[0.316s] DEBUG:colcon.colcon_core.event_handler.log_command:Invoked command in '/home/joshuaneely/arduinobot_ws/build/arduinobot_controller' returned '0': CMAKE_PREFIX_PATH=${CMAKE_PREFIX_PATH}:/opt/ros/jazzy DEBUGINFOD_URLS=https://debuginfod.ubuntu.com /usr/bin/cmake --build /home/joshuaneely/arduinobot_ws/build/arduinobot_controller -- -j8 -l8
[0.316s] DEBUG:colcon.colcon_core.event_handler.log_command:Invoking command in '/home/joshuaneely/arduinobot_ws/build/arduinobot_controller': CMAKE_PREFIX_PATH=${CMAKE_PREFIX_PATH}:/opt/ros/jazzy DEBUGINFOD_URLS=https://debuginfod.ubuntu.com /usr/bin/cmake --install /home/joshuaneely/arduinobot_ws/build/arduinobot_controller
[0.345s] Level 1:colcon.colcon_core.environment:create_environment_scripts_only(arduinobot_controller)
[0.345s] Level 1:colcon.colcon_core.environment:checking '/home/joshuaneely/arduinobot_ws/install/arduinobot_controller' for CMake module files
[0.345s] Level 1:colcon.colcon_core.environment:checking '/home/joshuaneely/arduinobot_ws/install/arduinobot_controller' for CMake config files
[0.346s] Level 1:colcon.colcon_core.shell:create_environment_hook('arduinobot_controller', 'cmake_prefix_path')
[0.346s] INFO:colcon.colcon_core.shell:Creating environment hook '/home/joshuaneely/arduinobot_ws/install/arduinobot_controller/share/arduinobot_controller/hook/cmake_prefix_path.ps1'
[0.346s] INFO:colcon.colcon_core.shell:Creating environment descriptor '/home/joshuaneely/arduinobot_ws/install/arduinobot_controller/share/arduinobot_controller/hook/cmake_prefix_path.dsv'
[0.346s] INFO:colcon.colcon_core.shell:Creating environment hook '/home/joshuaneely/arduinobot_ws/install/arduinobot_controller/share/arduinobot_controller/hook/cmake_prefix_path.sh'
[0.347s] Level 1:colcon.colcon_core.environment:checking '/home/joshuaneely/arduinobot_ws/install/arduinobot_controller/lib'
[0.347s] Level 1:colcon.colcon_core.environment:checking '/home/joshuaneely/arduinobot_ws/install/arduinobot_controller/bin'
[0.347s] Level 1:colcon.colcon_core.environment:checking '/home/joshuaneely/arduinobot_ws/install/arduinobot_controller/lib/pkgconfig/arduinobot_controller.pc'
[0.347s] Level 1:colcon.colcon_core.environment:checking '/home/joshuaneely/arduinobot_ws/install/arduinobot_controller/lib/python3.12/site-packages'
[0.347s] Level 1:colcon.colcon_core.shell:create_environment_hook('arduinobot_controller', 'pythonpath')
[0.347s] INFO:colcon.colcon_core.shell:Creating environment hook '/home/joshuaneely/arduinobot_ws/install/arduinobot_controller/share/arduinobot_controller/hook/pythonpath.ps1'
[0.347s] INFO:colcon.colcon_core.shell:Creating environment descriptor '/home/joshuaneely/arduinobot_ws/install/arduinobot_controller/share/arduinobot_controller/hook/pythonpath.dsv'
[0.347s] INFO:colcon.colcon_core.shell:Creating environment hook '/home/joshuaneely/arduinobot_ws/install/arduinobot_controller/share/arduinobot_controller/hook/pythonpath.sh'
[0.347s] Level 1:colcon.colcon_core.environment:checking '/home/joshuaneely/arduinobot_ws/install/arduinobot_controller/bin'
[0.348s] INFO:colcon.colcon_core.shell:Creating package script '/home/joshuaneely/arduinobot_ws/install/arduinobot_controller/share/arduinobot_controller/package.ps1'
[0.348s] INFO:colcon.colcon_core.shell:Creating package descriptor '/home/joshuaneely/arduinobot_ws/install/arduinobot_controller/share/arduinobot_controller/package.dsv'
[0.348s] INFO:colcon.colcon_core.shell:Creating package script '/home/joshuaneely/arduinobot_ws/install/arduinobot_controller/share/arduinobot_controller/package.sh'
[0.348s] INFO:colcon.colcon_core.shell:Creating package script '/home/joshuaneely/arduinobot_ws/install/arduinobot_controller/share/arduinobot_controller/package.bash'
[0.348s] INFO:colcon.colcon_core.shell:Creating package script '/home/joshuaneely/arduinobot_ws/install/arduinobot_controller/share/arduinobot_controller/package.zsh'
[0.348s] Level 1:colcon.colcon_core.environment:create_file_with_runtime_dependencies(/home/joshuaneely/arduinobot_ws/install/arduinobot_controller/share/colcon-core/packages/arduinobot_controller)
[0.349s] DEBUG:colcon.colcon_core.event_handler.log_command:Invoked command in '/home/joshuaneely/arduinobot_ws/build/arduinobot_controller' returned '0': CMAKE_PREFIX_PATH=${CMAKE_PREFIX_PATH}:/opt/ros/jazzy DEBUGINFOD_URLS=https://debuginfod.ubuntu.com /usr/bin/cmake --install /home/joshuaneely/arduinobot_ws/build/arduinobot_controller
[0.350s] Level 1:colcon.colcon_core.environment:create_environment_scripts_only(arduinobot_controller)
[0.350s] Level 1:colcon.colcon_core.environment:checking '/home/joshuaneely/arduinobot_ws/install/arduinobot_controller' for CMake module files
[0.350s] Level 1:colcon.colcon_core.environment:checking '/home/joshuaneely/arduinobot_ws/install/arduinobot_controller' for CMake config files
[0.350s] Level 1:colcon.colcon_core.shell:create_environment_hook('arduinobot_controller', 'cmake_prefix_path')
[0.350s] INFO:colcon.colcon_core.shell:Creating environment hook '/home/joshuaneely/arduinobot_ws/install/arduinobot_controller/share/arduinobot_controller/hook/cmake_prefix_path.ps1'
[0.351s] INFO:colcon.colcon_core.shell:Creating environment descriptor '/home/joshuaneely/arduinobot_ws/install/arduinobot_controller/share/arduinobot_controller/hook/cmake_prefix_path.dsv'
[0.351s] INFO:colcon.colcon_core.shell:Creating environment hook '/home/joshuaneely/arduinobot_ws/install/arduinobot_controller/share/arduinobot_controller/hook/cmake_prefix_path.sh'
[0.352s] Level 1:colcon.colcon_core.environment:checking '/home/joshuaneely/arduinobot_ws/install/arduinobot_controller/lib'
[0.352s] Level 1:colcon.colcon_core.environment:checking '/home/joshuaneely/arduinobot_ws/install/arduinobot_controller/bin'
[0.352s] Level 1:colcon.colcon_core.environment:checking '/home/joshuaneely/arduinobot_ws/install/arduinobot_controller/lib/pkgconfig/arduinobot_controller.pc'
[0.352s] Level 1:colcon.colcon_core.environment:checking '/home/joshuaneely/arduinobot_ws/install/arduinobot_controller/lib/python3.12/site-packages'
[0.352s] Level 1:colcon.colcon_core.shell:create_environment_hook('arduinobot_controller', 'pythonpath')
[0.352s] INFO:colcon.colcon_core.shell:Creating environment hook '/home/joshuaneely/arduinobot_ws/install/arduinobot_controller/share/arduinobot_controller/hook/pythonpath.ps1'
[0.352s] INFO:colcon.colcon_core.shell:Creating environment descriptor '/home/joshuaneely/arduinobot_ws/install/arduinobot_controller/share/arduinobot_controller/hook/pythonpath.dsv'
[0.352s] INFO:colcon.colcon_core.shell:Creating environment hook '/home/joshuaneely/arduinobot_ws/install/arduinobot_controller/share/arduinobot_controller/hook/pythonpath.sh'
[0.353s] Level 1:colcon.colcon_core.environment:checking '/home/joshuaneely/arduinobot_ws/install/arduinobot_controller/bin'
[0.353s] INFO:colcon.colcon_core.shell:Creating package script '/home/joshuaneely/arduinobot_ws/install/arduinobot_controller/share/arduinobot_controller/package.ps1'
[0.353s] INFO:colcon.colcon_core.shell:Creating package descriptor '/home/joshuaneely/arduinobot_ws/install/arduinobot_controller/share/arduinobot_controller/package.dsv'
[0.353s] INFO:colcon.colcon_core.shell:Creating package script '/home/joshuaneely/arduinobot_ws/install/arduinobot_controller/share/arduinobot_controller/package.sh'
[0.354s] INFO:colcon.colcon_core.shell:Creating package script '/home/joshuaneely/arduinobot_ws/install/arduinobot_controller/share/arduinobot_controller/package.bash'
[0.354s] INFO:colcon.colcon_core.shell:Creating package script '/home/joshuaneely/arduinobot_ws/install/arduinobot_controller/share/arduinobot_controller/package.zsh'
[0.354s] Level 1:colcon.colcon_core.environment:create_file_with_runtime_dependencies(/home/joshuaneely/arduinobot_ws/install/arduinobot_controller/share/colcon-core/packages/arduinobot_controller)
[0.489s] DEBUG:colcon.colcon_core.event_handler.log_command:Invoked command in '/home/joshuaneely/arduinobot_ws/build/arduinobot_msgs' returned '0': CMAKE_PREFIX_PATH=${CMAKE_PREFIX_PATH}:/opt/ros/jazzy DEBUGINFOD_URLS=https://debuginfod.ubuntu.com /usr/bin/cmake --build /home/joshuaneely/arduinobot_ws/build/arduinobot_msgs -- -j8 -l8
[0.489s] DEBUG:colcon.colcon_core.event_handler.log_command:Invoking command in '/home/joshuaneely/arduinobot_ws/build/arduinobot_msgs': CMAKE_PREFIX_PATH=${CMAKE_PREFIX_PATH}:/opt/ros/jazzy DEBUGINFOD_URLS=https://debuginfod.ubuntu.com /usr/bin/cmake --install /home/joshuaneely/arduinobot_ws/build/arduinobot_msgs
[0.522s] Level 1:colcon.colcon_core.environment:create_environment_scripts_only(arduinobot_msgs)
[0.522s] Level 1:colcon.colcon_core.environment:checking '/home/joshuaneely/arduinobot_ws/install/arduinobot_msgs' for CMake module files
[0.522s] DEBUG:colcon.colcon_core.event_handler.log_command:Invoked command in '/home/joshuaneely/arduinobot_ws/build/arduinobot_msgs' returned '0': CMAKE_PREFIX_PATH=${CMAKE_PREFIX_PATH}:/opt/ros/jazzy DEBUGINFOD_URLS=https://debuginfod.ubuntu.com /usr/bin/cmake --install /home/joshuaneely/arduinobot_ws/build/arduinobot_msgs
[0.523s] Level 1:colcon.colcon_core.environment:checking '/home/joshuaneely/arduinobot_ws/install/arduinobot_msgs' for CMake config files
[0.523s] Level 1:colcon.colcon_core.shell:create_environment_hook('arduinobot_msgs', 'cmake_prefix_path')
[0.523s] INFO:colcon.colcon_core.shell:Creating environment hook '/home/joshuaneely/arduinobot_ws/install/arduinobot_msgs/share/arduinobot_msgs/hook/cmake_prefix_path.ps1'
[0.523s] INFO:colcon.colcon_core.shell:Creating environment descriptor '/home/joshuaneely/arduinobot_ws/install/arduinobot_msgs/share/arduinobot_msgs/hook/cmake_prefix_path.dsv'
[0.524s] INFO:colcon.colcon_core.shell:Creating environment hook '/home/joshuaneely/arduinobot_ws/install/arduinobot_msgs/share/arduinobot_msgs/hook/cmake_prefix_path.sh'
[0.524s] Level 1:colcon.colcon_core.environment:checking '/home/joshuaneely/arduinobot_ws/install/arduinobot_msgs/lib'
[0.524s] Level 1:colcon.colcon_core.shell:create_environment_hook('arduinobot_msgs', 'ld_library_path_lib')
[0.524s] INFO:colcon.colcon_core.shell:Creating environment hook '/home/joshuaneely/arduinobot_ws/install/arduinobot_msgs/share/arduinobot_msgs/hook/ld_library_path_lib.ps1'
[0.524s] INFO:colcon.colcon_core.shell:Creating environment descriptor '/home/joshuaneely/arduinobot_ws/install/arduinobot_msgs/share/arduinobot_msgs/hook/ld_library_path_lib.dsv'
[0.525s] INFO:colcon.colcon_core.shell:Creating environment hook '/home/joshuaneely/arduinobot_ws/install/arduinobot_msgs/share/arduinobot_msgs/hook/ld_library_path_lib.sh'
[0.525s] Level 1:colcon.colcon_core.environment:checking '/home/joshuaneely/arduinobot_ws/install/arduinobot_msgs/bin'
[0.525s] Level 1:colcon.colcon_core.environment:checking '/home/joshuaneely/arduinobot_ws/install/arduinobot_msgs/lib/pkgconfig/arduinobot_msgs.pc'
[0.525s] Level 1:colcon.colcon_core.environment:checking '/home/joshuaneely/arduinobot_ws/install/arduinobot_msgs/lib/python3.12/site-packages'
[0.525s] Level 1:colcon.colcon_core.shell:create_environment_hook('arduinobot_msgs', 'pythonpath')
[0.525s] INFO:colcon.colcon_core.shell:Creating environment hook '/home/joshuaneely/arduinobot_ws/install/arduinobot_msgs/share/arduinobot_msgs/hook/pythonpath.ps1'
[0.525s] INFO:colcon.colcon_core.shell:Creating environment descriptor '/home/joshuaneely/arduinobot_ws/install/arduinobot_msgs/share/arduinobot_msgs/hook/pythonpath.dsv'
[0.525s] INFO:colcon.colcon_core.shell:Creating environment hook '/home/joshuaneely/arduinobot_ws/install/arduinobot_msgs/share/arduinobot_msgs/hook/pythonpath.sh'
[0.526s] Level 1:colcon.colcon_core.environment:checking '/home/joshuaneely/arduinobot_ws/install/arduinobot_msgs/bin'
[0.526s] INFO:colcon.colcon_core.shell:Creating package script '/home/joshuaneely/arduinobot_ws/install/arduinobot_msgs/share/arduinobot_msgs/package.ps1'
[0.526s] INFO:colcon.colcon_core.shell:Creating package descriptor '/home/joshuaneely/arduinobot_ws/install/arduinobot_msgs/share/arduinobot_msgs/package.dsv'
[0.527s] INFO:colcon.colcon_core.shell:Creating package script '/home/joshuaneely/arduinobot_ws/install/arduinobot_msgs/share/arduinobot_msgs/package.sh'
[0.527s] INFO:colcon.colcon_core.shell:Creating package script '/home/joshuaneely/arduinobot_ws/install/arduinobot_msgs/share/arduinobot_msgs/package.bash'
[0.527s] INFO:colcon.colcon_core.shell:Creating package script '/home/joshuaneely/arduinobot_ws/install/arduinobot_msgs/share/arduinobot_msgs/package.zsh'
[0.527s] Level 1:colcon.colcon_core.environment:create_file_with_runtime_dependencies(/home/joshuaneely/arduinobot_ws/install/arduinobot_msgs/share/colcon-core/packages/arduinobot_msgs)
[0.528s] Level 1:colcon.colcon_core.environment:create_environment_scripts_only(arduinobot_msgs)
[0.528s] Level 1:colcon.colcon_core.environment:checking '/home/joshuaneely/arduinobot_ws/install/arduinobot_msgs' for CMake module files
[0.528s] Level 1:colcon.colcon_core.environment:checking '/home/joshuaneely/arduinobot_ws/install/arduinobot_msgs' for CMake config files
[0.528s] Level 1:colcon.colcon_core.shell:create_environment_hook('arduinobot_msgs', 'cmake_prefix_path')
[0.529s] INFO:colcon.colcon_core.shell:Creating environment hook '/home/joshuaneely/arduinobot_ws/install/arduinobot_msgs/share/arduinobot_msgs/hook/cmake_prefix_path.ps1'
[0.529s] INFO:colcon.colcon_core.shell:Creating environment descriptor '/home/joshuaneely/arduinobot_ws/install/arduinobot_msgs/share/arduinobot_msgs/hook/cmake_prefix_path.dsv'
[0.529s] INFO:colcon.colcon_core.shell:Creating environment hook '/home/joshuaneely/arduinobot_ws/install/arduinobot_msgs/share/arduinobot_msgs/hook/cmake_prefix_path.sh'
[0.529s] Level 1:colcon.colcon_core.environment:checking '/home/joshuaneely/arduinobot_ws/install/arduinobot_msgs/lib'
[0.529s] Level 1:colcon.colcon_core.shell:create_environment_hook('arduinobot_msgs', 'ld_library_path_lib')
[0.530s] INFO:colcon.colcon_core.shell:Creating environment hook '/home/joshuaneely/arduinobot_ws/install/arduinobot_msgs/share/arduinobot_msgs/hook/ld_library_path_lib.ps1'
[0.530s] INFO:colcon.colcon_core.shell:Creating environment descriptor '/home/joshuaneely/arduinobot_ws/install/arduinobot_msgs/share/arduinobot_msgs/hook/ld_library_path_lib.dsv'
[0.530s] INFO:colcon.colcon_core.shell:Creating environment hook '/home/joshuaneely/arduinobot_ws/install/arduinobot_msgs/share/arduinobot_msgs/hook/ld_library_path_lib.sh'
[0.530s] Level 1:colcon.colcon_core.environment:checking '/home/joshuaneely/arduinobot_ws/install/arduinobot_msgs/bin'
[0.530s] Level 1:colcon.colcon_core.environment:checking '/home/joshuaneely/arduinobot_ws/install/arduinobot_msgs/lib/pkgconfig/arduinobot_msgs.pc'
[0.530s] Level 1:colcon.colcon_core.environment:checking '/home/joshuaneely/arduinobot_ws/install/arduinobot_msgs/lib/python3.12/site-packages'
[0.530s] Level 1:colcon.colcon_core.shell:create_environment_hook('arduinobot_msgs', 'pythonpath')
[0.530s] INFO:colcon.colcon_core.shell:Creating environment hook '/home/joshuaneely/arduinobot_ws/install/arduinobot_msgs/share/arduinobot_msgs/hook/pythonpath.ps1'
[0.530s] INFO:colcon.colcon_core.shell:Creating environment descriptor '/home/joshuaneely/arduinobot_ws/install/arduinobot_msgs/share/arduinobot_msgs/hook/pythonpath.dsv'
[0.531s] INFO:colcon.colcon_core.shell:Creating environment hook '/home/joshuaneely/arduinobot_ws/install/arduinobot_msgs/share/arduinobot_msgs/hook/pythonpath.sh'
[0.531s] Level 1:colcon.colcon_core.environment:checking '/home/joshuaneely/arduinobot_ws/install/arduinobot_msgs/bin'
[0.531s] INFO:colcon.colcon_core.shell:Creating package script '/home/joshuaneely/arduinobot_ws/install/arduinobot_msgs/share/arduinobot_msgs/package.ps1'
[0.531s] INFO:colcon.colcon_core.shell:Creating package descriptor '/home/joshuaneely/arduinobot_ws/install/arduinobot_msgs/share/arduinobot_msgs/package.dsv'
[0.532s] INFO:colcon.colcon_core.shell:Creating package script '/home/joshuaneely/arduinobot_ws/install/arduinobot_msgs/share/arduinobot_msgs/package.sh'
[0.537s] INFO:colcon.colcon_core.shell:Creating package script '/home/joshuaneely/arduinobot_ws/install/arduinobot_msgs/share/arduinobot_msgs/package.bash'
[0.538s] INFO:colcon.colcon_core.shell:Creating package script '/home/joshuaneely/arduinobot_ws/install/arduinobot_msgs/share/arduinobot_msgs/package.zsh'
[0.538s] Level 1:colcon.colcon_core.environment:create_file_with_runtime_dependencies(/home/joshuaneely/arduinobot_ws/install/arduinobot_msgs/share/colcon-core/packages/arduinobot_msgs)
[0.538s] INFO:colcon.colcon_ros.task.ament_cmake.build:Building ROS package in '/home/joshuaneely/arduinobot_ws/src/arduinobot_cpp_examples' with build type 'ament_cmake'
[0.538s] INFO:colcon.colcon_cmake.task.cmake.build:Building CMake package in '/home/joshuaneely/arduinobot_ws/src/arduinobot_cpp_examples'
[0.538s] INFO:colcon.colcon_core.shell:Skip shell extension 'powershell' for command environment: Not usable outside of PowerShell
[0.538s] DEBUG:colcon.colcon_core.shell:Skip shell extension 'dsv' for command environment
[0.541s] INFO:colcon.colcon_ros.task.ament_python.build:Building ROS package in '/home/joshuaneely/arduinobot_ws/src/arduinobot_py_examples' with build type 'ament_python'
[0.541s] Level 1:colcon.colcon_core.shell:create_environment_hook('arduinobot_py_examples', 'ament_prefix_path')
[0.541s] INFO:colcon.colcon_core.shell:Creating environment hook '/home/joshuaneely/arduinobot_ws/install/arduinobot_py_examples/share/arduinobot_py_examples/hook/ament_prefix_path.ps1'
[0.541s] INFO:colcon.colcon_core.shell:Creating environment descriptor '/home/joshuaneely/arduinobot_ws/install/arduinobot_py_examples/share/arduinobot_py_examples/hook/ament_prefix_path.dsv'
[0.541s] INFO:colcon.colcon_core.shell:Creating environment hook '/home/joshuaneely/arduinobot_ws/install/arduinobot_py_examples/share/arduinobot_py_examples/hook/ament_prefix_path.sh'
[0.542s] INFO:colcon.colcon_core.shell:Skip shell extension 'powershell' for command environment: Not usable outside of PowerShell
[0.542s] DEBUG:colcon.colcon_core.shell:Skip shell extension 'dsv' for command environment
[0.544s] INFO:colcon.colcon_ros.task.ament_cmake.build:Building ROS package in '/home/joshuaneely/arduinobot_ws/src/arduinobot_utils' with build type 'ament_cmake'
[0.544s] INFO:colcon.colcon_cmake.task.cmake.build:Building CMake package in '/home/joshuaneely/arduinobot_ws/src/arduinobot_utils'
[0.544s] INFO:colcon.colcon_core.shell:Skip shell extension 'powershell' for command environment: Not usable outside of PowerShell
[0.544s] DEBUG:colcon.colcon_core.shell:Skip shell extension 'dsv' for command environment
[0.549s] DEBUG:colcon.colcon_core.event_handler.log_command:Invoking command in '/home/joshuaneely/arduinobot_ws/build/arduinobot_cpp_examples': AMENT_PREFIX_PATH=/home/joshuaneely/arduinobot_ws/install/arduinobot_msgs:${AMENT_PREFIX_PATH} CMAKE_PREFIX_PATH=/home/joshuaneely/arduinobot_ws/install/arduinobot_msgs:/opt/ros/jazzy/opt/gz_sim_vendor:/opt/ros/jazzy/opt/gz_sensors_vendor:/opt/ros/jazzy/opt/gz_physics_vendor:/opt/ros/jazzy/opt/sdformat_vendor:/opt/ros/jazzy/opt/gz_gui_vendor:/opt/ros/jazzy/opt/gz_transport_vendor:/opt/ros/jazzy/opt/gz_rendering_vendor:/opt/ros/jazzy/opt/gz_plugin_vendor:/opt/ros/jazzy/opt/gz_fuel_tools_vendor:/opt/ros/jazzy/opt/gz_msgs_vendor:/opt/ros/jazzy/opt/gz_common_vendor:/opt/ros/jazzy/opt/gz_math_vendor:/opt/ros/jazzy/opt/gz_utils_vendor:/opt/ros/jazzy/opt/gz_tools_vendor:/opt/ros/jazzy/opt/gz_ogre_next_vendor:/opt/ros/jazzy/opt/gz_dartsim_vendor:/opt/ros/jazzy/opt/gz_cmake_vendor:/opt/ros/jazzy DEBUGINFOD_URLS=https://debuginfod.ubuntu.com LD_LIBRARY_PATH=/home/joshuaneely/arduinobot_ws/install/arduinobot_msgs/lib:${LD_LIBRARY_PATH} PYTHONPATH=/home/joshuaneely/arduinobot_ws/install/arduinobot_msgs/lib/python3.12/site-packages:${PYTHONPATH} /usr/bin/cmake --build /home/joshuaneely/arduinobot_ws/build/arduinobot_cpp_examples -- -j8 -l8
[0.665s] INFO:colcon.colcon_core.task.python.build:Building Python package in '/home/joshuaneely/arduinobot_ws/src/arduinobot_py_examples'
[0.665s] INFO:colcon.colcon_core.shell:Skip shell extension 'powershell' for command environment: Not usable outside of PowerShell
[0.665s] DEBUG:colcon.colcon_core.shell:Skip shell extension 'dsv' for command environment
[0.671s] DEBUG:colcon.colcon_core.event_handler.log_command:Invoking command in '/home/joshuaneely/arduinobot_ws/build/arduinobot_utils': AMENT_PREFIX_PATH=/home/joshuaneely/arduinobot_ws/install/arduinobot_msgs:${AMENT_PREFIX_PATH} CMAKE_PREFIX_PATH=/home/joshuaneely/arduinobot_ws/install/arduinobot_msgs:/opt/ros/jazzy/opt/gz_sim_vendor:/opt/ros/jazzy/opt/gz_sensors_vendor:/opt/ros/jazzy/opt/gz_physics_vendor:/opt/ros/jazzy/opt/sdformat_vendor:/opt/ros/jazzy/opt/gz_gui_vendor:/opt/ros/jazzy/opt/gz_transport_vendor:/opt/ros/jazzy/opt/gz_rendering_vendor:/opt/ros/jazzy/opt/gz_plugin_vendor:/opt/ros/jazzy/opt/gz_fuel_tools_vendor:/opt/ros/jazzy/opt/gz_msgs_vendor:/opt/ros/jazzy/opt/gz_common_vendor:/opt/ros/jazzy/opt/gz_math_vendor:/opt/ros/jazzy/opt/gz_utils_vendor:/opt/ros/jazzy/opt/gz_tools_vendor:/opt/ros/jazzy/opt/gz_ogre_next_vendor:/opt/ros/jazzy/opt/gz_dartsim_vendor:/opt/ros/jazzy/opt/gz_cmake_vendor:/opt/ros/jazzy DEBUGINFOD_URLS=https://debuginfod.ubuntu.com LD_LIBRARY_PATH=/home/joshuaneely/arduinobot_ws/install/arduinobot_msgs/lib:${LD_LIBRARY_PATH} PYTHONPATH=/home/joshuaneely/arduinobot_ws/install/arduinobot_msgs/lib/python3.12/site-packages:${PYTHONPATH} /usr/bin/cmake --build /home/joshuaneely/arduinobot_ws/build/arduinobot_utils -- -j8 -l8
[0.671s] DEBUG:colcon.colcon_core.event_handler.log_command:Invoked command in '/home/joshuaneely/arduinobot_ws/build/arduinobot_cpp_examples' returned '0': AMENT_PREFIX_PATH=/home/joshuaneely/arduinobot_ws/install/arduinobot_msgs:${AMENT_PREFIX_PATH} CMAKE_PREFIX_PATH=/home/joshuaneely/arduinobot_ws/install/arduinobot_msgs:/opt/ros/jazzy/opt/gz_sim_vendor:/opt/ros/jazzy/opt/gz_sensors_vendor:/opt/ros/jazzy/opt/gz_physics_vendor:/opt/ros/jazzy/opt/sdformat_vendor:/opt/ros/jazzy/opt/gz_gui_vendor:/opt/ros/jazzy/opt/gz_transport_vendor:/opt/ros/jazzy/opt/gz_rendering_vendor:/opt/ros/jazzy/opt/gz_plugin_vendor:/opt/ros/jazzy/opt/gz_fuel_tools_vendor:/opt/ros/jazzy/opt/gz_msgs_vendor:/opt/ros/jazzy/opt/gz_common_vendor:/opt/ros/jazzy/opt/gz_math_vendor:/opt/ros/jazzy/opt/gz_utils_vendor:/opt/ros/jazzy/opt/gz_tools_vendor:/opt/ros/jazzy/opt/gz_ogre_next_vendor:/opt/ros/jazzy/opt/gz_dartsim_vendor:/opt/ros/jazzy/opt/gz_cmake_vendor:/opt/ros/jazzy DEBUGINFOD_URLS=https://debuginfod.ubuntu.com LD_LIBRARY_PATH=/home/joshuaneely/arduinobot_ws/install/arduinobot_msgs/lib:${LD_LIBRARY_PATH} PYTHONPATH=/home/joshuaneely/arduinobot_ws/install/arduinobot_msgs/lib/python3.12/site-packages:${PYTHONPATH} /usr/bin/cmake --build /home/joshuaneely/arduinobot_ws/build/arduinobot_cpp_examples -- -j8 -l8
[0.673s] DEBUG:colcon.colcon_core.event_handler.log_command:Invoking command in '/home/joshuaneely/arduinobot_ws/build/arduinobot_cpp_examples': AMENT_PREFIX_PATH=/home/joshuaneely/arduinobot_ws/install/arduinobot_msgs:${AMENT_PREFIX_PATH} CMAKE_PREFIX_PATH=/home/joshuaneely/arduinobot_ws/install/arduinobot_msgs:/opt/ros/jazzy/opt/gz_sim_vendor:/opt/ros/jazzy/opt/gz_sensors_vendor:/opt/ros/jazzy/opt/gz_physics_vendor:/opt/ros/jazzy/opt/sdformat_vendor:/opt/ros/jazzy/opt/gz_gui_vendor:/opt/ros/jazzy/opt/gz_transport_vendor:/opt/ros/jazzy/opt/gz_rendering_vendor:/opt/ros/jazzy/opt/gz_plugin_vendor:/opt/ros/jazzy/opt/gz_fuel_tools_vendor:/opt/ros/jazzy/opt/gz_msgs_vendor:/opt/ros/jazzy/opt/gz_common_vendor:/opt/ros/jazzy/opt/gz_math_vendor:/opt/ros/jazzy/opt/gz_utils_vendor:/opt/ros/jazzy/opt/gz_tools_vendor:/opt/ros/jazzy/opt/gz_ogre_next_vendor:/opt/ros/jazzy/opt/gz_dartsim_vendor:/opt/ros/jazzy/opt/gz_cmake_vendor:/opt/ros/jazzy DEBUGINFOD_URLS=https://debuginfod.ubuntu.com LD_LIBRARY_PATH=/home/joshuaneely/arduinobot_ws/install/arduinobot_msgs/lib:${LD_LIBRARY_PATH} PYTHONPATH=/home/joshuaneely/arduinobot_ws/install/arduinobot_msgs/lib/python3.12/site-packages:${PYTHONPATH} /usr/bin/cmake --install /home/joshuaneely/arduinobot_ws/build/arduinobot_cpp_examples
[0.682s] Level 1:colcon.colcon_core.environment:create_environment_scripts_only(arduinobot_cpp_examples)
[0.682s] Level 1:colcon.colcon_core.environment:checking '/home/joshuaneely/arduinobot_ws/install/arduinobot_cpp_examples' for CMake module files
[0.682s] Level 1:colcon.colcon_core.environment:checking '/home/joshuaneely/arduinobot_ws/install/arduinobot_cpp_examples' for CMake config files
[0.682s] Level 1:colcon.colcon_core.shell:create_environment_hook('arduinobot_cpp_examples', 'cmake_prefix_path')
[0.682s] INFO:colcon.colcon_core.shell:Creating environment hook '/home/joshuaneely/arduinobot_ws/install/arduinobot_cpp_examples/share/arduinobot_cpp_examples/hook/cmake_prefix_path.ps1'
[0.682s] INFO:colcon.colcon_core.shell:Creating environment descriptor '/home/joshuaneely/arduinobot_ws/install/arduinobot_cpp_examples/share/arduinobot_cpp_examples/hook/cmake_prefix_path.dsv'
[0.683s] INFO:colcon.colcon_core.shell:Creating environment hook '/home/joshuaneely/arduinobot_ws/install/arduinobot_cpp_examples/share/arduinobot_cpp_examples/hook/cmake_prefix_path.sh'
[0.683s] Level 1:colcon.colcon_core.environment:checking '/home/joshuaneely/arduinobot_ws/install/arduinobot_cpp_examples/bin'
[0.683s] Level 1:colcon.colcon_core.environment:checking '/home/joshuaneely/arduinobot_ws/install/arduinobot_cpp_examples/lib/pkgconfig/arduinobot_cpp_examples.pc'
[0.683s] Level 1:colcon.colcon_core.environment:checking '/home/joshuaneely/arduinobot_ws/install/arduinobot_cpp_examples/lib/python3.12/site-packages'
[0.683s] Level 1:colcon.colcon_core.environment:checking '/home/joshuaneely/arduinobot_ws/install/arduinobot_cpp_examples/bin'
[0.684s] INFO:colcon.colcon_core.shell:Creating package script '/home/joshuaneely/arduinobot_ws/install/arduinobot_cpp_examples/share/arduinobot_cpp_examples/package.ps1'
[0.684s] INFO:colcon.colcon_core.shell:Creating package descriptor '/home/joshuaneely/arduinobot_ws/install/arduinobot_cpp_examples/share/arduinobot_cpp_examples/package.dsv'
[0.684s] INFO:colcon.colcon_core.shell:Creating package script '/home/joshuaneely/arduinobot_ws/install/arduinobot_cpp_examples/share/arduinobot_cpp_examples/package.sh'
[0.684s] INFO:colcon.colcon_core.shell:Creating package script '/home/joshuaneely/arduinobot_ws/install/arduinobot_cpp_examples/share/arduinobot_cpp_examples/package.bash'
[0.685s] DEBUG:colcon.colcon_core.event_handler.log_command:Invoked command in '/home/joshuaneely/arduinobot_ws/build/arduinobot_cpp_examples' returned '0': AMENT_PREFIX_PATH=/home/joshuaneely/arduinobot_ws/install/arduinobot_msgs:${AMENT_PREFIX_PATH} CMAKE_PREFIX_PATH=/home/joshuaneely/arduinobot_ws/install/arduinobot_msgs:/opt/ros/jazzy/opt/gz_sim_vendor:/opt/ros/jazzy/opt/gz_sensors_vendor:/opt/ros/jazzy/opt/gz_physics_vendor:/opt/ros/jazzy/opt/sdformat_vendor:/opt/ros/jazzy/opt/gz_gui_vendor:/opt/ros/jazzy/opt/gz_transport_vendor:/opt/ros/jazzy/opt/gz_rendering_vendor:/opt/ros/jazzy/opt/gz_plugin_vendor:/opt/ros/jazzy/opt/gz_fuel_tools_vendor:/opt/ros/jazzy/opt/gz_msgs_vendor:/opt/ros/jazzy/opt/gz_common_vendor:/opt/ros/jazzy/opt/gz_math_vendor:/opt/ros/jazzy/opt/gz_utils_vendor:/opt/ros/jazzy/opt/gz_tools_vendor:/opt/ros/jazzy/opt/gz_ogre_next_vendor:/opt/ros/jazzy/opt/gz_dartsim_vendor:/opt/ros/jazzy/opt/gz_cmake_vendor:/opt/ros/jazzy DEBUGINFOD_URLS=https://debuginfod.ubuntu.com LD_LIBRARY_PATH=/home/joshuaneely/arduinobot_ws/install/arduinobot_msgs/lib:${LD_LIBRARY_PATH} PYTHONPATH=/home/joshuaneely/arduinobot_ws/install/arduinobot_msgs/lib/python3.12/site-packages:${PYTHONPATH} /usr/bin/cmake --install /home/joshuaneely/arduinobot_ws/build/arduinobot_cpp_examples
[0.685s] INFO:colcon.colcon_core.shell:Creating package script '/home/joshuaneely/arduinobot_ws/install/arduinobot_cpp_examples/share/arduinobot_cpp_examples/package.zsh'
[0.686s] Level 1:colcon.colcon_core.environment:create_file_with_runtime_dependencies(/home/joshuaneely/arduinobot_ws/install/arduinobot_cpp_examples/share/colcon-core/packages/arduinobot_cpp_examples)
[0.686s] Level 1:colcon.colcon_core.environment:create_environment_scripts_only(arduinobot_cpp_examples)
[0.686s] Level 1:colcon.colcon_core.environment:checking '/home/joshuaneely/arduinobot_ws/install/arduinobot_cpp_examples' for CMake module files
[0.686s] Level 1:colcon.colcon_core.environment:checking '/home/joshuaneely/arduinobot_ws/install/arduinobot_cpp_examples' for CMake config files
[0.686s] Level 1:colcon.colcon_core.shell:create_environment_hook('arduinobot_cpp_examples', 'cmake_prefix_path')
[0.686s] INFO:colcon.colcon_core.shell:Creating environment hook '/home/joshuaneely/arduinobot_ws/install/arduinobot_cpp_examples/share/arduinobot_cpp_examples/hook/cmake_prefix_path.ps1'
[0.687s] INFO:colcon.colcon_core.shell:Creating environment descriptor '/home/joshuaneely/arduinobot_ws/install/arduinobot_cpp_examples/share/arduinobot_cpp_examples/hook/cmake_prefix_path.dsv'
[0.687s] INFO:colcon.colcon_core.shell:Creating environment hook '/home/joshuaneely/arduinobot_ws/install/arduinobot_cpp_examples/share/arduinobot_cpp_examples/hook/cmake_prefix_path.sh'
[0.687s] Level 1:colcon.colcon_core.environment:checking '/home/joshuaneely/arduinobot_ws/install/arduinobot_cpp_examples/bin'
[0.687s] Level 1:colcon.colcon_core.environment:checking '/home/joshuaneely/arduinobot_ws/install/arduinobot_cpp_examples/lib/pkgconfig/arduinobot_cpp_examples.pc'
[0.687s] Level 1:colcon.colcon_core.environment:checking '/home/joshuaneely/arduinobot_ws/install/arduinobot_cpp_examples/lib/python3.12/site-packages'
[0.687s] Level 1:colcon.colcon_core.environment:checking '/home/joshuaneely/arduinobot_ws/install/arduinobot_cpp_examples/bin'
[0.688s] INFO:colcon.colcon_core.shell:Creating package script '/home/joshuaneely/arduinobot_ws/install/arduinobot_cpp_examples/share/arduinobot_cpp_examples/package.ps1'
[0.688s] INFO:colcon.colcon_core.shell:Creating package descriptor '/home/joshuaneely/arduinobot_ws/install/arduinobot_cpp_examples/share/arduinobot_cpp_examples/package.dsv'
[0.688s] INFO:colcon.colcon_core.shell:Creating package script '/home/joshuaneely/arduinobot_ws/install/arduinobot_cpp_examples/share/arduinobot_cpp_examples/package.sh'
[0.688s] INFO:colcon.colcon_core.shell:Creating package script '/home/joshuaneely/arduinobot_ws/install/arduinobot_cpp_examples/share/arduinobot_cpp_examples/package.bash'
[0.689s] INFO:colcon.colcon_core.shell:Creating package script '/home/joshuaneely/arduinobot_ws/install/arduinobot_cpp_examples/share/arduinobot_cpp_examples/package.zsh'
[0.689s] Level 1:colcon.colcon_core.environment:create_file_with_runtime_dependencies(/home/joshuaneely/arduinobot_ws/install/arduinobot_cpp_examples/share/colcon-core/packages/arduinobot_cpp_examples)
[0.903s] DEBUG:colcon.colcon_core.event_handler.log_command:Invoked command in '/home/joshuaneely/arduinobot_ws/build/arduinobot_utils' returned '0': AMENT_PREFIX_PATH=/home/joshuaneely/arduinobot_ws/install/arduinobot_msgs:${AMENT_PREFIX_PATH} CMAKE_PREFIX_PATH=/home/joshuaneely/arduinobot_ws/install/arduinobot_msgs:/opt/ros/jazzy/opt/gz_sim_vendor:/opt/ros/jazzy/opt/gz_sensors_vendor:/opt/ros/jazzy/opt/gz_physics_vendor:/opt/ros/jazzy/opt/sdformat_vendor:/opt/ros/jazzy/opt/gz_gui_vendor:/opt/ros/jazzy/opt/gz_transport_vendor:/opt/ros/jazzy/opt/gz_rendering_vendor:/opt/ros/jazzy/opt/gz_plugin_vendor:/opt/ros/jazzy/opt/gz_fuel_tools_vendor:/opt/ros/jazzy/opt/gz_msgs_vendor:/opt/ros/jazzy/opt/gz_common_vendor:/opt/ros/jazzy/opt/gz_math_vendor:/opt/ros/jazzy/opt/gz_utils_vendor:/opt/ros/jazzy/opt/gz_tools_vendor:/opt/ros/jazzy/opt/gz_ogre_next_vendor:/opt/ros/jazzy/opt/gz_dartsim_vendor:/opt/ros/jazzy/opt/gz_cmake_vendor:/opt/ros/jazzy DEBUGINFOD_URLS=https://debuginfod.ubuntu.com LD_LIBRARY_PATH=/home/joshuaneely/arduinobot_ws/install/arduinobot_msgs/lib:${LD_LIBRARY_PATH} PYTHONPATH=/home/joshuaneely/arduinobot_ws/install/arduinobot_msgs/lib/python3.12/site-packages:${PYTHONPATH} /usr/bin/cmake --build /home/joshuaneely/arduinobot_ws/build/arduinobot_utils -- -j8 -l8
[0.903s] DEBUG:colcon.colcon_core.event_handler.log_command:Invoking command in '/home/joshuaneely/arduinobot_ws/build/arduinobot_utils': AMENT_PREFIX_PATH=/home/joshuaneely/arduinobot_ws/install/arduinobot_msgs:${AMENT_PREFIX_PATH} CMAKE_PREFIX_PATH=/home/joshuaneely/arduinobot_ws/install/arduinobot_msgs:/opt/ros/jazzy/opt/gz_sim_vendor:/opt/ros/jazzy/opt/gz_sensors_vendor:/opt/ros/jazzy/opt/gz_physics_vendor:/opt/ros/jazzy/opt/sdformat_vendor:/opt/ros/jazzy/opt/gz_gui_vendor:/opt/ros/jazzy/opt/gz_transport_vendor:/opt/ros/jazzy/opt/gz_rendering_vendor:/opt/ros/jazzy/opt/gz_plugin_vendor:/opt/ros/jazzy/opt/gz_fuel_tools_vendor:/opt/ros/jazzy/opt/gz_msgs_vendor:/opt/ros/jazzy/opt/gz_common_vendor:/opt/ros/jazzy/opt/gz_math_vendor:/opt/ros/jazzy/opt/gz_utils_vendor:/opt/ros/jazzy/opt/gz_tools_vendor:/opt/ros/jazzy/opt/gz_ogre_next_vendor:/opt/ros/jazzy/opt/gz_dartsim_vendor:/opt/ros/jazzy/opt/gz_cmake_vendor:/opt/ros/jazzy DEBUGINFOD_URLS=https://debuginfod.ubuntu.com LD_LIBRARY_PATH=/home/joshuaneely/arduinobot_ws/install/arduinobot_msgs/lib:${LD_LIBRARY_PATH} PYTHONPATH=/home/joshuaneely/arduinobot_ws/install/arduinobot_msgs/lib/python3.12/site-packages:${PYTHONPATH} /usr/bin/cmake --install /home/joshuaneely/arduinobot_ws/build/arduinobot_utils
[0.933s] Level 1:colcon.colcon_core.environment:create_environment_scripts_only(arduinobot_utils)
[0.933s] Level 1:colcon.colcon_core.environment:checking '/home/joshuaneely/arduinobot_ws/install/arduinobot_utils' for CMake module files
[0.934s] Level 1:colcon.colcon_core.environment:checking '/home/joshuaneely/arduinobot_ws/install/arduinobot_utils' for CMake config files
[0.934s] Level 1:colcon.colcon_core.shell:create_environment_hook('arduinobot_utils', 'cmake_prefix_path')
[0.934s] INFO:colcon.colcon_core.shell:Creating environment hook '/home/joshuaneely/arduinobot_ws/install/arduinobot_utils/share/arduinobot_utils/hook/cmake_prefix_path.ps1'
[0.934s] INFO:colcon.colcon_core.shell:Creating environment descriptor '/home/joshuaneely/arduinobot_ws/install/arduinobot_utils/share/arduinobot_utils/hook/cmake_prefix_path.dsv'
[0.935s] DEBUG:colcon.colcon_core.event_handler.log_command:Invoked command in '/home/joshuaneely/arduinobot_ws/build/arduinobot_utils' returned '0': AMENT_PREFIX_PATH=/home/joshuaneely/arduinobot_ws/install/arduinobot_msgs:${AMENT_PREFIX_PATH} CMAKE_PREFIX_PATH=/home/joshuaneely/arduinobot_ws/install/arduinobot_msgs:/opt/ros/jazzy/opt/gz_sim_vendor:/opt/ros/jazzy/opt/gz_sensors_vendor:/opt/ros/jazzy/opt/gz_physics_vendor:/opt/ros/jazzy/opt/sdformat_vendor:/opt/ros/jazzy/opt/gz_gui_vendor:/opt/ros/jazzy/opt/gz_transport_vendor:/opt/ros/jazzy/opt/gz_rendering_vendor:/opt/ros/jazzy/opt/gz_plugin_vendor:/opt/ros/jazzy/opt/gz_fuel_tools_vendor:/opt/ros/jazzy/opt/gz_msgs_vendor:/opt/ros/jazzy/opt/gz_common_vendor:/opt/ros/jazzy/opt/gz_math_vendor:/opt/ros/jazzy/opt/gz_utils_vendor:/opt/ros/jazzy/opt/gz_tools_vendor:/opt/ros/jazzy/opt/gz_ogre_next_vendor:/opt/ros/jazzy/opt/gz_dartsim_vendor:/opt/ros/jazzy/opt/gz_cmake_vendor:/opt/ros/jazzy DEBUGINFOD_URLS=https://debuginfod.ubuntu.com LD_LIBRARY_PATH=/home/joshuaneely/arduinobot_ws/install/arduinobot_msgs/lib:${LD_LIBRARY_PATH} PYTHONPATH=/home/joshuaneely/arduinobot_ws/install/arduinobot_msgs/lib/python3.12/site-packages:${PYTHONPATH} /usr/bin/cmake --install /home/joshuaneely/arduinobot_ws/build/arduinobot_utils
[0.935s] INFO:colcon.colcon_core.shell:Creating environment hook '/home/joshuaneely/arduinobot_ws/install/arduinobot_utils/share/arduinobot_utils/hook/cmake_prefix_path.sh'
[0.935s] Level 1:colcon.colcon_core.environment:checking '/home/joshuaneely/arduinobot_ws/install/arduinobot_utils/lib'
[0.935s] Level 1:colcon.colcon_core.environment:checking '/home/joshuaneely/arduinobot_ws/install/arduinobot_utils/bin'
[0.935s] Level 1:colcon.colcon_core.environment:checking '/home/joshuaneely/arduinobot_ws/install/arduinobot_utils/lib/pkgconfig/arduinobot_utils.pc'
[0.935s] Level 1:colcon.colcon_core.environment:checking '/home/joshuaneely/arduinobot_ws/install/arduinobot_utils/lib/python3.12/site-packages'
[0.935s] Level 1:colcon.colcon_core.shell:create_environment_hook('arduinobot_utils', 'pythonpath')
[0.936s] INFO:colcon.colcon_core.shell:Creating environment hook '/home/joshuaneely/arduinobot_ws/install/arduinobot_utils/share/arduinobot_utils/hook/pythonpath.ps1'
[0.936s] INFO:colcon.colcon_core.shell:Creating environment descriptor '/home/joshuaneely/arduinobot_ws/install/arduinobot_utils/share/arduinobot_utils/hook/pythonpath.dsv'
[0.936s] INFO:colcon.colcon_core.shell:Creating environment hook '/home/joshuaneely/arduinobot_ws/install/arduinobot_utils/share/arduinobot_utils/hook/pythonpath.sh'
[0.937s] Level 1:colcon.colcon_core.environment:checking '/home/joshuaneely/arduinobot_ws/install/arduinobot_utils/bin'
[0.937s] INFO:colcon.colcon_core.shell:Creating package script '/home/joshuaneely/arduinobot_ws/install/arduinobot_utils/share/arduinobot_utils/package.ps1'
[0.937s] INFO:colcon.colcon_core.shell:Creating package descriptor '/home/joshuaneely/arduinobot_ws/install/arduinobot_utils/share/arduinobot_utils/package.dsv'
[0.937s] INFO:colcon.colcon_core.shell:Creating package script '/home/joshuaneely/arduinobot_ws/install/arduinobot_utils/share/arduinobot_utils/package.sh'
[0.938s] INFO:colcon.colcon_core.shell:Creating package script '/home/joshuaneely/arduinobot_ws/install/arduinobot_utils/share/arduinobot_utils/package.bash'
[0.938s] INFO:colcon.colcon_core.shell:Creating package script '/home/joshuaneely/arduinobot_ws/install/arduinobot_utils/share/arduinobot_utils/package.zsh'
[0.938s] Level 1:colcon.colcon_core.environment:create_file_with_runtime_dependencies(/home/joshuaneely/arduinobot_ws/install/arduinobot_utils/share/colcon-core/packages/arduinobot_utils)
[0.939s] Level 1:colcon.colcon_core.environment:create_environment_scripts_only(arduinobot_utils)
[0.939s] Level 1:colcon.colcon_core.environment:checking '/home/joshuaneely/arduinobot_ws/install/arduinobot_utils' for CMake module files
[0.939s] Level 1:colcon.colcon_core.environment:checking '/home/joshuaneely/arduinobot_ws/install/arduinobot_utils' for CMake config files
[0.939s] Level 1:colcon.colcon_core.shell:create_environment_hook('arduinobot_utils', 'cmake_prefix_path')
[0.940s] INFO:colcon.colcon_core.shell:Creating environment hook '/home/joshuaneely/arduinobot_ws/install/arduinobot_utils/share/arduinobot_utils/hook/cmake_prefix_path.ps1'
[0.940s] INFO:colcon.colcon_core.shell:Creating environment descriptor '/home/joshuaneely/arduinobot_ws/install/arduinobot_utils/share/arduinobot_utils/hook/cmake_prefix_path.dsv'
[0.940s] INFO:colcon.colcon_core.shell:Creating environment hook '/home/joshuaneely/arduinobot_ws/install/arduinobot_utils/share/arduinobot_utils/hook/cmake_prefix_path.sh'
[0.941s] Level 1:colcon.colcon_core.environment:checking '/home/joshuaneely/arduinobot_ws/install/arduinobot_utils/lib'
[0.941s] Level 1:colcon.colcon_core.environment:checking '/home/joshuaneely/arduinobot_ws/install/arduinobot_utils/bin'
[0.941s] Level 1:colcon.colcon_core.environment:checking '/home/joshuaneely/arduinobot_ws/install/arduinobot_utils/lib/pkgconfig/arduinobot_utils.pc'
[0.941s] Level 1:colcon.colcon_core.environment:checking '/home/joshuaneely/arduinobot_ws/install/arduinobot_utils/lib/python3.12/site-packages'
[0.941s] Level 1:colcon.colcon_core.shell:create_environment_hook('arduinobot_utils', 'pythonpath')
[0.941s] INFO:colcon.colcon_core.shell:Creating environment hook '/home/joshuaneely/arduinobot_ws/install/arduinobot_utils/share/arduinobot_utils/hook/pythonpath.ps1'
[0.941s] INFO:colcon.colcon_core.shell:Creating environment descriptor '/home/joshuaneely/arduinobot_ws/install/arduinobot_utils/share/arduinobot_utils/hook/pythonpath.dsv'
[0.942s] INFO:colcon.colcon_core.shell:Creating environment hook '/home/joshuaneely/arduinobot_ws/install/arduinobot_utils/share/arduinobot_utils/hook/pythonpath.sh'
[0.942s] Level 1:colcon.colcon_core.environment:checking '/home/joshuaneely/arduinobot_ws/install/arduinobot_utils/bin'
[0.942s] INFO:colcon.colcon_core.shell:Creating package script '/home/joshuaneely/arduinobot_ws/install/arduinobot_utils/share/arduinobot_utils/package.ps1'
[0.942s] INFO:colcon.colcon_core.shell:Creating package descriptor '/home/joshuaneely/arduinobot_ws/install/arduinobot_utils/share/arduinobot_utils/package.dsv'
[0.943s] INFO:colcon.colcon_core.shell:Creating package script '/home/joshuaneely/arduinobot_ws/install/arduinobot_utils/share/arduinobot_utils/package.sh'
[0.943s] INFO:colcon.colcon_core.shell:Creating package script '/home/joshuaneely/arduinobot_ws/install/arduinobot_utils/share/arduinobot_utils/package.bash'
[0.943s] INFO:colcon.colcon_core.shell:Creating package script '/home/joshuaneely/arduinobot_ws/install/arduinobot_utils/share/arduinobot_utils/package.zsh'
[0.944s] Level 1:colcon.colcon_core.environment:create_file_with_runtime_dependencies(/home/joshuaneely/arduinobot_ws/install/arduinobot_utils/share/colcon-core/packages/arduinobot_utils)
[0.978s] DEBUG:colcon.colcon_core.event_handler.log_command:Invoking command in '/home/joshuaneely/arduinobot_ws/src/arduinobot_py_examples': AMENT_PREFIX_PATH=/home/joshuaneely/arduinobot_ws/install/arduinobot_msgs:${AMENT_PREFIX_PATH} CMAKE_PREFIX_PATH=/home/joshuaneely/arduinobot_ws/install/arduinobot_msgs:${CMAKE_PREFIX_PATH} DEBUGINFOD_URLS=https://debuginfod.ubuntu.com LD_LIBRARY_PATH=/home/joshuaneely/arduinobot_ws/install/arduinobot_msgs/lib:${LD_LIBRARY_PATH} PYTHONPATH=/home/joshuaneely/arduinobot_ws/build/arduinobot_py_examples/prefix_override:/usr/lib/python3/dist-packages/colcon_core/task/python/colcon_distutils_commands:/home/joshuaneely/arduinobot_ws/install/arduinobot_py_examples/lib/python3.12/site-packages:/home/joshuaneely/arduinobot_ws/install/arduinobot_msgs/lib/python3.12/site-packages:${PYTHONPATH} /usr/bin/python3 -W ignore:setup.py install is deprecated -W ignore:easy_install command is deprecated setup.py egg_info --egg-base ../../build/arduinobot_py_examples build --build-base /home/joshuaneely/arduinobot_ws/build/arduinobot_py_examples/build install --record /home/joshuaneely/arduinobot_ws/build/arduinobot_py_examples/install.log --single-version-externally-managed install_data
[1.260s] Level 1:colcon.colcon_core.environment:checking '/home/joshuaneely/arduinobot_ws/install/arduinobot_py_examples' for CMake module files
[1.260s] DEBUG:colcon.colcon_core.event_handler.log_command:Invoked command in '/home/joshuaneely/arduinobot_ws/src/arduinobot_py_examples' returned '0': AMENT_PREFIX_PATH=/home/joshuaneely/arduinobot_ws/install/arduinobot_msgs:${AMENT_PREFIX_PATH} CMAKE_PREFIX_PATH=/home/joshuaneely/arduinobot_ws/install/arduinobot_msgs:${CMAKE_PREFIX_PATH} DEBUGINFOD_URLS=https://debuginfod.ubuntu.com LD_LIBRARY_PATH=/home/joshuaneely/arduinobot_ws/install/arduinobot_msgs/lib:${LD_LIBRARY_PATH} PYTHONPATH=/home/joshuaneely/arduinobot_ws/build/arduinobot_py_examples/prefix_override:/usr/lib/python3/dist-packages/colcon_core/task/python/colcon_distutils_commands:/home/joshuaneely/arduinobot_ws/install/arduinobot_py_examples/lib/python3.12/site-packages:/home/joshuaneely/arduinobot_ws/install/arduinobot_msgs/lib/python3.12/site-packages:${PYTHONPATH} /usr/bin/python3 -W ignore:setup.py install is deprecated -W ignore:easy_install command is deprecated setup.py egg_info --egg-base ../../build/arduinobot_py_examples build --build-base /home/joshuaneely/arduinobot_ws/build/arduinobot_py_examples/build install --record /home/joshuaneely/arduinobot_ws/build/arduinobot_py_examples/install.log --single-version-externally-managed install_data
[1.261s] Level 1:colcon.colcon_core.environment:checking '/home/joshuaneely/arduinobot_ws/install/arduinobot_py_examples' for CMake config files
[1.261s] Level 1:colcon.colcon_core.environment:checking '/home/joshuaneely/arduinobot_ws/install/arduinobot_py_examples/lib'
[1.261s] Level 1:colcon.colcon_core.environment:checking '/home/joshuaneely/arduinobot_ws/install/arduinobot_py_examples/bin'
[1.261s] Level 1:colcon.colcon_core.environment:checking '/home/joshuaneely/arduinobot_ws/install/arduinobot_py_examples/lib/pkgconfig/arduinobot_py_examples.pc'
[1.261s] Level 1:colcon.colcon_core.environment:checking '/home/joshuaneely/arduinobot_ws/install/arduinobot_py_examples/lib/python3.12/site-packages'
[1.261s] Level 1:colcon.colcon_core.shell:create_environment_hook('arduinobot_py_examples', 'pythonpath')
[1.261s] INFO:colcon.colcon_core.shell:Creating environment hook '/home/joshuaneely/arduinobot_ws/install/arduinobot_py_examples/share/arduinobot_py_examples/hook/pythonpath.ps1'
[1.261s] INFO:colcon.colcon_core.shell:Creating environment descriptor '/home/joshuaneely/arduinobot_ws/install/arduinobot_py_examples/share/arduinobot_py_examples/hook/pythonpath.dsv'
[1.262s] INFO:colcon.colcon_core.shell:Creating environment hook '/home/joshuaneely/arduinobot_ws/install/arduinobot_py_examples/share/arduinobot_py_examples/hook/pythonpath.sh'
[1.262s] Level 1:colcon.colcon_core.environment:checking '/home/joshuaneely/arduinobot_ws/install/arduinobot_py_examples/bin'
[1.262s] Level 1:colcon.colcon_core.environment:create_environment_scripts_only(arduinobot_py_examples)
[1.262s] INFO:colcon.colcon_core.shell:Creating package script '/home/joshuaneely/arduinobot_ws/install/arduinobot_py_examples/share/arduinobot_py_examples/package.ps1'
[1.263s] INFO:colcon.colcon_core.shell:Creating package descriptor '/home/joshuaneely/arduinobot_ws/install/arduinobot_py_examples/share/arduinobot_py_examples/package.dsv'
[1.263s] INFO:colcon.colcon_core.shell:Creating package script '/home/joshuaneely/arduinobot_ws/install/arduinobot_py_examples/share/arduinobot_py_examples/package.sh'
[1.263s] INFO:colcon.colcon_core.shell:Creating package script '/home/joshuaneely/arduinobot_ws/install/arduinobot_py_examples/share/arduinobot_py_examples/package.bash'
[1.264s] INFO:colcon.colcon_core.shell:Creating package script '/home/joshuaneely/arduinobot_ws/install/arduinobot_py_examples/share/arduinobot_py_examples/package.zsh'
[1.264s] Level 1:colcon.colcon_core.environment:create_file_with_runtime_dependencies(/home/joshuaneely/arduinobot_ws/install/arduinobot_py_examples/share/colcon-core/packages/arduinobot_py_examples)
[1.264s] DEBUG:colcon.colcon_parallel_executor.executor.parallel:closing loop
[1.265s] DEBUG:colcon.colcon_parallel_executor.executor.parallel:loop closed
[1.265s] DEBUG:colcon.colcon_parallel_executor.executor.parallel:run_until_complete finished with '0'
[1.265s] DEBUG:colcon.colcon_core.event_reactor:joining thread
[1.268s] INFO:colcon.colcon_core.plugin_system:Skipping extension 'colcon_notification.desktop_notification.terminal_notifier': Not used on non-Darwin systems
[1.268s] INFO:colcon.colcon_core.plugin_system:Skipping extension 'colcon_notification.desktop_notification.win32': Not used on non-Windows systems
[1.268s] INFO:colcon.colcon_notification.desktop_notification:Sending desktop notification using 'notify2'
[1.279s] DEBUG:colcon.colcon_core.event_reactor:joined thread
[1.280s] INFO:colcon.colcon_core.shell:Creating prefix script '/home/joshuaneely/arduinobot_ws/install/local_setup.ps1'
[1.280s] INFO:colcon.colcon_core.shell:Creating prefix util module '/home/joshuaneely/arduinobot_ws/install/_local_setup_util_ps1.py'
[1.281s] INFO:colcon.colcon_core.shell:Creating prefix chain script '/home/joshuaneely/arduinobot_ws/install/setup.ps1'
[1.282s] INFO:colcon.colcon_core.shell:Creating prefix script '/home/joshuaneely/arduinobot_ws/install/local_setup.sh'
[1.282s] INFO:colcon.colcon_core.shell:Creating prefix util module '/home/joshuaneely/arduinobot_ws/install/_local_setup_util_sh.py'
[1.283s] INFO:colcon.colcon_core.shell:Creating prefix chain script '/home/joshuaneely/arduinobot_ws/install/setup.sh'
[1.283s] INFO:colcon.colcon_core.shell:Creating prefix script '/home/joshuaneely/arduinobot_ws/install/local_setup.bash'
[1.284s] INFO:colcon.colcon_core.shell:Creating prefix chain script '/home/joshuaneely/arduinobot_ws/install/setup.bash'
[1.284s] INFO:colcon.colcon_core.shell:Creating prefix script '/home/joshuaneely/arduinobot_ws/install/local_setup.zsh'
[1.285s] INFO:colcon.colcon_core.shell:Creating prefix chain script '/home/joshuaneely/arduinobot_ws/install/setup.zsh'
