[0.010s] Invoking command in '/home/joshuaneely/arduinobot_ws/build/arduinobot_description': CMAKE_PREFIX_PATH=${CMAKE_PREFIX_PATH}:/opt/ros/jazzy DEBUGINFOD_URLS=https://debuginfod.ubuntu.com /usr/bin/cmake --build /home/joshuaneely/arduinobot_ws/build/arduinobot_description -- -j8 -l8
[0.128s] Invoked command in '/home/joshuaneely/arduinobot_ws/build/arduinobot_description' returned '0': CMAKE_PREFIX_PATH=${CMAKE_PREFIX_PATH}:/opt/ros/jazzy DEBUGINFOD_URLS=https://debuginfod.ubuntu.com /usr/bin/cmake --build /home/joshuaneely/arduinobot_ws/build/arduinobot_description -- -j8 -l8
[0.134s] Invoking command in '/home/joshuaneely/arduinobot_ws/build/arduinobot_description': CMAKE_PREFIX_PATH=${CMAKE_PREFIX_PATH}:/opt/ros/jazzy DEBUGINFOD_URLS=https://debuginfod.ubuntu.com /usr/bin/cmake --install /home/joshuaneely/arduinobot_ws/build/arduinobot_description
[0.138s] -- Install configuration: ""
[0.138s] -- Up-to-date: /home/joshuaneely/arduinobot_ws/install/arduinobot_description/share/ament_index/resource_index/package_run_dependencies/arduinobot_description
[0.139s] -- Up-to-date: /home/joshuaneely/arduinobot_ws/install/arduinobot_description/share/ament_index/resource_index/parent_prefix_path/arduinobot_description
[0.139s] -- Up-to-date: /home/joshuaneely/arduinobot_ws/install/arduinobot_description/share/arduinobot_description/environment/ament_prefix_path.sh
[0.139s] -- Up-to-date: /home/joshuaneely/arduinobot_ws/install/arduinobot_description/share/arduinobot_description/environment/ament_prefix_path.dsv
[0.139s] -- Up-to-date: /home/joshuaneely/arduinobot_ws/install/arduinobot_description/share/arduinobot_description/environment/path.sh
[0.139s] -- Up-to-date: /home/joshuaneely/arduinobot_ws/install/arduinobot_description/share/arduinobot_description/environment/path.dsv
[0.139s] -- Up-to-date: /home/joshuaneely/arduinobot_ws/install/arduinobot_description/share/arduinobot_description/local_setup.bash
[0.139s] -- Up-to-date: /home/joshuaneely/arduinobot_ws/install/arduinobot_description/share/arduinobot_description/local_setup.sh
[0.139s] -- Up-to-date: /home/joshuaneely/arduinobot_ws/install/arduinobot_description/share/arduinobot_description/local_setup.zsh
[0.139s] -- Up-to-date: /home/joshuaneely/arduinobot_ws/install/arduinobot_description/share/arduinobot_description/local_setup.dsv
[0.139s] -- Up-to-date: /home/joshuaneely/arduinobot_ws/install/arduinobot_description/share/arduinobot_description/package.dsv
[0.139s] -- Up-to-date: /home/joshuaneely/arduinobot_ws/install/arduinobot_description/share/ament_index/resource_index/packages/arduinobot_description
[0.139s] -- Up-to-date: /home/joshuaneely/arduinobot_ws/install/arduinobot_description/share/arduinobot_description/cmake/arduinobot_descriptionConfig.cmake
[0.139s] -- Up-to-date: /home/joshuaneely/arduinobot_ws/install/arduinobot_description/share/arduinobot_description/cmake/arduinobot_descriptionConfig-version.cmake
[0.139s] -- Up-to-date: /home/joshuaneely/arduinobot_ws/install/arduinobot_description/share/arduinobot_description/package.xml
[0.142s] Invoked command in '/home/joshuaneely/arduinobot_ws/build/arduinobot_description' returned '0': CMAKE_PREFIX_PATH=${CMAKE_PREFIX_PATH}:/opt/ros/jazzy DEBUGINFOD_URLS=https://debuginfod.ubuntu.com /usr/bin/cmake --install /home/joshuaneely/arduinobot_ws/build/arduinobot_description
