-- Found ament_cmake: 2.5.4 (/opt/ros/jazzy/share/ament_cmake/cmake)
-- Found trajectory_msgs: 5.3.6 (/opt/ros/jazzy/share/trajectory_msgs/cmake)
-- Found rosidl_generator_c: 4.6.5 (/opt/ros/jazzy/share/rosidl_generator_c/cmake)
-- Found rosidl_generator_cpp: 4.6.5 (/opt/ros/jazzy/share/rosidl_generator_cpp/cmake)
-- Using all available rosidl_typesupport_c: rosidl_typesupport_fastrtps_c;rosidl_typesupport_introspection_c
-- Using all available rosidl_typesupport_cpp: rosidl_typesupport_fastrtps_cpp;rosidl_typesupport_introspection_cpp
-- Found sensor_msgs: 5.3.6 (/opt/ros/jazzy/share/sensor_msgs/cmake)
-- Found rclcpp: 28.1.9 (/opt/ros/jazzy/share/rclcpp/cmake)
-- Found rmw_implementation_cmake: 7.3.2 (/opt/ros/jazzy/share/rmw_implementation_cmake/cmake)
-- Found rmw_fastrtps_cpp: 8.4.2 (/opt/ros/jazzy/share/rmw_fastrtps_cpp/cmake)
-- Using RMW implementation 'rmw_fastrtps_cpp' as default
-- Found rclpy: 7.1.4 (/opt/ros/jazzy/share/rclpy/cmake)
-- Configuring done (0.4s)
-- Generating done (0.0s)
-- Build files have been written to: /home/joshuaneely/arduinobot_ws/build/arduinobot_controller
[  0%] Built target ament_cmake_python_copy_arduinobot_controller
[ 50%] [32m[1mLinking CXX executable slider_control[0m
running egg_info
writing arduinobot_controller.egg-info/PKG-INFO
writing dependency_links to arduinobot_controller.egg-info/dependency_links.txt
writing top-level names to arduinobot_controller.egg-info/top_level.txt
reading manifest file 'arduinobot_controller.egg-info/SOURCES.txt'
writing manifest file 'arduinobot_controller.egg-info/SOURCES.txt'
[ 50%] Built target ament_cmake_python_build_arduinobot_controller_egg
[100%] Built target slider_control
-- Install configuration: ""
-- Up-to-date: /home/joshuaneely/arduinobot_ws/install/arduinobot_controller/share/arduinobot_controller/environment/pythonpath.sh
-- Up-to-date: /home/joshuaneely/arduinobot_ws/install/arduinobot_controller/share/arduinobot_controller/environment/pythonpath.dsv
-- Up-to-date: /home/joshuaneely/arduinobot_ws/install/arduinobot_controller/lib/python3.12/site-packages/arduinobot_controller-0.0.0-py3.12.egg-info
-- Installing: /home/joshuaneely/arduinobot_ws/install/arduinobot_controller/lib/python3.12/site-packages/arduinobot_controller-0.0.0-py3.12.egg-info/top_level.txt
-- Installing: /home/joshuaneely/arduinobot_ws/install/arduinobot_controller/lib/python3.12/site-packages/arduinobot_controller-0.0.0-py3.12.egg-info/dependency_links.txt
-- Installing: /home/joshuaneely/arduinobot_ws/install/arduinobot_controller/lib/python3.12/site-packages/arduinobot_controller-0.0.0-py3.12.egg-info/PKG-INFO
-- Installing: /home/joshuaneely/arduinobot_ws/install/arduinobot_controller/lib/python3.12/site-packages/arduinobot_controller-0.0.0-py3.12.egg-info/SOURCES.txt
-- Up-to-date: /home/joshuaneely/arduinobot_ws/install/arduinobot_controller/lib/python3.12/site-packages/arduinobot_controller
-- Up-to-date: /home/joshuaneely/arduinobot_ws/install/arduinobot_controller/lib/python3.12/site-packages/arduinobot_controller/slider_control.py
-- Up-to-date: /home/joshuaneely/arduinobot_ws/install/arduinobot_controller/lib/python3.12/site-packages/arduinobot_controller/__init__.py
Listing '/home/joshuaneely/arduinobot_ws/install/arduinobot_controller/lib/python3.12/site-packages/arduinobot_controller'...
-- Up-to-date: /home/joshuaneely/arduinobot_ws/install/arduinobot_controller/share/arduinobot_controller/config
-- Up-to-date: /home/joshuaneely/arduinobot_ws/install/arduinobot_controller/share/arduinobot_controller/config/arduinobot_controllers.yaml
-- Up-to-date: /home/joshuaneely/arduinobot_ws/install/arduinobot_controller/share/ament_index/resource_index/package_run_dependencies/arduinobot_controller
-- Up-to-date: /home/joshuaneely/arduinobot_ws/install/arduinobot_controller/share/ament_index/resource_index/parent_prefix_path/arduinobot_controller
-- Up-to-date: /home/joshuaneely/arduinobot_ws/install/arduinobot_controller/share/arduinobot_controller/environment/ament_prefix_path.sh
-- Up-to-date: /home/joshuaneely/arduinobot_ws/install/arduinobot_controller/share/arduinobot_controller/environment/ament_prefix_path.dsv
-- Up-to-date: /home/joshuaneely/arduinobot_ws/install/arduinobot_controller/share/arduinobot_controller/environment/path.sh
-- Up-to-date: /home/joshuaneely/arduinobot_ws/install/arduinobot_controller/share/arduinobot_controller/environment/path.dsv
-- Up-to-date: /home/joshuaneely/arduinobot_ws/install/arduinobot_controller/share/arduinobot_controller/local_setup.bash
-- Up-to-date: /home/joshuaneely/arduinobot_ws/install/arduinobot_controller/share/arduinobot_controller/local_setup.sh
-- Up-to-date: /home/joshuaneely/arduinobot_ws/install/arduinobot_controller/share/arduinobot_controller/local_setup.zsh
-- Up-to-date: /home/joshuaneely/arduinobot_ws/install/arduinobot_controller/share/arduinobot_controller/local_setup.dsv
-- Installing: /home/joshuaneely/arduinobot_ws/install/arduinobot_controller/share/arduinobot_controller/package.dsv
-- Up-to-date: /home/joshuaneely/arduinobot_ws/install/arduinobot_controller/share/ament_index/resource_index/packages/arduinobot_controller
-- Up-to-date: /home/joshuaneely/arduinobot_ws/install/arduinobot_controller/share/arduinobot_controller/cmake/arduinobot_controllerConfig.cmake
-- Up-to-date: /home/joshuaneely/arduinobot_ws/install/arduinobot_controller/share/arduinobot_controller/cmake/arduinobot_controllerConfig-version.cmake
-- Up-to-date: /home/joshuaneely/arduinobot_ws/install/arduinobot_controller/share/arduinobot_controller/package.xml
