[0.011s] Invoking command in '/home/joshuaneely/arduinobot_ws/build/arduinobot_controller': CMAKE_PREFIX_PATH=${CMAKE_PREFIX_PATH}:/opt/ros/jazzy DEBUGINFOD_URLS=https://debuginfod.ubuntu.com /usr/bin/cmake --build /home/joshuaneely/arduinobot_ws/build/arduinobot_controller -- -j8 -l8
[0.033s] -- Found ament_cmake: 2.5.4 (/opt/ros/jazzy/share/ament_cmake/cmake)
[0.164s] -- Found trajectory_msgs: 5.3.6 (/opt/ros/jazzy/share/trajectory_msgs/cmake)
[0.183s] -- Found rosidl_generator_c: 4.6.5 (/opt/ros/jazzy/share/rosidl_generator_c/cmake)
[0.189s] -- Found rosidl_generator_cpp: 4.6.5 (/opt/ros/jazzy/share/rosidl_generator_cpp/cmake)
[0.197s] -- Using all available rosidl_typesupport_c: rosidl_typesupport_fastrtps_c;rosidl_typesupport_introspection_c
[0.208s] -- Using all available rosidl_typesupport_cpp: rosidl_typesupport_fastrtps_cpp;rosidl_typesupport_introspection_cpp
[0.250s] -- Found sensor_msgs: 5.3.6 (/opt/ros/jazzy/share/sensor_msgs/cmake)
[0.273s] -- Found rclcpp: 28.1.9 (/opt/ros/jazzy/share/rclcpp/cmake)
[0.299s] -- Found rmw_implementation_cmake: 7.3.2 (/opt/ros/jazzy/share/rmw_implementation_cmake/cmake)
[0.301s] -- Found rmw_fastrtps_cpp: 8.4.2 (/opt/ros/jazzy/share/rmw_fastrtps_cpp/cmake)
[0.338s] -- Using RMW implementation 'rmw_fastrtps_cpp' as default
[0.379s] -- Found rclpy: 7.1.4 (/opt/ros/jazzy/share/rclpy/cmake)
[0.469s] -- Configuring done (0.4s)
[0.479s] -- Generating done (0.0s)
[0.482s] -- Build files have been written to: /home/joshuaneely/arduinobot_ws/build/arduinobot_controller
[0.504s] [  0%] Built target ament_cmake_python_copy_arduinobot_controller
[0.505s] [ 50%] [32m[1mLinking CXX executable slider_control[0m
[0.613s] running egg_info
[0.622s] writing arduinobot_controller.egg-info/PKG-INFO
[0.622s] writing dependency_links to arduinobot_controller.egg-info/dependency_links.txt
[0.622s] writing top-level names to arduinobot_controller.egg-info/top_level.txt
[0.648s] reading manifest file 'arduinobot_controller.egg-info/SOURCES.txt'
[0.648s] writing manifest file 'arduinobot_controller.egg-info/SOURCES.txt'
[0.665s] [ 50%] Built target ament_cmake_python_build_arduinobot_controller_egg
[0.725s] [100%] Built target slider_control
[0.731s] Invoked command in '/home/joshuaneely/arduinobot_ws/build/arduinobot_controller' returned '0': CMAKE_PREFIX_PATH=${CMAKE_PREFIX_PATH}:/opt/ros/jazzy DEBUGINFOD_URLS=https://debuginfod.ubuntu.com /usr/bin/cmake --build /home/joshuaneely/arduinobot_ws/build/arduinobot_controller -- -j8 -l8
[0.732s] Invoking command in '/home/joshuaneely/arduinobot_ws/build/arduinobot_controller': CMAKE_PREFIX_PATH=${CMAKE_PREFIX_PATH}:/opt/ros/jazzy DEBUGINFOD_URLS=https://debuginfod.ubuntu.com /usr/bin/cmake --install /home/joshuaneely/arduinobot_ws/build/arduinobot_controller
[0.737s] -- Install configuration: ""
[0.737s] -- Up-to-date: /home/joshuaneely/arduinobot_ws/install/arduinobot_controller/share/arduinobot_controller/environment/pythonpath.sh
[0.737s] -- Up-to-date: /home/joshuaneely/arduinobot_ws/install/arduinobot_controller/share/arduinobot_controller/environment/pythonpath.dsv
[0.737s] -- Up-to-date: /home/joshuaneely/arduinobot_ws/install/arduinobot_controller/lib/python3.12/site-packages/arduinobot_controller-0.0.0-py3.12.egg-info
[0.737s] -- Installing: /home/joshuaneely/arduinobot_ws/install/arduinobot_controller/lib/python3.12/site-packages/arduinobot_controller-0.0.0-py3.12.egg-info/top_level.txt
[0.737s] -- Installing: /home/joshuaneely/arduinobot_ws/install/arduinobot_controller/lib/python3.12/site-packages/arduinobot_controller-0.0.0-py3.12.egg-info/dependency_links.txt
[0.737s] -- Installing: /home/joshuaneely/arduinobot_ws/install/arduinobot_controller/lib/python3.12/site-packages/arduinobot_controller-0.0.0-py3.12.egg-info/PKG-INFO
[0.737s] -- Installing: /home/joshuaneely/arduinobot_ws/install/arduinobot_controller/lib/python3.12/site-packages/arduinobot_controller-0.0.0-py3.12.egg-info/SOURCES.txt
[0.737s] -- Up-to-date: /home/joshuaneely/arduinobot_ws/install/arduinobot_controller/lib/python3.12/site-packages/arduinobot_controller
[0.737s] -- Up-to-date: /home/joshuaneely/arduinobot_ws/install/arduinobot_controller/lib/python3.12/site-packages/arduinobot_controller/slider_control.py
[0.737s] -- Up-to-date: /home/joshuaneely/arduinobot_ws/install/arduinobot_controller/lib/python3.12/site-packages/arduinobot_controller/__init__.py
[0.753s] Listing '/home/joshuaneely/arduinobot_ws/install/arduinobot_controller/lib/python3.12/site-packages/arduinobot_controller'...
[0.757s] -- Up-to-date: /home/joshuaneely/arduinobot_ws/install/arduinobot_controller/share/arduinobot_controller/config
[0.757s] -- Up-to-date: /home/joshuaneely/arduinobot_ws/install/arduinobot_controller/share/arduinobot_controller/config/arduinobot_controllers.yaml
[0.757s] -- Up-to-date: /home/joshuaneely/arduinobot_ws/install/arduinobot_controller/share/ament_index/resource_index/package_run_dependencies/arduinobot_controller
[0.757s] -- Up-to-date: /home/joshuaneely/arduinobot_ws/install/arduinobot_controller/share/ament_index/resource_index/parent_prefix_path/arduinobot_controller
[0.757s] -- Up-to-date: /home/joshuaneely/arduinobot_ws/install/arduinobot_controller/share/arduinobot_controller/environment/ament_prefix_path.sh
[0.757s] -- Up-to-date: /home/joshuaneely/arduinobot_ws/install/arduinobot_controller/share/arduinobot_controller/environment/ament_prefix_path.dsv
[0.757s] -- Up-to-date: /home/joshuaneely/arduinobot_ws/install/arduinobot_controller/share/arduinobot_controller/environment/path.sh
[0.757s] -- Up-to-date: /home/joshuaneely/arduinobot_ws/install/arduinobot_controller/share/arduinobot_controller/environment/path.dsv
[0.757s] -- Up-to-date: /home/joshuaneely/arduinobot_ws/install/arduinobot_controller/share/arduinobot_controller/local_setup.bash
[0.757s] -- Up-to-date: /home/joshuaneely/arduinobot_ws/install/arduinobot_controller/share/arduinobot_controller/local_setup.sh
[0.757s] -- Up-to-date: /home/joshuaneely/arduinobot_ws/install/arduinobot_controller/share/arduinobot_controller/local_setup.zsh
[0.757s] -- Up-to-date: /home/joshuaneely/arduinobot_ws/install/arduinobot_controller/share/arduinobot_controller/local_setup.dsv
[0.757s] -- Installing: /home/joshuaneely/arduinobot_ws/install/arduinobot_controller/share/arduinobot_controller/package.dsv
[0.757s] -- Up-to-date: /home/joshuaneely/arduinobot_ws/install/arduinobot_controller/share/ament_index/resource_index/packages/arduinobot_controller
[0.757s] -- Up-to-date: /home/joshuaneely/arduinobot_ws/install/arduinobot_controller/share/arduinobot_controller/cmake/arduinobot_controllerConfig.cmake
[0.757s] -- Up-to-date: /home/joshuaneely/arduinobot_ws/install/arduinobot_controller/share/arduinobot_controller/cmake/arduinobot_controllerConfig-version.cmake
[0.758s] -- Up-to-date: /home/joshuaneely/arduinobot_ws/install/arduinobot_controller/share/arduinobot_controller/package.xml
[0.759s] Invoked command in '/home/joshuaneely/arduinobot_ws/build/arduinobot_controller' returned '0': CMAKE_PREFIX_PATH=${CMAKE_PREFIX_PATH}:/opt/ros/jazzy DEBUGINFOD_URLS=https://debuginfod.ubuntu.com /usr/bin/cmake --install /home/joshuaneely/arduinobot_ws/build/arduinobot_controller
