[0.017s] Invoking command in '/home/joshuaneely/arduinobot_ws/build/arduinobot_remote': CMAKE_PREFIX_PATH=${CMAKE_PREFIX_PATH}:/opt/ros/jazzy DEBUGINFOD_URLS=https://debuginfod.ubuntu.com /usr/bin/cmake /home/joshuaneely/arduinobot_ws/src/arduinobot_remote -DCMAKE_INSTALL_PREFIX=/home/joshuaneely/arduinobot_ws/install/arduinobot_remote
[0.154s] -- The C compiler identification is GNU 13.3.0
[0.242s] -- The CXX compiler identification is GNU 13.3.0
[0.254s] -- Detecting C compiler ABI info
[0.307s] -- Detecting C compiler ABI info - done
[0.308s] -- Check for working C compiler: /usr/bin/cc - skipped
[0.309s] -- Detecting C compile features
[0.309s] -- Detecting C compile features - done
[0.316s] -- Detecting CXX compiler ABI info
[0.370s] -- Detecting CXX compiler ABI info - done
[0.376s] -- Check for working CXX compiler: /usr/bin/c++ - skipped
[0.376s] -- Detecting CXX compile features
[0.376s] -- Detecting CXX compile features - done
[0.385s] -- Found ament_cmake: 2.5.4 (/opt/ros/jazzy/share/ament_cmake/cmake)
[0.463s] -- Found Python3: /usr/bin/python3 (found version "3.12.3") found components: Interpreter 
[0.541s] -- Found ament_lint_auto: 0.17.2 (/opt/ros/jazzy/share/ament_lint_auto/cmake)
[0.601s] -- Added test 'lint_cmake' to check CMake code style
[0.601s] -- Added test 'xmllint' to check XML markup files
[0.602s] -- Configuring done (0.6s)
[0.604s] -- Generating done (0.0s)
[0.604s] -- Build files have been written to: /home/joshuaneely/arduinobot_ws/build/arduinobot_remote
[0.607s] Invoked command in '/home/joshuaneely/arduinobot_ws/build/arduinobot_remote' returned '0': CMAKE_PREFIX_PATH=${CMAKE_PREFIX_PATH}:/opt/ros/jazzy DEBUGINFOD_URLS=https://debuginfod.ubuntu.com /usr/bin/cmake /home/joshuaneely/arduinobot_ws/src/arduinobot_remote -DCMAKE_INSTALL_PREFIX=/home/joshuaneely/arduinobot_ws/install/arduinobot_remote
[0.608s] Invoking command in '/home/joshuaneely/arduinobot_ws/build/arduinobot_remote': CMAKE_PREFIX_PATH=${CMAKE_PREFIX_PATH}:/opt/ros/jazzy DEBUGINFOD_URLS=https://debuginfod.ubuntu.com /usr/bin/cmake --build /home/joshuaneely/arduinobot_ws/build/arduinobot_remote -- -j8 -l8
[0.627s] Invoked command in '/home/joshuaneely/arduinobot_ws/build/arduinobot_remote' returned '0': CMAKE_PREFIX_PATH=${CMAKE_PREFIX_PATH}:/opt/ros/jazzy DEBUGINFOD_URLS=https://debuginfod.ubuntu.com /usr/bin/cmake --build /home/joshuaneely/arduinobot_ws/build/arduinobot_remote -- -j8 -l8
[0.627s] Invoking command in '/home/joshuaneely/arduinobot_ws/build/arduinobot_remote': CMAKE_PREFIX_PATH=${CMAKE_PREFIX_PATH}:/opt/ros/jazzy DEBUGINFOD_URLS=https://debuginfod.ubuntu.com /usr/bin/cmake --install /home/joshuaneely/arduinobot_ws/build/arduinobot_remote
[0.631s] -- Install configuration: ""
[0.631s] -- Installing: /home/joshuaneely/arduinobot_ws/install/arduinobot_remote/share/ament_index/resource_index/package_run_dependencies/arduinobot_remote
[0.631s] -- Installing: /home/joshuaneely/arduinobot_ws/install/arduinobot_remote/share/ament_index/resource_index/parent_prefix_path/arduinobot_remote
[0.632s] -- Installing: /home/joshuaneely/arduinobot_ws/install/arduinobot_remote/share/arduinobot_remote/environment/ament_prefix_path.sh
[0.632s] -- Installing: /home/joshuaneely/arduinobot_ws/install/arduinobot_remote/share/arduinobot_remote/environment/ament_prefix_path.dsv
[0.632s] -- Installing: /home/joshuaneely/arduinobot_ws/install/arduinobot_remote/share/arduinobot_remote/environment/path.sh
[0.632s] -- Installing: /home/joshuaneely/arduinobot_ws/install/arduinobot_remote/share/arduinobot_remote/environment/path.dsv
[0.632s] -- Installing: /home/joshuaneely/arduinobot_ws/install/arduinobot_remote/share/arduinobot_remote/local_setup.bash
[0.632s] -- Installing: /home/joshuaneely/arduinobot_ws/install/arduinobot_remote/share/arduinobot_remote/local_setup.sh
[0.632s] -- Installing: /home/joshuaneely/arduinobot_ws/install/arduinobot_remote/share/arduinobot_remote/local_setup.zsh
[0.632s] -- Installing: /home/joshuaneely/arduinobot_ws/install/arduinobot_remote/share/arduinobot_remote/local_setup.dsv
[0.632s] -- Installing: /home/joshuaneely/arduinobot_ws/install/arduinobot_remote/share/arduinobot_remote/package.dsv
[0.632s] -- Installing: /home/joshuaneely/arduinobot_ws/install/arduinobot_remote/share/ament_index/resource_index/packages/arduinobot_remote
[0.632s] -- Installing: /home/joshuaneely/arduinobot_ws/install/arduinobot_remote/share/arduinobot_remote/cmake/arduinobot_remoteConfig.cmake
[0.632s] -- Installing: /home/joshuaneely/arduinobot_ws/install/arduinobot_remote/share/arduinobot_remote/cmake/arduinobot_remoteConfig-version.cmake
[0.632s] -- Installing: /home/joshuaneely/arduinobot_ws/install/arduinobot_remote/share/arduinobot_remote/package.xml
[0.633s] Invoked command in '/home/joshuaneely/arduinobot_ws/build/arduinobot_remote' returned '0': CMAKE_PREFIX_PATH=${CMAKE_PREFIX_PATH}:/opt/ros/jazzy DEBUGINFOD_URLS=https://debuginfod.ubuntu.com /usr/bin/cmake --install /home/joshuaneely/arduinobot_ws/build/arduinobot_remote
