[0.011s] Invoking command in '/home/joshuaneely/arduinobot_ws/build/arduinobot_description': CMAKE_PREFIX_PATH=${CMAKE_PREFIX_PATH}:/opt/ros/jazzy DEBUGINFOD_URLS=https://debuginfod.ubuntu.com /usr/bin/cmake --build /home/joshuaneely/arduinobot_ws/build/arduinobot_description -- -j8 -l8
[0.022s] -- Found ament_cmake: 2.5.4 (/opt/ros/jazzy/share/ament_cmake/cmake)
[0.140s] -- Found urdf: 2.10.0 (/opt/ros/jazzy/share/urdf/cmake)
[0.155s] -- Found TinyXML2 via Config file: /usr/lib/aarch64-linux-gnu/cmake/tinyxml2
[0.155s] -- Found ament_lint_auto: 0.17.2 (/opt/ros/jazzy/share/ament_lint_auto/cmake)
[0.208s] -- Added test 'copyright' to check source files copyright and LICENSE
[0.208s] -- Added test 'flake8' to check Python code syntax and style conventions
[0.208s] -- Configured 'flake8' exclude dirs and/or files: 
[0.208s] -- Added test 'lint_cmake' to check CMake code style
[0.208s] -- Added test 'pep257' to check Python code against some of the docstring style conventions in PEP 257
[0.208s] -- Added test 'xmllint' to check XML markup files
[0.208s] -- Configuring done (0.2s)
[0.211s] -- Generating done (0.0s)
[0.212s] -- Build files have been written to: /home/joshuaneely/arduinobot_ws/build/arduinobot_description
[0.224s] Invoked command in '/home/joshuaneely/arduinobot_ws/build/arduinobot_description' returned '0': CMAKE_PREFIX_PATH=${CMAKE_PREFIX_PATH}:/opt/ros/jazzy DEBUGINFOD_URLS=https://debuginfod.ubuntu.com /usr/bin/cmake --build /home/joshuaneely/arduinobot_ws/build/arduinobot_description -- -j8 -l8
[0.226s] Invoking command in '/home/joshuaneely/arduinobot_ws/build/arduinobot_description': CMAKE_PREFIX_PATH=${CMAKE_PREFIX_PATH}:/opt/ros/jazzy DEBUGINFOD_URLS=https://debuginfod.ubuntu.com /usr/bin/cmake --install /home/joshuaneely/arduinobot_ws/build/arduinobot_description
[0.231s] -- Install configuration: ""
[0.231s] -- Up-to-date: /home/joshuaneely/arduinobot_ws/install/arduinobot_description/share/arduinobot_description/launch
[0.231s] -- Up-to-date: /home/joshuaneely/arduinobot_ws/install/arduinobot_description/share/arduinobot_description/launch/display.launch.py
[0.231s] -- Up-to-date: /home/joshuaneely/arduinobot_ws/install/arduinobot_description/share/arduinobot_description/launch/gazebo.launch.py
[0.231s] -- Up-to-date: /home/joshuaneely/arduinobot_ws/install/arduinobot_description/share/arduinobot_description/meshes
[0.231s] -- Up-to-date: /home/joshuaneely/arduinobot_ws/install/arduinobot_description/share/arduinobot_description/meshes/right_finger.STL
[0.231s] -- Up-to-date: /home/joshuaneely/arduinobot_ws/install/arduinobot_description/share/arduinobot_description/meshes/round_plate.STL
[0.231s] -- Up-to-date: /home/joshuaneely/arduinobot_ws/install/arduinobot_description/share/arduinobot_description/meshes/base_plate.STL
[0.231s] -- Up-to-date: /home/joshuaneely/arduinobot_ws/install/arduinobot_description/share/arduinobot_description/meshes/left_finger.STL
[0.231s] -- Up-to-date: /home/joshuaneely/arduinobot_ws/install/arduinobot_description/share/arduinobot_description/meshes/servo_plate.STL
[0.231s] -- Up-to-date: /home/joshuaneely/arduinobot_ws/install/arduinobot_description/share/arduinobot_description/meshes/vertical_drive_arm.STL
[0.231s] -- Up-to-date: /home/joshuaneely/arduinobot_ws/install/arduinobot_description/share/arduinobot_description/meshes/plate.STL
[0.231s] -- Up-to-date: /home/joshuaneely/arduinobot_ws/install/arduinobot_description/share/arduinobot_description/meshes/horizontal_arm.STL
[0.231s] -- Up-to-date: /home/joshuaneely/arduinobot_ws/install/arduinobot_description/share/arduinobot_description/meshes/basement.STL
[0.231s] -- Up-to-date: /home/joshuaneely/arduinobot_ws/install/arduinobot_description/share/arduinobot_description/meshes/forward_drive_arm.STL
[0.232s] -- Up-to-date: /home/joshuaneely/arduinobot_ws/install/arduinobot_description/share/arduinobot_description/meshes/claw_support.STL
[0.232s] -- Up-to-date: /home/joshuaneely/arduinobot_ws/install/arduinobot_description/share/arduinobot_description/meshes/triangular_link.STL
[0.232s] -- Up-to-date: /home/joshuaneely/arduinobot_ws/install/arduinobot_description/share/arduinobot_description/meshes/link.STL
[0.232s] -- Up-to-date: /home/joshuaneely/arduinobot_ws/install/arduinobot_description/share/arduinobot_description/urdf
[0.232s] -- Installing: /home/joshuaneely/arduinobot_ws/install/arduinobot_description/share/arduinobot_description/urdf/arduinobot_ros2_control.xacro
[0.232s] -- Installing: /home/joshuaneely/arduinobot_ws/install/arduinobot_description/share/arduinobot_description/urdf/arduinobot_gazebo.xacro
[0.232s] -- Up-to-date: /home/joshuaneely/arduinobot_ws/install/arduinobot_description/share/arduinobot_description/urdf/arduinobot.urdf.xacro
[0.232s] -- Up-to-date: /home/joshuaneely/arduinobot_ws/install/arduinobot_description/share/arduinobot_description/rviz
[0.232s] -- Up-to-date: /home/joshuaneely/arduinobot_ws/install/arduinobot_description/share/arduinobot_description/rviz/display.rviz
[0.232s] -- Installing: /home/joshuaneely/arduinobot_ws/install/arduinobot_description/share/ament_index/resource_index/package_run_dependencies/arduinobot_description
[0.233s] -- Up-to-date: /home/joshuaneely/arduinobot_ws/install/arduinobot_description/share/ament_index/resource_index/parent_prefix_path/arduinobot_description
[0.233s] -- Up-to-date: /home/joshuaneely/arduinobot_ws/install/arduinobot_description/share/arduinobot_description/environment/ament_prefix_path.sh
[0.233s] -- Up-to-date: /home/joshuaneely/arduinobot_ws/install/arduinobot_description/share/arduinobot_description/environment/ament_prefix_path.dsv
[0.233s] -- Up-to-date: /home/joshuaneely/arduinobot_ws/install/arduinobot_description/share/arduinobot_description/environment/path.sh
[0.233s] -- Up-to-date: /home/joshuaneely/arduinobot_ws/install/arduinobot_description/share/arduinobot_description/environment/path.dsv
[0.234s] -- Up-to-date: /home/joshuaneely/arduinobot_ws/install/arduinobot_description/share/arduinobot_description/local_setup.bash
[0.234s] -- Up-to-date: /home/joshuaneely/arduinobot_ws/install/arduinobot_description/share/arduinobot_description/local_setup.sh
[0.234s] -- Up-to-date: /home/joshuaneely/arduinobot_ws/install/arduinobot_description/share/arduinobot_description/local_setup.zsh
[0.234s] -- Up-to-date: /home/joshuaneely/arduinobot_ws/install/arduinobot_description/share/arduinobot_description/local_setup.dsv
[0.234s] -- Installing: /home/joshuaneely/arduinobot_ws/install/arduinobot_description/share/arduinobot_description/package.dsv
[0.234s] -- Up-to-date: /home/joshuaneely/arduinobot_ws/install/arduinobot_description/share/ament_index/resource_index/packages/arduinobot_description
[0.234s] -- Up-to-date: /home/joshuaneely/arduinobot_ws/install/arduinobot_description/share/arduinobot_description/cmake/arduinobot_descriptionConfig.cmake
[0.234s] -- Up-to-date: /home/joshuaneely/arduinobot_ws/install/arduinobot_description/share/arduinobot_description/cmake/arduinobot_descriptionConfig-version.cmake
[0.234s] -- Installing: /home/joshuaneely/arduinobot_ws/install/arduinobot_description/share/arduinobot_description/package.xml
[0.234s] Invoked command in '/home/joshuaneely/arduinobot_ws/build/arduinobot_description' returned '0': CMAKE_PREFIX_PATH=${CMAKE_PREFIX_PATH}:/opt/ros/jazzy DEBUGINFOD_URLS=https://debuginfod.ubuntu.com /usr/bin/cmake --install /home/joshuaneely/arduinobot_ws/build/arduinobot_description
