[0.027s] Invoking command in '/home/joshuaneely/arduinobot_ws/build/arduinobot_firmware': CMAKE_PREFIX_PATH=${CMAKE_PREFIX_PATH}:/home/joshuaneely/arduinobot_ws/install/arduinobot_py_examples:/opt/ros/jazzy DEBUGINFOD_URLS=https://debuginfod.ubuntu.com /usr/bin/cmake --build /home/joshuaneely/arduinobot_ws/build/arduinobot_firmware -- -j8 -l8
[0.063s] Built target ament_cmake_python_copy_arduinobot_firmware
[0.171s] running egg_info
[0.179s] writing arduinobot_firmware.egg-info/PKG-INFO
[0.179s] writing dependency_links to arduinobot_firmware.egg-info/dependency_links.txt
[0.179s] writing top-level names to arduinobot_firmware.egg-info/top_level.txt
[0.203s] reading manifest file 'arduinobot_firmware.egg-info/SOURCES.txt'
[0.204s] writing manifest file 'arduinobot_firmware.egg-info/SOURCES.txt'
[0.219s] Built target ament_cmake_python_build_arduinobot_firmware_egg
[0.227s] Invoked command in '/home/joshuaneely/arduinobot_ws/build/arduinobot_firmware' returned '0': CMAKE_PREFIX_PATH=${CMAKE_PREFIX_PATH}:/home/joshuaneely/arduinobot_ws/install/arduinobot_py_examples:/opt/ros/jazzy DEBUGINFOD_URLS=https://debuginfod.ubuntu.com /usr/bin/cmake --build /home/joshuaneely/arduinobot_ws/build/arduinobot_firmware -- -j8 -l8
[0.228s] Invoking command in '/home/joshuaneely/arduinobot_ws/build/arduinobot_firmware': CMAKE_PREFIX_PATH=${CMAKE_PREFIX_PATH}:/home/joshuaneely/arduinobot_ws/install/arduinobot_py_examples:/opt/ros/jazzy DEBUGINFOD_URLS=https://debuginfod.ubuntu.com /usr/bin/cmake --install /home/joshuaneely/arduinobot_ws/build/arduinobot_firmware
[0.232s] -- Install configuration: ""
[0.232s] -- Up-to-date: /home/joshuaneely/arduinobot_ws/install/arduinobot_firmware/share/arduinobot_firmware/environment/pythonpath.sh
[0.232s] -- Up-to-date: /home/joshuaneely/arduinobot_ws/install/arduinobot_firmware/share/arduinobot_firmware/environment/pythonpath.dsv
[0.232s] -- Up-to-date: /home/joshuaneely/arduinobot_ws/install/arduinobot_firmware/lib/python3.12/site-packages/arduinobot_firmware-0.0.0-py3.12.egg-info
[0.232s] -- Installing: /home/joshuaneely/arduinobot_ws/install/arduinobot_firmware/lib/python3.12/site-packages/arduinobot_firmware-0.0.0-py3.12.egg-info/top_level.txt
[0.233s] -- Installing: /home/joshuaneely/arduinobot_ws/install/arduinobot_firmware/lib/python3.12/site-packages/arduinobot_firmware-0.0.0-py3.12.egg-info/dependency_links.txt
[0.233s] -- Installing: /home/joshuaneely/arduinobot_ws/install/arduinobot_firmware/lib/python3.12/site-packages/arduinobot_firmware-0.0.0-py3.12.egg-info/PKG-INFO
[0.233s] -- Installing: /home/joshuaneely/arduinobot_ws/install/arduinobot_firmware/lib/python3.12/site-packages/arduinobot_firmware-0.0.0-py3.12.egg-info/SOURCES.txt
[0.233s] -- Up-to-date: /home/joshuaneely/arduinobot_ws/install/arduinobot_firmware/lib/python3.12/site-packages/arduinobot_firmware
[0.233s] -- Up-to-date: /home/joshuaneely/arduinobot_ws/install/arduinobot_firmware/lib/python3.12/site-packages/arduinobot_firmware/simple_serial_receiver.py
[0.233s] -- Up-to-date: /home/joshuaneely/arduinobot_ws/install/arduinobot_firmware/lib/python3.12/site-packages/arduinobot_firmware/simple_serial_transmitter.py
[0.233s] -- Up-to-date: /home/joshuaneely/arduinobot_ws/install/arduinobot_firmware/lib/python3.12/site-packages/arduinobot_firmware/__init__.py
[0.254s] Listing '/home/joshuaneely/arduinobot_ws/install/arduinobot_firmware/lib/python3.12/site-packages/arduinobot_firmware'...
[0.259s] -- Up-to-date: /home/joshuaneely/arduinobot_ws/install/arduinobot_firmware/lib/arduinobot_firmware/simple_serial_transmitter.py
[0.259s] -- Up-to-date: /home/joshuaneely/arduinobot_ws/install/arduinobot_firmware/lib/arduinobot_firmware/simple_serial_receiver.py
[0.259s] -- Up-to-date: /home/joshuaneely/arduinobot_ws/install/arduinobot_firmware/share/ament_index/resource_index/package_run_dependencies/arduinobot_firmware
[0.259s] -- Up-to-date: /home/joshuaneely/arduinobot_ws/install/arduinobot_firmware/share/ament_index/resource_index/parent_prefix_path/arduinobot_firmware
[0.259s] -- Up-to-date: /home/joshuaneely/arduinobot_ws/install/arduinobot_firmware/share/arduinobot_firmware/environment/ament_prefix_path.sh
[0.259s] -- Up-to-date: /home/joshuaneely/arduinobot_ws/install/arduinobot_firmware/share/arduinobot_firmware/environment/ament_prefix_path.dsv
[0.259s] -- Up-to-date: /home/joshuaneely/arduinobot_ws/install/arduinobot_firmware/share/arduinobot_firmware/environment/path.sh
[0.259s] -- Up-to-date: /home/joshuaneely/arduinobot_ws/install/arduinobot_firmware/share/arduinobot_firmware/environment/path.dsv
[0.259s] -- Up-to-date: /home/joshuaneely/arduinobot_ws/install/arduinobot_firmware/share/arduinobot_firmware/local_setup.bash
[0.260s] -- Up-to-date: /home/joshuaneely/arduinobot_ws/install/arduinobot_firmware/share/arduinobot_firmware/local_setup.sh
[0.260s] -- Up-to-date: /home/joshuaneely/arduinobot_ws/install/arduinobot_firmware/share/arduinobot_firmware/local_setup.zsh
[0.260s] -- Up-to-date: /home/joshuaneely/arduinobot_ws/install/arduinobot_firmware/share/arduinobot_firmware/local_setup.dsv
[0.260s] -- Installing: /home/joshuaneely/arduinobot_ws/install/arduinobot_firmware/share/arduinobot_firmware/package.dsv
[0.260s] -- Up-to-date: /home/joshuaneely/arduinobot_ws/install/arduinobot_firmware/share/ament_index/resource_index/packages/arduinobot_firmware
[0.260s] -- Up-to-date: /home/joshuaneely/arduinobot_ws/install/arduinobot_firmware/share/arduinobot_firmware/cmake/arduinobot_firmwareConfig.cmake
[0.260s] -- Up-to-date: /home/joshuaneely/arduinobot_ws/install/arduinobot_firmware/share/arduinobot_firmware/cmake/arduinobot_firmwareConfig-version.cmake
[0.260s] -- Up-to-date: /home/joshuaneely/arduinobot_ws/install/arduinobot_firmware/share/arduinobot_firmware/package.xml
[0.270s] Invoked command in '/home/joshuaneely/arduinobot_ws/build/arduinobot_firmware' returned '0': CMAKE_PREFIX_PATH=${CMAKE_PREFIX_PATH}:/home/joshuaneely/arduinobot_ws/install/arduinobot_py_examples:/opt/ros/jazzy DEBUGINFOD_URLS=https://debuginfod.ubuntu.com /usr/bin/cmake --install /home/joshuaneely/arduinobot_ws/build/arduinobot_firmware
