[0.022s] Invoking command in '/home/joshuaneely/arduinobot_ws/build/arduinobot_msgs': CMAKE_PREFIX_PATH=${CMAKE_PREFIX_PATH}:/home/joshuaneely/arduinobot_ws/install/arduinobot_py_examples:/opt/ros/jazzy DEBUGINFOD_URLS=https://debuginfod.ubuntu.com /usr/bin/cmake --build /home/joshuaneely/arduinobot_ws/build/arduinobot_msgs -- -j8 -l8
[0.052s] [  1%] Built target arduinobot_msgs__rosidl_generator_type_description
[0.059s] [  1%] Built target ament_cmake_python_copy_arduinobot_msgs
[0.062s] [  2%] Built target arduinobot_msgs__cpp
[0.070s] [ 25%] Built target arduinobot_msgs__rosidl_generator_c
[0.090s] [ 35%] Built target arduinobot_msgs__rosidl_typesupport_cpp
[0.090s] [ 44%] Built target arduinobot_msgs__rosidl_typesupport_fastrtps_cpp
[0.093s] [ 54%] Built target arduinobot_msgs__rosidl_typesupport_fastrtps_c
[0.096s] [ 63%] Built target arduinobot_msgs__rosidl_typesupport_introspection_c
[0.099s] [ 72%] Built target arduinobot_msgs__rosidl_typesupport_c
[0.108s] [ 82%] Built target arduinobot_msgs__rosidl_typesupport_introspection_cpp
[0.118s] [ 82%] Built target arduinobot_msgs
[0.129s] [ 83%] Built target arduinobot_msgs__py
[0.142s] [ 91%] Built target arduinobot_msgs__rosidl_generator_py
[0.154s] [ 94%] Built target arduinobot_msgs_s__rosidl_typesupport_fastrtps_c
[0.155s] [ 98%] Built target arduinobot_msgs_s__rosidl_typesupport_introspection_c
[0.155s] [100%] Built target arduinobot_msgs_s__rosidl_typesupport_c
[0.173s] running egg_info
[0.182s] writing arduinobot_msgs.egg-info/PKG-INFO
[0.182s] writing dependency_links to arduinobot_msgs.egg-info/dependency_links.txt
[0.182s] writing top-level names to arduinobot_msgs.egg-info/top_level.txt
[0.206s] reading manifest file 'arduinobot_msgs.egg-info/SOURCES.txt'
[0.206s] writing manifest file 'arduinobot_msgs.egg-info/SOURCES.txt'
[0.221s] [100%] Built target ament_cmake_python_build_arduinobot_msgs_egg
[0.229s] Invoked command in '/home/joshuaneely/arduinobot_ws/build/arduinobot_msgs' returned '0': CMAKE_PREFIX_PATH=${CMAKE_PREFIX_PATH}:/home/joshuaneely/arduinobot_ws/install/arduinobot_py_examples:/opt/ros/jazzy DEBUGINFOD_URLS=https://debuginfod.ubuntu.com /usr/bin/cmake --build /home/joshuaneely/arduinobot_ws/build/arduinobot_msgs -- -j8 -l8
[0.230s] Invoking command in '/home/joshuaneely/arduinobot_ws/build/arduinobot_msgs': CMAKE_PREFIX_PATH=${CMAKE_PREFIX_PATH}:/home/joshuaneely/arduinobot_ws/install/arduinobot_py_examples:/opt/ros/jazzy DEBUGINFOD_URLS=https://debuginfod.ubuntu.com /usr/bin/cmake --install /home/joshuaneely/arduinobot_ws/build/arduinobot_msgs
[0.234s] -- Install configuration: ""
[0.234s] -- Up-to-date: /home/joshuaneely/arduinobot_ws/install/arduinobot_msgs/share/ament_index/resource_index/rosidl_interfaces/arduinobot_msgs
[0.234s] -- Up-to-date: /home/joshuaneely/arduinobot_ws/install/arduinobot_msgs/share/arduinobot_msgs/srv/AddTwoInts.json
[0.234s] -- Up-to-date: /home/joshuaneely/arduinobot_ws/install/arduinobot_msgs/share/arduinobot_msgs/srv/EulerToQuaternion.json
[0.234s] -- Up-to-date: /home/joshuaneely/arduinobot_ws/install/arduinobot_msgs/share/arduinobot_msgs/srv/QuaternionToEuler.json
[0.235s] -- Up-to-date: /home/joshuaneely/arduinobot_ws/install/arduinobot_msgs/share/arduinobot_msgs/action/Fibonacci.json
[0.235s] -- Up-to-date: /home/joshuaneely/arduinobot_ws/install/arduinobot_msgs/share/arduinobot_msgs/action/ArduinobotTask.json
[0.235s] -- Up-to-date: /home/joshuaneely/arduinobot_ws/install/arduinobot_msgs/include/arduinobot_msgs/arduinobot_msgs
[0.236s] -- Up-to-date: /home/joshuaneely/arduinobot_ws/install/arduinobot_msgs/include/arduinobot_msgs/arduinobot_msgs/srv
[0.236s] -- Up-to-date: /home/joshuaneely/arduinobot_ws/install/arduinobot_msgs/include/arduinobot_msgs/arduinobot_msgs/srv/add_two_ints.h
[0.236s] -- Up-to-date: /home/joshuaneely/arduinobot_ws/install/arduinobot_msgs/include/arduinobot_msgs/arduinobot_msgs/srv/quaternion_to_euler.h
[0.236s] -- Up-to-date: /home/joshuaneely/arduinobot_ws/install/arduinobot_msgs/include/arduinobot_msgs/arduinobot_msgs/srv/detail
[0.237s] -- Up-to-date: /home/joshuaneely/arduinobot_ws/install/arduinobot_msgs/include/arduinobot_msgs/arduinobot_msgs/srv/detail/add_two_ints__struct.h
[0.238s] -- Up-to-date: /home/joshuaneely/arduinobot_ws/install/arduinobot_msgs/include/arduinobot_msgs/arduinobot_msgs/srv/detail/add_two_ints__type_support.c
[0.238s] -- Up-to-date: /home/joshuaneely/arduinobot_ws/install/arduinobot_msgs/include/arduinobot_msgs/arduinobot_msgs/srv/detail/add_two_ints__functions.c
[0.238s] -- Up-to-date: /home/joshuaneely/arduinobot_ws/install/arduinobot_msgs/include/arduinobot_msgs/arduinobot_msgs/srv/detail/quaternion_to_euler__type_support.c
[0.238s] -- Up-to-date: /home/joshuaneely/arduinobot_ws/install/arduinobot_msgs/include/arduinobot_msgs/arduinobot_msgs/srv/detail/quaternion_to_euler__description.c
[0.238s] -- Up-to-date: /home/joshuaneely/arduinobot_ws/install/arduinobot_msgs/include/arduinobot_msgs/arduinobot_msgs/srv/detail/quaternion_to_euler__functions.h
[0.239s] -- Up-to-date: /home/joshuaneely/arduinobot_ws/install/arduinobot_msgs/include/arduinobot_msgs/arduinobot_msgs/srv/detail/quaternion_to_euler__struct.h
[0.239s] -- Up-to-date: /home/joshuaneely/arduinobot_ws/install/arduinobot_msgs/include/arduinobot_msgs/arduinobot_msgs/srv/detail/add_two_ints__functions.h
[0.239s] -- Up-to-date: /home/joshuaneely/arduinobot_ws/install/arduinobot_msgs/include/arduinobot_msgs/arduinobot_msgs/srv/detail/add_two_ints__description.c
[0.239s] -- Up-to-date: /home/joshuaneely/arduinobot_ws/install/arduinobot_msgs/include/arduinobot_msgs/arduinobot_msgs/srv/detail/add_two_ints__type_support.h
[0.239s] -- Up-to-date: /home/joshuaneely/arduinobot_ws/install/arduinobot_msgs/include/arduinobot_msgs/arduinobot_msgs/srv/detail/euler_to_quaternion__functions.h
[0.240s] -- Up-to-date: /home/joshuaneely/arduinobot_ws/install/arduinobot_msgs/include/arduinobot_msgs/arduinobot_msgs/srv/detail/euler_to_quaternion__description.c
[0.240s] -- Up-to-date: /home/joshuaneely/arduinobot_ws/install/arduinobot_msgs/include/arduinobot_msgs/arduinobot_msgs/srv/detail/euler_to_quaternion__struct.h
[0.240s] -- Up-to-date: /home/joshuaneely/arduinobot_ws/install/arduinobot_msgs/include/arduinobot_msgs/arduinobot_msgs/srv/detail/euler_to_quaternion__functions.c
[0.240s] -- Up-to-date: /home/joshuaneely/arduinobot_ws/install/arduinobot_msgs/include/arduinobot_msgs/arduinobot_msgs/srv/detail/quaternion_to_euler__type_support.h
[0.240s] -- Up-to-date: /home/joshuaneely/arduinobot_ws/install/arduinobot_msgs/include/arduinobot_msgs/arduinobot_msgs/srv/detail/euler_to_quaternion__type_support.c
[0.240s] -- Up-to-date: /home/joshuaneely/arduinobot_ws/install/arduinobot_msgs/include/arduinobot_msgs/arduinobot_msgs/srv/detail/euler_to_quaternion__type_support.h
[0.240s] -- Up-to-date: /home/joshuaneely/arduinobot_ws/install/arduinobot_msgs/include/arduinobot_msgs/arduinobot_msgs/srv/detail/quaternion_to_euler__functions.c
[0.240s] -- Up-to-date: /home/joshuaneely/arduinobot_ws/install/arduinobot_msgs/include/arduinobot_msgs/arduinobot_msgs/srv/euler_to_quaternion.h
[0.240s] -- Up-to-date: /home/joshuaneely/arduinobot_ws/install/arduinobot_msgs/include/arduinobot_msgs/arduinobot_msgs/msg
[0.240s] -- Up-to-date: /home/joshuaneely/arduinobot_ws/install/arduinobot_msgs/include/arduinobot_msgs/arduinobot_msgs/msg/rosidl_generator_c__visibility_control.h
[0.240s] -- Up-to-date: /home/joshuaneely/arduinobot_ws/install/arduinobot_msgs/include/arduinobot_msgs/arduinobot_msgs/action
[0.241s] -- Up-to-date: /home/joshuaneely/arduinobot_ws/install/arduinobot_msgs/include/arduinobot_msgs/arduinobot_msgs/action/detail
[0.241s] -- Up-to-date: /home/joshuaneely/arduinobot_ws/install/arduinobot_msgs/include/arduinobot_msgs/arduinobot_msgs/action/detail/arduinobot_task__description.c
[0.241s] -- Up-to-date: /home/joshuaneely/arduinobot_ws/install/arduinobot_msgs/include/arduinobot_msgs/arduinobot_msgs/action/detail/fibonacci__description.c
[0.241s] -- Up-to-date: /home/joshuaneely/arduinobot_ws/install/arduinobot_msgs/include/arduinobot_msgs/arduinobot_msgs/action/detail/fibonacci__type_support.c
[0.241s] -- Up-to-date: /home/joshuaneely/arduinobot_ws/install/arduinobot_msgs/include/arduinobot_msgs/arduinobot_msgs/action/detail/arduinobot_task__functions.h
[0.241s] -- Up-to-date: /home/joshuaneely/arduinobot_ws/install/arduinobot_msgs/include/arduinobot_msgs/arduinobot_msgs/action/detail/arduinobot_task__struct.h
[0.241s] -- Up-to-date: /home/joshuaneely/arduinobot_ws/install/arduinobot_msgs/include/arduinobot_msgs/arduinobot_msgs/action/detail/arduinobot_task__functions.c
[0.241s] -- Up-to-date: /home/joshuaneely/arduinobot_ws/install/arduinobot_msgs/include/arduinobot_msgs/arduinobot_msgs/action/detail/fibonacci__struct.h
[0.241s] -- Up-to-date: /home/joshuaneely/arduinobot_ws/install/arduinobot_msgs/include/arduinobot_msgs/arduinobot_msgs/action/detail/fibonacci__type_support.h
[0.241s] -- Up-to-date: /home/joshuaneely/arduinobot_ws/install/arduinobot_msgs/include/arduinobot_msgs/arduinobot_msgs/action/detail/fibonacci__functions.c
[0.241s] -- Up-to-date: /home/joshuaneely/arduinobot_ws/install/arduinobot_msgs/include/arduinobot_msgs/arduinobot_msgs/action/detail/arduinobot_task__type_support.c
[0.241s] -- Up-to-date: /home/joshuaneely/arduinobot_ws/install/arduinobot_msgs/include/arduinobot_msgs/arduinobot_msgs/action/detail/arduinobot_task__type_support.h
[0.241s] -- Up-to-date: /home/joshuaneely/arduinobot_ws/install/arduinobot_msgs/include/arduinobot_msgs/arduinobot_msgs/action/detail/fibonacci__functions.h
[0.241s] -- Up-to-date: /home/joshuaneely/arduinobot_ws/install/arduinobot_msgs/include/arduinobot_msgs/arduinobot_msgs/action/fibonacci.h
[0.242s] -- Up-to-date: /home/joshuaneely/arduinobot_ws/install/arduinobot_msgs/include/arduinobot_msgs/arduinobot_msgs/action/arduinobot_task.h
[0.242s] -- Up-to-date: /home/joshuaneely/arduinobot_ws/install/arduinobot_msgs/share/arduinobot_msgs/environment/library_path.sh
[0.242s] -- Up-to-date: /home/joshuaneely/arduinobot_ws/install/arduinobot_msgs/share/arduinobot_msgs/environment/library_path.dsv
[0.242s] -- Up-to-date: /home/joshuaneely/arduinobot_ws/install/arduinobot_msgs/lib/libarduinobot_msgs__rosidl_generator_c.so
[0.242s] -- Up-to-date: /home/joshuaneely/arduinobot_ws/install/arduinobot_msgs/include/arduinobot_msgs/arduinobot_msgs
[0.242s] -- Up-to-date: /home/joshuaneely/arduinobot_ws/install/arduinobot_msgs/include/arduinobot_msgs/arduinobot_msgs/srv
[0.242s] -- Up-to-date: /home/joshuaneely/arduinobot_ws/install/arduinobot_msgs/include/arduinobot_msgs/arduinobot_msgs/srv/detail
[0.242s] -- Up-to-date: /home/joshuaneely/arduinobot_ws/install/arduinobot_msgs/include/arduinobot_msgs/arduinobot_msgs/srv/detail/quaternion_to_euler__rosidl_typesupport_fastrtps_c.h
[0.242s] -- Up-to-date: /home/joshuaneely/arduinobot_ws/install/arduinobot_msgs/include/arduinobot_msgs/arduinobot_msgs/srv/detail/add_two_ints__rosidl_typesupport_fastrtps_c.h
[0.242s] -- Up-to-date: /home/joshuaneely/arduinobot_ws/install/arduinobot_msgs/include/arduinobot_msgs/arduinobot_msgs/srv/detail/euler_to_quaternion__rosidl_typesupport_fastrtps_c.h
[0.242s] -- Up-to-date: /home/joshuaneely/arduinobot_ws/install/arduinobot_msgs/include/arduinobot_msgs/arduinobot_msgs/msg
[0.242s] -- Up-to-date: /home/joshuaneely/arduinobot_ws/install/arduinobot_msgs/include/arduinobot_msgs/arduinobot_msgs/msg/rosidl_typesupport_fastrtps_c__visibility_control.h
[0.243s] -- Up-to-date: /home/joshuaneely/arduinobot_ws/install/arduinobot_msgs/include/arduinobot_msgs/arduinobot_msgs/action
[0.243s] -- Up-to-date: /home/joshuaneely/arduinobot_ws/install/arduinobot_msgs/include/arduinobot_msgs/arduinobot_msgs/action/detail
[0.243s] -- Up-to-date: /home/joshuaneely/arduinobot_ws/install/arduinobot_msgs/include/arduinobot_msgs/arduinobot_msgs/action/detail/fibonacci__rosidl_typesupport_fastrtps_c.h
[0.243s] -- Up-to-date: /home/joshuaneely/arduinobot_ws/install/arduinobot_msgs/include/arduinobot_msgs/arduinobot_msgs/action/detail/arduinobot_task__rosidl_typesupport_fastrtps_c.h
[0.243s] -- Up-to-date: /home/joshuaneely/arduinobot_ws/install/arduinobot_msgs/lib/libarduinobot_msgs__rosidl_typesupport_fastrtps_c.so
[0.243s] -- Up-to-date: /home/joshuaneely/arduinobot_ws/install/arduinobot_msgs/include/arduinobot_msgs/arduinobot_msgs
[0.243s] -- Up-to-date: /home/joshuaneely/arduinobot_ws/install/arduinobot_msgs/include/arduinobot_msgs/arduinobot_msgs/srv
[0.243s] -- Up-to-date: /home/joshuaneely/arduinobot_ws/install/arduinobot_msgs/include/arduinobot_msgs/arduinobot_msgs/srv/quaternion_to_euler.hpp
[0.243s] -- Up-to-date: /home/joshuaneely/arduinobot_ws/install/arduinobot_msgs/include/arduinobot_msgs/arduinobot_msgs/srv/add_two_ints.hpp
[0.243s] -- Up-to-date: /home/joshuaneely/arduinobot_ws/install/arduinobot_msgs/include/arduinobot_msgs/arduinobot_msgs/srv/detail
[0.243s] -- Up-to-date: /home/joshuaneely/arduinobot_ws/install/arduinobot_msgs/include/arduinobot_msgs/arduinobot_msgs/srv/detail/quaternion_to_euler__type_support.hpp
[0.243s] -- Up-to-date: /home/joshuaneely/arduinobot_ws/install/arduinobot_msgs/include/arduinobot_msgs/arduinobot_msgs/srv/detail/euler_to_quaternion__builder.hpp
[0.243s] -- Up-to-date: /home/joshuaneely/arduinobot_ws/install/arduinobot_msgs/include/arduinobot_msgs/arduinobot_msgs/srv/detail/add_two_ints__type_support.hpp
[0.243s] -- Up-to-date: /home/joshuaneely/arduinobot_ws/install/arduinobot_msgs/include/arduinobot_msgs/arduinobot_msgs/srv/detail/quaternion_to_euler__traits.hpp
[0.243s] -- Up-to-date: /home/joshuaneely/arduinobot_ws/install/arduinobot_msgs/include/arduinobot_msgs/arduinobot_msgs/srv/detail/add_two_ints__traits.hpp
[0.243s] -- Up-to-date: /home/joshuaneely/arduinobot_ws/install/arduinobot_msgs/include/arduinobot_msgs/arduinobot_msgs/srv/detail/quaternion_to_euler__builder.hpp
[0.243s] -- Up-to-date: /home/joshuaneely/arduinobot_ws/install/arduinobot_msgs/include/arduinobot_msgs/arduinobot_msgs/srv/detail/euler_to_quaternion__traits.hpp
[0.243s] -- Up-to-date: /home/joshuaneely/arduinobot_ws/install/arduinobot_msgs/include/arduinobot_msgs/arduinobot_msgs/srv/detail/euler_to_quaternion__struct.hpp
[0.243s] -- Up-to-date: /home/joshuaneely/arduinobot_ws/install/arduinobot_msgs/include/arduinobot_msgs/arduinobot_msgs/srv/detail/add_two_ints__struct.hpp
[0.243s] -- Up-to-date: /home/joshuaneely/arduinobot_ws/install/arduinobot_msgs/include/arduinobot_msgs/arduinobot_msgs/srv/detail/add_two_ints__builder.hpp
[0.243s] -- Up-to-date: /home/joshuaneely/arduinobot_ws/install/arduinobot_msgs/include/arduinobot_msgs/arduinobot_msgs/srv/detail/euler_to_quaternion__type_support.hpp
[0.243s] -- Up-to-date: /home/joshuaneely/arduinobot_ws/install/arduinobot_msgs/include/arduinobot_msgs/arduinobot_msgs/srv/detail/quaternion_to_euler__struct.hpp
[0.243s] -- Up-to-date: /home/joshuaneely/arduinobot_ws/install/arduinobot_msgs/include/arduinobot_msgs/arduinobot_msgs/srv/euler_to_quaternion.hpp
[0.243s] -- Up-to-date: /home/joshuaneely/arduinobot_ws/install/arduinobot_msgs/include/arduinobot_msgs/arduinobot_msgs/msg
[0.243s] -- Up-to-date: /home/joshuaneely/arduinobot_ws/install/arduinobot_msgs/include/arduinobot_msgs/arduinobot_msgs/msg/rosidl_generator_cpp__visibility_control.hpp
[0.243s] -- Up-to-date: /home/joshuaneely/arduinobot_ws/install/arduinobot_msgs/include/arduinobot_msgs/arduinobot_msgs/action
[0.243s] -- Up-to-date: /home/joshuaneely/arduinobot_ws/install/arduinobot_msgs/include/arduinobot_msgs/arduinobot_msgs/action/arduinobot_task.hpp
[0.244s] -- Up-to-date: /home/joshuaneely/arduinobot_ws/install/arduinobot_msgs/include/arduinobot_msgs/arduinobot_msgs/action/detail
[0.244s] -- Up-to-date: /home/joshuaneely/arduinobot_ws/install/arduinobot_msgs/include/arduinobot_msgs/arduinobot_msgs/action/detail/arduinobot_task__struct.hpp
[0.244s] -- Up-to-date: /home/joshuaneely/arduinobot_ws/install/arduinobot_msgs/include/arduinobot_msgs/arduinobot_msgs/action/detail/fibonacci__type_support.hpp
[0.244s] -- Up-to-date: /home/joshuaneely/arduinobot_ws/install/arduinobot_msgs/include/arduinobot_msgs/arduinobot_msgs/action/detail/arduinobot_task__type_support.hpp
[0.244s] -- Up-to-date: /home/joshuaneely/arduinobot_ws/install/arduinobot_msgs/include/arduinobot_msgs/arduinobot_msgs/action/detail/arduinobot_task__builder.hpp
[0.244s] -- Up-to-date: /home/joshuaneely/arduinobot_ws/install/arduinobot_msgs/include/arduinobot_msgs/arduinobot_msgs/action/detail/fibonacci__traits.hpp
[0.244s] -- Up-to-date: /home/joshuaneely/arduinobot_ws/install/arduinobot_msgs/include/arduinobot_msgs/arduinobot_msgs/action/detail/fibonacci__struct.hpp
[0.244s] -- Up-to-date: /home/joshuaneely/arduinobot_ws/install/arduinobot_msgs/include/arduinobot_msgs/arduinobot_msgs/action/detail/fibonacci__builder.hpp
[0.244s] -- Up-to-date: /home/joshuaneely/arduinobot_ws/install/arduinobot_msgs/include/arduinobot_msgs/arduinobot_msgs/action/detail/arduinobot_task__traits.hpp
[0.244s] -- Up-to-date: /home/joshuaneely/arduinobot_ws/install/arduinobot_msgs/include/arduinobot_msgs/arduinobot_msgs/action/fibonacci.hpp
[0.244s] -- Up-to-date: /home/joshuaneely/arduinobot_ws/install/arduinobot_msgs/include/arduinobot_msgs/arduinobot_msgs
[0.244s] -- Up-to-date: /home/joshuaneely/arduinobot_ws/install/arduinobot_msgs/include/arduinobot_msgs/arduinobot_msgs/srv
[0.244s] -- Up-to-date: /home/joshuaneely/arduinobot_ws/install/arduinobot_msgs/include/arduinobot_msgs/arduinobot_msgs/srv/detail
[0.244s] -- Up-to-date: /home/joshuaneely/arduinobot_ws/install/arduinobot_msgs/include/arduinobot_msgs/arduinobot_msgs/srv/detail/add_two_ints__rosidl_typesupport_fastrtps_cpp.hpp
[0.244s] -- Up-to-date: /home/joshuaneely/arduinobot_ws/install/arduinobot_msgs/include/arduinobot_msgs/arduinobot_msgs/srv/detail/euler_to_quaternion__rosidl_typesupport_fastrtps_cpp.hpp
[0.244s] -- Up-to-date: /home/joshuaneely/arduinobot_ws/install/arduinobot_msgs/include/arduinobot_msgs/arduinobot_msgs/srv/detail/quaternion_to_euler__rosidl_typesupport_fastrtps_cpp.hpp
[0.244s] -- Up-to-date: /home/joshuaneely/arduinobot_ws/install/arduinobot_msgs/include/arduinobot_msgs/arduinobot_msgs/srv/detail/dds_fastrtps
[0.244s] -- Up-to-date: /home/joshuaneely/arduinobot_ws/install/arduinobot_msgs/include/arduinobot_msgs/arduinobot_msgs/msg
[0.244s] -- Up-to-date: /home/joshuaneely/arduinobot_ws/install/arduinobot_msgs/include/arduinobot_msgs/arduinobot_msgs/msg/rosidl_typesupport_fastrtps_cpp__visibility_control.h
[0.244s] -- Up-to-date: /home/joshuaneely/arduinobot_ws/install/arduinobot_msgs/include/arduinobot_msgs/arduinobot_msgs/action
[0.244s] -- Up-to-date: /home/joshuaneely/arduinobot_ws/install/arduinobot_msgs/include/arduinobot_msgs/arduinobot_msgs/action/detail
[0.244s] -- Up-to-date: /home/joshuaneely/arduinobot_ws/install/arduinobot_msgs/include/arduinobot_msgs/arduinobot_msgs/action/detail/fibonacci__rosidl_typesupport_fastrtps_cpp.hpp
[0.244s] -- Up-to-date: /home/joshuaneely/arduinobot_ws/install/arduinobot_msgs/include/arduinobot_msgs/arduinobot_msgs/action/detail/arduinobot_task__rosidl_typesupport_fastrtps_cpp.hpp
[0.244s] -- Up-to-date: /home/joshuaneely/arduinobot_ws/install/arduinobot_msgs/include/arduinobot_msgs/arduinobot_msgs/action/detail/dds_fastrtps
[0.244s] -- Up-to-date: /home/joshuaneely/arduinobot_ws/install/arduinobot_msgs/lib/libarduinobot_msgs__rosidl_typesupport_fastrtps_cpp.so
[0.244s] -- Up-to-date: /home/joshuaneely/arduinobot_ws/install/arduinobot_msgs/include/arduinobot_msgs/arduinobot_msgs
[0.244s] -- Up-to-date: /home/joshuaneely/arduinobot_ws/install/arduinobot_msgs/include/arduinobot_msgs/arduinobot_msgs/srv
[0.244s] -- Up-to-date: /home/joshuaneely/arduinobot_ws/install/arduinobot_msgs/include/arduinobot_msgs/arduinobot_msgs/srv/detail
[0.244s] -- Up-to-date: /home/joshuaneely/arduinobot_ws/install/arduinobot_msgs/include/arduinobot_msgs/arduinobot_msgs/srv/detail/add_two_ints__type_support.c
[0.244s] -- Up-to-date: /home/joshuaneely/arduinobot_ws/install/arduinobot_msgs/include/arduinobot_msgs/arduinobot_msgs/srv/detail/add_two_ints__rosidl_typesupport_introspection_c.h
[0.244s] -- Up-to-date: /home/joshuaneely/arduinobot_ws/install/arduinobot_msgs/include/arduinobot_msgs/arduinobot_msgs/srv/detail/quaternion_to_euler__type_support.c
[0.244s] -- Up-to-date: /home/joshuaneely/arduinobot_ws/install/arduinobot_msgs/include/arduinobot_msgs/arduinobot_msgs/srv/detail/euler_to_quaternion__rosidl_typesupport_introspection_c.h
[0.244s] -- Up-to-date: /home/joshuaneely/arduinobot_ws/install/arduinobot_msgs/include/arduinobot_msgs/arduinobot_msgs/srv/detail/euler_to_quaternion__type_support.c
[0.244s] -- Up-to-date: /home/joshuaneely/arduinobot_ws/install/arduinobot_msgs/include/arduinobot_msgs/arduinobot_msgs/srv/detail/quaternion_to_euler__rosidl_typesupport_introspection_c.h
[0.244s] -- Up-to-date: /home/joshuaneely/arduinobot_ws/install/arduinobot_msgs/include/arduinobot_msgs/arduinobot_msgs/msg
[0.244s] -- Up-to-date: /home/joshuaneely/arduinobot_ws/install/arduinobot_msgs/include/arduinobot_msgs/arduinobot_msgs/msg/rosidl_typesupport_introspection_c__visibility_control.h
[0.244s] -- Up-to-date: /home/joshuaneely/arduinobot_ws/install/arduinobot_msgs/include/arduinobot_msgs/arduinobot_msgs/action
[0.244s] -- Up-to-date: /home/joshuaneely/arduinobot_ws/install/arduinobot_msgs/include/arduinobot_msgs/arduinobot_msgs/action/detail
[0.245s] -- Up-to-date: /home/joshuaneely/arduinobot_ws/install/arduinobot_msgs/include/arduinobot_msgs/arduinobot_msgs/action/detail/fibonacci__type_support.c
[0.245s] -- Up-to-date: /home/joshuaneely/arduinobot_ws/install/arduinobot_msgs/include/arduinobot_msgs/arduinobot_msgs/action/detail/fibonacci__rosidl_typesupport_introspection_c.h
[0.245s] -- Up-to-date: /home/joshuaneely/arduinobot_ws/install/arduinobot_msgs/include/arduinobot_msgs/arduinobot_msgs/action/detail/arduinobot_task__type_support.c
[0.245s] -- Up-to-date: /home/joshuaneely/arduinobot_ws/install/arduinobot_msgs/include/arduinobot_msgs/arduinobot_msgs/action/detail/arduinobot_task__rosidl_typesupport_introspection_c.h
[0.245s] -- Up-to-date: /home/joshuaneely/arduinobot_ws/install/arduinobot_msgs/lib/libarduinobot_msgs__rosidl_typesupport_introspection_c.so
[0.245s] -- Up-to-date: /home/joshuaneely/arduinobot_ws/install/arduinobot_msgs/lib/libarduinobot_msgs__rosidl_typesupport_c.so
[0.245s] -- Up-to-date: /home/joshuaneely/arduinobot_ws/install/arduinobot_msgs/include/arduinobot_msgs/arduinobot_msgs
[0.245s] -- Up-to-date: /home/joshuaneely/arduinobot_ws/install/arduinobot_msgs/include/arduinobot_msgs/arduinobot_msgs/srv
[0.245s] -- Up-to-date: /home/joshuaneely/arduinobot_ws/install/arduinobot_msgs/include/arduinobot_msgs/arduinobot_msgs/srv/detail
[0.245s] -- Up-to-date: /home/joshuaneely/arduinobot_ws/install/arduinobot_msgs/include/arduinobot_msgs/arduinobot_msgs/srv/detail/add_two_ints__type_support.cpp
[0.245s] -- Up-to-date: /home/joshuaneely/arduinobot_ws/install/arduinobot_msgs/include/arduinobot_msgs/arduinobot_msgs/srv/detail/euler_to_quaternion__rosidl_typesupport_introspection_cpp.hpp
[0.245s] -- Up-to-date: /home/joshuaneely/arduinobot_ws/install/arduinobot_msgs/include/arduinobot_msgs/arduinobot_msgs/srv/detail/quaternion_to_euler__rosidl_typesupport_introspection_cpp.hpp
[0.245s] -- Up-to-date: /home/joshuaneely/arduinobot_ws/install/arduinobot_msgs/include/arduinobot_msgs/arduinobot_msgs/srv/detail/add_two_ints__rosidl_typesupport_introspection_cpp.hpp
[0.245s] -- Up-to-date: /home/joshuaneely/arduinobot_ws/install/arduinobot_msgs/include/arduinobot_msgs/arduinobot_msgs/srv/detail/quaternion_to_euler__type_support.cpp
[0.245s] -- Up-to-date: /home/joshuaneely/arduinobot_ws/install/arduinobot_msgs/include/arduinobot_msgs/arduinobot_msgs/srv/detail/euler_to_quaternion__type_support.cpp
[0.245s] -- Up-to-date: /home/joshuaneely/arduinobot_ws/install/arduinobot_msgs/include/arduinobot_msgs/arduinobot_msgs/action
[0.245s] -- Up-to-date: /home/joshuaneely/arduinobot_ws/install/arduinobot_msgs/include/arduinobot_msgs/arduinobot_msgs/action/detail
[0.245s] -- Up-to-date: /home/joshuaneely/arduinobot_ws/install/arduinobot_msgs/include/arduinobot_msgs/arduinobot_msgs/action/detail/fibonacci__rosidl_typesupport_introspection_cpp.hpp
[0.245s] -- Up-to-date: /home/joshuaneely/arduinobot_ws/install/arduinobot_msgs/include/arduinobot_msgs/arduinobot_msgs/action/detail/arduinobot_task__type_support.cpp
[0.245s] -- Up-to-date: /home/joshuaneely/arduinobot_ws/install/arduinobot_msgs/include/arduinobot_msgs/arduinobot_msgs/action/detail/arduinobot_task__rosidl_typesupport_introspection_cpp.hpp
[0.245s] -- Up-to-date: /home/joshuaneely/arduinobot_ws/install/arduinobot_msgs/include/arduinobot_msgs/arduinobot_msgs/action/detail/fibonacci__type_support.cpp
[0.245s] -- Up-to-date: /home/joshuaneely/arduinobot_ws/install/arduinobot_msgs/lib/libarduinobot_msgs__rosidl_typesupport_introspection_cpp.so
[0.245s] -- Up-to-date: /home/joshuaneely/arduinobot_ws/install/arduinobot_msgs/lib/libarduinobot_msgs__rosidl_typesupport_cpp.so
[0.245s] -- Up-to-date: /home/joshuaneely/arduinobot_ws/install/arduinobot_msgs/share/arduinobot_msgs/environment/pythonpath.sh
[0.245s] -- Up-to-date: /home/joshuaneely/arduinobot_ws/install/arduinobot_msgs/share/arduinobot_msgs/environment/pythonpath.dsv
[0.245s] -- Up-to-date: /home/joshuaneely/arduinobot_ws/install/arduinobot_msgs/lib/python3.12/site-packages/arduinobot_msgs-0.0.0-py3.12.egg-info
[0.245s] -- Installing: /home/joshuaneely/arduinobot_ws/install/arduinobot_msgs/lib/python3.12/site-packages/arduinobot_msgs-0.0.0-py3.12.egg-info/top_level.txt
[0.245s] -- Installing: /home/joshuaneely/arduinobot_ws/install/arduinobot_msgs/lib/python3.12/site-packages/arduinobot_msgs-0.0.0-py3.12.egg-info/dependency_links.txt
[0.245s] -- Installing: /home/joshuaneely/arduinobot_ws/install/arduinobot_msgs/lib/python3.12/site-packages/arduinobot_msgs-0.0.0-py3.12.egg-info/PKG-INFO
[0.245s] -- Installing: /home/joshuaneely/arduinobot_ws/install/arduinobot_msgs/lib/python3.12/site-packages/arduinobot_msgs-0.0.0-py3.12.egg-info/SOURCES.txt
[0.245s] -- Up-to-date: /home/joshuaneely/arduinobot_ws/install/arduinobot_msgs/lib/python3.12/site-packages/arduinobot_msgs
[0.245s] -- Up-to-date: /home/joshuaneely/arduinobot_ws/install/arduinobot_msgs/lib/python3.12/site-packages/arduinobot_msgs/srv
[0.245s] -- Up-to-date: /home/joshuaneely/arduinobot_ws/install/arduinobot_msgs/lib/python3.12/site-packages/arduinobot_msgs/srv/_add_two_ints_s.c
[0.246s] -- Up-to-date: /home/joshuaneely/arduinobot_ws/install/arduinobot_msgs/lib/python3.12/site-packages/arduinobot_msgs/srv/_euler_to_quaternion.py
[0.246s] -- Up-to-date: /home/joshuaneely/arduinobot_ws/install/arduinobot_msgs/lib/python3.12/site-packages/arduinobot_msgs/srv/__init__.py
[0.246s] -- Up-to-date: /home/joshuaneely/arduinobot_ws/install/arduinobot_msgs/lib/python3.12/site-packages/arduinobot_msgs/srv/_quaternion_to_euler_s.c
[0.246s] -- Up-to-date: /home/joshuaneely/arduinobot_ws/install/arduinobot_msgs/lib/python3.12/site-packages/arduinobot_msgs/srv/_quaternion_to_euler.py
[0.246s] -- Up-to-date: /home/joshuaneely/arduinobot_ws/install/arduinobot_msgs/lib/python3.12/site-packages/arduinobot_msgs/srv/_add_two_ints.py
[0.246s] -- Up-to-date: /home/joshuaneely/arduinobot_ws/install/arduinobot_msgs/lib/python3.12/site-packages/arduinobot_msgs/srv/_euler_to_quaternion_s.c
[0.246s] -- Up-to-date: /home/joshuaneely/arduinobot_ws/install/arduinobot_msgs/lib/python3.12/site-packages/arduinobot_msgs/_arduinobot_msgs_s.ep.rosidl_typesupport_c.c
[0.246s] -- Up-to-date: /home/joshuaneely/arduinobot_ws/install/arduinobot_msgs/lib/python3.12/site-packages/arduinobot_msgs/arduinobot_msgs_s__rosidl_typesupport_fastrtps_c.so
[0.246s] -- Up-to-date: /home/joshuaneely/arduinobot_ws/install/arduinobot_msgs/lib/python3.12/site-packages/arduinobot_msgs/_arduinobot_msgs_s.ep.rosidl_typesupport_introspection_c.c
[0.246s] -- Up-to-date: /home/joshuaneely/arduinobot_ws/install/arduinobot_msgs/lib/python3.12/site-packages/arduinobot_msgs/__init__.py
[0.246s] -- Up-to-date: /home/joshuaneely/arduinobot_ws/install/arduinobot_msgs/lib/python3.12/site-packages/arduinobot_msgs/_arduinobot_msgs_s.ep.rosidl_typesupport_fastrtps_c.c
[0.246s] -- Up-to-date: /home/joshuaneely/arduinobot_ws/install/arduinobot_msgs/lib/python3.12/site-packages/arduinobot_msgs/arduinobot_msgs_s__rosidl_typesupport_c.so
[0.246s] -- Up-to-date: /home/joshuaneely/arduinobot_ws/install/arduinobot_msgs/lib/python3.12/site-packages/arduinobot_msgs/arduinobot_msgs_s__rosidl_typesupport_introspection_c.so
[0.246s] -- Up-to-date: /home/joshuaneely/arduinobot_ws/install/arduinobot_msgs/lib/python3.12/site-packages/arduinobot_msgs/action
[0.246s] -- Up-to-date: /home/joshuaneely/arduinobot_ws/install/arduinobot_msgs/lib/python3.12/site-packages/arduinobot_msgs/action/_arduinobot_task_s.c
[0.246s] -- Up-to-date: /home/joshuaneely/arduinobot_ws/install/arduinobot_msgs/lib/python3.12/site-packages/arduinobot_msgs/action/_fibonacci.py
[0.246s] -- Up-to-date: /home/joshuaneely/arduinobot_ws/install/arduinobot_msgs/lib/python3.12/site-packages/arduinobot_msgs/action/_arduinobot_task.py
[0.246s] -- Up-to-date: /home/joshuaneely/arduinobot_ws/install/arduinobot_msgs/lib/python3.12/site-packages/arduinobot_msgs/action/__init__.py
[0.246s] -- Up-to-date: /home/joshuaneely/arduinobot_ws/install/arduinobot_msgs/lib/python3.12/site-packages/arduinobot_msgs/action/_fibonacci_s.c
[0.257s] Listing '/home/joshuaneely/arduinobot_ws/install/arduinobot_msgs/lib/python3.12/site-packages/arduinobot_msgs'...
[0.257s] Listing '/home/joshuaneely/arduinobot_ws/install/arduinobot_msgs/lib/python3.12/site-packages/arduinobot_msgs/action'...
[0.257s] Listing '/home/joshuaneely/arduinobot_ws/install/arduinobot_msgs/lib/python3.12/site-packages/arduinobot_msgs/srv'...
[0.260s] -- Up-to-date: /home/joshuaneely/arduinobot_ws/install/arduinobot_msgs/lib/python3.12/site-packages/arduinobot_msgs/arduinobot_msgs_s__rosidl_typesupport_fastrtps_c.so
[0.260s] -- Up-to-date: /home/joshuaneely/arduinobot_ws/install/arduinobot_msgs/lib/python3.12/site-packages/arduinobot_msgs/arduinobot_msgs_s__rosidl_typesupport_introspection_c.so
[0.260s] -- Up-to-date: /home/joshuaneely/arduinobot_ws/install/arduinobot_msgs/lib/python3.12/site-packages/arduinobot_msgs/arduinobot_msgs_s__rosidl_typesupport_c.so
[0.261s] -- Up-to-date: /home/joshuaneely/arduinobot_ws/install/arduinobot_msgs/lib/libarduinobot_msgs__rosidl_generator_py.so
[0.261s] -- Up-to-date: /home/joshuaneely/arduinobot_ws/install/arduinobot_msgs/share/arduinobot_msgs/srv/AddTwoInts.idl
[0.261s] -- Up-to-date: /home/joshuaneely/arduinobot_ws/install/arduinobot_msgs/share/arduinobot_msgs/srv/EulerToQuaternion.idl
[0.261s] -- Up-to-date: /home/joshuaneely/arduinobot_ws/install/arduinobot_msgs/share/arduinobot_msgs/srv/QuaternionToEuler.idl
[0.261s] -- Up-to-date: /home/joshuaneely/arduinobot_ws/install/arduinobot_msgs/share/arduinobot_msgs/action/Fibonacci.idl
[0.261s] -- Up-to-date: /home/joshuaneely/arduinobot_ws/install/arduinobot_msgs/share/arduinobot_msgs/action/ArduinobotTask.idl
[0.261s] -- Up-to-date: /home/joshuaneely/arduinobot_ws/install/arduinobot_msgs/share/arduinobot_msgs/srv/AddTwoInts.srv
[0.261s] -- Up-to-date: /home/joshuaneely/arduinobot_ws/install/arduinobot_msgs/share/arduinobot_msgs/srv/EulerToQuaternion.srv
[0.261s] -- Up-to-date: /home/joshuaneely/arduinobot_ws/install/arduinobot_msgs/share/arduinobot_msgs/srv/QuaternionToEuler.srv
[0.261s] -- Up-to-date: /home/joshuaneely/arduinobot_ws/install/arduinobot_msgs/share/arduinobot_msgs/action/Fibonacci.action
[0.261s] -- Up-to-date: /home/joshuaneely/arduinobot_ws/install/arduinobot_msgs/share/arduinobot_msgs/action/ArduinobotTask.action
[0.261s] -- Up-to-date: /home/joshuaneely/arduinobot_ws/install/arduinobot_msgs/share/ament_index/resource_index/package_run_dependencies/arduinobot_msgs
[0.261s] -- Up-to-date: /home/joshuaneely/arduinobot_ws/install/arduinobot_msgs/share/ament_index/resource_index/parent_prefix_path/arduinobot_msgs
[0.262s] -- Up-to-date: /home/joshuaneely/arduinobot_ws/install/arduinobot_msgs/share/arduinobot_msgs/environment/ament_prefix_path.sh
[0.262s] -- Up-to-date: /home/joshuaneely/arduinobot_ws/install/arduinobot_msgs/share/arduinobot_msgs/environment/ament_prefix_path.dsv
[0.262s] -- Up-to-date: /home/joshuaneely/arduinobot_ws/install/arduinobot_msgs/share/arduinobot_msgs/environment/path.sh
[0.262s] -- Up-to-date: /home/joshuaneely/arduinobot_ws/install/arduinobot_msgs/share/arduinobot_msgs/environment/path.dsv
[0.262s] -- Up-to-date: /home/joshuaneely/arduinobot_ws/install/arduinobot_msgs/share/arduinobot_msgs/local_setup.bash
[0.262s] -- Up-to-date: /home/joshuaneely/arduinobot_ws/install/arduinobot_msgs/share/arduinobot_msgs/local_setup.sh
[0.262s] -- Up-to-date: /home/joshuaneely/arduinobot_ws/install/arduinobot_msgs/share/arduinobot_msgs/local_setup.zsh
[0.262s] -- Up-to-date: /home/joshuaneely/arduinobot_ws/install/arduinobot_msgs/share/arduinobot_msgs/local_setup.dsv
[0.262s] -- Installing: /home/joshuaneely/arduinobot_ws/install/arduinobot_msgs/share/arduinobot_msgs/package.dsv
[0.262s] -- Up-to-date: /home/joshuaneely/arduinobot_ws/install/arduinobot_msgs/share/ament_index/resource_index/packages/arduinobot_msgs
[0.262s] -- Up-to-date: /home/joshuaneely/arduinobot_ws/install/arduinobot_msgs/share/arduinobot_msgs/cmake/export_arduinobot_msgs__rosidl_generator_cExport.cmake
[0.262s] -- Up-to-date: /home/joshuaneely/arduinobot_ws/install/arduinobot_msgs/share/arduinobot_msgs/cmake/export_arduinobot_msgs__rosidl_generator_cExport-noconfig.cmake
[0.262s] -- Up-to-date: /home/joshuaneely/arduinobot_ws/install/arduinobot_msgs/share/arduinobot_msgs/cmake/export_arduinobot_msgs__rosidl_typesupport_fastrtps_cExport.cmake
[0.263s] -- Up-to-date: /home/joshuaneely/arduinobot_ws/install/arduinobot_msgs/share/arduinobot_msgs/cmake/export_arduinobot_msgs__rosidl_typesupport_fastrtps_cExport-noconfig.cmake
[0.263s] -- Up-to-date: /home/joshuaneely/arduinobot_ws/install/arduinobot_msgs/share/arduinobot_msgs/cmake/export_arduinobot_msgs__rosidl_generator_cppExport.cmake
[0.263s] -- Up-to-date: /home/joshuaneely/arduinobot_ws/install/arduinobot_msgs/share/arduinobot_msgs/cmake/export_arduinobot_msgs__rosidl_typesupport_fastrtps_cppExport.cmake
[0.263s] -- Up-to-date: /home/joshuaneely/arduinobot_ws/install/arduinobot_msgs/share/arduinobot_msgs/cmake/export_arduinobot_msgs__rosidl_typesupport_fastrtps_cppExport-noconfig.cmake
[0.263s] -- Up-to-date: /home/joshuaneely/arduinobot_ws/install/arduinobot_msgs/share/arduinobot_msgs/cmake/arduinobot_msgs__rosidl_typesupport_introspection_cExport.cmake
[0.263s] -- Up-to-date: /home/joshuaneely/arduinobot_ws/install/arduinobot_msgs/share/arduinobot_msgs/cmake/arduinobot_msgs__rosidl_typesupport_introspection_cExport-noconfig.cmake
[0.263s] -- Up-to-date: /home/joshuaneely/arduinobot_ws/install/arduinobot_msgs/share/arduinobot_msgs/cmake/arduinobot_msgs__rosidl_typesupport_cExport.cmake
[0.263s] -- Up-to-date: /home/joshuaneely/arduinobot_ws/install/arduinobot_msgs/share/arduinobot_msgs/cmake/arduinobot_msgs__rosidl_typesupport_cExport-noconfig.cmake
[0.263s] -- Up-to-date: /home/joshuaneely/arduinobot_ws/install/arduinobot_msgs/share/arduinobot_msgs/cmake/arduinobot_msgs__rosidl_typesupport_introspection_cppExport.cmake
[0.264s] -- Up-to-date: /home/joshuaneely/arduinobot_ws/install/arduinobot_msgs/share/arduinobot_msgs/cmake/arduinobot_msgs__rosidl_typesupport_introspection_cppExport-noconfig.cmake
[0.264s] -- Up-to-date: /home/joshuaneely/arduinobot_ws/install/arduinobot_msgs/share/arduinobot_msgs/cmake/arduinobot_msgs__rosidl_typesupport_cppExport.cmake
[0.264s] -- Up-to-date: /home/joshuaneely/arduinobot_ws/install/arduinobot_msgs/share/arduinobot_msgs/cmake/arduinobot_msgs__rosidl_typesupport_cppExport-noconfig.cmake
[0.265s] -- Up-to-date: /home/joshuaneely/arduinobot_ws/install/arduinobot_msgs/share/arduinobot_msgs/cmake/export_arduinobot_msgs__rosidl_generator_pyExport.cmake
[0.265s] -- Up-to-date: /home/joshuaneely/arduinobot_ws/install/arduinobot_msgs/share/arduinobot_msgs/cmake/export_arduinobot_msgs__rosidl_generator_pyExport-noconfig.cmake
[0.265s] -- Up-to-date: /home/joshuaneely/arduinobot_ws/install/arduinobot_msgs/share/arduinobot_msgs/cmake/rosidl_cmake-extras.cmake
[0.265s] -- Up-to-date: /home/joshuaneely/arduinobot_ws/install/arduinobot_msgs/share/arduinobot_msgs/cmake/ament_cmake_export_dependencies-extras.cmake
[0.265s] -- Up-to-date: /home/joshuaneely/arduinobot_ws/install/arduinobot_msgs/share/arduinobot_msgs/cmake/ament_cmake_export_include_directories-extras.cmake
[0.265s] -- Up-to-date: /home/joshuaneely/arduinobot_ws/install/arduinobot_msgs/share/arduinobot_msgs/cmake/ament_cmake_export_libraries-extras.cmake
[0.265s] -- Up-to-date: /home/joshuaneely/arduinobot_ws/install/arduinobot_msgs/share/arduinobot_msgs/cmake/ament_cmake_export_targets-extras.cmake
[0.265s] -- Up-to-date: /home/joshuaneely/arduinobot_ws/install/arduinobot_msgs/share/arduinobot_msgs/cmake/rosidl_cmake_export_typesupport_targets-extras.cmake
[0.265s] -- Up-to-date: /home/joshuaneely/arduinobot_ws/install/arduinobot_msgs/share/arduinobot_msgs/cmake/rosidl_cmake_export_typesupport_libraries-extras.cmake
[0.265s] -- Up-to-date: /home/joshuaneely/arduinobot_ws/install/arduinobot_msgs/share/arduinobot_msgs/cmake/arduinobot_msgsConfig.cmake
[0.265s] -- Up-to-date: /home/joshuaneely/arduinobot_ws/install/arduinobot_msgs/share/arduinobot_msgs/cmake/arduinobot_msgsConfig-version.cmake
[0.265s] -- Up-to-date: /home/joshuaneely/arduinobot_ws/install/arduinobot_msgs/share/arduinobot_msgs/package.xml
[0.265s] Invoked command in '/home/joshuaneely/arduinobot_ws/build/arduinobot_msgs' returned '0': CMAKE_PREFIX_PATH=${CMAKE_PREFIX_PATH}:/home/joshuaneely/arduinobot_ws/install/arduinobot_py_examples:/opt/ros/jazzy DEBUGINFOD_URLS=https://debuginfod.ubuntu.com /usr/bin/cmake --install /home/joshuaneely/arduinobot_ws/build/arduinobot_msgs
