[0.043s] Invoking command in '/home/joshuaneely/arduinobot_ws/build/arduinobot_description': CMAKE_PREFIX_PATH=${CMAKE_PREFIX_PATH}:/opt/ros/jazzy DEBUGINFOD_URLS=https://debuginfod.ubuntu.com /usr/bin/cmake --build /home/joshuaneely/arduinobot_ws/build/arduinobot_description -- -j8 -l8
[0.132s] -- Found ament_cmake: 2.5.4 (/opt/ros/jazzy/share/ament_cmake/cmake)
[0.712s] -- Found urdf: 2.10.0 (/opt/ros/jazzy/share/urdf/cmake)
[0.863s] -- Found TinyXML2 via Config file: /usr/lib/aarch64-linux-gnu/cmake/tinyxml2
[0.915s] -- Found ament_lint_auto: 0.17.2 (/opt/ros/jazzy/share/ament_lint_auto/cmake)
[1.391s] -- Added test 'copyright' to check source files copyright and LICENSE
[1.425s] -- Added test 'flake8' to check Python code syntax and style conventions
[1.426s] -- Configured 'flake8' exclude dirs and/or files: 
[1.442s] -- Added test 'lint_cmake' to check CMake code style
[1.443s] -- Added test 'pep257' to check Python code against some of the docstring style conventions in PEP 257
[1.459s] -- Added test 'xmllint' to check XML markup files
[1.459s] -- Configuring done (1.3s)
[1.477s] -- Generating done (0.0s)
[1.486s] -- Build files have been written to: /home/joshuaneely/arduinobot_ws/build/arduinobot_description
[2.272s] Invoked command in '/home/joshuaneely/arduinobot_ws/build/arduinobot_description' returned '0': CMAKE_PREFIX_PATH=${CMAKE_PREFIX_PATH}:/opt/ros/jazzy DEBUGINFOD_URLS=https://debuginfod.ubuntu.com /usr/bin/cmake --build /home/joshuaneely/arduinobot_ws/build/arduinobot_description -- -j8 -l8
[2.275s] Invoking command in '/home/joshuaneely/arduinobot_ws/build/arduinobot_description': CMAKE_PREFIX_PATH=${CMAKE_PREFIX_PATH}:/opt/ros/jazzy DEBUGINFOD_URLS=https://debuginfod.ubuntu.com /usr/bin/cmake --install /home/joshuaneely/arduinobot_ws/build/arduinobot_description
[2.301s] -- Install configuration: ""
[2.303s] -- Up-to-date: /home/joshuaneely/arduinobot_ws/install/arduinobot_description/share/arduinobot_description/launch
[2.305s] -- Up-to-date: /home/joshuaneely/arduinobot_ws/install/arduinobot_description/share/arduinobot_description/launch/display.launch.py
[2.305s] -- Installing: /home/joshuaneely/arduinobot_ws/install/arduinobot_description/share/arduinobot_description/launch/gazebo.launch.py
[2.310s] -- Up-to-date: /home/joshuaneely/arduinobot_ws/install/arduinobot_description/share/arduinobot_description/meshes
[2.310s] -- Up-to-date: /home/joshuaneely/arduinobot_ws/install/arduinobot_description/share/arduinobot_description/meshes/right_finger.STL
[2.310s] -- Up-to-date: /home/joshuaneely/arduinobot_ws/install/arduinobot_description/share/arduinobot_description/meshes/round_plate.STL
[2.310s] -- Up-to-date: /home/joshuaneely/arduinobot_ws/install/arduinobot_description/share/arduinobot_description/meshes/base_plate.STL
[2.315s] -- Up-to-date: /home/joshuaneely/arduinobot_ws/install/arduinobot_description/share/arduinobot_description/meshes/left_finger.STL
[2.315s] -- Up-to-date: /home/joshuaneely/arduinobot_ws/install/arduinobot_description/share/arduinobot_description/meshes/servo_plate.STL
[2.316s] -- Up-to-date: /home/joshuaneely/arduinobot_ws/install/arduinobot_description/share/arduinobot_description/meshes/vertical_drive_arm.STL
[2.316s] -- Up-to-date: /home/joshuaneely/arduinobot_ws/install/arduinobot_description/share/arduinobot_description/meshes/plate.STL
[2.322s] -- Up-to-date: /home/joshuaneely/arduinobot_ws/install/arduinobot_description/share/arduinobot_description/meshes/horizontal_arm.STL
[2.322s] -- Up-to-date: /home/joshuaneely/arduinobot_ws/install/arduinobot_description/share/arduinobot_description/meshes/basement.STL
[2.322s] -- Up-to-date: /home/joshuaneely/arduinobot_ws/install/arduinobot_description/share/arduinobot_description/meshes/forward_drive_arm.STL
[2.324s] -- Up-to-date: /home/joshuaneely/arduinobot_ws/install/arduinobot_description/share/arduinobot_description/meshes/claw_support.STL
[2.324s] -- Up-to-date: /home/joshuaneely/arduinobot_ws/install/arduinobot_description/share/arduinobot_description/meshes/triangular_link.STL
[2.324s] -- Up-to-date: /home/joshuaneely/arduinobot_ws/install/arduinobot_description/share/arduinobot_description/meshes/link.STL
[2.324s] -- Up-to-date: /home/joshuaneely/arduinobot_ws/install/arduinobot_description/share/arduinobot_description/models
[2.324s] -- Up-to-date: /home/joshuaneely/arduinobot_ws/install/arduinobot_description/share/arduinobot_description/models/ground_plane
[2.324s] -- Up-to-date: /home/joshuaneely/arduinobot_ws/install/arduinobot_description/share/arduinobot_description/models/ground_plane/model.config
[2.324s] -- Up-to-date: /home/joshuaneely/arduinobot_ws/install/arduinobot_description/share/arduinobot_description/models/ground_plane/model.sdf
[2.331s] -- Up-to-date: /home/joshuaneely/arduinobot_ws/install/arduinobot_description/share/arduinobot_description/models/ground_plane/model-1_4.sdf
[2.331s] -- Up-to-date: /home/joshuaneely/arduinobot_ws/install/arduinobot_description/share/arduinobot_description/models/ground_plane/model-1_2.sdf
[2.331s] -- Up-to-date: /home/joshuaneely/arduinobot_ws/install/arduinobot_description/share/arduinobot_description/models/ground_plane/model-1_3.sdf
[2.334s] -- Up-to-date: /home/joshuaneely/arduinobot_ws/install/arduinobot_description/share/arduinobot_description/models/sun
[2.335s] -- Up-to-date: /home/joshuaneely/arduinobot_ws/install/arduinobot_description/share/arduinobot_description/models/sun/model.config
[2.335s] -- Up-to-date: /home/joshuaneely/arduinobot_ws/install/arduinobot_description/share/arduinobot_description/models/sun/model.sdf
[2.335s] -- Up-to-date: /home/joshuaneely/arduinobot_ws/install/arduinobot_description/share/arduinobot_description/models/sun/model-1_4.sdf
[2.335s] -- Up-to-date: /home/joshuaneely/arduinobot_ws/install/arduinobot_description/share/arduinobot_description/models/sun/model-1_2.sdf
[2.335s] -- Up-to-date: /home/joshuaneely/arduinobot_ws/install/arduinobot_description/share/arduinobot_description/models/sun/model-1_3.sdf
[2.335s] -- Up-to-date: /home/joshuaneely/arduinobot_ws/install/arduinobot_description/share/arduinobot_description/urdf
[2.335s] -- Up-to-date: /home/joshuaneely/arduinobot_ws/install/arduinobot_description/share/arduinobot_description/urdf/arduinobot_ros2_control.xacro
[2.335s] -- Up-to-date: /home/joshuaneely/arduinobot_ws/install/arduinobot_description/share/arduinobot_description/urdf/arduinobot_gazebo.xacro
[2.335s] -- Up-to-date: /home/joshuaneely/arduinobot_ws/install/arduinobot_description/share/arduinobot_description/urdf/arduinobot.urdf.xacro
[2.335s] -- Up-to-date: /home/joshuaneely/arduinobot_ws/install/arduinobot_description/share/arduinobot_description/rviz
[2.335s] -- Up-to-date: /home/joshuaneely/arduinobot_ws/install/arduinobot_description/share/arduinobot_description/rviz/display.rviz
[2.335s] -- Installing: /home/joshuaneely/arduinobot_ws/install/arduinobot_description/share/ament_index/resource_index/package_run_dependencies/arduinobot_description
[2.335s] -- Up-to-date: /home/joshuaneely/arduinobot_ws/install/arduinobot_description/share/ament_index/resource_index/parent_prefix_path/arduinobot_description
[2.335s] -- Up-to-date: /home/joshuaneely/arduinobot_ws/install/arduinobot_description/share/arduinobot_description/environment/ament_prefix_path.sh
[2.338s] -- Up-to-date: /home/joshuaneely/arduinobot_ws/install/arduinobot_description/share/arduinobot_description/environment/ament_prefix_path.dsv
[2.338s] -- Up-to-date: /home/joshuaneely/arduinobot_ws/install/arduinobot_description/share/arduinobot_description/environment/path.sh
[2.338s] -- Up-to-date: /home/joshuaneely/arduinobot_ws/install/arduinobot_description/share/arduinobot_description/environment/path.dsv
[2.346s] -- Up-to-date: /home/joshuaneely/arduinobot_ws/install/arduinobot_description/share/arduinobot_description/local_setup.bash
[2.350s] -- Up-to-date: /home/joshuaneely/arduinobot_ws/install/arduinobot_description/share/arduinobot_description/local_setup.sh
[2.350s] -- Up-to-date: /home/joshuaneely/arduinobot_ws/install/arduinobot_description/share/arduinobot_description/local_setup.zsh
[2.350s] -- Up-to-date: /home/joshuaneely/arduinobot_ws/install/arduinobot_description/share/arduinobot_description/local_setup.dsv
[2.350s] -- Installing: /home/joshuaneely/arduinobot_ws/install/arduinobot_description/share/arduinobot_description/package.dsv
[2.350s] -- Up-to-date: /home/joshuaneely/arduinobot_ws/install/arduinobot_description/share/ament_index/resource_index/packages/arduinobot_description
[2.350s] -- Up-to-date: /home/joshuaneely/arduinobot_ws/install/arduinobot_description/share/arduinobot_description/cmake/arduinobot_descriptionConfig.cmake
[2.350s] -- Up-to-date: /home/joshuaneely/arduinobot_ws/install/arduinobot_description/share/arduinobot_description/cmake/arduinobot_descriptionConfig-version.cmake
[2.350s] -- Installing: /home/joshuaneely/arduinobot_ws/install/arduinobot_description/share/arduinobot_description/package.xml
[2.414s] Invoked command in '/home/joshuaneely/arduinobot_ws/build/arduinobot_description' returned '0': CMAKE_PREFIX_PATH=${CMAKE_PREFIX_PATH}:/opt/ros/jazzy DEBUGINFOD_URLS=https://debuginfod.ubuntu.com /usr/bin/cmake --install /home/joshuaneely/arduinobot_ws/build/arduinobot_description
