[0.008s] Invoking command in '/home/joshuaneely/arduinobot_ws/build/arduinobot_description': CMAKE_PREFIX_PATH=${CMAKE_PREFIX_PATH}:/opt/ros/jazzy DEBUGINFOD_URLS=https://debuginfod.ubuntu.com /usr/bin/cmake /home/joshuaneely/arduinobot_ws/src/arduinobot_description -DCMAKE_INSTALL_PREFIX=/home/joshuaneely/arduinobot_ws/install/arduinobot_description
[0.063s] -- The C compiler identification is GNU 13.3.0
[0.100s] -- The CXX compiler identification is GNU 13.3.0
[0.112s] -- Detecting C compiler ABI info
[0.165s] -- Detecting C compiler ABI info - done
[0.170s] -- Check for working C compiler: /usr/bin/cc - skipped
[0.171s] -- Detecting C compile features
[0.171s] -- Detecting C compile features - done
[0.177s] -- Detecting CXX compiler ABI info
[0.231s] -- Detecting CXX compiler ABI info - done
[0.237s] -- Check for working CXX compiler: /usr/bin/c++ - skipped
[0.237s] -- Detecting CXX compile features
[0.237s] -- Detecting CXX compile features - done
[0.252s] -- Found ament_cmake: 2.5.4 (/opt/ros/jazzy/share/ament_cmake/cmake)
[0.335s] -- Found Python3: /usr/bin/python3 (found version "3.12.3") found components: Interpreter 
[0.421s] -- Found ament_lint_auto: 0.17.2 (/opt/ros/jazzy/share/ament_lint_auto/cmake)
[0.483s] -- Added test 'lint_cmake' to check CMake code style
[0.484s] -- Added test 'xmllint' to check XML markup files
[0.485s] -- Configuring done (0.5s)
[0.486s] -- Generating done (0.0s)
[0.487s] -- Build files have been written to: /home/joshuaneely/arduinobot_ws/build/arduinobot_description
[0.491s] Invoked command in '/home/joshuaneely/arduinobot_ws/build/arduinobot_description' returned '0': CMAKE_PREFIX_PATH=${CMAKE_PREFIX_PATH}:/opt/ros/jazzy DEBUGINFOD_URLS=https://debuginfod.ubuntu.com /usr/bin/cmake /home/joshuaneely/arduinobot_ws/src/arduinobot_description -DCMAKE_INSTALL_PREFIX=/home/joshuaneely/arduinobot_ws/install/arduinobot_description
[0.491s] Invoking command in '/home/joshuaneely/arduinobot_ws/build/arduinobot_description': CMAKE_PREFIX_PATH=${CMAKE_PREFIX_PATH}:/opt/ros/jazzy DEBUGINFOD_URLS=https://debuginfod.ubuntu.com /usr/bin/cmake --build /home/joshuaneely/arduinobot_ws/build/arduinobot_description -- -j8 -l8
[0.515s] Invoked command in '/home/joshuaneely/arduinobot_ws/build/arduinobot_description' returned '0': CMAKE_PREFIX_PATH=${CMAKE_PREFIX_PATH}:/opt/ros/jazzy DEBUGINFOD_URLS=https://debuginfod.ubuntu.com /usr/bin/cmake --build /home/joshuaneely/arduinobot_ws/build/arduinobot_description -- -j8 -l8
[0.515s] Invoking command in '/home/joshuaneely/arduinobot_ws/build/arduinobot_description': CMAKE_PREFIX_PATH=${CMAKE_PREFIX_PATH}:/opt/ros/jazzy DEBUGINFOD_URLS=https://debuginfod.ubuntu.com /usr/bin/cmake --install /home/joshuaneely/arduinobot_ws/build/arduinobot_description
[0.519s] -- Install configuration: ""
[0.519s] -- Installing: /home/joshuaneely/arduinobot_ws/install/arduinobot_description/share/ament_index/resource_index/package_run_dependencies/arduinobot_description
[0.519s] -- Installing: /home/joshuaneely/arduinobot_ws/install/arduinobot_description/share/ament_index/resource_index/parent_prefix_path/arduinobot_description
[0.520s] -- Installing: /home/joshuaneely/arduinobot_ws/install/arduinobot_description/share/arduinobot_description/environment/ament_prefix_path.sh
[0.520s] -- Installing: /home/joshuaneely/arduinobot_ws/install/arduinobot_description/share/arduinobot_description/environment/ament_prefix_path.dsv
[0.520s] -- Installing: /home/joshuaneely/arduinobot_ws/install/arduinobot_description/share/arduinobot_description/environment/path.sh
[0.520s] -- Installing: /home/joshuaneely/arduinobot_ws/install/arduinobot_description/share/arduinobot_description/environment/path.dsv
[0.520s] -- Installing: /home/joshuaneely/arduinobot_ws/install/arduinobot_description/share/arduinobot_description/local_setup.bash
[0.520s] -- Installing: /home/joshuaneely/arduinobot_ws/install/arduinobot_description/share/arduinobot_description/local_setup.sh
[0.521s] -- Installing: /home/joshuaneely/arduinobot_ws/install/arduinobot_description/share/arduinobot_description/local_setup.zsh
[0.521s] -- Installing: /home/joshuaneely/arduinobot_ws/install/arduinobot_description/share/arduinobot_description/local_setup.dsv
[0.521s] -- Installing: /home/joshuaneely/arduinobot_ws/install/arduinobot_description/share/arduinobot_description/package.dsv
[0.521s] -- Installing: /home/joshuaneely/arduinobot_ws/install/arduinobot_description/share/ament_index/resource_index/packages/arduinobot_description
[0.521s] -- Installing: /home/joshuaneely/arduinobot_ws/install/arduinobot_description/share/arduinobot_description/cmake/arduinobot_descriptionConfig.cmake
[0.521s] -- Installing: /home/joshuaneely/arduinobot_ws/install/arduinobot_description/share/arduinobot_description/cmake/arduinobot_descriptionConfig-version.cmake
[0.521s] -- Installing: /home/joshuaneely/arduinobot_ws/install/arduinobot_description/share/arduinobot_description/package.xml
[0.522s] Invoked command in '/home/joshuaneely/arduinobot_ws/build/arduinobot_description' returned '0': CMAKE_PREFIX_PATH=${CMAKE_PREFIX_PATH}:/opt/ros/jazzy DEBUGINFOD_URLS=https://debuginfod.ubuntu.com /usr/bin/cmake --install /home/joshuaneely/arduinobot_ws/build/arduinobot_description
