[0.057s] DEBUG:colcon:Command line arguments: ['/usr/bin/colcon', 'build']
[0.057s] DEBUG:colcon:Parsed command line arguments: Namespace(log_base=None, log_level=None, verb_name='build', build_base='build', install_base='install', merge_install=False, symlink_install=False, test_result_base=None, continue_on_error=False, executor='parallel', parallel_workers=8, event_handlers=None, ignore_user_meta=False, metas=['./colcon.meta'], base_paths=['.'], packages_ignore=None, packages_ignore_regex=None, paths=None, packages_up_to=None, packages_up_to_regex=None, packages_above=None, packages_above_and_dependencies=None, packages_above_depth=None, packages_select_by_dep=None, packages_skip_by_dep=None, packages_skip_up_to=None, packages_select_build_failed=False, packages_skip_build_finished=False, packages_select_test_failures=False, packages_skip_test_passed=False, packages_select=None, packages_skip=None, packages_select_regex=None, packages_skip_regex=None, packages_start=None, packages_end=None, allow_overriding=[], cmake_args=None, cmake_target=None, cmake_target_skip_unavailable=False, cmake_clean_cache=False, cmake_clean_first=False, cmake_force_configure=False, ament_cmake_args=None, catkin_cmake_args=None, catkin_skip_building_tests=False, mixin_files=None, mixin=None, verb_parser=<colcon_mixin.mixin.mixin_argument.MixinArgumentDecorator object at 0xf937b521a5d0>, verb_extension=<colcon_core.verb.build.BuildVerb object at 0xf937b521a2d0>, main=<bound method BuildVerb.main of <colcon_core.verb.build.BuildVerb object at 0xf937b521a2d0>>, mixin_verb=('build',))
[0.073s] Level 1:colcon.colcon_core.package_discovery:discover_packages(colcon_meta) check parameters
[0.073s] Level 1:colcon.colcon_core.package_discovery:discover_packages(recursive) check parameters
[0.073s] Level 1:colcon.colcon_core.package_discovery:discover_packages(ignore) check parameters
[0.073s] Level 1:colcon.colcon_core.package_discovery:discover_packages(path) check parameters
[0.073s] Level 1:colcon.colcon_core.package_discovery:discover_packages(colcon_meta) discover
[0.074s] Level 1:colcon.colcon_core.package_discovery:discover_packages(recursive) discover
[0.074s] INFO:colcon.colcon_core.package_discovery:Crawling recursively for packages in '/home/joshuaneely/arduinobot_ws'
[0.074s] Level 1:colcon.colcon_core.package_identification:_identify(.) by extensions ['ignore', 'ignore_ament_install']
[0.074s] Level 1:colcon.colcon_core.package_identification:_identify(.) by extension 'ignore'
[0.074s] Level 1:colcon.colcon_core.package_identification:_identify(.) by extension 'ignore_ament_install'
[0.074s] Level 1:colcon.colcon_core.package_identification:_identify(.) by extensions ['colcon_pkg']
[0.074s] Level 1:colcon.colcon_core.package_identification:_identify(.) by extension 'colcon_pkg'
[0.074s] Level 1:colcon.colcon_core.package_identification:_identify(.) by extensions ['colcon_meta']
[0.074s] Level 1:colcon.colcon_core.package_identification:_identify(.) by extension 'colcon_meta'
[0.074s] Level 1:colcon.colcon_core.package_identification:_identify(.) by extensions ['ros']
[0.074s] Level 1:colcon.colcon_core.package_identification:_identify(.) by extension 'ros'
[0.083s] Level 1:colcon.colcon_core.package_identification:_identify(.) by extensions ['cmake', 'python']
[0.083s] Level 1:colcon.colcon_core.package_identification:_identify(.) by extension 'cmake'
[0.083s] Level 1:colcon.colcon_core.package_identification:_identify(.) by extension 'python'
[0.083s] Level 1:colcon.colcon_core.package_identification:_identify(.) by extensions ['python_setup_py']
[0.083s] Level 1:colcon.colcon_core.package_identification:_identify(.) by extension 'python_setup_py'
[0.083s] Level 1:colcon.colcon_core.package_identification:_identify(build) by extensions ['ignore', 'ignore_ament_install']
[0.083s] Level 1:colcon.colcon_core.package_identification:_identify(build) by extension 'ignore'
[0.083s] Level 1:colcon.colcon_core.package_identification:_identify(build) ignored
[0.083s] Level 1:colcon.colcon_core.package_identification:_identify(install) by extensions ['ignore', 'ignore_ament_install']
[0.083s] Level 1:colcon.colcon_core.package_identification:_identify(install) by extension 'ignore'
[0.083s] Level 1:colcon.colcon_core.package_identification:_identify(install) ignored
[0.083s] Level 1:colcon.colcon_core.package_identification:_identify(log) by extensions ['ignore', 'ignore_ament_install']
[0.083s] Level 1:colcon.colcon_core.package_identification:_identify(log) by extension 'ignore'
[0.083s] Level 1:colcon.colcon_core.package_identification:_identify(log) ignored
[0.083s] Level 1:colcon.colcon_core.package_identification:_identify(src) by extensions ['ignore', 'ignore_ament_install']
[0.083s] Level 1:colcon.colcon_core.package_identification:_identify(src) by extension 'ignore'
[0.083s] Level 1:colcon.colcon_core.package_identification:_identify(src) by extension 'ignore_ament_install'
[0.083s] Level 1:colcon.colcon_core.package_identification:_identify(src) by extensions ['colcon_pkg']
[0.083s] Level 1:colcon.colcon_core.package_identification:_identify(src) by extension 'colcon_pkg'
[0.083s] Level 1:colcon.colcon_core.package_identification:_identify(src) by extensions ['colcon_meta']
[0.083s] Level 1:colcon.colcon_core.package_identification:_identify(src) by extension 'colcon_meta'
[0.083s] Level 1:colcon.colcon_core.package_identification:_identify(src) by extensions ['ros']
[0.083s] Level 1:colcon.colcon_core.package_identification:_identify(src) by extension 'ros'
[0.083s] Level 1:colcon.colcon_core.package_identification:_identify(src) by extensions ['cmake', 'python']
[0.083s] Level 1:colcon.colcon_core.package_identification:_identify(src) by extension 'cmake'
[0.083s] Level 1:colcon.colcon_core.package_identification:_identify(src) by extension 'python'
[0.083s] Level 1:colcon.colcon_core.package_identification:_identify(src) by extensions ['python_setup_py']
[0.083s] Level 1:colcon.colcon_core.package_identification:_identify(src) by extension 'python_setup_py'
[0.084s] Level 1:colcon.colcon_core.package_identification:_identify(src/arduinobot_controller) by extensions ['ignore', 'ignore_ament_install']
[0.084s] Level 1:colcon.colcon_core.package_identification:_identify(src/arduinobot_controller) by extension 'ignore'
[0.084s] Level 1:colcon.colcon_core.package_identification:_identify(src/arduinobot_controller) by extension 'ignore_ament_install'
[0.084s] Level 1:colcon.colcon_core.package_identification:_identify(src/arduinobot_controller) by extensions ['colcon_pkg']
[0.084s] Level 1:colcon.colcon_core.package_identification:_identify(src/arduinobot_controller) by extension 'colcon_pkg'
[0.084s] Level 1:colcon.colcon_core.package_identification:_identify(src/arduinobot_controller) by extensions ['colcon_meta']
[0.084s] Level 1:colcon.colcon_core.package_identification:_identify(src/arduinobot_controller) by extension 'colcon_meta'
[0.084s] Level 1:colcon.colcon_core.package_identification:_identify(src/arduinobot_controller) by extensions ['ros']
[0.084s] Level 1:colcon.colcon_core.package_identification:_identify(src/arduinobot_controller) by extension 'ros'
[0.085s] DEBUG:colcon.colcon_core.package_identification:Package 'src/arduinobot_controller' with type 'ros.ament_cmake' and name 'arduinobot_controller'
[0.085s] Level 1:colcon.colcon_core.package_identification:_identify(src/arduinobot_cpp_examples) by extensions ['ignore', 'ignore_ament_install']
[0.085s] Level 1:colcon.colcon_core.package_identification:_identify(src/arduinobot_cpp_examples) by extension 'ignore'
[0.085s] Level 1:colcon.colcon_core.package_identification:_identify(src/arduinobot_cpp_examples) by extension 'ignore_ament_install'
[0.085s] Level 1:colcon.colcon_core.package_identification:_identify(src/arduinobot_cpp_examples) by extensions ['colcon_pkg']
[0.085s] Level 1:colcon.colcon_core.package_identification:_identify(src/arduinobot_cpp_examples) by extension 'colcon_pkg'
[0.085s] Level 1:colcon.colcon_core.package_identification:_identify(src/arduinobot_cpp_examples) by extensions ['colcon_meta']
[0.085s] Level 1:colcon.colcon_core.package_identification:_identify(src/arduinobot_cpp_examples) by extension 'colcon_meta'
[0.085s] Level 1:colcon.colcon_core.package_identification:_identify(src/arduinobot_cpp_examples) by extensions ['ros']
[0.085s] Level 1:colcon.colcon_core.package_identification:_identify(src/arduinobot_cpp_examples) by extension 'ros'
[0.085s] DEBUG:colcon.colcon_core.package_identification:Package 'src/arduinobot_cpp_examples' with type 'ros.ament_cmake' and name 'arduinobot_cpp_examples'
[0.085s] Level 1:colcon.colcon_core.package_identification:_identify(src/arduinobot_description) by extensions ['ignore', 'ignore_ament_install']
[0.085s] Level 1:colcon.colcon_core.package_identification:_identify(src/arduinobot_description) by extension 'ignore'
[0.085s] Level 1:colcon.colcon_core.package_identification:_identify(src/arduinobot_description) by extension 'ignore_ament_install'
[0.085s] Level 1:colcon.colcon_core.package_identification:_identify(src/arduinobot_description) by extensions ['colcon_pkg']
[0.085s] Level 1:colcon.colcon_core.package_identification:_identify(src/arduinobot_description) by extension 'colcon_pkg'
[0.085s] Level 1:colcon.colcon_core.package_identification:_identify(src/arduinobot_description) by extensions ['colcon_meta']
[0.085s] Level 1:colcon.colcon_core.package_identification:_identify(src/arduinobot_description) by extension 'colcon_meta'
[0.085s] Level 1:colcon.colcon_core.package_identification:_identify(src/arduinobot_description) by extensions ['ros']
[0.085s] Level 1:colcon.colcon_core.package_identification:_identify(src/arduinobot_description) by extension 'ros'
[0.086s] DEBUG:colcon.colcon_core.package_identification:Package 'src/arduinobot_description' with type 'ros.ament_cmake' and name 'arduinobot_description'
[0.086s] Level 1:colcon.colcon_core.package_identification:_identify(src/arduinobot_moveit) by extensions ['ignore', 'ignore_ament_install']
[0.086s] Level 1:colcon.colcon_core.package_identification:_identify(src/arduinobot_moveit) by extension 'ignore'
[0.086s] Level 1:colcon.colcon_core.package_identification:_identify(src/arduinobot_moveit) by extension 'ignore_ament_install'
[0.086s] Level 1:colcon.colcon_core.package_identification:_identify(src/arduinobot_moveit) by extensions ['colcon_pkg']
[0.086s] Level 1:colcon.colcon_core.package_identification:_identify(src/arduinobot_moveit) by extension 'colcon_pkg'
[0.086s] Level 1:colcon.colcon_core.package_identification:_identify(src/arduinobot_moveit) by extensions ['colcon_meta']
[0.086s] Level 1:colcon.colcon_core.package_identification:_identify(src/arduinobot_moveit) by extension 'colcon_meta'
[0.086s] Level 1:colcon.colcon_core.package_identification:_identify(src/arduinobot_moveit) by extensions ['ros']
[0.086s] Level 1:colcon.colcon_core.package_identification:_identify(src/arduinobot_moveit) by extension 'ros'
[0.086s] DEBUG:colcon.colcon_core.package_identification:Package 'src/arduinobot_moveit' with type 'ros.ament_cmake' and name 'arduinobot_moveit'
[0.086s] Level 1:colcon.colcon_core.package_identification:_identify(src/arduinobot_msgs) by extensions ['ignore', 'ignore_ament_install']
[0.086s] Level 1:colcon.colcon_core.package_identification:_identify(src/arduinobot_msgs) by extension 'ignore'
[0.086s] Level 1:colcon.colcon_core.package_identification:_identify(src/arduinobot_msgs) by extension 'ignore_ament_install'
[0.086s] Level 1:colcon.colcon_core.package_identification:_identify(src/arduinobot_msgs) by extensions ['colcon_pkg']
[0.086s] Level 1:colcon.colcon_core.package_identification:_identify(src/arduinobot_msgs) by extension 'colcon_pkg'
[0.086s] Level 1:colcon.colcon_core.package_identification:_identify(src/arduinobot_msgs) by extensions ['colcon_meta']
[0.086s] Level 1:colcon.colcon_core.package_identification:_identify(src/arduinobot_msgs) by extension 'colcon_meta'
[0.086s] Level 1:colcon.colcon_core.package_identification:_identify(src/arduinobot_msgs) by extensions ['ros']
[0.086s] Level 1:colcon.colcon_core.package_identification:_identify(src/arduinobot_msgs) by extension 'ros'
[0.087s] DEBUG:colcon.colcon_core.package_identification:Package 'src/arduinobot_msgs' with type 'ros.ament_cmake' and name 'arduinobot_msgs'
[0.087s] Level 1:colcon.colcon_core.package_identification:_identify(src/arduinobot_py_examples) by extensions ['ignore', 'ignore_ament_install']
[0.087s] Level 1:colcon.colcon_core.package_identification:_identify(src/arduinobot_py_examples) by extension 'ignore'
[0.087s] Level 1:colcon.colcon_core.package_identification:_identify(src/arduinobot_py_examples) by extension 'ignore_ament_install'
[0.087s] Level 1:colcon.colcon_core.package_identification:_identify(src/arduinobot_py_examples) by extensions ['colcon_pkg']
[0.087s] Level 1:colcon.colcon_core.package_identification:_identify(src/arduinobot_py_examples) by extension 'colcon_pkg'
[0.087s] Level 1:colcon.colcon_core.package_identification:_identify(src/arduinobot_py_examples) by extensions ['colcon_meta']
[0.087s] Level 1:colcon.colcon_core.package_identification:_identify(src/arduinobot_py_examples) by extension 'colcon_meta'
[0.087s] Level 1:colcon.colcon_core.package_identification:_identify(src/arduinobot_py_examples) by extensions ['ros']
[0.087s] Level 1:colcon.colcon_core.package_identification:_identify(src/arduinobot_py_examples) by extension 'ros'
[0.087s] DEBUG:colcon.colcon_core.package_identification:Package 'src/arduinobot_py_examples' with type 'ros.ament_python' and name 'arduinobot_py_examples'
[0.087s] Level 1:colcon.colcon_core.package_identification:_identify(src/arduinobot_utils) by extensions ['ignore', 'ignore_ament_install']
[0.087s] Level 1:colcon.colcon_core.package_identification:_identify(src/arduinobot_utils) by extension 'ignore'
[0.087s] Level 1:colcon.colcon_core.package_identification:_identify(src/arduinobot_utils) by extension 'ignore_ament_install'
[0.087s] Level 1:colcon.colcon_core.package_identification:_identify(src/arduinobot_utils) by extensions ['colcon_pkg']
[0.087s] Level 1:colcon.colcon_core.package_identification:_identify(src/arduinobot_utils) by extension 'colcon_pkg'
[0.087s] Level 1:colcon.colcon_core.package_identification:_identify(src/arduinobot_utils) by extensions ['colcon_meta']
[0.087s] Level 1:colcon.colcon_core.package_identification:_identify(src/arduinobot_utils) by extension 'colcon_meta'
[0.087s] Level 1:colcon.colcon_core.package_identification:_identify(src/arduinobot_utils) by extensions ['ros']
[0.087s] Level 1:colcon.colcon_core.package_identification:_identify(src/arduinobot_utils) by extension 'ros'
[0.087s] DEBUG:colcon.colcon_core.package_identification:Package 'src/arduinobot_utils' with type 'ros.ament_cmake' and name 'arduinobot_utils'
[0.087s] Level 1:colcon.colcon_core.package_discovery:discover_packages(recursive) using defaults
[0.087s] Level 1:colcon.colcon_core.package_discovery:discover_packages(ignore) discover
[0.087s] Level 1:colcon.colcon_core.package_discovery:discover_packages(ignore) using defaults
[0.087s] Level 1:colcon.colcon_core.package_discovery:discover_packages(path) discover
[0.087s] Level 1:colcon.colcon_core.package_discovery:discover_packages(path) using defaults
[0.094s] Level 1:colcon.colcon_core.package_discovery:discover_packages(prefix_path) check parameters
[0.094s] Level 1:colcon.colcon_core.package_discovery:discover_packages(prefix_path) discover
[0.095s] DEBUG:colcon.colcon_installed_package_information.package_discovery:Found 437 installed packages in /opt/ros/jazzy
[0.096s] Level 1:colcon.colcon_core.package_discovery:discover_packages(prefix_path) using defaults
[0.117s] Level 5:colcon.colcon_core.verb:set package 'arduinobot_controller' build argument 'cmake_args' from command line to 'None'
[0.117s] Level 5:colcon.colcon_core.verb:set package 'arduinobot_controller' build argument 'cmake_target' from command line to 'None'
[0.117s] Level 5:colcon.colcon_core.verb:set package 'arduinobot_controller' build argument 'cmake_target_skip_unavailable' from command line to 'False'
[0.117s] Level 5:colcon.colcon_core.verb:set package 'arduinobot_controller' build argument 'cmake_clean_cache' from command line to 'False'
[0.117s] Level 5:colcon.colcon_core.verb:set package 'arduinobot_controller' build argument 'cmake_clean_first' from command line to 'False'
[0.117s] Level 5:colcon.colcon_core.verb:set package 'arduinobot_controller' build argument 'cmake_force_configure' from command line to 'False'
[0.117s] Level 5:colcon.colcon_core.verb:set package 'arduinobot_controller' build argument 'ament_cmake_args' from command line to 'None'
[0.117s] Level 5:colcon.colcon_core.verb:set package 'arduinobot_controller' build argument 'catkin_cmake_args' from command line to 'None'
[0.117s] Level 5:colcon.colcon_core.verb:set package 'arduinobot_controller' build argument 'catkin_skip_building_tests' from command line to 'False'
[0.117s] DEBUG:colcon.colcon_core.verb:Building package 'arduinobot_controller' with the following arguments: {'ament_cmake_args': None, 'build_base': '/home/joshuaneely/arduinobot_ws/build/arduinobot_controller', 'catkin_cmake_args': None, 'catkin_skip_building_tests': False, 'cmake_args': None, 'cmake_clean_cache': False, 'cmake_clean_first': False, 'cmake_force_configure': False, 'cmake_target': None, 'cmake_target_skip_unavailable': False, 'install_base': '/home/joshuaneely/arduinobot_ws/install/arduinobot_controller', 'merge_install': False, 'path': '/home/joshuaneely/arduinobot_ws/src/arduinobot_controller', 'symlink_install': False, 'test_result_base': None}
[0.117s] Level 5:colcon.colcon_core.verb:set package 'arduinobot_description' build argument 'cmake_args' from command line to 'None'
[0.117s] Level 5:colcon.colcon_core.verb:set package 'arduinobot_description' build argument 'cmake_target' from command line to 'None'
[0.117s] Level 5:colcon.colcon_core.verb:set package 'arduinobot_description' build argument 'cmake_target_skip_unavailable' from command line to 'False'
[0.117s] Level 5:colcon.colcon_core.verb:set package 'arduinobot_description' build argument 'cmake_clean_cache' from command line to 'False'
[0.117s] Level 5:colcon.colcon_core.verb:set package 'arduinobot_description' build argument 'cmake_clean_first' from command line to 'False'
[0.117s] Level 5:colcon.colcon_core.verb:set package 'arduinobot_description' build argument 'cmake_force_configure' from command line to 'False'
[0.117s] Level 5:colcon.colcon_core.verb:set package 'arduinobot_description' build argument 'ament_cmake_args' from command line to 'None'
[0.117s] Level 5:colcon.colcon_core.verb:set package 'arduinobot_description' build argument 'catkin_cmake_args' from command line to 'None'
[0.117s] Level 5:colcon.colcon_core.verb:set package 'arduinobot_description' build argument 'catkin_skip_building_tests' from command line to 'False'
[0.117s] DEBUG:colcon.colcon_core.verb:Building package 'arduinobot_description' with the following arguments: {'ament_cmake_args': None, 'build_base': '/home/joshuaneely/arduinobot_ws/build/arduinobot_description', 'catkin_cmake_args': None, 'catkin_skip_building_tests': False, 'cmake_args': None, 'cmake_clean_cache': False, 'cmake_clean_first': False, 'cmake_force_configure': False, 'cmake_target': None, 'cmake_target_skip_unavailable': False, 'install_base': '/home/joshuaneely/arduinobot_ws/install/arduinobot_description', 'merge_install': False, 'path': '/home/joshuaneely/arduinobot_ws/src/arduinobot_description', 'symlink_install': False, 'test_result_base': None}
[0.117s] Level 5:colcon.colcon_core.verb:set package 'arduinobot_moveit' build argument 'cmake_args' from command line to 'None'
[0.117s] Level 5:colcon.colcon_core.verb:set package 'arduinobot_moveit' build argument 'cmake_target' from command line to 'None'
[0.117s] Level 5:colcon.colcon_core.verb:set package 'arduinobot_moveit' build argument 'cmake_target_skip_unavailable' from command line to 'False'
[0.117s] Level 5:colcon.colcon_core.verb:set package 'arduinobot_moveit' build argument 'cmake_clean_cache' from command line to 'False'
[0.117s] Level 5:colcon.colcon_core.verb:set package 'arduinobot_moveit' build argument 'cmake_clean_first' from command line to 'False'
[0.117s] Level 5:colcon.colcon_core.verb:set package 'arduinobot_moveit' build argument 'cmake_force_configure' from command line to 'False'
[0.117s] Level 5:colcon.colcon_core.verb:set package 'arduinobot_moveit' build argument 'ament_cmake_args' from command line to 'None'
[0.117s] Level 5:colcon.colcon_core.verb:set package 'arduinobot_moveit' build argument 'catkin_cmake_args' from command line to 'None'
[0.117s] Level 5:colcon.colcon_core.verb:set package 'arduinobot_moveit' build argument 'catkin_skip_building_tests' from command line to 'False'
[0.117s] DEBUG:colcon.colcon_core.verb:Building package 'arduinobot_moveit' with the following arguments: {'ament_cmake_args': None, 'build_base': '/home/joshuaneely/arduinobot_ws/build/arduinobot_moveit', 'catkin_cmake_args': None, 'catkin_skip_building_tests': False, 'cmake_args': None, 'cmake_clean_cache': False, 'cmake_clean_first': False, 'cmake_force_configure': False, 'cmake_target': None, 'cmake_target_skip_unavailable': False, 'install_base': '/home/joshuaneely/arduinobot_ws/install/arduinobot_moveit', 'merge_install': False, 'path': '/home/joshuaneely/arduinobot_ws/src/arduinobot_moveit', 'symlink_install': False, 'test_result_base': None}
[0.117s] Level 5:colcon.colcon_core.verb:set package 'arduinobot_msgs' build argument 'cmake_args' from command line to 'None'
[0.117s] Level 5:colcon.colcon_core.verb:set package 'arduinobot_msgs' build argument 'cmake_target' from command line to 'None'
[0.117s] Level 5:colcon.colcon_core.verb:set package 'arduinobot_msgs' build argument 'cmake_target_skip_unavailable' from command line to 'False'
[0.117s] Level 5:colcon.colcon_core.verb:set package 'arduinobot_msgs' build argument 'cmake_clean_cache' from command line to 'False'
[0.117s] Level 5:colcon.colcon_core.verb:set package 'arduinobot_msgs' build argument 'cmake_clean_first' from command line to 'False'
[0.117s] Level 5:colcon.colcon_core.verb:set package 'arduinobot_msgs' build argument 'cmake_force_configure' from command line to 'False'
[0.117s] Level 5:colcon.colcon_core.verb:set package 'arduinobot_msgs' build argument 'ament_cmake_args' from command line to 'None'
[0.117s] Level 5:colcon.colcon_core.verb:set package 'arduinobot_msgs' build argument 'catkin_cmake_args' from command line to 'None'
[0.117s] Level 5:colcon.colcon_core.verb:set package 'arduinobot_msgs' build argument 'catkin_skip_building_tests' from command line to 'False'
[0.117s] DEBUG:colcon.colcon_core.verb:Building package 'arduinobot_msgs' with the following arguments: {'ament_cmake_args': None, 'build_base': '/home/joshuaneely/arduinobot_ws/build/arduinobot_msgs', 'catkin_cmake_args': None, 'catkin_skip_building_tests': False, 'cmake_args': None, 'cmake_clean_cache': False, 'cmake_clean_first': False, 'cmake_force_configure': False, 'cmake_target': None, 'cmake_target_skip_unavailable': False, 'install_base': '/home/joshuaneely/arduinobot_ws/install/arduinobot_msgs', 'merge_install': False, 'path': '/home/joshuaneely/arduinobot_ws/src/arduinobot_msgs', 'symlink_install': False, 'test_result_base': None}
[0.117s] Level 5:colcon.colcon_core.verb:set package 'arduinobot_cpp_examples' build argument 'cmake_args' from command line to 'None'
[0.117s] Level 5:colcon.colcon_core.verb:set package 'arduinobot_cpp_examples' build argument 'cmake_target' from command line to 'None'
[0.117s] Level 5:colcon.colcon_core.verb:set package 'arduinobot_cpp_examples' build argument 'cmake_target_skip_unavailable' from command line to 'False'
[0.117s] Level 5:colcon.colcon_core.verb:set package 'arduinobot_cpp_examples' build argument 'cmake_clean_cache' from command line to 'False'
[0.117s] Level 5:colcon.colcon_core.verb:set package 'arduinobot_cpp_examples' build argument 'cmake_clean_first' from command line to 'False'
[0.117s] Level 5:colcon.colcon_core.verb:set package 'arduinobot_cpp_examples' build argument 'cmake_force_configure' from command line to 'False'
[0.117s] Level 5:colcon.colcon_core.verb:set package 'arduinobot_cpp_examples' build argument 'ament_cmake_args' from command line to 'None'
[0.117s] Level 5:colcon.colcon_core.verb:set package 'arduinobot_cpp_examples' build argument 'catkin_cmake_args' from command line to 'None'
[0.117s] Level 5:colcon.colcon_core.verb:set package 'arduinobot_cpp_examples' build argument 'catkin_skip_building_tests' from command line to 'False'
[0.117s] DEBUG:colcon.colcon_core.verb:Building package 'arduinobot_cpp_examples' with the following arguments: {'ament_cmake_args': None, 'build_base': '/home/joshuaneely/arduinobot_ws/build/arduinobot_cpp_examples', 'catkin_cmake_args': None, 'catkin_skip_building_tests': False, 'cmake_args': None, 'cmake_clean_cache': False, 'cmake_clean_first': False, 'cmake_force_configure': False, 'cmake_target': None, 'cmake_target_skip_unavailable': False, 'install_base': '/home/joshuaneely/arduinobot_ws/install/arduinobot_cpp_examples', 'merge_install': False, 'path': '/home/joshuaneely/arduinobot_ws/src/arduinobot_cpp_examples', 'symlink_install': False, 'test_result_base': None}
[0.117s] Level 5:colcon.colcon_core.verb:set package 'arduinobot_py_examples' build argument 'cmake_args' from command line to 'None'
[0.117s] Level 5:colcon.colcon_core.verb:set package 'arduinobot_py_examples' build argument 'cmake_target' from command line to 'None'
[0.117s] Level 5:colcon.colcon_core.verb:set package 'arduinobot_py_examples' build argument 'cmake_target_skip_unavailable' from command line to 'False'
[0.117s] Level 5:colcon.colcon_core.verb:set package 'arduinobot_py_examples' build argument 'cmake_clean_cache' from command line to 'False'
[0.118s] Level 5:colcon.colcon_core.verb:set package 'arduinobot_py_examples' build argument 'cmake_clean_first' from command line to 'False'
[0.118s] Level 5:colcon.colcon_core.verb:set package 'arduinobot_py_examples' build argument 'cmake_force_configure' from command line to 'False'
[0.118s] Level 5:colcon.colcon_core.verb:set package 'arduinobot_py_examples' build argument 'ament_cmake_args' from command line to 'None'
[0.118s] Level 5:colcon.colcon_core.verb:set package 'arduinobot_py_examples' build argument 'catkin_cmake_args' from command line to 'None'
[0.118s] Level 5:colcon.colcon_core.verb:set package 'arduinobot_py_examples' build argument 'catkin_skip_building_tests' from command line to 'False'
[0.118s] DEBUG:colcon.colcon_core.verb:Building package 'arduinobot_py_examples' with the following arguments: {'ament_cmake_args': None, 'build_base': '/home/joshuaneely/arduinobot_ws/build/arduinobot_py_examples', 'catkin_cmake_args': None, 'catkin_skip_building_tests': False, 'cmake_args': None, 'cmake_clean_cache': False, 'cmake_clean_first': False, 'cmake_force_configure': False, 'cmake_target': None, 'cmake_target_skip_unavailable': False, 'install_base': '/home/joshuaneely/arduinobot_ws/install/arduinobot_py_examples', 'merge_install': False, 'path': '/home/joshuaneely/arduinobot_ws/src/arduinobot_py_examples', 'symlink_install': False, 'test_result_base': None}
[0.118s] Level 5:colcon.colcon_core.verb:set package 'arduinobot_utils' build argument 'cmake_args' from command line to 'None'
[0.118s] Level 5:colcon.colcon_core.verb:set package 'arduinobot_utils' build argument 'cmake_target' from command line to 'None'
[0.118s] Level 5:colcon.colcon_core.verb:set package 'arduinobot_utils' build argument 'cmake_target_skip_unavailable' from command line to 'False'
[0.118s] Level 5:colcon.colcon_core.verb:set package 'arduinobot_utils' build argument 'cmake_clean_cache' from command line to 'False'
[0.118s] Level 5:colcon.colcon_core.verb:set package 'arduinobot_utils' build argument 'cmake_clean_first' from command line to 'False'
[0.118s] Level 5:colcon.colcon_core.verb:set package 'arduinobot_utils' build argument 'cmake_force_configure' from command line to 'False'
[0.118s] Level 5:colcon.colcon_core.verb:set package 'arduinobot_utils' build argument 'ament_cmake_args' from command line to 'None'
[0.118s] Level 5:colcon.colcon_core.verb:set package 'arduinobot_utils' build argument 'catkin_cmake_args' from command line to 'None'
[0.118s] Level 5:colcon.colcon_core.verb:set package 'arduinobot_utils' build argument 'catkin_skip_building_tests' from command line to 'False'
[0.118s] DEBUG:colcon.colcon_core.verb:Building package 'arduinobot_utils' with the following arguments: {'ament_cmake_args': None, 'build_base': '/home/joshuaneely/arduinobot_ws/build/arduinobot_utils', 'catkin_cmake_args': None, 'catkin_skip_building_tests': False, 'cmake_args': None, 'cmake_clean_cache': False, 'cmake_clean_first': False, 'cmake_force_configure': False, 'cmake_target': None, 'cmake_target_skip_unavailable': False, 'install_base': '/home/joshuaneely/arduinobot_ws/install/arduinobot_utils', 'merge_install': False, 'path': '/home/joshuaneely/arduinobot_ws/src/arduinobot_utils', 'symlink_install': False, 'test_result_base': None}
[0.118s] INFO:colcon.colcon_core.executor:Executing jobs using 'parallel' executor
[0.118s] DEBUG:colcon.colcon_parallel_executor.executor.parallel:run_until_complete
[0.118s] INFO:colcon.colcon_ros.task.ament_cmake.build:Building ROS package in '/home/joshuaneely/arduinobot_ws/src/arduinobot_msgs' with build type 'ament_cmake'
[0.118s] INFO:colcon.colcon_cmake.task.cmake.build:Building CMake package in '/home/joshuaneely/arduinobot_ws/src/arduinobot_msgs'
[0.122s] INFO:colcon.colcon_core.plugin_system:Skipping extension 'colcon_core.shell.bat': Not used on non-Windows systems
[0.122s] INFO:colcon.colcon_core.shell:Skip shell extension 'powershell' for command environment: Not usable outside of PowerShell
[0.122s] DEBUG:colcon.colcon_core.shell:Skip shell extension 'dsv' for command environment
[0.124s] INFO:colcon.colcon_ros.task.ament_cmake.build:Building ROS package in '/home/joshuaneely/arduinobot_ws/src/arduinobot_controller' with build type 'ament_cmake'
[0.124s] INFO:colcon.colcon_cmake.task.cmake.build:Building CMake package in '/home/joshuaneely/arduinobot_ws/src/arduinobot_controller'
[0.124s] INFO:colcon.colcon_core.shell:Skip shell extension 'powershell' for command environment: Not usable outside of PowerShell
[0.124s] DEBUG:colcon.colcon_core.shell:Skip shell extension 'dsv' for command environment
[0.127s] INFO:colcon.colcon_ros.task.ament_cmake.build:Building ROS package in '/home/joshuaneely/arduinobot_ws/src/arduinobot_description' with build type 'ament_cmake'
[0.127s] INFO:colcon.colcon_cmake.task.cmake.build:Building CMake package in '/home/joshuaneely/arduinobot_ws/src/arduinobot_description'
[0.127s] INFO:colcon.colcon_core.shell:Skip shell extension 'powershell' for command environment: Not usable outside of PowerShell
[0.127s] DEBUG:colcon.colcon_core.shell:Skip shell extension 'dsv' for command environment
[0.129s] INFO:colcon.colcon_ros.task.ament_cmake.build:Building ROS package in '/home/joshuaneely/arduinobot_ws/src/arduinobot_moveit' with build type 'ament_cmake'
[0.129s] INFO:colcon.colcon_cmake.task.cmake.build:Building CMake package in '/home/joshuaneely/arduinobot_ws/src/arduinobot_moveit'
[0.129s] INFO:colcon.colcon_core.shell:Skip shell extension 'powershell' for command environment: Not usable outside of PowerShell
[0.130s] DEBUG:colcon.colcon_core.shell:Skip shell extension 'dsv' for command environment
[0.136s] DEBUG:colcon.colcon_core.event_handler.log_command:Invoking command in '/home/joshuaneely/arduinobot_ws/build/arduinobot_msgs': CMAKE_PREFIX_PATH=${CMAKE_PREFIX_PATH}:/opt/ros/jazzy DEBUGINFOD_URLS=https://debuginfod.ubuntu.com /usr/bin/cmake --build /home/joshuaneely/arduinobot_ws/build/arduinobot_msgs -- -j8 -l8
[0.139s] DEBUG:colcon.colcon_core.event_handler.log_command:Invoking command in '/home/joshuaneely/arduinobot_ws/build/arduinobot_controller': CMAKE_PREFIX_PATH=${CMAKE_PREFIX_PATH}:/opt/ros/jazzy DEBUGINFOD_URLS=https://debuginfod.ubuntu.com /usr/bin/cmake --build /home/joshuaneely/arduinobot_ws/build/arduinobot_controller -- -j8 -l8
[0.141s] DEBUG:colcon.colcon_core.event_handler.log_command:Invoking command in '/home/joshuaneely/arduinobot_ws/build/arduinobot_description': CMAKE_PREFIX_PATH=${CMAKE_PREFIX_PATH}:/opt/ros/jazzy DEBUGINFOD_URLS=https://debuginfod.ubuntu.com /usr/bin/cmake --build /home/joshuaneely/arduinobot_ws/build/arduinobot_description -- -j8 -l8
[0.145s] DEBUG:colcon.colcon_core.event_handler.log_command:Invoking command in '/home/joshuaneely/arduinobot_ws/build/arduinobot_moveit': CMAKE_PREFIX_PATH=${CMAKE_PREFIX_PATH}:/opt/ros/jazzy DEBUGINFOD_URLS=https://debuginfod.ubuntu.com /usr/bin/cmake --build /home/joshuaneely/arduinobot_ws/build/arduinobot_moveit -- -j8 -l8
[0.171s] DEBUG:colcon.colcon_core.event_handler.log_command:Invoked command in '/home/joshuaneely/arduinobot_ws/build/arduinobot_moveit' returned '0': CMAKE_PREFIX_PATH=${CMAKE_PREFIX_PATH}:/opt/ros/jazzy DEBUGINFOD_URLS=https://debuginfod.ubuntu.com /usr/bin/cmake --build /home/joshuaneely/arduinobot_ws/build/arduinobot_moveit -- -j8 -l8
[0.176s] DEBUG:colcon.colcon_core.event_handler.log_command:Invoking command in '/home/joshuaneely/arduinobot_ws/build/arduinobot_moveit': CMAKE_PREFIX_PATH=${CMAKE_PREFIX_PATH}:/opt/ros/jazzy DEBUGINFOD_URLS=https://debuginfod.ubuntu.com /usr/bin/cmake --install /home/joshuaneely/arduinobot_ws/build/arduinobot_moveit
[0.177s] DEBUG:colcon.colcon_core.event_handler.log_command:Invoked command in '/home/joshuaneely/arduinobot_ws/build/arduinobot_description' returned '0': CMAKE_PREFIX_PATH=${CMAKE_PREFIX_PATH}:/opt/ros/jazzy DEBUGINFOD_URLS=https://debuginfod.ubuntu.com /usr/bin/cmake --build /home/joshuaneely/arduinobot_ws/build/arduinobot_description -- -j8 -l8
[0.178s] DEBUG:colcon.colcon_core.event_handler.log_command:Invoking command in '/home/joshuaneely/arduinobot_ws/build/arduinobot_description': CMAKE_PREFIX_PATH=${CMAKE_PREFIX_PATH}:/opt/ros/jazzy DEBUGINFOD_URLS=https://debuginfod.ubuntu.com /usr/bin/cmake --install /home/joshuaneely/arduinobot_ws/build/arduinobot_description
[0.183s] Level 1:colcon.colcon_core.environment:create_environment_scripts_only(arduinobot_moveit)
[0.184s] DEBUG:colcon.colcon_core.event_handler.log_command:Invoked command in '/home/joshuaneely/arduinobot_ws/build/arduinobot_moveit' returned '0': CMAKE_PREFIX_PATH=${CMAKE_PREFIX_PATH}:/opt/ros/jazzy DEBUGINFOD_URLS=https://debuginfod.ubuntu.com /usr/bin/cmake --install /home/joshuaneely/arduinobot_ws/build/arduinobot_moveit
[0.189s] Level 1:colcon.colcon_core.environment:checking '/home/joshuaneely/arduinobot_ws/install/arduinobot_moveit' for CMake module files
[0.189s] Level 1:colcon.colcon_core.environment:checking '/home/joshuaneely/arduinobot_ws/install/arduinobot_moveit' for CMake config files
[0.189s] Level 1:colcon.colcon_core.shell:create_environment_hook('arduinobot_moveit', 'cmake_prefix_path')
[0.189s] INFO:colcon.colcon_core.shell:Creating environment hook '/home/joshuaneely/arduinobot_ws/install/arduinobot_moveit/share/arduinobot_moveit/hook/cmake_prefix_path.ps1'
[0.190s] INFO:colcon.colcon_core.shell:Creating environment descriptor '/home/joshuaneely/arduinobot_ws/install/arduinobot_moveit/share/arduinobot_moveit/hook/cmake_prefix_path.dsv'
[0.191s] INFO:colcon.colcon_core.shell:Creating environment hook '/home/joshuaneely/arduinobot_ws/install/arduinobot_moveit/share/arduinobot_moveit/hook/cmake_prefix_path.sh'
[0.191s] Level 1:colcon.colcon_core.environment:checking '/home/joshuaneely/arduinobot_ws/install/arduinobot_moveit/bin'
[0.191s] Level 1:colcon.colcon_core.environment:checking '/home/joshuaneely/arduinobot_ws/install/arduinobot_moveit/lib/pkgconfig/arduinobot_moveit.pc'
[0.192s] Level 1:colcon.colcon_core.environment:checking '/home/joshuaneely/arduinobot_ws/install/arduinobot_moveit/lib/python3.12/site-packages'
[0.192s] Level 1:colcon.colcon_core.environment:checking '/home/joshuaneely/arduinobot_ws/install/arduinobot_moveit/bin'
[0.192s] INFO:colcon.colcon_core.shell:Creating package script '/home/joshuaneely/arduinobot_ws/install/arduinobot_moveit/share/arduinobot_moveit/package.ps1'
[0.192s] INFO:colcon.colcon_core.shell:Creating package descriptor '/home/joshuaneely/arduinobot_ws/install/arduinobot_moveit/share/arduinobot_moveit/package.dsv'
[0.193s] INFO:colcon.colcon_core.shell:Creating package script '/home/joshuaneely/arduinobot_ws/install/arduinobot_moveit/share/arduinobot_moveit/package.sh'
[0.194s] INFO:colcon.colcon_core.shell:Creating package script '/home/joshuaneely/arduinobot_ws/install/arduinobot_moveit/share/arduinobot_moveit/package.bash'
[0.194s] INFO:colcon.colcon_core.shell:Creating package script '/home/joshuaneely/arduinobot_ws/install/arduinobot_moveit/share/arduinobot_moveit/package.zsh'
[0.195s] Level 1:colcon.colcon_core.environment:create_file_with_runtime_dependencies(/home/joshuaneely/arduinobot_ws/install/arduinobot_moveit/share/colcon-core/packages/arduinobot_moveit)
[0.195s] Level 1:colcon.colcon_core.environment:create_environment_scripts_only(arduinobot_moveit)
[0.196s] Level 1:colcon.colcon_core.environment:checking '/home/joshuaneely/arduinobot_ws/install/arduinobot_moveit' for CMake module files
[0.196s] Level 1:colcon.colcon_core.environment:checking '/home/joshuaneely/arduinobot_ws/install/arduinobot_moveit' for CMake config files
[0.196s] Level 1:colcon.colcon_core.shell:create_environment_hook('arduinobot_moveit', 'cmake_prefix_path')
[0.196s] INFO:colcon.colcon_core.shell:Creating environment hook '/home/joshuaneely/arduinobot_ws/install/arduinobot_moveit/share/arduinobot_moveit/hook/cmake_prefix_path.ps1'
[0.196s] INFO:colcon.colcon_core.shell:Creating environment descriptor '/home/joshuaneely/arduinobot_ws/install/arduinobot_moveit/share/arduinobot_moveit/hook/cmake_prefix_path.dsv'
[0.196s] INFO:colcon.colcon_core.shell:Creating environment hook '/home/joshuaneely/arduinobot_ws/install/arduinobot_moveit/share/arduinobot_moveit/hook/cmake_prefix_path.sh'
[0.197s] Level 1:colcon.colcon_core.environment:checking '/home/joshuaneely/arduinobot_ws/install/arduinobot_moveit/bin'
[0.197s] Level 1:colcon.colcon_core.environment:checking '/home/joshuaneely/arduinobot_ws/install/arduinobot_moveit/lib/pkgconfig/arduinobot_moveit.pc'
[0.197s] Level 1:colcon.colcon_core.environment:checking '/home/joshuaneely/arduinobot_ws/install/arduinobot_moveit/lib/python3.12/site-packages'
[0.197s] Level 1:colcon.colcon_core.environment:checking '/home/joshuaneely/arduinobot_ws/install/arduinobot_moveit/bin'
[0.197s] INFO:colcon.colcon_core.shell:Creating package script '/home/joshuaneely/arduinobot_ws/install/arduinobot_moveit/share/arduinobot_moveit/package.ps1'
[0.197s] INFO:colcon.colcon_core.shell:Creating package descriptor '/home/joshuaneely/arduinobot_ws/install/arduinobot_moveit/share/arduinobot_moveit/package.dsv'
[0.198s] INFO:colcon.colcon_core.shell:Creating package script '/home/joshuaneely/arduinobot_ws/install/arduinobot_moveit/share/arduinobot_moveit/package.sh'
[0.198s] INFO:colcon.colcon_core.shell:Creating package script '/home/joshuaneely/arduinobot_ws/install/arduinobot_moveit/share/arduinobot_moveit/package.bash'
[0.198s] INFO:colcon.colcon_core.shell:Creating package script '/home/joshuaneely/arduinobot_ws/install/arduinobot_moveit/share/arduinobot_moveit/package.zsh'
[0.198s] Level 1:colcon.colcon_core.environment:create_file_with_runtime_dependencies(/home/joshuaneely/arduinobot_ws/install/arduinobot_moveit/share/colcon-core/packages/arduinobot_moveit)
[0.200s] Level 1:colcon.colcon_core.environment:create_environment_scripts_only(arduinobot_description)
[0.200s] DEBUG:colcon.colcon_core.event_handler.log_command:Invoked command in '/home/joshuaneely/arduinobot_ws/build/arduinobot_description' returned '0': CMAKE_PREFIX_PATH=${CMAKE_PREFIX_PATH}:/opt/ros/jazzy DEBUGINFOD_URLS=https://debuginfod.ubuntu.com /usr/bin/cmake --install /home/joshuaneely/arduinobot_ws/build/arduinobot_description
[0.201s] Level 1:colcon.colcon_core.environment:checking '/home/joshuaneely/arduinobot_ws/install/arduinobot_description' for CMake module files
[0.201s] Level 1:colcon.colcon_core.environment:checking '/home/joshuaneely/arduinobot_ws/install/arduinobot_description' for CMake config files
[0.202s] Level 1:colcon.colcon_core.shell:create_environment_hook('arduinobot_description', 'cmake_prefix_path')
[0.202s] INFO:colcon.colcon_core.shell:Creating environment hook '/home/joshuaneely/arduinobot_ws/install/arduinobot_description/share/arduinobot_description/hook/cmake_prefix_path.ps1'
[0.202s] INFO:colcon.colcon_core.shell:Creating environment descriptor '/home/joshuaneely/arduinobot_ws/install/arduinobot_description/share/arduinobot_description/hook/cmake_prefix_path.dsv'
[0.202s] INFO:colcon.colcon_core.shell:Creating environment hook '/home/joshuaneely/arduinobot_ws/install/arduinobot_description/share/arduinobot_description/hook/cmake_prefix_path.sh'
[0.203s] Level 1:colcon.colcon_core.environment:checking '/home/joshuaneely/arduinobot_ws/install/arduinobot_description/bin'
[0.203s] Level 1:colcon.colcon_core.environment:checking '/home/joshuaneely/arduinobot_ws/install/arduinobot_description/lib/pkgconfig/arduinobot_description.pc'
[0.203s] Level 1:colcon.colcon_core.environment:checking '/home/joshuaneely/arduinobot_ws/install/arduinobot_description/lib/python3.12/site-packages'
[0.203s] Level 1:colcon.colcon_core.environment:checking '/home/joshuaneely/arduinobot_ws/install/arduinobot_description/bin'
[0.203s] INFO:colcon.colcon_core.shell:Creating package script '/home/joshuaneely/arduinobot_ws/install/arduinobot_description/share/arduinobot_description/package.ps1'
[0.203s] INFO:colcon.colcon_core.shell:Creating package descriptor '/home/joshuaneely/arduinobot_ws/install/arduinobot_description/share/arduinobot_description/package.dsv'
[0.204s] INFO:colcon.colcon_core.shell:Creating package script '/home/joshuaneely/arduinobot_ws/install/arduinobot_description/share/arduinobot_description/package.sh'
[0.204s] INFO:colcon.colcon_core.shell:Creating package script '/home/joshuaneely/arduinobot_ws/install/arduinobot_description/share/arduinobot_description/package.bash'
[0.204s] INFO:colcon.colcon_core.shell:Creating package script '/home/joshuaneely/arduinobot_ws/install/arduinobot_description/share/arduinobot_description/package.zsh'
[0.204s] Level 1:colcon.colcon_core.environment:create_file_with_runtime_dependencies(/home/joshuaneely/arduinobot_ws/install/arduinobot_description/share/colcon-core/packages/arduinobot_description)
[0.205s] Level 1:colcon.colcon_core.environment:create_environment_scripts_only(arduinobot_description)
[0.205s] Level 1:colcon.colcon_core.environment:checking '/home/joshuaneely/arduinobot_ws/install/arduinobot_description' for CMake module files
[0.205s] Level 1:colcon.colcon_core.environment:checking '/home/joshuaneely/arduinobot_ws/install/arduinobot_description' for CMake config files
[0.205s] Level 1:colcon.colcon_core.shell:create_environment_hook('arduinobot_description', 'cmake_prefix_path')
[0.205s] INFO:colcon.colcon_core.shell:Creating environment hook '/home/joshuaneely/arduinobot_ws/install/arduinobot_description/share/arduinobot_description/hook/cmake_prefix_path.ps1'
[0.205s] INFO:colcon.colcon_core.shell:Creating environment descriptor '/home/joshuaneely/arduinobot_ws/install/arduinobot_description/share/arduinobot_description/hook/cmake_prefix_path.dsv'
[0.205s] INFO:colcon.colcon_core.shell:Creating environment hook '/home/joshuaneely/arduinobot_ws/install/arduinobot_description/share/arduinobot_description/hook/cmake_prefix_path.sh'
[0.206s] Level 1:colcon.colcon_core.environment:checking '/home/joshuaneely/arduinobot_ws/install/arduinobot_description/bin'
[0.206s] Level 1:colcon.colcon_core.environment:checking '/home/joshuaneely/arduinobot_ws/install/arduinobot_description/lib/pkgconfig/arduinobot_description.pc'
[0.206s] Level 1:colcon.colcon_core.environment:checking '/home/joshuaneely/arduinobot_ws/install/arduinobot_description/lib/python3.12/site-packages'
[0.206s] Level 1:colcon.colcon_core.environment:checking '/home/joshuaneely/arduinobot_ws/install/arduinobot_description/bin'
[0.206s] INFO:colcon.colcon_core.shell:Creating package script '/home/joshuaneely/arduinobot_ws/install/arduinobot_description/share/arduinobot_description/package.ps1'
[0.206s] INFO:colcon.colcon_core.shell:Creating package descriptor '/home/joshuaneely/arduinobot_ws/install/arduinobot_description/share/arduinobot_description/package.dsv'
[0.206s] INFO:colcon.colcon_core.shell:Creating package script '/home/joshuaneely/arduinobot_ws/install/arduinobot_description/share/arduinobot_description/package.sh'
[0.207s] INFO:colcon.colcon_core.shell:Creating package script '/home/joshuaneely/arduinobot_ws/install/arduinobot_description/share/arduinobot_description/package.bash'
[0.207s] INFO:colcon.colcon_core.shell:Creating package script '/home/joshuaneely/arduinobot_ws/install/arduinobot_description/share/arduinobot_description/package.zsh'
[0.207s] Level 1:colcon.colcon_core.environment:create_file_with_runtime_dependencies(/home/joshuaneely/arduinobot_ws/install/arduinobot_description/share/colcon-core/packages/arduinobot_description)
[0.340s] DEBUG:colcon.colcon_core.event_handler.log_command:Invoked command in '/home/joshuaneely/arduinobot_ws/build/arduinobot_controller' returned '0': CMAKE_PREFIX_PATH=${CMAKE_PREFIX_PATH}:/opt/ros/jazzy DEBUGINFOD_URLS=https://debuginfod.ubuntu.com /usr/bin/cmake --build /home/joshuaneely/arduinobot_ws/build/arduinobot_controller -- -j8 -l8
[0.341s] DEBUG:colcon.colcon_core.event_handler.log_command:Invoking command in '/home/joshuaneely/arduinobot_ws/build/arduinobot_controller': CMAKE_PREFIX_PATH=${CMAKE_PREFIX_PATH}:/opt/ros/jazzy DEBUGINFOD_URLS=https://debuginfod.ubuntu.com /usr/bin/cmake --install /home/joshuaneely/arduinobot_ws/build/arduinobot_controller
[0.347s] DEBUG:colcon.colcon_core.event_handler.log_command:Invoked command in '/home/joshuaneely/arduinobot_ws/build/arduinobot_msgs' returned '0': CMAKE_PREFIX_PATH=${CMAKE_PREFIX_PATH}:/opt/ros/jazzy DEBUGINFOD_URLS=https://debuginfod.ubuntu.com /usr/bin/cmake --build /home/joshuaneely/arduinobot_ws/build/arduinobot_msgs -- -j8 -l8
[0.348s] DEBUG:colcon.colcon_core.event_handler.log_command:Invoking command in '/home/joshuaneely/arduinobot_ws/build/arduinobot_msgs': CMAKE_PREFIX_PATH=${CMAKE_PREFIX_PATH}:/opt/ros/jazzy DEBUGINFOD_URLS=https://debuginfod.ubuntu.com /usr/bin/cmake --install /home/joshuaneely/arduinobot_ws/build/arduinobot_msgs
[0.368s] Level 1:colcon.colcon_core.environment:create_environment_scripts_only(arduinobot_controller)
[0.368s] Level 1:colcon.colcon_core.environment:checking '/home/joshuaneely/arduinobot_ws/install/arduinobot_controller' for CMake module files
[0.368s] DEBUG:colcon.colcon_core.event_handler.log_command:Invoked command in '/home/joshuaneely/arduinobot_ws/build/arduinobot_controller' returned '0': CMAKE_PREFIX_PATH=${CMAKE_PREFIX_PATH}:/opt/ros/jazzy DEBUGINFOD_URLS=https://debuginfod.ubuntu.com /usr/bin/cmake --install /home/joshuaneely/arduinobot_ws/build/arduinobot_controller
[0.368s] Level 1:colcon.colcon_core.environment:checking '/home/joshuaneely/arduinobot_ws/install/arduinobot_controller' for CMake config files
[0.369s] Level 1:colcon.colcon_core.shell:create_environment_hook('arduinobot_controller', 'cmake_prefix_path')
[0.369s] INFO:colcon.colcon_core.shell:Creating environment hook '/home/joshuaneely/arduinobot_ws/install/arduinobot_controller/share/arduinobot_controller/hook/cmake_prefix_path.ps1'
[0.369s] INFO:colcon.colcon_core.shell:Creating environment descriptor '/home/joshuaneely/arduinobot_ws/install/arduinobot_controller/share/arduinobot_controller/hook/cmake_prefix_path.dsv'
[0.369s] INFO:colcon.colcon_core.shell:Creating environment hook '/home/joshuaneely/arduinobot_ws/install/arduinobot_controller/share/arduinobot_controller/hook/cmake_prefix_path.sh'
[0.369s] Level 1:colcon.colcon_core.environment:checking '/home/joshuaneely/arduinobot_ws/install/arduinobot_controller/lib'
[0.369s] Level 1:colcon.colcon_core.environment:checking '/home/joshuaneely/arduinobot_ws/install/arduinobot_controller/bin'
[0.369s] Level 1:colcon.colcon_core.environment:checking '/home/joshuaneely/arduinobot_ws/install/arduinobot_controller/lib/pkgconfig/arduinobot_controller.pc'
[0.370s] Level 1:colcon.colcon_core.environment:checking '/home/joshuaneely/arduinobot_ws/install/arduinobot_controller/lib/python3.12/site-packages'
[0.370s] Level 1:colcon.colcon_core.shell:create_environment_hook('arduinobot_controller', 'pythonpath')
[0.370s] INFO:colcon.colcon_core.shell:Creating environment hook '/home/joshuaneely/arduinobot_ws/install/arduinobot_controller/share/arduinobot_controller/hook/pythonpath.ps1'
[0.370s] INFO:colcon.colcon_core.shell:Creating environment descriptor '/home/joshuaneely/arduinobot_ws/install/arduinobot_controller/share/arduinobot_controller/hook/pythonpath.dsv'
[0.370s] INFO:colcon.colcon_core.shell:Creating environment hook '/home/joshuaneely/arduinobot_ws/install/arduinobot_controller/share/arduinobot_controller/hook/pythonpath.sh'
[0.370s] Level 1:colcon.colcon_core.environment:checking '/home/joshuaneely/arduinobot_ws/install/arduinobot_controller/bin'
[0.370s] INFO:colcon.colcon_core.shell:Creating package script '/home/joshuaneely/arduinobot_ws/install/arduinobot_controller/share/arduinobot_controller/package.ps1'
[0.371s] INFO:colcon.colcon_core.shell:Creating package descriptor '/home/joshuaneely/arduinobot_ws/install/arduinobot_controller/share/arduinobot_controller/package.dsv'
[0.371s] INFO:colcon.colcon_core.shell:Creating package script '/home/joshuaneely/arduinobot_ws/install/arduinobot_controller/share/arduinobot_controller/package.sh'
[0.371s] INFO:colcon.colcon_core.shell:Creating package script '/home/joshuaneely/arduinobot_ws/install/arduinobot_controller/share/arduinobot_controller/package.bash'
[0.372s] INFO:colcon.colcon_core.shell:Creating package script '/home/joshuaneely/arduinobot_ws/install/arduinobot_controller/share/arduinobot_controller/package.zsh'
[0.372s] Level 1:colcon.colcon_core.environment:create_file_with_runtime_dependencies(/home/joshuaneely/arduinobot_ws/install/arduinobot_controller/share/colcon-core/packages/arduinobot_controller)
[0.372s] Level 1:colcon.colcon_core.environment:create_environment_scripts_only(arduinobot_controller)
[0.372s] Level 1:colcon.colcon_core.environment:checking '/home/joshuaneely/arduinobot_ws/install/arduinobot_controller' for CMake module files
[0.372s] Level 1:colcon.colcon_core.environment:checking '/home/joshuaneely/arduinobot_ws/install/arduinobot_controller' for CMake config files
[0.373s] Level 1:colcon.colcon_core.shell:create_environment_hook('arduinobot_controller', 'cmake_prefix_path')
[0.373s] INFO:colcon.colcon_core.shell:Creating environment hook '/home/joshuaneely/arduinobot_ws/install/arduinobot_controller/share/arduinobot_controller/hook/cmake_prefix_path.ps1'
[0.373s] INFO:colcon.colcon_core.shell:Creating environment descriptor '/home/joshuaneely/arduinobot_ws/install/arduinobot_controller/share/arduinobot_controller/hook/cmake_prefix_path.dsv'
[0.373s] INFO:colcon.colcon_core.shell:Creating environment hook '/home/joshuaneely/arduinobot_ws/install/arduinobot_controller/share/arduinobot_controller/hook/cmake_prefix_path.sh'
[0.373s] Level 1:colcon.colcon_core.environment:checking '/home/joshuaneely/arduinobot_ws/install/arduinobot_controller/lib'
[0.373s] Level 1:colcon.colcon_core.environment:checking '/home/joshuaneely/arduinobot_ws/install/arduinobot_controller/bin'
[0.373s] Level 1:colcon.colcon_core.environment:checking '/home/joshuaneely/arduinobot_ws/install/arduinobot_controller/lib/pkgconfig/arduinobot_controller.pc'
[0.374s] Level 1:colcon.colcon_core.environment:checking '/home/joshuaneely/arduinobot_ws/install/arduinobot_controller/lib/python3.12/site-packages'
[0.374s] Level 1:colcon.colcon_core.shell:create_environment_hook('arduinobot_controller', 'pythonpath')
[0.374s] INFO:colcon.colcon_core.shell:Creating environment hook '/home/joshuaneely/arduinobot_ws/install/arduinobot_controller/share/arduinobot_controller/hook/pythonpath.ps1'
[0.374s] INFO:colcon.colcon_core.shell:Creating environment descriptor '/home/joshuaneely/arduinobot_ws/install/arduinobot_controller/share/arduinobot_controller/hook/pythonpath.dsv'
[0.374s] INFO:colcon.colcon_core.shell:Creating environment hook '/home/joshuaneely/arduinobot_ws/install/arduinobot_controller/share/arduinobot_controller/hook/pythonpath.sh'
[0.374s] Level 1:colcon.colcon_core.environment:checking '/home/joshuaneely/arduinobot_ws/install/arduinobot_controller/bin'
[0.374s] INFO:colcon.colcon_core.shell:Creating package script '/home/joshuaneely/arduinobot_ws/install/arduinobot_controller/share/arduinobot_controller/package.ps1'
[0.375s] INFO:colcon.colcon_core.shell:Creating package descriptor '/home/joshuaneely/arduinobot_ws/install/arduinobot_controller/share/arduinobot_controller/package.dsv'
[0.375s] INFO:colcon.colcon_core.shell:Creating package script '/home/joshuaneely/arduinobot_ws/install/arduinobot_controller/share/arduinobot_controller/package.sh'
[0.375s] INFO:colcon.colcon_core.shell:Creating package script '/home/joshuaneely/arduinobot_ws/install/arduinobot_controller/share/arduinobot_controller/package.bash'
[0.375s] INFO:colcon.colcon_core.shell:Creating package script '/home/joshuaneely/arduinobot_ws/install/arduinobot_controller/share/arduinobot_controller/package.zsh'
[0.376s] Level 1:colcon.colcon_core.environment:create_file_with_runtime_dependencies(/home/joshuaneely/arduinobot_ws/install/arduinobot_controller/share/colcon-core/packages/arduinobot_controller)
[0.390s] Level 1:colcon.colcon_core.environment:create_environment_scripts_only(arduinobot_msgs)
[0.390s] Level 1:colcon.colcon_core.environment:checking '/home/joshuaneely/arduinobot_ws/install/arduinobot_msgs' for CMake module files
[0.391s] DEBUG:colcon.colcon_core.event_handler.log_command:Invoked command in '/home/joshuaneely/arduinobot_ws/build/arduinobot_msgs' returned '0': CMAKE_PREFIX_PATH=${CMAKE_PREFIX_PATH}:/opt/ros/jazzy DEBUGINFOD_URLS=https://debuginfod.ubuntu.com /usr/bin/cmake --install /home/joshuaneely/arduinobot_ws/build/arduinobot_msgs
[0.391s] Level 1:colcon.colcon_core.environment:checking '/home/joshuaneely/arduinobot_ws/install/arduinobot_msgs' for CMake config files
[0.391s] Level 1:colcon.colcon_core.shell:create_environment_hook('arduinobot_msgs', 'cmake_prefix_path')
[0.391s] INFO:colcon.colcon_core.shell:Creating environment hook '/home/joshuaneely/arduinobot_ws/install/arduinobot_msgs/share/arduinobot_msgs/hook/cmake_prefix_path.ps1'
[0.391s] INFO:colcon.colcon_core.shell:Creating environment descriptor '/home/joshuaneely/arduinobot_ws/install/arduinobot_msgs/share/arduinobot_msgs/hook/cmake_prefix_path.dsv'
[0.392s] INFO:colcon.colcon_core.shell:Creating environment hook '/home/joshuaneely/arduinobot_ws/install/arduinobot_msgs/share/arduinobot_msgs/hook/cmake_prefix_path.sh'
[0.392s] Level 1:colcon.colcon_core.environment:checking '/home/joshuaneely/arduinobot_ws/install/arduinobot_msgs/lib'
[0.392s] Level 1:colcon.colcon_core.shell:create_environment_hook('arduinobot_msgs', 'ld_library_path_lib')
[0.392s] INFO:colcon.colcon_core.shell:Creating environment hook '/home/joshuaneely/arduinobot_ws/install/arduinobot_msgs/share/arduinobot_msgs/hook/ld_library_path_lib.ps1'
[0.392s] INFO:colcon.colcon_core.shell:Creating environment descriptor '/home/joshuaneely/arduinobot_ws/install/arduinobot_msgs/share/arduinobot_msgs/hook/ld_library_path_lib.dsv'
[0.393s] INFO:colcon.colcon_core.shell:Creating environment hook '/home/joshuaneely/arduinobot_ws/install/arduinobot_msgs/share/arduinobot_msgs/hook/ld_library_path_lib.sh'
[0.393s] Level 1:colcon.colcon_core.environment:checking '/home/joshuaneely/arduinobot_ws/install/arduinobot_msgs/bin'
[0.393s] Level 1:colcon.colcon_core.environment:checking '/home/joshuaneely/arduinobot_ws/install/arduinobot_msgs/lib/pkgconfig/arduinobot_msgs.pc'
[0.393s] Level 1:colcon.colcon_core.environment:checking '/home/joshuaneely/arduinobot_ws/install/arduinobot_msgs/lib/python3.12/site-packages'
[0.393s] Level 1:colcon.colcon_core.shell:create_environment_hook('arduinobot_msgs', 'pythonpath')
[0.393s] INFO:colcon.colcon_core.shell:Creating environment hook '/home/joshuaneely/arduinobot_ws/install/arduinobot_msgs/share/arduinobot_msgs/hook/pythonpath.ps1'
[0.393s] INFO:colcon.colcon_core.shell:Creating environment descriptor '/home/joshuaneely/arduinobot_ws/install/arduinobot_msgs/share/arduinobot_msgs/hook/pythonpath.dsv'
[0.393s] INFO:colcon.colcon_core.shell:Creating environment hook '/home/joshuaneely/arduinobot_ws/install/arduinobot_msgs/share/arduinobot_msgs/hook/pythonpath.sh'
[0.394s] Level 1:colcon.colcon_core.environment:checking '/home/joshuaneely/arduinobot_ws/install/arduinobot_msgs/bin'
[0.394s] INFO:colcon.colcon_core.shell:Creating package script '/home/joshuaneely/arduinobot_ws/install/arduinobot_msgs/share/arduinobot_msgs/package.ps1'
[0.394s] INFO:colcon.colcon_core.shell:Creating package descriptor '/home/joshuaneely/arduinobot_ws/install/arduinobot_msgs/share/arduinobot_msgs/package.dsv'
[0.394s] INFO:colcon.colcon_core.shell:Creating package script '/home/joshuaneely/arduinobot_ws/install/arduinobot_msgs/share/arduinobot_msgs/package.sh'
[0.395s] INFO:colcon.colcon_core.shell:Creating package script '/home/joshuaneely/arduinobot_ws/install/arduinobot_msgs/share/arduinobot_msgs/package.bash'
[0.395s] INFO:colcon.colcon_core.shell:Creating package script '/home/joshuaneely/arduinobot_ws/install/arduinobot_msgs/share/arduinobot_msgs/package.zsh'
[0.395s] Level 1:colcon.colcon_core.environment:create_file_with_runtime_dependencies(/home/joshuaneely/arduinobot_ws/install/arduinobot_msgs/share/colcon-core/packages/arduinobot_msgs)
[0.395s] Level 1:colcon.colcon_core.environment:create_environment_scripts_only(arduinobot_msgs)
[0.395s] Level 1:colcon.colcon_core.environment:checking '/home/joshuaneely/arduinobot_ws/install/arduinobot_msgs' for CMake module files
[0.396s] Level 1:colcon.colcon_core.environment:checking '/home/joshuaneely/arduinobot_ws/install/arduinobot_msgs' for CMake config files
[0.396s] Level 1:colcon.colcon_core.shell:create_environment_hook('arduinobot_msgs', 'cmake_prefix_path')
[0.396s] INFO:colcon.colcon_core.shell:Creating environment hook '/home/joshuaneely/arduinobot_ws/install/arduinobot_msgs/share/arduinobot_msgs/hook/cmake_prefix_path.ps1'
[0.396s] INFO:colcon.colcon_core.shell:Creating environment descriptor '/home/joshuaneely/arduinobot_ws/install/arduinobot_msgs/share/arduinobot_msgs/hook/cmake_prefix_path.dsv'
[0.396s] INFO:colcon.colcon_core.shell:Creating environment hook '/home/joshuaneely/arduinobot_ws/install/arduinobot_msgs/share/arduinobot_msgs/hook/cmake_prefix_path.sh'
[0.397s] Level 1:colcon.colcon_core.environment:checking '/home/joshuaneely/arduinobot_ws/install/arduinobot_msgs/lib'
[0.397s] Level 1:colcon.colcon_core.shell:create_environment_hook('arduinobot_msgs', 'ld_library_path_lib')
[0.397s] INFO:colcon.colcon_core.shell:Creating environment hook '/home/joshuaneely/arduinobot_ws/install/arduinobot_msgs/share/arduinobot_msgs/hook/ld_library_path_lib.ps1'
[0.397s] INFO:colcon.colcon_core.shell:Creating environment descriptor '/home/joshuaneely/arduinobot_ws/install/arduinobot_msgs/share/arduinobot_msgs/hook/ld_library_path_lib.dsv'
[0.397s] INFO:colcon.colcon_core.shell:Creating environment hook '/home/joshuaneely/arduinobot_ws/install/arduinobot_msgs/share/arduinobot_msgs/hook/ld_library_path_lib.sh'
[0.397s] Level 1:colcon.colcon_core.environment:checking '/home/joshuaneely/arduinobot_ws/install/arduinobot_msgs/bin'
[0.397s] Level 1:colcon.colcon_core.environment:checking '/home/joshuaneely/arduinobot_ws/install/arduinobot_msgs/lib/pkgconfig/arduinobot_msgs.pc'
[0.397s] Level 1:colcon.colcon_core.environment:checking '/home/joshuaneely/arduinobot_ws/install/arduinobot_msgs/lib/python3.12/site-packages'
[0.397s] Level 1:colcon.colcon_core.shell:create_environment_hook('arduinobot_msgs', 'pythonpath')
[0.397s] INFO:colcon.colcon_core.shell:Creating environment hook '/home/joshuaneely/arduinobot_ws/install/arduinobot_msgs/share/arduinobot_msgs/hook/pythonpath.ps1'
[0.397s] INFO:colcon.colcon_core.shell:Creating environment descriptor '/home/joshuaneely/arduinobot_ws/install/arduinobot_msgs/share/arduinobot_msgs/hook/pythonpath.dsv'
[0.398s] INFO:colcon.colcon_core.shell:Creating environment hook '/home/joshuaneely/arduinobot_ws/install/arduinobot_msgs/share/arduinobot_msgs/hook/pythonpath.sh'
[0.398s] Level 1:colcon.colcon_core.environment:checking '/home/joshuaneely/arduinobot_ws/install/arduinobot_msgs/bin'
[0.398s] INFO:colcon.colcon_core.shell:Creating package script '/home/joshuaneely/arduinobot_ws/install/arduinobot_msgs/share/arduinobot_msgs/package.ps1'
[0.399s] INFO:colcon.colcon_core.shell:Creating package descriptor '/home/joshuaneely/arduinobot_ws/install/arduinobot_msgs/share/arduinobot_msgs/package.dsv'
[0.399s] INFO:colcon.colcon_core.shell:Creating package script '/home/joshuaneely/arduinobot_ws/install/arduinobot_msgs/share/arduinobot_msgs/package.sh'
[0.399s] INFO:colcon.colcon_core.shell:Creating package script '/home/joshuaneely/arduinobot_ws/install/arduinobot_msgs/share/arduinobot_msgs/package.bash'
[0.399s] INFO:colcon.colcon_core.shell:Creating package script '/home/joshuaneely/arduinobot_ws/install/arduinobot_msgs/share/arduinobot_msgs/package.zsh'
[0.404s] Level 1:colcon.colcon_core.environment:create_file_with_runtime_dependencies(/home/joshuaneely/arduinobot_ws/install/arduinobot_msgs/share/colcon-core/packages/arduinobot_msgs)
[0.405s] INFO:colcon.colcon_ros.task.ament_cmake.build:Building ROS package in '/home/joshuaneely/arduinobot_ws/src/arduinobot_cpp_examples' with build type 'ament_cmake'
[0.405s] INFO:colcon.colcon_cmake.task.cmake.build:Building CMake package in '/home/joshuaneely/arduinobot_ws/src/arduinobot_cpp_examples'
[0.405s] INFO:colcon.colcon_core.shell:Skip shell extension 'powershell' for command environment: Not usable outside of PowerShell
[0.405s] DEBUG:colcon.colcon_core.shell:Skip shell extension 'dsv' for command environment
[0.407s] INFO:colcon.colcon_ros.task.ament_python.build:Building ROS package in '/home/joshuaneely/arduinobot_ws/src/arduinobot_py_examples' with build type 'ament_python'
[0.407s] Level 1:colcon.colcon_core.shell:create_environment_hook('arduinobot_py_examples', 'ament_prefix_path')
[0.407s] INFO:colcon.colcon_core.shell:Creating environment hook '/home/joshuaneely/arduinobot_ws/install/arduinobot_py_examples/share/arduinobot_py_examples/hook/ament_prefix_path.ps1'
[0.407s] INFO:colcon.colcon_core.shell:Creating environment descriptor '/home/joshuaneely/arduinobot_ws/install/arduinobot_py_examples/share/arduinobot_py_examples/hook/ament_prefix_path.dsv'
[0.407s] INFO:colcon.colcon_core.shell:Creating environment hook '/home/joshuaneely/arduinobot_ws/install/arduinobot_py_examples/share/arduinobot_py_examples/hook/ament_prefix_path.sh'
[0.408s] INFO:colcon.colcon_core.shell:Skip shell extension 'powershell' for command environment: Not usable outside of PowerShell
[0.408s] DEBUG:colcon.colcon_core.shell:Skip shell extension 'dsv' for command environment
[0.409s] INFO:colcon.colcon_ros.task.ament_cmake.build:Building ROS package in '/home/joshuaneely/arduinobot_ws/src/arduinobot_utils' with build type 'ament_cmake'
[0.409s] INFO:colcon.colcon_cmake.task.cmake.build:Building CMake package in '/home/joshuaneely/arduinobot_ws/src/arduinobot_utils'
[0.409s] INFO:colcon.colcon_core.shell:Skip shell extension 'powershell' for command environment: Not usable outside of PowerShell
[0.409s] DEBUG:colcon.colcon_core.shell:Skip shell extension 'dsv' for command environment
[0.414s] DEBUG:colcon.colcon_core.event_handler.log_command:Invoking command in '/home/joshuaneely/arduinobot_ws/build/arduinobot_cpp_examples': AMENT_PREFIX_PATH=/home/joshuaneely/arduinobot_ws/install/arduinobot_msgs:${AMENT_PREFIX_PATH} CMAKE_PREFIX_PATH=/home/joshuaneely/arduinobot_ws/install/arduinobot_msgs:/opt/ros/jazzy/opt/gz_sim_vendor:/opt/ros/jazzy/opt/gz_sensors_vendor:/opt/ros/jazzy/opt/gz_physics_vendor:/opt/ros/jazzy/opt/sdformat_vendor:/opt/ros/jazzy/opt/gz_gui_vendor:/opt/ros/jazzy/opt/gz_transport_vendor:/opt/ros/jazzy/opt/gz_rendering_vendor:/opt/ros/jazzy/opt/gz_plugin_vendor:/opt/ros/jazzy/opt/gz_fuel_tools_vendor:/opt/ros/jazzy/opt/gz_msgs_vendor:/opt/ros/jazzy/opt/gz_common_vendor:/opt/ros/jazzy/opt/gz_math_vendor:/opt/ros/jazzy/opt/gz_utils_vendor:/opt/ros/jazzy/opt/gz_tools_vendor:/opt/ros/jazzy/opt/gz_ogre_next_vendor:/opt/ros/jazzy/opt/gz_dartsim_vendor:/opt/ros/jazzy/opt/gz_cmake_vendor:/opt/ros/jazzy DEBUGINFOD_URLS=https://debuginfod.ubuntu.com LD_LIBRARY_PATH=/home/joshuaneely/arduinobot_ws/install/arduinobot_msgs/lib:${LD_LIBRARY_PATH} PYTHONPATH=/home/joshuaneely/arduinobot_ws/install/arduinobot_msgs/lib/python3.12/site-packages:${PYTHONPATH} /usr/bin/cmake --build /home/joshuaneely/arduinobot_ws/build/arduinobot_cpp_examples -- -j8 -l8
[0.508s] INFO:colcon.colcon_core.task.python.build:Building Python package in '/home/joshuaneely/arduinobot_ws/src/arduinobot_py_examples'
[0.508s] INFO:colcon.colcon_core.shell:Skip shell extension 'powershell' for command environment: Not usable outside of PowerShell
[0.508s] DEBUG:colcon.colcon_core.shell:Skip shell extension 'dsv' for command environment
[0.513s] DEBUG:colcon.colcon_core.event_handler.log_command:Invoking command in '/home/joshuaneely/arduinobot_ws/build/arduinobot_utils': AMENT_PREFIX_PATH=/home/joshuaneely/arduinobot_ws/install/arduinobot_msgs:${AMENT_PREFIX_PATH} CMAKE_PREFIX_PATH=/home/joshuaneely/arduinobot_ws/install/arduinobot_msgs:/opt/ros/jazzy/opt/gz_sim_vendor:/opt/ros/jazzy/opt/gz_sensors_vendor:/opt/ros/jazzy/opt/gz_physics_vendor:/opt/ros/jazzy/opt/sdformat_vendor:/opt/ros/jazzy/opt/gz_gui_vendor:/opt/ros/jazzy/opt/gz_transport_vendor:/opt/ros/jazzy/opt/gz_rendering_vendor:/opt/ros/jazzy/opt/gz_plugin_vendor:/opt/ros/jazzy/opt/gz_fuel_tools_vendor:/opt/ros/jazzy/opt/gz_msgs_vendor:/opt/ros/jazzy/opt/gz_common_vendor:/opt/ros/jazzy/opt/gz_math_vendor:/opt/ros/jazzy/opt/gz_utils_vendor:/opt/ros/jazzy/opt/gz_tools_vendor:/opt/ros/jazzy/opt/gz_ogre_next_vendor:/opt/ros/jazzy/opt/gz_dartsim_vendor:/opt/ros/jazzy/opt/gz_cmake_vendor:/opt/ros/jazzy DEBUGINFOD_URLS=https://debuginfod.ubuntu.com LD_LIBRARY_PATH=/home/joshuaneely/arduinobot_ws/install/arduinobot_msgs/lib:${LD_LIBRARY_PATH} PYTHONPATH=/home/joshuaneely/arduinobot_ws/install/arduinobot_msgs/lib/python3.12/site-packages:${PYTHONPATH} /usr/bin/cmake --build /home/joshuaneely/arduinobot_ws/build/arduinobot_utils -- -j8 -l8
[0.513s] DEBUG:colcon.colcon_core.event_handler.log_command:Invoked command in '/home/joshuaneely/arduinobot_ws/build/arduinobot_cpp_examples' returned '0': AMENT_PREFIX_PATH=/home/joshuaneely/arduinobot_ws/install/arduinobot_msgs:${AMENT_PREFIX_PATH} CMAKE_PREFIX_PATH=/home/joshuaneely/arduinobot_ws/install/arduinobot_msgs:/opt/ros/jazzy/opt/gz_sim_vendor:/opt/ros/jazzy/opt/gz_sensors_vendor:/opt/ros/jazzy/opt/gz_physics_vendor:/opt/ros/jazzy/opt/sdformat_vendor:/opt/ros/jazzy/opt/gz_gui_vendor:/opt/ros/jazzy/opt/gz_transport_vendor:/opt/ros/jazzy/opt/gz_rendering_vendor:/opt/ros/jazzy/opt/gz_plugin_vendor:/opt/ros/jazzy/opt/gz_fuel_tools_vendor:/opt/ros/jazzy/opt/gz_msgs_vendor:/opt/ros/jazzy/opt/gz_common_vendor:/opt/ros/jazzy/opt/gz_math_vendor:/opt/ros/jazzy/opt/gz_utils_vendor:/opt/ros/jazzy/opt/gz_tools_vendor:/opt/ros/jazzy/opt/gz_ogre_next_vendor:/opt/ros/jazzy/opt/gz_dartsim_vendor:/opt/ros/jazzy/opt/gz_cmake_vendor:/opt/ros/jazzy DEBUGINFOD_URLS=https://debuginfod.ubuntu.com LD_LIBRARY_PATH=/home/joshuaneely/arduinobot_ws/install/arduinobot_msgs/lib:${LD_LIBRARY_PATH} PYTHONPATH=/home/joshuaneely/arduinobot_ws/install/arduinobot_msgs/lib/python3.12/site-packages:${PYTHONPATH} /usr/bin/cmake --build /home/joshuaneely/arduinobot_ws/build/arduinobot_cpp_examples -- -j8 -l8
[0.515s] DEBUG:colcon.colcon_core.event_handler.log_command:Invoking command in '/home/joshuaneely/arduinobot_ws/build/arduinobot_cpp_examples': AMENT_PREFIX_PATH=/home/joshuaneely/arduinobot_ws/install/arduinobot_msgs:${AMENT_PREFIX_PATH} CMAKE_PREFIX_PATH=/home/joshuaneely/arduinobot_ws/install/arduinobot_msgs:/opt/ros/jazzy/opt/gz_sim_vendor:/opt/ros/jazzy/opt/gz_sensors_vendor:/opt/ros/jazzy/opt/gz_physics_vendor:/opt/ros/jazzy/opt/sdformat_vendor:/opt/ros/jazzy/opt/gz_gui_vendor:/opt/ros/jazzy/opt/gz_transport_vendor:/opt/ros/jazzy/opt/gz_rendering_vendor:/opt/ros/jazzy/opt/gz_plugin_vendor:/opt/ros/jazzy/opt/gz_fuel_tools_vendor:/opt/ros/jazzy/opt/gz_msgs_vendor:/opt/ros/jazzy/opt/gz_common_vendor:/opt/ros/jazzy/opt/gz_math_vendor:/opt/ros/jazzy/opt/gz_utils_vendor:/opt/ros/jazzy/opt/gz_tools_vendor:/opt/ros/jazzy/opt/gz_ogre_next_vendor:/opt/ros/jazzy/opt/gz_dartsim_vendor:/opt/ros/jazzy/opt/gz_cmake_vendor:/opt/ros/jazzy DEBUGINFOD_URLS=https://debuginfod.ubuntu.com LD_LIBRARY_PATH=/home/joshuaneely/arduinobot_ws/install/arduinobot_msgs/lib:${LD_LIBRARY_PATH} PYTHONPATH=/home/joshuaneely/arduinobot_ws/install/arduinobot_msgs/lib/python3.12/site-packages:${PYTHONPATH} /usr/bin/cmake --install /home/joshuaneely/arduinobot_ws/build/arduinobot_cpp_examples
[0.519s] Level 1:colcon.colcon_core.environment:create_environment_scripts_only(arduinobot_cpp_examples)
[0.519s] Level 1:colcon.colcon_core.environment:checking '/home/joshuaneely/arduinobot_ws/install/arduinobot_cpp_examples' for CMake module files
[0.520s] DEBUG:colcon.colcon_core.event_handler.log_command:Invoked command in '/home/joshuaneely/arduinobot_ws/build/arduinobot_cpp_examples' returned '0': AMENT_PREFIX_PATH=/home/joshuaneely/arduinobot_ws/install/arduinobot_msgs:${AMENT_PREFIX_PATH} CMAKE_PREFIX_PATH=/home/joshuaneely/arduinobot_ws/install/arduinobot_msgs:/opt/ros/jazzy/opt/gz_sim_vendor:/opt/ros/jazzy/opt/gz_sensors_vendor:/opt/ros/jazzy/opt/gz_physics_vendor:/opt/ros/jazzy/opt/sdformat_vendor:/opt/ros/jazzy/opt/gz_gui_vendor:/opt/ros/jazzy/opt/gz_transport_vendor:/opt/ros/jazzy/opt/gz_rendering_vendor:/opt/ros/jazzy/opt/gz_plugin_vendor:/opt/ros/jazzy/opt/gz_fuel_tools_vendor:/opt/ros/jazzy/opt/gz_msgs_vendor:/opt/ros/jazzy/opt/gz_common_vendor:/opt/ros/jazzy/opt/gz_math_vendor:/opt/ros/jazzy/opt/gz_utils_vendor:/opt/ros/jazzy/opt/gz_tools_vendor:/opt/ros/jazzy/opt/gz_ogre_next_vendor:/opt/ros/jazzy/opt/gz_dartsim_vendor:/opt/ros/jazzy/opt/gz_cmake_vendor:/opt/ros/jazzy DEBUGINFOD_URLS=https://debuginfod.ubuntu.com LD_LIBRARY_PATH=/home/joshuaneely/arduinobot_ws/install/arduinobot_msgs/lib:${LD_LIBRARY_PATH} PYTHONPATH=/home/joshuaneely/arduinobot_ws/install/arduinobot_msgs/lib/python3.12/site-packages:${PYTHONPATH} /usr/bin/cmake --install /home/joshuaneely/arduinobot_ws/build/arduinobot_cpp_examples
[0.520s] Level 1:colcon.colcon_core.environment:checking '/home/joshuaneely/arduinobot_ws/install/arduinobot_cpp_examples' for CMake config files
[0.520s] Level 1:colcon.colcon_core.shell:create_environment_hook('arduinobot_cpp_examples', 'cmake_prefix_path')
[0.520s] INFO:colcon.colcon_core.shell:Creating environment hook '/home/joshuaneely/arduinobot_ws/install/arduinobot_cpp_examples/share/arduinobot_cpp_examples/hook/cmake_prefix_path.ps1'
[0.520s] INFO:colcon.colcon_core.shell:Creating environment descriptor '/home/joshuaneely/arduinobot_ws/install/arduinobot_cpp_examples/share/arduinobot_cpp_examples/hook/cmake_prefix_path.dsv'
[0.520s] INFO:colcon.colcon_core.shell:Creating environment hook '/home/joshuaneely/arduinobot_ws/install/arduinobot_cpp_examples/share/arduinobot_cpp_examples/hook/cmake_prefix_path.sh'
[0.521s] Level 1:colcon.colcon_core.environment:checking '/home/joshuaneely/arduinobot_ws/install/arduinobot_cpp_examples/bin'
[0.521s] Level 1:colcon.colcon_core.environment:checking '/home/joshuaneely/arduinobot_ws/install/arduinobot_cpp_examples/lib/pkgconfig/arduinobot_cpp_examples.pc'
[0.521s] Level 1:colcon.colcon_core.environment:checking '/home/joshuaneely/arduinobot_ws/install/arduinobot_cpp_examples/lib/python3.12/site-packages'
[0.521s] Level 1:colcon.colcon_core.environment:checking '/home/joshuaneely/arduinobot_ws/install/arduinobot_cpp_examples/bin'
[0.521s] INFO:colcon.colcon_core.shell:Creating package script '/home/joshuaneely/arduinobot_ws/install/arduinobot_cpp_examples/share/arduinobot_cpp_examples/package.ps1'
[0.521s] INFO:colcon.colcon_core.shell:Creating package descriptor '/home/joshuaneely/arduinobot_ws/install/arduinobot_cpp_examples/share/arduinobot_cpp_examples/package.dsv'
[0.521s] INFO:colcon.colcon_core.shell:Creating package script '/home/joshuaneely/arduinobot_ws/install/arduinobot_cpp_examples/share/arduinobot_cpp_examples/package.sh'
[0.522s] INFO:colcon.colcon_core.shell:Creating package script '/home/joshuaneely/arduinobot_ws/install/arduinobot_cpp_examples/share/arduinobot_cpp_examples/package.bash'
[0.522s] INFO:colcon.colcon_core.shell:Creating package script '/home/joshuaneely/arduinobot_ws/install/arduinobot_cpp_examples/share/arduinobot_cpp_examples/package.zsh'
[0.522s] Level 1:colcon.colcon_core.environment:create_file_with_runtime_dependencies(/home/joshuaneely/arduinobot_ws/install/arduinobot_cpp_examples/share/colcon-core/packages/arduinobot_cpp_examples)
[0.522s] Level 1:colcon.colcon_core.environment:create_environment_scripts_only(arduinobot_cpp_examples)
[0.522s] Level 1:colcon.colcon_core.environment:checking '/home/joshuaneely/arduinobot_ws/install/arduinobot_cpp_examples' for CMake module files
[0.522s] Level 1:colcon.colcon_core.environment:checking '/home/joshuaneely/arduinobot_ws/install/arduinobot_cpp_examples' for CMake config files
[0.522s] Level 1:colcon.colcon_core.shell:create_environment_hook('arduinobot_cpp_examples', 'cmake_prefix_path')
[0.522s] INFO:colcon.colcon_core.shell:Creating environment hook '/home/joshuaneely/arduinobot_ws/install/arduinobot_cpp_examples/share/arduinobot_cpp_examples/hook/cmake_prefix_path.ps1'
[0.522s] INFO:colcon.colcon_core.shell:Creating environment descriptor '/home/joshuaneely/arduinobot_ws/install/arduinobot_cpp_examples/share/arduinobot_cpp_examples/hook/cmake_prefix_path.dsv'
[0.523s] INFO:colcon.colcon_core.shell:Creating environment hook '/home/joshuaneely/arduinobot_ws/install/arduinobot_cpp_examples/share/arduinobot_cpp_examples/hook/cmake_prefix_path.sh'
[0.523s] Level 1:colcon.colcon_core.environment:checking '/home/joshuaneely/arduinobot_ws/install/arduinobot_cpp_examples/bin'
[0.523s] Level 1:colcon.colcon_core.environment:checking '/home/joshuaneely/arduinobot_ws/install/arduinobot_cpp_examples/lib/pkgconfig/arduinobot_cpp_examples.pc'
[0.523s] Level 1:colcon.colcon_core.environment:checking '/home/joshuaneely/arduinobot_ws/install/arduinobot_cpp_examples/lib/python3.12/site-packages'
[0.523s] Level 1:colcon.colcon_core.environment:checking '/home/joshuaneely/arduinobot_ws/install/arduinobot_cpp_examples/bin'
[0.523s] INFO:colcon.colcon_core.shell:Creating package script '/home/joshuaneely/arduinobot_ws/install/arduinobot_cpp_examples/share/arduinobot_cpp_examples/package.ps1'
[0.523s] INFO:colcon.colcon_core.shell:Creating package descriptor '/home/joshuaneely/arduinobot_ws/install/arduinobot_cpp_examples/share/arduinobot_cpp_examples/package.dsv'
[0.524s] INFO:colcon.colcon_core.shell:Creating package script '/home/joshuaneely/arduinobot_ws/install/arduinobot_cpp_examples/share/arduinobot_cpp_examples/package.sh'
[0.524s] INFO:colcon.colcon_core.shell:Creating package script '/home/joshuaneely/arduinobot_ws/install/arduinobot_cpp_examples/share/arduinobot_cpp_examples/package.bash'
[0.524s] INFO:colcon.colcon_core.shell:Creating package script '/home/joshuaneely/arduinobot_ws/install/arduinobot_cpp_examples/share/arduinobot_cpp_examples/package.zsh'
[0.524s] Level 1:colcon.colcon_core.environment:create_file_with_runtime_dependencies(/home/joshuaneely/arduinobot_ws/install/arduinobot_cpp_examples/share/colcon-core/packages/arduinobot_cpp_examples)
[0.693s] DEBUG:colcon.colcon_core.event_handler.log_command:Invoked command in '/home/joshuaneely/arduinobot_ws/build/arduinobot_utils' returned '0': AMENT_PREFIX_PATH=/home/joshuaneely/arduinobot_ws/install/arduinobot_msgs:${AMENT_PREFIX_PATH} CMAKE_PREFIX_PATH=/home/joshuaneely/arduinobot_ws/install/arduinobot_msgs:/opt/ros/jazzy/opt/gz_sim_vendor:/opt/ros/jazzy/opt/gz_sensors_vendor:/opt/ros/jazzy/opt/gz_physics_vendor:/opt/ros/jazzy/opt/sdformat_vendor:/opt/ros/jazzy/opt/gz_gui_vendor:/opt/ros/jazzy/opt/gz_transport_vendor:/opt/ros/jazzy/opt/gz_rendering_vendor:/opt/ros/jazzy/opt/gz_plugin_vendor:/opt/ros/jazzy/opt/gz_fuel_tools_vendor:/opt/ros/jazzy/opt/gz_msgs_vendor:/opt/ros/jazzy/opt/gz_common_vendor:/opt/ros/jazzy/opt/gz_math_vendor:/opt/ros/jazzy/opt/gz_utils_vendor:/opt/ros/jazzy/opt/gz_tools_vendor:/opt/ros/jazzy/opt/gz_ogre_next_vendor:/opt/ros/jazzy/opt/gz_dartsim_vendor:/opt/ros/jazzy/opt/gz_cmake_vendor:/opt/ros/jazzy DEBUGINFOD_URLS=https://debuginfod.ubuntu.com LD_LIBRARY_PATH=/home/joshuaneely/arduinobot_ws/install/arduinobot_msgs/lib:${LD_LIBRARY_PATH} PYTHONPATH=/home/joshuaneely/arduinobot_ws/install/arduinobot_msgs/lib/python3.12/site-packages:${PYTHONPATH} /usr/bin/cmake --build /home/joshuaneely/arduinobot_ws/build/arduinobot_utils -- -j8 -l8
[0.695s] DEBUG:colcon.colcon_core.event_handler.log_command:Invoking command in '/home/joshuaneely/arduinobot_ws/build/arduinobot_utils': AMENT_PREFIX_PATH=/home/joshuaneely/arduinobot_ws/install/arduinobot_msgs:${AMENT_PREFIX_PATH} CMAKE_PREFIX_PATH=/home/joshuaneely/arduinobot_ws/install/arduinobot_msgs:/opt/ros/jazzy/opt/gz_sim_vendor:/opt/ros/jazzy/opt/gz_sensors_vendor:/opt/ros/jazzy/opt/gz_physics_vendor:/opt/ros/jazzy/opt/sdformat_vendor:/opt/ros/jazzy/opt/gz_gui_vendor:/opt/ros/jazzy/opt/gz_transport_vendor:/opt/ros/jazzy/opt/gz_rendering_vendor:/opt/ros/jazzy/opt/gz_plugin_vendor:/opt/ros/jazzy/opt/gz_fuel_tools_vendor:/opt/ros/jazzy/opt/gz_msgs_vendor:/opt/ros/jazzy/opt/gz_common_vendor:/opt/ros/jazzy/opt/gz_math_vendor:/opt/ros/jazzy/opt/gz_utils_vendor:/opt/ros/jazzy/opt/gz_tools_vendor:/opt/ros/jazzy/opt/gz_ogre_next_vendor:/opt/ros/jazzy/opt/gz_dartsim_vendor:/opt/ros/jazzy/opt/gz_cmake_vendor:/opt/ros/jazzy DEBUGINFOD_URLS=https://debuginfod.ubuntu.com LD_LIBRARY_PATH=/home/joshuaneely/arduinobot_ws/install/arduinobot_msgs/lib:${LD_LIBRARY_PATH} PYTHONPATH=/home/joshuaneely/arduinobot_ws/install/arduinobot_msgs/lib/python3.12/site-packages:${PYTHONPATH} /usr/bin/cmake --install /home/joshuaneely/arduinobot_ws/build/arduinobot_utils
[0.723s] Level 1:colcon.colcon_core.environment:create_environment_scripts_only(arduinobot_utils)
[0.723s] Level 1:colcon.colcon_core.environment:checking '/home/joshuaneely/arduinobot_ws/install/arduinobot_utils' for CMake module files
[0.725s] Level 1:colcon.colcon_core.environment:checking '/home/joshuaneely/arduinobot_ws/install/arduinobot_utils' for CMake config files
[0.725s] DEBUG:colcon.colcon_core.event_handler.log_command:Invoked command in '/home/joshuaneely/arduinobot_ws/build/arduinobot_utils' returned '0': AMENT_PREFIX_PATH=/home/joshuaneely/arduinobot_ws/install/arduinobot_msgs:${AMENT_PREFIX_PATH} CMAKE_PREFIX_PATH=/home/joshuaneely/arduinobot_ws/install/arduinobot_msgs:/opt/ros/jazzy/opt/gz_sim_vendor:/opt/ros/jazzy/opt/gz_sensors_vendor:/opt/ros/jazzy/opt/gz_physics_vendor:/opt/ros/jazzy/opt/sdformat_vendor:/opt/ros/jazzy/opt/gz_gui_vendor:/opt/ros/jazzy/opt/gz_transport_vendor:/opt/ros/jazzy/opt/gz_rendering_vendor:/opt/ros/jazzy/opt/gz_plugin_vendor:/opt/ros/jazzy/opt/gz_fuel_tools_vendor:/opt/ros/jazzy/opt/gz_msgs_vendor:/opt/ros/jazzy/opt/gz_common_vendor:/opt/ros/jazzy/opt/gz_math_vendor:/opt/ros/jazzy/opt/gz_utils_vendor:/opt/ros/jazzy/opt/gz_tools_vendor:/opt/ros/jazzy/opt/gz_ogre_next_vendor:/opt/ros/jazzy/opt/gz_dartsim_vendor:/opt/ros/jazzy/opt/gz_cmake_vendor:/opt/ros/jazzy DEBUGINFOD_URLS=https://debuginfod.ubuntu.com LD_LIBRARY_PATH=/home/joshuaneely/arduinobot_ws/install/arduinobot_msgs/lib:${LD_LIBRARY_PATH} PYTHONPATH=/home/joshuaneely/arduinobot_ws/install/arduinobot_msgs/lib/python3.12/site-packages:${PYTHONPATH} /usr/bin/cmake --install /home/joshuaneely/arduinobot_ws/build/arduinobot_utils
[0.725s] Level 1:colcon.colcon_core.shell:create_environment_hook('arduinobot_utils', 'cmake_prefix_path')
[0.725s] INFO:colcon.colcon_core.shell:Creating environment hook '/home/joshuaneely/arduinobot_ws/install/arduinobot_utils/share/arduinobot_utils/hook/cmake_prefix_path.ps1'
[0.726s] INFO:colcon.colcon_core.shell:Creating environment descriptor '/home/joshuaneely/arduinobot_ws/install/arduinobot_utils/share/arduinobot_utils/hook/cmake_prefix_path.dsv'
[0.726s] INFO:colcon.colcon_core.shell:Creating environment hook '/home/joshuaneely/arduinobot_ws/install/arduinobot_utils/share/arduinobot_utils/hook/cmake_prefix_path.sh'
[0.726s] Level 1:colcon.colcon_core.environment:checking '/home/joshuaneely/arduinobot_ws/install/arduinobot_utils/lib'
[0.726s] Level 1:colcon.colcon_core.environment:checking '/home/joshuaneely/arduinobot_ws/install/arduinobot_utils/bin'
[0.726s] Level 1:colcon.colcon_core.environment:checking '/home/joshuaneely/arduinobot_ws/install/arduinobot_utils/lib/pkgconfig/arduinobot_utils.pc'
[0.726s] Level 1:colcon.colcon_core.environment:checking '/home/joshuaneely/arduinobot_ws/install/arduinobot_utils/lib/python3.12/site-packages'
[0.726s] Level 1:colcon.colcon_core.shell:create_environment_hook('arduinobot_utils', 'pythonpath')
[0.726s] INFO:colcon.colcon_core.shell:Creating environment hook '/home/joshuaneely/arduinobot_ws/install/arduinobot_utils/share/arduinobot_utils/hook/pythonpath.ps1'
[0.727s] INFO:colcon.colcon_core.shell:Creating environment descriptor '/home/joshuaneely/arduinobot_ws/install/arduinobot_utils/share/arduinobot_utils/hook/pythonpath.dsv'
[0.727s] INFO:colcon.colcon_core.shell:Creating environment hook '/home/joshuaneely/arduinobot_ws/install/arduinobot_utils/share/arduinobot_utils/hook/pythonpath.sh'
[0.727s] Level 1:colcon.colcon_core.environment:checking '/home/joshuaneely/arduinobot_ws/install/arduinobot_utils/bin'
[0.727s] INFO:colcon.colcon_core.shell:Creating package script '/home/joshuaneely/arduinobot_ws/install/arduinobot_utils/share/arduinobot_utils/package.ps1'
[0.728s] INFO:colcon.colcon_core.shell:Creating package descriptor '/home/joshuaneely/arduinobot_ws/install/arduinobot_utils/share/arduinobot_utils/package.dsv'
[0.728s] INFO:colcon.colcon_core.shell:Creating package script '/home/joshuaneely/arduinobot_ws/install/arduinobot_utils/share/arduinobot_utils/package.sh'
[0.728s] INFO:colcon.colcon_core.shell:Creating package script '/home/joshuaneely/arduinobot_ws/install/arduinobot_utils/share/arduinobot_utils/package.bash'
[0.728s] INFO:colcon.colcon_core.shell:Creating package script '/home/joshuaneely/arduinobot_ws/install/arduinobot_utils/share/arduinobot_utils/package.zsh'
[0.729s] Level 1:colcon.colcon_core.environment:create_file_with_runtime_dependencies(/home/joshuaneely/arduinobot_ws/install/arduinobot_utils/share/colcon-core/packages/arduinobot_utils)
[0.729s] Level 1:colcon.colcon_core.environment:create_environment_scripts_only(arduinobot_utils)
[0.729s] Level 1:colcon.colcon_core.environment:checking '/home/joshuaneely/arduinobot_ws/install/arduinobot_utils' for CMake module files
[0.729s] Level 1:colcon.colcon_core.environment:checking '/home/joshuaneely/arduinobot_ws/install/arduinobot_utils' for CMake config files
[0.730s] Level 1:colcon.colcon_core.shell:create_environment_hook('arduinobot_utils', 'cmake_prefix_path')
[0.730s] INFO:colcon.colcon_core.shell:Creating environment hook '/home/joshuaneely/arduinobot_ws/install/arduinobot_utils/share/arduinobot_utils/hook/cmake_prefix_path.ps1'
[0.730s] INFO:colcon.colcon_core.shell:Creating environment descriptor '/home/joshuaneely/arduinobot_ws/install/arduinobot_utils/share/arduinobot_utils/hook/cmake_prefix_path.dsv'
[0.730s] INFO:colcon.colcon_core.shell:Creating environment hook '/home/joshuaneely/arduinobot_ws/install/arduinobot_utils/share/arduinobot_utils/hook/cmake_prefix_path.sh'
[0.730s] Level 1:colcon.colcon_core.environment:checking '/home/joshuaneely/arduinobot_ws/install/arduinobot_utils/lib'
[0.730s] Level 1:colcon.colcon_core.environment:checking '/home/joshuaneely/arduinobot_ws/install/arduinobot_utils/bin'
[0.730s] Level 1:colcon.colcon_core.environment:checking '/home/joshuaneely/arduinobot_ws/install/arduinobot_utils/lib/pkgconfig/arduinobot_utils.pc'
[0.731s] Level 1:colcon.colcon_core.environment:checking '/home/joshuaneely/arduinobot_ws/install/arduinobot_utils/lib/python3.12/site-packages'
[0.731s] Level 1:colcon.colcon_core.shell:create_environment_hook('arduinobot_utils', 'pythonpath')
[0.731s] INFO:colcon.colcon_core.shell:Creating environment hook '/home/joshuaneely/arduinobot_ws/install/arduinobot_utils/share/arduinobot_utils/hook/pythonpath.ps1'
[0.731s] INFO:colcon.colcon_core.shell:Creating environment descriptor '/home/joshuaneely/arduinobot_ws/install/arduinobot_utils/share/arduinobot_utils/hook/pythonpath.dsv'
[0.731s] INFO:colcon.colcon_core.shell:Creating environment hook '/home/joshuaneely/arduinobot_ws/install/arduinobot_utils/share/arduinobot_utils/hook/pythonpath.sh'
[0.731s] Level 1:colcon.colcon_core.environment:checking '/home/joshuaneely/arduinobot_ws/install/arduinobot_utils/bin'
[0.732s] INFO:colcon.colcon_core.shell:Creating package script '/home/joshuaneely/arduinobot_ws/install/arduinobot_utils/share/arduinobot_utils/package.ps1'
[0.732s] INFO:colcon.colcon_core.shell:Creating package descriptor '/home/joshuaneely/arduinobot_ws/install/arduinobot_utils/share/arduinobot_utils/package.dsv'
[0.732s] INFO:colcon.colcon_core.shell:Creating package script '/home/joshuaneely/arduinobot_ws/install/arduinobot_utils/share/arduinobot_utils/package.sh'
[0.732s] INFO:colcon.colcon_core.shell:Creating package script '/home/joshuaneely/arduinobot_ws/install/arduinobot_utils/share/arduinobot_utils/package.bash'
[0.733s] INFO:colcon.colcon_core.shell:Creating package script '/home/joshuaneely/arduinobot_ws/install/arduinobot_utils/share/arduinobot_utils/package.zsh'
[0.733s] Level 1:colcon.colcon_core.environment:create_file_with_runtime_dependencies(/home/joshuaneely/arduinobot_ws/install/arduinobot_utils/share/colcon-core/packages/arduinobot_utils)
[0.879s] DEBUG:colcon.colcon_core.event_handler.log_command:Invoking command in '/home/joshuaneely/arduinobot_ws/src/arduinobot_py_examples': AMENT_PREFIX_PATH=/home/joshuaneely/arduinobot_ws/install/arduinobot_msgs:${AMENT_PREFIX_PATH} CMAKE_PREFIX_PATH=/home/joshuaneely/arduinobot_ws/install/arduinobot_msgs:${CMAKE_PREFIX_PATH} DEBUGINFOD_URLS=https://debuginfod.ubuntu.com LD_LIBRARY_PATH=/home/joshuaneely/arduinobot_ws/install/arduinobot_msgs/lib:${LD_LIBRARY_PATH} PYTHONPATH=/home/joshuaneely/arduinobot_ws/build/arduinobot_py_examples/prefix_override:/usr/lib/python3/dist-packages/colcon_core/task/python/colcon_distutils_commands:/home/joshuaneely/arduinobot_ws/install/arduinobot_py_examples/lib/python3.12/site-packages:/home/joshuaneely/arduinobot_ws/install/arduinobot_msgs/lib/python3.12/site-packages:${PYTHONPATH} /usr/bin/python3 -W ignore:setup.py install is deprecated -W ignore:easy_install command is deprecated setup.py egg_info --egg-base ../../build/arduinobot_py_examples build --build-base /home/joshuaneely/arduinobot_ws/build/arduinobot_py_examples/build install --record /home/joshuaneely/arduinobot_ws/build/arduinobot_py_examples/install.log --single-version-externally-managed install_data
[1.086s] Level 1:colcon.colcon_core.environment:checking '/home/joshuaneely/arduinobot_ws/install/arduinobot_py_examples' for CMake module files
[1.086s] DEBUG:colcon.colcon_core.event_handler.log_command:Invoked command in '/home/joshuaneely/arduinobot_ws/src/arduinobot_py_examples' returned '0': AMENT_PREFIX_PATH=/home/joshuaneely/arduinobot_ws/install/arduinobot_msgs:${AMENT_PREFIX_PATH} CMAKE_PREFIX_PATH=/home/joshuaneely/arduinobot_ws/install/arduinobot_msgs:${CMAKE_PREFIX_PATH} DEBUGINFOD_URLS=https://debuginfod.ubuntu.com LD_LIBRARY_PATH=/home/joshuaneely/arduinobot_ws/install/arduinobot_msgs/lib:${LD_LIBRARY_PATH} PYTHONPATH=/home/joshuaneely/arduinobot_ws/build/arduinobot_py_examples/prefix_override:/usr/lib/python3/dist-packages/colcon_core/task/python/colcon_distutils_commands:/home/joshuaneely/arduinobot_ws/install/arduinobot_py_examples/lib/python3.12/site-packages:/home/joshuaneely/arduinobot_ws/install/arduinobot_msgs/lib/python3.12/site-packages:${PYTHONPATH} /usr/bin/python3 -W ignore:setup.py install is deprecated -W ignore:easy_install command is deprecated setup.py egg_info --egg-base ../../build/arduinobot_py_examples build --build-base /home/joshuaneely/arduinobot_ws/build/arduinobot_py_examples/build install --record /home/joshuaneely/arduinobot_ws/build/arduinobot_py_examples/install.log --single-version-externally-managed install_data
[1.087s] Level 1:colcon.colcon_core.environment:checking '/home/joshuaneely/arduinobot_ws/install/arduinobot_py_examples' for CMake config files
[1.087s] Level 1:colcon.colcon_core.environment:checking '/home/joshuaneely/arduinobot_ws/install/arduinobot_py_examples/lib'
[1.087s] Level 1:colcon.colcon_core.environment:checking '/home/joshuaneely/arduinobot_ws/install/arduinobot_py_examples/bin'
[1.087s] Level 1:colcon.colcon_core.environment:checking '/home/joshuaneely/arduinobot_ws/install/arduinobot_py_examples/lib/pkgconfig/arduinobot_py_examples.pc'
[1.087s] Level 1:colcon.colcon_core.environment:checking '/home/joshuaneely/arduinobot_ws/install/arduinobot_py_examples/lib/python3.12/site-packages'
[1.087s] Level 1:colcon.colcon_core.shell:create_environment_hook('arduinobot_py_examples', 'pythonpath')
[1.087s] INFO:colcon.colcon_core.shell:Creating environment hook '/home/joshuaneely/arduinobot_ws/install/arduinobot_py_examples/share/arduinobot_py_examples/hook/pythonpath.ps1'
[1.088s] INFO:colcon.colcon_core.shell:Creating environment descriptor '/home/joshuaneely/arduinobot_ws/install/arduinobot_py_examples/share/arduinobot_py_examples/hook/pythonpath.dsv'
[1.088s] INFO:colcon.colcon_core.shell:Creating environment hook '/home/joshuaneely/arduinobot_ws/install/arduinobot_py_examples/share/arduinobot_py_examples/hook/pythonpath.sh'
[1.088s] Level 1:colcon.colcon_core.environment:checking '/home/joshuaneely/arduinobot_ws/install/arduinobot_py_examples/bin'
[1.088s] Level 1:colcon.colcon_core.environment:create_environment_scripts_only(arduinobot_py_examples)
[1.088s] INFO:colcon.colcon_core.shell:Creating package script '/home/joshuaneely/arduinobot_ws/install/arduinobot_py_examples/share/arduinobot_py_examples/package.ps1'
[1.089s] INFO:colcon.colcon_core.shell:Creating package descriptor '/home/joshuaneely/arduinobot_ws/install/arduinobot_py_examples/share/arduinobot_py_examples/package.dsv'
[1.089s] INFO:colcon.colcon_core.shell:Creating package script '/home/joshuaneely/arduinobot_ws/install/arduinobot_py_examples/share/arduinobot_py_examples/package.sh'
[1.089s] INFO:colcon.colcon_core.shell:Creating package script '/home/joshuaneely/arduinobot_ws/install/arduinobot_py_examples/share/arduinobot_py_examples/package.bash'
[1.090s] INFO:colcon.colcon_core.shell:Creating package script '/home/joshuaneely/arduinobot_ws/install/arduinobot_py_examples/share/arduinobot_py_examples/package.zsh'
[1.090s] Level 1:colcon.colcon_core.environment:create_file_with_runtime_dependencies(/home/joshuaneely/arduinobot_ws/install/arduinobot_py_examples/share/colcon-core/packages/arduinobot_py_examples)
[1.090s] DEBUG:colcon.colcon_parallel_executor.executor.parallel:closing loop
[1.090s] DEBUG:colcon.colcon_parallel_executor.executor.parallel:loop closed
[1.090s] DEBUG:colcon.colcon_parallel_executor.executor.parallel:run_until_complete finished with '0'
[1.090s] DEBUG:colcon.colcon_core.event_reactor:joining thread
[1.095s] INFO:colcon.colcon_core.plugin_system:Skipping extension 'colcon_notification.desktop_notification.terminal_notifier': Not used on non-Darwin systems
[1.095s] INFO:colcon.colcon_core.plugin_system:Skipping extension 'colcon_notification.desktop_notification.win32': Not used on non-Windows systems
[1.095s] INFO:colcon.colcon_notification.desktop_notification:Sending desktop notification using 'notify2'
[1.111s] DEBUG:colcon.colcon_core.event_reactor:joined thread
[1.111s] INFO:colcon.colcon_core.shell:Creating prefix script '/home/joshuaneely/arduinobot_ws/install/local_setup.ps1'
[1.112s] INFO:colcon.colcon_core.shell:Creating prefix util module '/home/joshuaneely/arduinobot_ws/install/_local_setup_util_ps1.py'
[1.113s] INFO:colcon.colcon_core.shell:Creating prefix chain script '/home/joshuaneely/arduinobot_ws/install/setup.ps1'
[1.113s] INFO:colcon.colcon_core.shell:Creating prefix script '/home/joshuaneely/arduinobot_ws/install/local_setup.sh'
[1.114s] INFO:colcon.colcon_core.shell:Creating prefix util module '/home/joshuaneely/arduinobot_ws/install/_local_setup_util_sh.py'
[1.114s] INFO:colcon.colcon_core.shell:Creating prefix chain script '/home/joshuaneely/arduinobot_ws/install/setup.sh'
[1.114s] INFO:colcon.colcon_core.shell:Creating prefix script '/home/joshuaneely/arduinobot_ws/install/local_setup.bash'
[1.115s] INFO:colcon.colcon_core.shell:Creating prefix chain script '/home/joshuaneely/arduinobot_ws/install/setup.bash'
[1.116s] INFO:colcon.colcon_core.shell:Creating prefix script '/home/joshuaneely/arduinobot_ws/install/local_setup.zsh'
[1.116s] INFO:colcon.colcon_core.shell:Creating prefix chain script '/home/joshuaneely/arduinobot_ws/install/setup.zsh'
