[0.114s] Invoking command in '/home/joshuaneely/arduinobot_ws/build/arduinobot_utils': AMENT_PREFIX_PATH=/home/joshuaneely/arduinobot_ws/install/arduinobot_msgs:${AMENT_PREFIX_PATH} CMAKE_PREFIX_PATH=/home/joshuaneely/arduinobot_ws/install/arduinobot_msgs:/opt/ros/jazzy/opt/gz_sim_vendor:/opt/ros/jazzy/opt/gz_sensors_vendor:/opt/ros/jazzy/opt/gz_physics_vendor:/opt/ros/jazzy/opt/sdformat_vendor:/opt/ros/jazzy/opt/gz_gui_vendor:/opt/ros/jazzy/opt/gz_transport_vendor:/opt/ros/jazzy/opt/gz_rendering_vendor:/opt/ros/jazzy/opt/gz_plugin_vendor:/opt/ros/jazzy/opt/gz_fuel_tools_vendor:/opt/ros/jazzy/opt/gz_msgs_vendor:/opt/ros/jazzy/opt/gz_common_vendor:/opt/ros/jazzy/opt/gz_math_vendor:/opt/ros/jazzy/opt/gz_utils_vendor:/opt/ros/jazzy/opt/gz_tools_vendor:/opt/ros/jazzy/opt/gz_ogre_next_vendor:/opt/ros/jazzy/opt/gz_dartsim_vendor:/opt/ros/jazzy/opt/gz_cmake_vendor:/opt/ros/jazzy DEBUGINFOD_URLS=https://debuginfod.ubuntu.com LD_LIBRARY_PATH=/home/joshuaneely/arduinobot_ws/install/arduinobot_msgs/lib:${LD_LIBRARY_PATH} PYTHONPATH=/home/joshuaneely/arduinobot_ws/install/arduinobot_msgs/lib/python3.12/site-packages:${PYTHONPATH} /usr/bin/cmake --build /home/joshuaneely/arduinobot_ws/build/arduinobot_utils -- -j8 -l8
[0.151s] [  0%] Built target ament_cmake_python_copy_arduinobot_utils
[0.151s] [100%] Built target angle_conversion
[0.251s] running egg_info
[0.260s] writing arduinobot_utils.egg-info/PKG-INFO
[0.260s] writing dependency_links to arduinobot_utils.egg-info/dependency_links.txt
[0.260s] writing top-level names to arduinobot_utils.egg-info/top_level.txt
[0.285s] reading manifest file 'arduinobot_utils.egg-info/SOURCES.txt'
[0.286s] writing manifest file 'arduinobot_utils.egg-info/SOURCES.txt'
[0.305s] [100%] Built target ament_cmake_python_build_arduinobot_utils_egg
[0.312s] Invoked command in '/home/joshuaneely/arduinobot_ws/build/arduinobot_utils' returned '0': AMENT_PREFIX_PATH=/home/joshuaneely/arduinobot_ws/install/arduinobot_msgs:${AMENT_PREFIX_PATH} CMAKE_PREFIX_PATH=/home/joshuaneely/arduinobot_ws/install/arduinobot_msgs:/opt/ros/jazzy/opt/gz_sim_vendor:/opt/ros/jazzy/opt/gz_sensors_vendor:/opt/ros/jazzy/opt/gz_physics_vendor:/opt/ros/jazzy/opt/sdformat_vendor:/opt/ros/jazzy/opt/gz_gui_vendor:/opt/ros/jazzy/opt/gz_transport_vendor:/opt/ros/jazzy/opt/gz_rendering_vendor:/opt/ros/jazzy/opt/gz_plugin_vendor:/opt/ros/jazzy/opt/gz_fuel_tools_vendor:/opt/ros/jazzy/opt/gz_msgs_vendor:/opt/ros/jazzy/opt/gz_common_vendor:/opt/ros/jazzy/opt/gz_math_vendor:/opt/ros/jazzy/opt/gz_utils_vendor:/opt/ros/jazzy/opt/gz_tools_vendor:/opt/ros/jazzy/opt/gz_ogre_next_vendor:/opt/ros/jazzy/opt/gz_dartsim_vendor:/opt/ros/jazzy/opt/gz_cmake_vendor:/opt/ros/jazzy DEBUGINFOD_URLS=https://debuginfod.ubuntu.com LD_LIBRARY_PATH=/home/joshuaneely/arduinobot_ws/install/arduinobot_msgs/lib:${LD_LIBRARY_PATH} PYTHONPATH=/home/joshuaneely/arduinobot_ws/install/arduinobot_msgs/lib/python3.12/site-packages:${PYTHONPATH} /usr/bin/cmake --build /home/joshuaneely/arduinobot_ws/build/arduinobot_utils -- -j8 -l8
[0.313s] Invoking command in '/home/joshuaneely/arduinobot_ws/build/arduinobot_utils': AMENT_PREFIX_PATH=/home/joshuaneely/arduinobot_ws/install/arduinobot_msgs:${AMENT_PREFIX_PATH} CMAKE_PREFIX_PATH=/home/joshuaneely/arduinobot_ws/install/arduinobot_msgs:/opt/ros/jazzy/opt/gz_sim_vendor:/opt/ros/jazzy/opt/gz_sensors_vendor:/opt/ros/jazzy/opt/gz_physics_vendor:/opt/ros/jazzy/opt/sdformat_vendor:/opt/ros/jazzy/opt/gz_gui_vendor:/opt/ros/jazzy/opt/gz_transport_vendor:/opt/ros/jazzy/opt/gz_rendering_vendor:/opt/ros/jazzy/opt/gz_plugin_vendor:/opt/ros/jazzy/opt/gz_fuel_tools_vendor:/opt/ros/jazzy/opt/gz_msgs_vendor:/opt/ros/jazzy/opt/gz_common_vendor:/opt/ros/jazzy/opt/gz_math_vendor:/opt/ros/jazzy/opt/gz_utils_vendor:/opt/ros/jazzy/opt/gz_tools_vendor:/opt/ros/jazzy/opt/gz_ogre_next_vendor:/opt/ros/jazzy/opt/gz_dartsim_vendor:/opt/ros/jazzy/opt/gz_cmake_vendor:/opt/ros/jazzy DEBUGINFOD_URLS=https://debuginfod.ubuntu.com LD_LIBRARY_PATH=/home/joshuaneely/arduinobot_ws/install/arduinobot_msgs/lib:${LD_LIBRARY_PATH} PYTHONPATH=/home/joshuaneely/arduinobot_ws/install/arduinobot_msgs/lib/python3.12/site-packages:${PYTHONPATH} /usr/bin/cmake --install /home/joshuaneely/arduinobot_ws/build/arduinobot_utils
[0.318s] -- Install configuration: ""
[0.318s] -- Up-to-date: /home/joshuaneely/arduinobot_ws/install/arduinobot_utils/share/arduinobot_utils/environment/pythonpath.sh
[0.318s] -- Up-to-date: /home/joshuaneely/arduinobot_ws/install/arduinobot_utils/share/arduinobot_utils/environment/pythonpath.dsv
[0.319s] -- Up-to-date: /home/joshuaneely/arduinobot_ws/install/arduinobot_utils/lib/python3.12/site-packages/arduinobot_utils-0.0.0-py3.12.egg-info
[0.319s] -- Installing: /home/joshuaneely/arduinobot_ws/install/arduinobot_utils/lib/python3.12/site-packages/arduinobot_utils-0.0.0-py3.12.egg-info/top_level.txt
[0.319s] -- Installing: /home/joshuaneely/arduinobot_ws/install/arduinobot_utils/lib/python3.12/site-packages/arduinobot_utils-0.0.0-py3.12.egg-info/dependency_links.txt
[0.319s] -- Installing: /home/joshuaneely/arduinobot_ws/install/arduinobot_utils/lib/python3.12/site-packages/arduinobot_utils-0.0.0-py3.12.egg-info/PKG-INFO
[0.319s] -- Installing: /home/joshuaneely/arduinobot_ws/install/arduinobot_utils/lib/python3.12/site-packages/arduinobot_utils-0.0.0-py3.12.egg-info/SOURCES.txt
[0.319s] -- Up-to-date: /home/joshuaneely/arduinobot_ws/install/arduinobot_utils/lib/python3.12/site-packages/arduinobot_utils
[0.319s] -- Up-to-date: /home/joshuaneely/arduinobot_ws/install/arduinobot_utils/lib/python3.12/site-packages/arduinobot_utils/angle_conversion.py
[0.319s] -- Up-to-date: /home/joshuaneely/arduinobot_ws/install/arduinobot_utils/lib/python3.12/site-packages/arduinobot_utils/__init__.py
[0.338s] Listing '/home/joshuaneely/arduinobot_ws/install/arduinobot_utils/lib/python3.12/site-packages/arduinobot_utils'...
[0.341s] -- Up-to-date: /home/joshuaneely/arduinobot_ws/install/arduinobot_utils/lib/arduinobot_utils/angle_conversion
[0.342s] -- Up-to-date: /home/joshuaneely/arduinobot_ws/install/arduinobot_utils/lib/arduinobot_utils/angle_conversion.py
[0.342s] -- Up-to-date: /home/joshuaneely/arduinobot_ws/install/arduinobot_utils/share/ament_index/resource_index/package_run_dependencies/arduinobot_utils
[0.342s] -- Up-to-date: /home/joshuaneely/arduinobot_ws/install/arduinobot_utils/share/ament_index/resource_index/parent_prefix_path/arduinobot_utils
[0.342s] -- Up-to-date: /home/joshuaneely/arduinobot_ws/install/arduinobot_utils/share/arduinobot_utils/environment/ament_prefix_path.sh
[0.342s] -- Up-to-date: /home/joshuaneely/arduinobot_ws/install/arduinobot_utils/share/arduinobot_utils/environment/ament_prefix_path.dsv
[0.342s] -- Up-to-date: /home/joshuaneely/arduinobot_ws/install/arduinobot_utils/share/arduinobot_utils/environment/path.sh
[0.342s] -- Up-to-date: /home/joshuaneely/arduinobot_ws/install/arduinobot_utils/share/arduinobot_utils/environment/path.dsv
[0.342s] -- Up-to-date: /home/joshuaneely/arduinobot_ws/install/arduinobot_utils/share/arduinobot_utils/local_setup.bash
[0.342s] -- Up-to-date: /home/joshuaneely/arduinobot_ws/install/arduinobot_utils/share/arduinobot_utils/local_setup.sh
[0.342s] -- Up-to-date: /home/joshuaneely/arduinobot_ws/install/arduinobot_utils/share/arduinobot_utils/local_setup.zsh
[0.342s] -- Up-to-date: /home/joshuaneely/arduinobot_ws/install/arduinobot_utils/share/arduinobot_utils/local_setup.dsv
[0.342s] -- Installing: /home/joshuaneely/arduinobot_ws/install/arduinobot_utils/share/arduinobot_utils/package.dsv
[0.342s] -- Up-to-date: /home/joshuaneely/arduinobot_ws/install/arduinobot_utils/share/ament_index/resource_index/packages/arduinobot_utils
[0.342s] -- Up-to-date: /home/joshuaneely/arduinobot_ws/install/arduinobot_utils/share/arduinobot_utils/cmake/arduinobot_utilsConfig.cmake
[0.342s] -- Up-to-date: /home/joshuaneely/arduinobot_ws/install/arduinobot_utils/share/arduinobot_utils/cmake/arduinobot_utilsConfig-version.cmake
[0.342s] -- Up-to-date: /home/joshuaneely/arduinobot_ws/install/arduinobot_utils/share/arduinobot_utils/package.xml
[0.344s] Invoked command in '/home/joshuaneely/arduinobot_ws/build/arduinobot_utils' returned '0': AMENT_PREFIX_PATH=/home/joshuaneely/arduinobot_ws/install/arduinobot_msgs:${AMENT_PREFIX_PATH} CMAKE_PREFIX_PATH=/home/joshuaneely/arduinobot_ws/install/arduinobot_msgs:/opt/ros/jazzy/opt/gz_sim_vendor:/opt/ros/jazzy/opt/gz_sensors_vendor:/opt/ros/jazzy/opt/gz_physics_vendor:/opt/ros/jazzy/opt/sdformat_vendor:/opt/ros/jazzy/opt/gz_gui_vendor:/opt/ros/jazzy/opt/gz_transport_vendor:/opt/ros/jazzy/opt/gz_rendering_vendor:/opt/ros/jazzy/opt/gz_plugin_vendor:/opt/ros/jazzy/opt/gz_fuel_tools_vendor:/opt/ros/jazzy/opt/gz_msgs_vendor:/opt/ros/jazzy/opt/gz_common_vendor:/opt/ros/jazzy/opt/gz_math_vendor:/opt/ros/jazzy/opt/gz_utils_vendor:/opt/ros/jazzy/opt/gz_tools_vendor:/opt/ros/jazzy/opt/gz_ogre_next_vendor:/opt/ros/jazzy/opt/gz_dartsim_vendor:/opt/ros/jazzy/opt/gz_cmake_vendor:/opt/ros/jazzy DEBUGINFOD_URLS=https://debuginfod.ubuntu.com LD_LIBRARY_PATH=/home/joshuaneely/arduinobot_ws/install/arduinobot_msgs/lib:${LD_LIBRARY_PATH} PYTHONPATH=/home/joshuaneely/arduinobot_ws/install/arduinobot_msgs/lib/python3.12/site-packages:${PYTHONPATH} /usr/bin/cmake --install /home/joshuaneely/arduinobot_ws/build/arduinobot_utils
